load model from ./saved_models/vgg19/001_esc50_split_10/10_4push0.9000.pth
model base architecture: vgg19
experiment run: 001_esc50_split_10/
test image to analyse../datasets/esc50_split_10/test/9/3-170002-A-34.wav
Prototypes are chosen from 10 number of classes.
Their class identities are: [0 0 0 0 0 0 0 0 0 0 1 1 1 1 1 1 1 1 1 1 2 2 2 2 2 2 2 2 2 2 3 3 3 3 3 3 3
 3 3 3 4 4 4 4 4 4 4 4 4 4 5 5 5 5 5 5 5 5 5 5 6 6 6 6 6 6 6 6 6 6 7 7 7 7
 7 7 7 7 7 7 8 8 8 8 8 8 8 8 8 8 9 9 9 9 9 9 9 9 9 9]
All prototypes connect most strongly to their respective classes.
0 (8, 9)
Predicted: 9
Actual: 9
***************************************************************
***************************************************************
Most activated 5 prototypes of this image:
top 1 activated prototype for this image:
prototype index: 81
prototype class identity: 9
activation value (similarity score): 5.238918304443359
last layer connection with predicted class: 0.991761326789856
most highly activated patch of the chosen image by this prototype:./saved_models/vgg19/001_esc50_split_10/3-170002-A-34.wav/most_activated_prototypes/most_highly_activated_patch_by_top-1_prototype.png
most highly activated patch by this prototype shown in the original image:./saved_models/vgg19/001_esc50_split_10/3-170002-A-34.wav/most_activated_prototypes/most_highly_activated_patch_in_original_img_by_top-1_prototype.png
prototype activation map of the chosen image:./saved_models/vgg19/001_esc50_split_10/3-170002-A-34.wav/most_activated_prototypes/prototype_activation_map_by_top-1_prototype.png
normalized prototype activation map of the chosen image:./saved_models/vgg19/001_esc50_split_10/3-170002-A-34.wav/most_activated_prototypes/prototype_activation_map_by_top-1_prototype_normed.png
--------------------------------------------------------------
top 2 activated prototype for this image:
prototype index: 85
prototype class identity: 9
activation value (similarity score): 4.6177544593811035
last layer connection with predicted class: 0.9892942309379578
most highly activated patch of the chosen image by this prototype:./saved_models/vgg19/001_esc50_split_10/3-170002-A-34.wav/most_activated_prototypes/most_highly_activated_patch_by_top-2_prototype.png
most highly activated patch by this prototype shown in the original image:./saved_models/vgg19/001_esc50_split_10/3-170002-A-34.wav/most_activated_prototypes/most_highly_activated_patch_in_original_img_by_top-2_prototype.png
prototype activation map of the chosen image:./saved_models/vgg19/001_esc50_split_10/3-170002-A-34.wav/most_activated_prototypes/prototype_activation_map_by_top-2_prototype.png
normalized prototype activation map of the chosen image:./saved_models/vgg19/001_esc50_split_10/3-170002-A-34.wav/most_activated_prototypes/prototype_activation_map_by_top-2_prototype_normed.png
--------------------------------------------------------------
top 3 activated prototype for this image:
prototype index: 84
prototype class identity: 9
activation value (similarity score): 4.44114351272583
last layer connection with predicted class: 0.9856088757514954
most highly activated patch of the chosen image by this prototype:./saved_models/vgg19/001_esc50_split_10/3-170002-A-34.wav/most_activated_prototypes/most_highly_activated_patch_by_top-3_prototype.png
most highly activated patch by this prototype shown in the original image:./saved_models/vgg19/001_esc50_split_10/3-170002-A-34.wav/most_activated_prototypes/most_highly_activated_patch_in_original_img_by_top-3_prototype.png
prototype activation map of the chosen image:./saved_models/vgg19/001_esc50_split_10/3-170002-A-34.wav/most_activated_prototypes/prototype_activation_map_by_top-3_prototype.png
normalized prototype activation map of the chosen image:./saved_models/vgg19/001_esc50_split_10/3-170002-A-34.wav/most_activated_prototypes/prototype_activation_map_by_top-3_prototype_normed.png
--------------------------------------------------------------
top 4 activated prototype for this image:
prototype index: 82
prototype class identity: 9
activation value (similarity score): 4.370997428894043
last layer connection with predicted class: 0.9932720065116882
most highly activated patch of the chosen image by this prototype:./saved_models/vgg19/001_esc50_split_10/3-170002-A-34.wav/most_activated_prototypes/most_highly_activated_patch_by_top-4_prototype.png
most highly activated patch by this prototype shown in the original image:./saved_models/vgg19/001_esc50_split_10/3-170002-A-34.wav/most_activated_prototypes/most_highly_activated_patch_in_original_img_by_top-4_prototype.png
prototype activation map of the chosen image:./saved_models/vgg19/001_esc50_split_10/3-170002-A-34.wav/most_activated_prototypes/prototype_activation_map_by_top-4_prototype.png
normalized prototype activation map of the chosen image:./saved_models/vgg19/001_esc50_split_10/3-170002-A-34.wav/most_activated_prototypes/prototype_activation_map_by_top-4_prototype_normed.png
--------------------------------------------------------------
top 5 activated prototype for this image:
prototype index: 1
prototype class identity: 1
activation value (similarity score): 3.364786148071289
last layer connection with predicted class: -0.5016363263130188
most highly activated patch of the chosen image by this prototype:./saved_models/vgg19/001_esc50_split_10/3-170002-A-34.wav/most_activated_prototypes/most_highly_activated_patch_by_top-5_prototype.png
most highly activated patch by this prototype shown in the original image:./saved_models/vgg19/001_esc50_split_10/3-170002-A-34.wav/most_activated_prototypes/most_highly_activated_patch_in_original_img_by_top-5_prototype.png
prototype activation map of the chosen image:./saved_models/vgg19/001_esc50_split_10/3-170002-A-34.wav/most_activated_prototypes/prototype_activation_map_by_top-5_prototype.png
normalized prototype activation map of the chosen image:./saved_models/vgg19/001_esc50_split_10/3-170002-A-34.wav/most_activated_prototypes/prototype_activation_map_by_top-5_prototype_normed.png
--------------------------------------------------------------
***************************************************************
***************************************************************
***************************************************************
Prototypes from top-3 classes:
top 1 predicted class: 9
logit of the class: -32.512127
prototype index: 89
prototype class identity: 9
activation value (similarity score): 2.0801470279693604
last layer connection: 0.9949151277542114
most highly activated patch of the chosen image by this prototype:./saved_models/vgg19/001_esc50_split_10/3-170002-A-34.wav/top-1_class_prototypes/most_highly_activated_patch_by_top-1_prototype.png
most highly activated patch by this prototype shown in the original image:./saved_models/vgg19/001_esc50_split_10/3-170002-A-34.wav/top-1_class_prototypes/most_highly_activated_patch_in_original_img_by_top-1_prototype.png
prototype activation map of the chosen image:./saved_models/vgg19/001_esc50_split_10/3-170002-A-34.wav/top-1_class_prototypes/prototype_activation_map_by_top-1_prototype.png
normalized prototype activation map of the chosen image:./saved_models/vgg19/001_esc50_split_10/3-170002-A-34.wav/top-1_class_prototypes/prototype_activation_map_by_top-1_prototype_normed.png
--------------------------------------------------------------
prototype index: 88
prototype class identity: 9
activation value (similarity score): 1.2480003833770752
last layer connection: 0.9943583607673645
most highly activated patch of the chosen image by this prototype:./saved_models/vgg19/001_esc50_split_10/3-170002-A-34.wav/top-1_class_prototypes/most_highly_activated_patch_by_top-2_prototype.png
most highly activated patch by this prototype shown in the original image:./saved_models/vgg19/001_esc50_split_10/3-170002-A-34.wav/top-1_class_prototypes/most_highly_activated_patch_in_original_img_by_top-2_prototype.png
prototype activation map of the chosen image:./saved_models/vgg19/001_esc50_split_10/3-170002-A-34.wav/top-1_class_prototypes/prototype_activation_map_by_top-2_prototype.png
normalized prototype activation map of the chosen image:./saved_models/vgg19/001_esc50_split_10/3-170002-A-34.wav/top-1_class_prototypes/prototype_activation_map_by_top-2_prototype_normed.png
--------------------------------------------------------------
prototype index: 80
prototype class identity: 9
activation value (similarity score): 1.2479665279388428
last layer connection: 0.9875708818435669
most highly activated patch of the chosen image by this prototype:./saved_models/vgg19/001_esc50_split_10/3-170002-A-34.wav/top-1_class_prototypes/most_highly_activated_patch_by_top-3_prototype.png
most highly activated patch by this prototype shown in the original image:./saved_models/vgg19/001_esc50_split_10/3-170002-A-34.wav/top-1_class_prototypes/most_highly_activated_patch_in_original_img_by_top-3_prototype.png
prototype activation map of the chosen image:./saved_models/vgg19/001_esc50_split_10/3-170002-A-34.wav/top-1_class_prototypes/prototype_activation_map_by_top-3_prototype.png
normalized prototype activation map of the chosen image:./saved_models/vgg19/001_esc50_split_10/3-170002-A-34.wav/top-1_class_prototypes/prototype_activation_map_by_top-3_prototype_normed.png
--------------------------------------------------------------
prototype index: 83
prototype class identity: 9
activation value (similarity score): 0.8587406873703003
last layer connection: 0.9881094098091125
most highly activated patch of the chosen image by this prototype:./saved_models/vgg19/001_esc50_split_10/3-170002-A-34.wav/top-1_class_prototypes/most_highly_activated_patch_by_top-4_prototype.png
most highly activated patch by this prototype shown in the original image:./saved_models/vgg19/001_esc50_split_10/3-170002-A-34.wav/top-1_class_prototypes/most_highly_activated_patch_in_original_img_by_top-4_prototype.png
prototype activation map of the chosen image:./saved_models/vgg19/001_esc50_split_10/3-170002-A-34.wav/top-1_class_prototypes/prototype_activation_map_by_top-4_prototype.png
normalized prototype activation map of the chosen image:./saved_models/vgg19/001_esc50_split_10/3-170002-A-34.wav/top-1_class_prototypes/prototype_activation_map_by_top-4_prototype_normed.png
--------------------------------------------------------------
prototype index: 87
prototype class identity: 9
activation value (similarity score): 0.5759117007255554
last layer connection: 0.9823073744773865
most highly activated patch of the chosen image by this prototype:./saved_models/vgg19/001_esc50_split_10/3-170002-A-34.wav/top-1_class_prototypes/most_highly_activated_patch_by_top-5_prototype.png
most highly activated patch by this prototype shown in the original image:./saved_models/vgg19/001_esc50_split_10/3-170002-A-34.wav/top-1_class_prototypes/most_highly_activated_patch_in_original_img_by_top-5_prototype.png
prototype activation map of the chosen image:./saved_models/vgg19/001_esc50_split_10/3-170002-A-34.wav/top-1_class_prototypes/prototype_activation_map_by_top-5_prototype.png
normalized prototype activation map of the chosen image:./saved_models/vgg19/001_esc50_split_10/3-170002-A-34.wav/top-1_class_prototypes/prototype_activation_map_by_top-5_prototype_normed.png
--------------------------------------------------------------
***************************************************************
***************************************************************
top 2 predicted class: 2
logit of the class: -46.390575
prototype index: 12
prototype class identity: 2
activation value (similarity score): 1.3533847332000732
last layer connection: 1.0560864210128784
most highly activated patch of the chosen image by this prototype:./saved_models/vgg19/001_esc50_split_10/3-170002-A-34.wav/top-2_class_prototypes/most_highly_activated_patch_by_top-1_prototype.png
most highly activated patch by this prototype shown in the original image:./saved_models/vgg19/001_esc50_split_10/3-170002-A-34.wav/top-2_class_prototypes/most_highly_activated_patch_in_original_img_by_top-1_prototype.png
prototype activation map of the chosen image:./saved_models/vgg19/001_esc50_split_10/3-170002-A-34.wav/top-2_class_prototypes/prototype_activation_map_by_top-1_prototype.png
normalized prototype activation map of the chosen image:./saved_models/vgg19/001_esc50_split_10/3-170002-A-34.wav/top-2_class_prototypes/prototype_activation_map_by_top-1_prototype_normed.png
--------------------------------------------------------------
prototype index: 19
prototype class identity: 2
activation value (similarity score): 0.8005720973014832
last layer connection: 1.0510663986206055
most highly activated patch of the chosen image by this prototype:./saved_models/vgg19/001_esc50_split_10/3-170002-A-34.wav/top-2_class_prototypes/most_highly_activated_patch_by_top-2_prototype.png
most highly activated patch by this prototype shown in the original image:./saved_models/vgg19/001_esc50_split_10/3-170002-A-34.wav/top-2_class_prototypes/most_highly_activated_patch_in_original_img_by_top-2_prototype.png
prototype activation map of the chosen image:./saved_models/vgg19/001_esc50_split_10/3-170002-A-34.wav/top-2_class_prototypes/prototype_activation_map_by_top-2_prototype.png
normalized prototype activation map of the chosen image:./saved_models/vgg19/001_esc50_split_10/3-170002-A-34.wav/top-2_class_prototypes/prototype_activation_map_by_top-2_prototype_normed.png
--------------------------------------------------------------
prototype index: 15
prototype class identity: 2
activation value (similarity score): 0.7231947183609009
last layer connection: 1.0468883514404297
most highly activated patch of the chosen image by this prototype:./saved_models/vgg19/001_esc50_split_10/3-170002-A-34.wav/top-2_class_prototypes/most_highly_activated_patch_by_top-3_prototype.png
most highly activated patch by this prototype shown in the original image:./saved_models/vgg19/001_esc50_split_10/3-170002-A-34.wav/top-2_class_prototypes/most_highly_activated_patch_in_original_img_by_top-3_prototype.png
prototype activation map of the chosen image:./saved_models/vgg19/001_esc50_split_10/3-170002-A-34.wav/top-2_class_prototypes/prototype_activation_map_by_top-3_prototype.png
normalized prototype activation map of the chosen image:./saved_models/vgg19/001_esc50_split_10/3-170002-A-34.wav/top-2_class_prototypes/prototype_activation_map_by_top-3_prototype_normed.png
--------------------------------------------------------------
prototype index: 13
prototype class identity: 2
activation value (similarity score): 0.49777698516845703
last layer connection: 1.0468370914459229
most highly activated patch of the chosen image by this prototype:./saved_models/vgg19/001_esc50_split_10/3-170002-A-34.wav/top-2_class_prototypes/most_highly_activated_patch_by_top-4_prototype.png
most highly activated patch by this prototype shown in the original image:./saved_models/vgg19/001_esc50_split_10/3-170002-A-34.wav/top-2_class_prototypes/most_highly_activated_patch_in_original_img_by_top-4_prototype.png
prototype activation map of the chosen image:./saved_models/vgg19/001_esc50_split_10/3-170002-A-34.wav/top-2_class_prototypes/prototype_activation_map_by_top-4_prototype.png
normalized prototype activation map of the chosen image:./saved_models/vgg19/001_esc50_split_10/3-170002-A-34.wav/top-2_class_prototypes/prototype_activation_map_by_top-4_prototype_normed.png
--------------------------------------------------------------
prototype index: 10
prototype class identity: 2
activation value (similarity score): 0.49777698516845703
last layer connection: 1.0468370914459229
most highly activated patch of the chosen image by this prototype:./saved_models/vgg19/001_esc50_split_10/3-170002-A-34.wav/top-2_class_prototypes/most_highly_activated_patch_by_top-5_prototype.png
most highly activated patch by this prototype shown in the original image:./saved_models/vgg19/001_esc50_split_10/3-170002-A-34.wav/top-2_class_prototypes/most_highly_activated_patch_in_original_img_by_top-5_prototype.png
prototype activation map of the chosen image:./saved_models/vgg19/001_esc50_split_10/3-170002-A-34.wav/top-2_class_prototypes/prototype_activation_map_by_top-5_prototype.png
normalized prototype activation map of the chosen image:./saved_models/vgg19/001_esc50_split_10/3-170002-A-34.wav/top-2_class_prototypes/prototype_activation_map_by_top-5_prototype_normed.png
--------------------------------------------------------------
***************************************************************
***************************************************************
top 3 predicted class: 4
logit of the class: -46.633286
prototype index: 36
prototype class identity: 4
activation value (similarity score): 0.979125440120697
last layer connection: 1.0451509952545166
most highly activated patch of the chosen image by this prototype:./saved_models/vgg19/001_esc50_split_10/3-170002-A-34.wav/top-3_class_prototypes/most_highly_activated_patch_by_top-1_prototype.png
most highly activated patch by this prototype shown in the original image:./saved_models/vgg19/001_esc50_split_10/3-170002-A-34.wav/top-3_class_prototypes/most_highly_activated_patch_in_original_img_by_top-1_prototype.png
prototype activation map of the chosen image:./saved_models/vgg19/001_esc50_split_10/3-170002-A-34.wav/top-3_class_prototypes/prototype_activation_map_by_top-1_prototype.png
normalized prototype activation map of the chosen image:./saved_models/vgg19/001_esc50_split_10/3-170002-A-34.wav/top-3_class_prototypes/prototype_activation_map_by_top-1_prototype_normed.png
--------------------------------------------------------------
prototype index: 37
prototype class identity: 4
activation value (similarity score): 0.979125440120697
last layer connection: 1.0451509952545166
most highly activated patch of the chosen image by this prototype:./saved_models/vgg19/001_esc50_split_10/3-170002-A-34.wav/top-3_class_prototypes/most_highly_activated_patch_by_top-2_prototype.png
most highly activated patch by this prototype shown in the original image:./saved_models/vgg19/001_esc50_split_10/3-170002-A-34.wav/top-3_class_prototypes/most_highly_activated_patch_in_original_img_by_top-2_prototype.png
prototype activation map of the chosen image:./saved_models/vgg19/001_esc50_split_10/3-170002-A-34.wav/top-3_class_prototypes/prototype_activation_map_by_top-2_prototype.png
normalized prototype activation map of the chosen image:./saved_models/vgg19/001_esc50_split_10/3-170002-A-34.wav/top-3_class_prototypes/prototype_activation_map_by_top-2_prototype_normed.png
--------------------------------------------------------------
prototype index: 39
prototype class identity: 4
activation value (similarity score): 0.979125440120697
last layer connection: 1.0451509952545166
most highly activated patch of the chosen image by this prototype:./saved_models/vgg19/001_esc50_split_10/3-170002-A-34.wav/top-3_class_prototypes/most_highly_activated_patch_by_top-3_prototype.png
most highly activated patch by this prototype shown in the original image:./saved_models/vgg19/001_esc50_split_10/3-170002-A-34.wav/top-3_class_prototypes/most_highly_activated_patch_in_original_img_by_top-3_prototype.png
prototype activation map of the chosen image:./saved_models/vgg19/001_esc50_split_10/3-170002-A-34.wav/top-3_class_prototypes/prototype_activation_map_by_top-3_prototype.png
normalized prototype activation map of the chosen image:./saved_models/vgg19/001_esc50_split_10/3-170002-A-34.wav/top-3_class_prototypes/prototype_activation_map_by_top-3_prototype_normed.png
--------------------------------------------------------------
prototype index: 38
prototype class identity: 4
activation value (similarity score): 0.979125440120697
last layer connection: 1.0451509952545166
most highly activated patch of the chosen image by this prototype:./saved_models/vgg19/001_esc50_split_10/3-170002-A-34.wav/top-3_class_prototypes/most_highly_activated_patch_by_top-4_prototype.png
most highly activated patch by this prototype shown in the original image:./saved_models/vgg19/001_esc50_split_10/3-170002-A-34.wav/top-3_class_prototypes/most_highly_activated_patch_in_original_img_by_top-4_prototype.png
prototype activation map of the chosen image:./saved_models/vgg19/001_esc50_split_10/3-170002-A-34.wav/top-3_class_prototypes/prototype_activation_map_by_top-4_prototype.png
normalized prototype activation map of the chosen image:./saved_models/vgg19/001_esc50_split_10/3-170002-A-34.wav/top-3_class_prototypes/prototype_activation_map_by_top-4_prototype_normed.png
--------------------------------------------------------------
prototype index: 34
prototype class identity: 4
activation value (similarity score): 0.91382896900177
last layer connection: 1.0334161520004272
most highly activated patch of the chosen image by this prototype:./saved_models/vgg19/001_esc50_split_10/3-170002-A-34.wav/top-3_class_prototypes/most_highly_activated_patch_by_top-5_prototype.png
most highly activated patch by this prototype shown in the original image:./saved_models/vgg19/001_esc50_split_10/3-170002-A-34.wav/top-3_class_prototypes/most_highly_activated_patch_in_original_img_by_top-5_prototype.png
prototype activation map of the chosen image:./saved_models/vgg19/001_esc50_split_10/3-170002-A-34.wav/top-3_class_prototypes/prototype_activation_map_by_top-5_prototype.png
normalized prototype activation map of the chosen image:./saved_models/vgg19/001_esc50_split_10/3-170002-A-34.wav/top-3_class_prototypes/prototype_activation_map_by_top-5_prototype_normed.png
--------------------------------------------------------------
***************************************************************
***************************************************************
Prediction is correct.
*** MOST ACTIVATED Training samples recovered map ***
{"./saved_models/vgg19/001_esc50_split_10/3-170002-A-34.wav/most_activated_prototypes/top-1_training_sample.wav": "../datasets/esc50_split_10/train/9/4-215635-A-34.wav", "./saved_models/vgg19/001_esc50_split_10/3-170002-A-34.wav/most_activated_prototypes/top-2_training_sample.wav": "../datasets/esc50_split_10/train/9/3-147343-A-34.wav", "./saved_models/vgg19/001_esc50_split_10/3-170002-A-34.wav/most_activated_prototypes/top-3_training_sample.wav": "../datasets/esc50_split_10/train/9/1-101404-A-34.wav", "./saved_models/vgg19/001_esc50_split_10/3-170002-A-34.wav/most_activated_prototypes/top-4_training_sample.wav": "../datasets/esc50_split_10/train/9/5-237795-A-34.wav", "./saved_models/vgg19/001_esc50_split_10/3-170002-A-34.wav/most_activated_prototypes/top-5_training_sample.wav": "../datasets/esc50_split_10/train/1/4-202298-A-31.wav"}
Execution time (minutes): 6.123842163880666
