training set size: 1800
push set size: 150
test set size: 50
batch size: 20
start training
epoch: 	0
	warm
	train
	time: 	19.484328508377075
	cross ent: 	1.3456060542000665
	cluster: 	2.8902873665094377
	separation:	2.787695167462031
	avg separation:	11.261836761898465
	accu: 		47.77777777777778%
	l1: 		150.0
	p dist pair: 	19.858867645263672
	test
	time: 	1.6412081718444824
	cross ent: 	1.029544711112976
	cluster: 	0.6737069686253866
	separation:	0.8069690664609274
	avg separation:	10.82153288523356
	accu: 		57.99999999999999%
	l1: 		150.0
	p dist pair: 	19.858867645263672
	above 50.00%
epoch: 	1
	warm
	train
	time: 	19.946715831756592
	cross ent: 	0.8414664182398054
	cluster: 	0.34478568732738496
	separation:	0.6783477915657892
	avg separation:	10.292240312364367
	accu: 		71.5%
	l1: 		150.0
	p dist pair: 	19.58443832397461
	test
	time: 	1.6841721534729004
	cross ent: 	0.8959147731463114
	cluster: 	0.4257473051548004
	separation:	0.5957669715086619
	avg separation:	10.444692929585775
	accu: 		72.0%
	l1: 		150.0
	p dist pair: 	19.58443832397461
	above 50.00%
epoch: 	2
	warm
	train
	time: 	20.12454128265381
	cross ent: 	0.629040703508589
	cluster: 	0.19993001239167318
	separation:	0.5625695221953921
	avg separation:	9.923472679985894
	accu: 		80.22222222222221%
	l1: 		150.0
	p dist pair: 	19.319721221923828
	test
	time: 	1.687986135482788
	cross ent: 	0.8809632857640585
	cluster: 	0.3082316170136134
	separation:	0.5393238166968027
	avg separation:	9.850450197855631
	accu: 		74.0%
	l1: 		150.0
	p dist pair: 	19.319721221923828
	above 50.00%
epoch: 	3
	warm
	train
	time: 	20.268762826919556
	cross ent: 	0.5165218896336026
	cluster: 	0.14914014496737057
	separation:	0.49239032003614636
	avg separation:	9.549837133619521
	accu: 		84.22222222222221%
	l1: 		150.0
	p dist pair: 	19.0255126953125
	test
	time: 	1.6525061130523682
	cross ent: 	0.9020690123240153
	cluster: 	0.2872582823038101
	separation:	0.39382707079251605
	avg separation:	9.4684845606486
	accu: 		74.0%
	l1: 		150.0
	p dist pair: 	19.0255126953125
	above 50.00%
epoch: 	4
	warm
	train
	time: 	20.27523922920227
	cross ent: 	0.38838606543011134
	cluster: 	0.11580828552444776
	separation:	0.4520015039377742
	avg separation:	9.18178686565823
	accu: 		88.66666666666667%
	l1: 		150.0
	p dist pair: 	18.52880859375
	test
	time: 	1.7132313251495361
	cross ent: 	0.660979280869166
	cluster: 	0.17587026208639145
	separation:	0.27143555382887524
	avg separation:	9.014986673990885
	accu: 		78.0%
	l1: 		150.0
	p dist pair: 	18.52880859375
	above 50.00%
epoch: 	5
	joint
	train
	time: 	24.75583052635193
	cross ent: 	1.0999801574481858
	cluster: 	0.561813859310415
	separation:	0.5070321781767739
	avg separation:	8.9368488629659
	accu: 		58.77777777777777%
	l1: 		150.0
	p dist pair: 	17.63297462463379
	test
	time: 	1.685136318206787
	cross ent: 	1.119568904240926
	cluster: 	0.21593246360619864
	separation:	0.2233071724573771
	avg separation:	8.47077751159668
	accu: 		64.0%
	l1: 		150.0
	p dist pair: 	17.63297462463379
	above 50.00%
	push
	Executing push ...
	push time: 	68.35291409492493
	test
	time: 	1.6305530071258545
	cross ent: 	3.4488789240519204
	cluster: 	0.04696922500928243
	separation:	0.04023170471191406
	avg separation:	0.8088629841804504
	accu: 		38.0%
	l1: 		150.0
	p dist pair: 	2.5833771228790283
	last layer
iteration: 	0
	train
	time: 	20.071892023086548
	cross ent: 	4.316373874081505
	cluster: 	0.0889865721679396
	separation:	0.06253986035784086
	avg separation:	1.001934168073866
	accu: 		43.888888888888886%
	l1: 		149.6190643310547
	p dist pair: 	2.5833771228790283
	test
	time: 	1.697443962097168
	cross ent: 	3.165388027826945
	cluster: 	0.04696922500928243
	separation:	0.04023170471191406
	avg separation:	0.8088629841804504
	accu: 		40.0%
	l1: 		149.6190643310547
	p dist pair: 	2.5833771228790283
iteration: 	1
	train
	time: 	20.42034912109375
	cross ent: 	3.9991992274920145
	cluster: 	0.08898657179541059
	separation:	0.06253986035784086
	avg separation:	1.001934172709783
	accu: 		45.88888888888889%
	l1: 		149.26522827148438
	p dist pair: 	2.5833771228790283
	test
	time: 	1.6451234817504883
	cross ent: 	2.9889052708943686
	cluster: 	0.04696922500928243
	separation:	0.04023170471191406
	avg separation:	0.8088629841804504
	accu: 		38.0%
	l1: 		149.26522827148438
	p dist pair: 	2.5833771228790283
iteration: 	2
	train
	time: 	20.040360689163208
	cross ent: 	3.7441804753409493
	cluster: 	0.08898657208515538
	separation:	0.06253986010948817
	avg separation:	1.0019341753588782
	accu: 		46.77777777777778%
	l1: 		148.93267822265625
	p dist pair: 	2.5833771228790283
	test
	time: 	1.688730001449585
	cross ent: 	2.884107987085978
	cluster: 	0.04696922500928243
	separation:	0.04023170471191406
	avg separation:	0.8088629841804504
	accu: 		40.0%
	l1: 		148.93267822265625
	p dist pair: 	2.5833771228790283
iteration: 	3
	train
	time: 	20.225416660308838
	cross ent: 	3.543880699740516
	cluster: 	0.08898657204376327
	separation:	0.06253986052340932
	avg separation:	1.0019341707229614
	accu: 		48.22222222222222%
	l1: 		148.63632202148438
	p dist pair: 	2.5833771228790283
	test
	time: 	1.648359775543213
	cross ent: 	2.828735907872518
	cluster: 	0.04696922500928243
	separation:	0.04023170471191406
	avg separation:	0.8088629841804504
	accu: 		42.0%
	l1: 		148.63632202148438
	p dist pair: 	2.5833771228790283
iteration: 	4
	train
	time: 	20.164337635040283
	cross ent: 	3.3907466338740453
	cluster: 	0.0889865718368027
	separation:	0.06253986048201719
	avg separation:	1.001934176683426
	accu: 		49.611111111111114%
	l1: 		148.34744262695312
	p dist pair: 	2.5833771228790283
	test
	time: 	1.723944902420044
	cross ent: 	2.8100808461507163
	cluster: 	0.04696922500928243
	separation:	0.04023170471191406
	avg separation:	0.8088629841804504
	accu: 		42.0%
	l1: 		148.34744262695312
	p dist pair: 	2.5833771228790283
epoch: 	6
	joint
	train
	time: 	24.93716812133789
	cross ent: 	1.1719936781459384
	cluster: 	0.3553229835298326
	separation:	0.2826957107004192
	avg separation:	1.654805655611886
	accu: 		59.0%
	l1: 		148.34744262695312
	p dist pair: 	3.383408308029175
	test
	time: 	1.6455261707305908
	cross ent: 	0.546144555012385
	cluster: 	0.14265798032283783
	separation:	0.0958853413661321
	avg separation:	1.504871169726054
	accu: 		82.0%
	l1: 		148.34744262695312
	p dist pair: 	3.383408308029175
	above 50.00%
epoch: 	7
	joint
	train
	time: 	25.146767616271973
	cross ent: 	0.4056276686489582
	cluster: 	0.08690003425710731
	separation:	0.08215699257949988
	avg separation:	1.5448534859551324
	accu: 		85.55555555555556%
	l1: 		148.34744262695312
	p dist pair: 	3.523085832595825
	test
	time: 	1.661560297012329
	cross ent: 	0.22028993939359984
	cluster: 	0.05727984135349592
	separation:	0.07090276231368382
	avg separation:	1.5357370376586914
	accu: 		94.0%
	l1: 		148.34744262695312
	p dist pair: 	3.523085832595825
	above 50.00%
epoch: 	8
	joint
	train
	time: 	25.232651472091675
	cross ent: 	0.1302251971637209
	cluster: 	0.04058648923205005
	separation:	0.055831041145655846
	avg separation:	1.5470728543069627
	accu: 		96.27777777777777%
	l1: 		148.34744262695312
	p dist pair: 	3.5063977241516113
	test
	time: 	1.6730809211730957
	cross ent: 	0.35725031793117523
	cluster: 	0.042454020430644356
	separation:	0.05241864547133446
	avg separation:	1.4938980340957642
	accu: 		88.0%
	l1: 		148.34744262695312
	p dist pair: 	3.5063977241516113
	above 50.00%
epoch: 	9
	joint
	train
	time: 	25.44955587387085
	cross ent: 	0.07431171788678816
	cluster: 	0.03156948153757387
	separation:	0.05430988381720252
	avg separation:	1.5805308116806878
	accu: 		97.72222222222223%
	l1: 		148.34744262695312
	p dist pair: 	3.519583225250244
	test
	time: 	1.7249364852905273
	cross ent: 	0.3670371038218339
	cluster: 	0.021664810677369434
	separation:	0.054368339478969574
	avg separation:	1.6234513123830159
	accu: 		94.0%
	l1: 		148.34744262695312
	p dist pair: 	3.519583225250244
	above 50.00%
epoch: 	10
	joint
	train
	time: 	25.42815589904785
	cross ent: 	0.010596785633242688
	cluster: 	0.01628599400735564
	separation:	0.05060045547369454
	avg separation:	1.6607335382037693
	accu: 		99.55555555555556%
	l1: 		148.34744262695312
	p dist pair: 	3.511077404022217
	test
	time: 	1.6649649143218994
	cross ent: 	0.280087909506013
	cluster: 	0.018130493660767872
	separation:	0.052165603886048
	avg separation:	1.6099765300750732
	accu: 		98.0%
	l1: 		148.34744262695312
	p dist pair: 	3.511077404022217
	above 50.00%
	push
	Executing push ...
	push time: 	72.50548553466797
	test
	time: 	1.7448618412017822
	cross ent: 	0.7961744651256595
	cluster: 	0.011157480844606956
	separation:	0.026965459808707237
	avg separation:	1.3017302354176838
	accu: 		94.0%
	l1: 		148.34744262695312
	p dist pair: 	2.891132116317749
	above 50.00%
	last layer
iteration: 	0
	train
	time: 	19.97371006011963
	cross ent: 	0.014854552869401358
	cluster: 	0.008047121002649267
	separation:	0.027276145542661348
	avg separation:	1.3488183471891615
	accu: 		99.44444444444444%
	l1: 		148.3229522705078
	p dist pair: 	2.891132116317749
	test
	time: 	1.7447874546051025
	cross ent: 	0.7944698043478032
	cluster: 	0.011157480844606956
	separation:	0.026965459808707237
	avg separation:	1.3017302354176838
	accu: 		94.0%
	l1: 		148.3229522705078
	p dist pair: 	2.891132116317749
	above 50.00%
iteration: 	1
	train
	time: 	20.314504861831665
	cross ent: 	0.014696364505945464
	cluster: 	0.008047120992301239
	separation:	0.027276145511617264
	avg separation:	1.3488183524873523
	accu: 		99.44444444444444%
	l1: 		148.3209686279297
	p dist pair: 	2.891132116317749
	test
	time: 	1.6841328144073486
	cross ent: 	0.7935027303465176
	cluster: 	0.011157480844606956
	separation:	0.026965459808707237
	avg separation:	1.3017302354176838
	accu: 		94.0%
	l1: 		148.3209686279297
	p dist pair: 	2.891132116317749
	above 50.00%
iteration: 	2
	train
	time: 	20.889054536819458
	cross ent: 	0.01453438565915527
	cluster: 	0.008047120981953211
	separation:	0.02727614562544558
	avg separation:	1.3488183564609952
	accu: 		99.44444444444444%
	l1: 		148.3189697265625
	p dist pair: 	2.891132116317749
	test
	time: 	1.7625024318695068
	cross ent: 	0.7923569690271203
	cluster: 	0.011157480844606956
	separation:	0.026965459808707237
	avg separation:	1.3017302354176838
	accu: 		94.0%
	l1: 		148.3189697265625
	p dist pair: 	2.891132116317749
	above 50.00%
iteration: 	3
	train
	time: 	20.800621509552002
	cross ent: 	0.01435661203308598
	cluster: 	0.008047120958670146
	separation:	0.027276145418485005
	avg separation:	1.3488183644082812
	accu: 		99.44444444444444%
	l1: 		148.31732177734375
	p dist pair: 	2.891132116317749
	test
	time: 	1.691434621810913
	cross ent: 	0.791363969600449
	cluster: 	0.011157480844606956
	separation:	0.026965459808707237
	avg separation:	1.3017302354176838
	accu: 		94.0%
	l1: 		148.31732177734375
	p dist pair: 	2.891132116317749
	above 50.00%
iteration: 	4
	train
	time: 	20.589368104934692
	cross ent: 	0.014180559102516336
	cluster: 	0.008047120987127225
	separation:	0.027276145708229806
	avg separation:	1.3488183498382569
	accu: 		99.44444444444444%
	l1: 		148.3151397705078
	p dist pair: 	2.891132116317749
	test
	time: 	1.7479205131530762
	cross ent: 	0.790207523124991
	cluster: 	0.011157480844606956
	separation:	0.026965459808707237
	avg separation:	1.3017302354176838
	accu: 		94.0%
	l1: 		148.3151397705078
	p dist pair: 	2.891132116317749
	above 50.00%
epoch: 	11
	joint
	train
	time: 	25.024532318115234
	cross ent: 	0.008412062652984846
	cluster: 	0.007562938379123807
	separation:	0.02601313745189044
	avg separation:	1.34229037894143
	accu: 		99.72222222222223%
	l1: 		148.3151397705078
	p dist pair: 	2.8940303325653076
	test
	time: 	1.6935145854949951
	cross ent: 	0.5414485470487307
	cluster: 	0.010557174527396759
	separation:	0.023100408414999645
	avg separation:	1.3054189682006836
	accu: 		98.0%
	l1: 		148.3151397705078
	p dist pair: 	2.8940303325653076
	above 50.00%
epoch: 	12
	joint
	train
	time: 	25.375171899795532
	cross ent: 	0.005799112822608915
	cluster: 	0.007221654347247548
	separation:	0.024911401989973252
	avg separation:	1.3512811766730415
	accu: 		99.83333333333333%
	l1: 		148.3151397705078
	p dist pair: 	2.8935534954071045
	test
	time: 	1.7460265159606934
	cross ent: 	0.7647893187216445
	cluster: 	0.010773595422506332
	separation:	0.024777349084615707
	avg separation:	1.295430103937785
	accu: 		96.0%
	l1: 		148.3151397705078
	p dist pair: 	2.8935534954071045
	above 50.00%
epoch: 	13
	joint
	train
	time: 	25.500940561294556
	cross ent: 	0.0014158609045569254
	cluster: 	0.006693119576407803
	separation:	0.02573501629134019
	avg separation:	1.353608532746633
	accu: 		99.94444444444444%
	l1: 		148.3151397705078
	p dist pair: 	2.8940532207489014
	test
	time: 	1.7086145877838135
	cross ent: 	0.6857480683926648
	cluster: 	0.009931564641495546
	separation:	0.024324544395009678
	avg separation:	1.2984262307484944
	accu: 		96.0%
	l1: 		148.3151397705078
	p dist pair: 	2.8940532207489014
	above 50.00%
Early stop training because: (1) training acc convergend && (2) cluster cost is smaller then separation cost on training set
	test
	time: 	1.6611385345458984
	cross ent: 	0.6857480683926648
	cluster: 	0.009931564641495546
	separation:	0.024324544395009678
	avg separation:	1.2984262307484944
	accu: 		96.0%
	l1: 		148.3151397705078
	p dist pair: 	2.8940532207489014
	above 50.00%
Execution time (minutes): 12.041434240341186
