training set size: 5625
push set size: 1875
test set size: 625
batch size: 20
start training
epoch: 	0
	warm
	train
	time: 	145.95684170722961
	cross ent: 	1.4094776473146804
	cluster: 	1.2847829222784821
	separation:	1.1129702185379697
	avg separation:	11.494386213045594
	accu: 		40.14222222222222%
	l1: 		150.0
	p dist pair: 	19.830907821655273
	test
	time: 	15.060021877288818
	cross ent: 	1.2729902751743793
	cluster: 	0.3377253133803606
	separation:	0.23897961806505919
	avg separation:	10.764071762561798
	accu: 		40.64%
	l1: 		150.0
	p dist pair: 	19.830907821655273
epoch: 	1
	warm
	train
	time: 	84.22209620475769
	cross ent: 	1.239642231599659
	cluster: 	0.30551600453595745
	separation:	0.23815981998828287
	avg separation:	10.76902205893334
	accu: 		47.59111111111111%
	l1: 		150.0
	p dist pair: 	19.267654418945312
	test
	time: 	10.20032787322998
	cross ent: 	1.0839782860130072
	cluster: 	0.31367210671305656
	separation:	0.2671442572027445
	avg separation:	10.595972895622253
	accu: 		54.879999999999995%
	l1: 		150.0
	p dist pair: 	19.267654418945312
	above 50.00%
epoch: 	2
	warm
	train
	time: 	84.05998682975769
	cross ent: 	1.1262641132723354
	cluster: 	0.22987263451548332
	separation:	0.1730651725744102
	avg separation:	10.426771968814498
	accu: 		53.173333333333325%
	l1: 		150.0
	p dist pair: 	18.8507022857666
	test
	time: 	9.751731157302856
	cross ent: 	1.0458714291453362
	cluster: 	0.15052241343073547
	separation:	0.12008794769644737
	avg separation:	9.92558479309082
	accu: 		59.84%
	l1: 		150.0
	p dist pair: 	18.8507022857666
	above 50.00%
epoch: 	3
	warm
	train
	time: 	81.56278395652771
	cross ent: 	1.0907970320248435
	cluster: 	0.21566757044576584
	separation:	0.15969123692641443
	avg separation:	10.032981855649474
	accu: 		55.04%
	l1: 		150.0
	p dist pair: 	18.576271057128906
	test
	time: 	9.595071792602539
	cross ent: 	1.1376534402370453
	cluster: 	0.21074346732348204
	separation:	0.14887817250564694
	avg separation:	10.254205018281937
	accu: 		52.64%
	l1: 		150.0
	p dist pair: 	18.576271057128906
	above 50.00%
epoch: 	4
	warm
	train
	time: 	80.25789403915405
	cross ent: 	1.0871756670745552
	cluster: 	0.20108941606913053
	separation:	0.1443574643621208
	avg separation:	9.56149160439241
	accu: 		55.448888888888895%
	l1: 		150.0
	p dist pair: 	17.994266510009766
	test
	time: 	9.713610172271729
	cross ent: 	1.2507921140640974
	cluster: 	0.24102844577282667
	separation:	0.139049066696316
	avg separation:	10.023365318775177
	accu: 		46.08%
	l1: 		150.0
	p dist pair: 	17.994266510009766
epoch: 	5
	joint
	train
	time: 	100.38880944252014
	cross ent: 	1.4956187713653484
	cluster: 	0.43616221681342904
	separation:	0.2575825963248598
	avg separation:	8.876610311210579
	accu: 		31.680000000000003%
	l1: 		150.0
	p dist pair: 	16.970645904541016
	test
	time: 	9.633079767227173
	cross ent: 	1.2162425015121698
	cluster: 	0.14038598677143455
	separation:	0.1257515933830291
	avg separation:	8.475086271762848
	accu: 		48.96%
	l1: 		150.0
	p dist pair: 	16.970645904541016
	push
	Executing push ...
	push time: 	149.03212094306946
	test
	time: 	9.451537609100342
	cross ent: 	11.391634583473206
	cluster: 	0.00402109628157632
	separation:	0.0005534052943403367
	avg separation:	0.07962866872549057
	accu: 		25.119999999999997%
	l1: 		150.0
	p dist pair: 	0.5749078392982483
	last layer
iteration: 	0
	train
	time: 	82.60684776306152
	cross ent: 	10.171365453841839
	cluster: 	0.0041828548522494366
	separation:	0.0006239262146541703
	avg separation:	0.07245176718801472
	accu: 		28.817777777777774%
	l1: 		149.41961669921875
	p dist pair: 	0.5749078392982483
	test
	time: 	9.857560634613037
	cross ent: 	9.552834212779999
	cluster: 	0.00402109628157632
	separation:	0.0005534052943403367
	avg separation:	0.07962866872549057
	accu: 		29.12%
	l1: 		149.41961669921875
	p dist pair: 	0.5749078392982483
iteration: 	1
	train
	time: 	82.37942886352539
	cross ent: 	8.978846004668702
	cluster: 	0.004191795042435249
	separation:	0.0006230834636016557
	avg separation:	0.07248092335747912
	accu: 		31.342222222222222%
	l1: 		149.00723266601562
	p dist pair: 	0.5749078392982483
	test
	time: 	9.832280158996582
	cross ent: 	8.613364309072495
	cluster: 	0.00402109628157632
	separation:	0.0005534052943403367
	avg separation:	0.07962866872549057
	accu: 		31.840000000000003%
	l1: 		149.00723266601562
	p dist pair: 	0.5749078392982483
iteration: 	2
	train
	time: 	81.97274374961853
	cross ent: 	8.253330714313696
	cluster: 	0.004194927970707047
	separation:	0.0006232498486523008
	avg separation:	0.07248950272745697
	accu: 		33.68888888888889%
	l1: 		148.541015625
	p dist pair: 	0.5749078392982483
	test
	time: 	9.908519744873047
	cross ent: 	7.976337447762489
	cluster: 	0.00402109628157632
	separation:	0.0005534052943403367
	avg separation:	0.07962866872549057
	accu: 		34.88%
	l1: 		148.541015625
	p dist pair: 	0.5749078392982483
iteration: 	3
	train
	time: 	82.30580711364746
	cross ent: 	7.805782242024199
	cluster: 	0.0041983341372981405
	separation:	0.0006225856580624542
	avg separation:	0.0725141306744611
	accu: 		36.01777777777777%
	l1: 		148.02499389648438
	p dist pair: 	0.5749078392982483
	test
	time: 	9.663261413574219
	cross ent: 	7.571480765938759
	cluster: 	0.00402109628157632
	separation:	0.0005534052943403367
	avg separation:	0.07962866872549057
	accu: 		36.480000000000004%
	l1: 		148.02499389648438
	p dist pair: 	0.5749078392982483
iteration: 	4
	train
	time: 	83.5983738899231
	cross ent: 	7.514381762091995
	cluster: 	0.004184131818932501
	separation:	0.0006239302718519821
	avg separation:	0.07244847117797702
	accu: 		36.96%
	l1: 		147.4793243408203
	p dist pair: 	0.5749078392982483
	test
	time: 	10.027495384216309
	cross ent: 	7.307429760694504
	cluster: 	0.00402109628157632
	separation:	0.0005534052943403367
	avg separation:	0.07962866872549057
	accu: 		37.44%
	l1: 		147.4793243408203
	p dist pair: 	0.5749078392982483
epoch: 	6
	joint
	train
	time: 	100.27123618125916
	cross ent: 	1.663803883689515
	cluster: 	0.17132410628998535
	separation:	0.11856397860605065
	avg separation:	0.9866682098689654
	accu: 		37.83111111111111%
	l1: 		147.4793243408203
	p dist pair: 	1.5060902833938599
	test
	time: 	10.108676195144653
	cross ent: 	1.1853171214461327
	cluster: 	0.03995524730999023
	separation:	0.02582935121608898
	avg separation:	0.8873846456408501
	accu: 		41.120000000000005%
	l1: 		147.4793243408203
	p dist pair: 	1.5060902833938599
epoch: 	7
	joint
	train
	time: 	99.73270153999329
	cross ent: 	1.068769669279139
	cluster: 	0.05532268183107706
	separation:	0.04951554516343572
	avg separation:	0.9191468322107977
	accu: 		54.24%
	l1: 		147.4793243408203
	p dist pair: 	1.5420355796813965
	test
	time: 	9.338335990905762
	cross ent: 	0.794074472039938
	cluster: 	0.05643299943767488
	separation:	0.07566471199970692
	avg separation:	0.9839724507182837
	accu: 		70.24000000000001%
	l1: 		147.4793243408203
	p dist pair: 	1.5420355796813965
	above 50.00%
epoch: 	8
	joint
	train
	time: 	99.27775716781616
	cross ent: 	0.8072487633701757
	cluster: 	0.045770281998453836
	separation:	0.05093575270304866
	avg separation:	0.907644565435166
	accu: 		67.80444444444444%
	l1: 		147.4793243408203
	p dist pair: 	1.6149801015853882
	test
	time: 	9.238752841949463
	cross ent: 	0.8687144666910172
	cluster: 	0.07036632380913943
	separation:	0.0766290434403345
	avg separation:	0.9370251931250095
	accu: 		63.2%
	l1: 		147.4793243408203
	p dist pair: 	1.6149801015853882
	above 50.00%
epoch: 	9
	joint
	train
	time: 	99.2515881061554
	cross ent: 	0.6086420318547715
	cluster: 	0.03636053706195655
	separation:	0.042589295179919995
	avg separation:	0.8929530022837592
	accu: 		77.06666666666668%
	l1: 		147.4793243408203
	p dist pair: 	1.6220489740371704
	test
	time: 	9.480821132659912
	cross ent: 	0.766366214491427
	cluster: 	0.046859968453645706
	separation:	0.05613819439895451
	avg separation:	0.9462476465851068
	accu: 		67.67999999999999%
	l1: 		147.4793243408203
	p dist pair: 	1.6220489740371704
	above 50.00%
epoch: 	10
	joint
	train
	time: 	99.31964874267578
	cross ent: 	0.36662530371958907
	cluster: 	0.025855780470165166
	separation:	0.033848151709910825
	avg separation:	0.8714573121239954
	accu: 		87.98222222222222%
	l1: 		147.4793243408203
	p dist pair: 	1.6128538846969604
	test
	time: 	9.430290460586548
	cross ent: 	0.4123385758139193
	cluster: 	0.022813105955719948
	separation:	0.03745098161743954
	avg separation:	0.8899723794311285
	accu: 		84.48%
	l1: 		147.4793243408203
	p dist pair: 	1.6128538846969604
	above 50.00%
	push
	Executing push ...
	push time: 	164.66617941856384
	test
	time: 	9.742600440979004
	cross ent: 	8.528830781579018
	cluster: 	0.004178500261332374
	separation:	0.004561340894724708
	avg separation:	0.24851096980273724
	accu: 		51.68000000000001%
	l1: 		147.4793243408203
	p dist pair: 	0.7086340188980103
	above 50.00%
	last layer
iteration: 	0
	train
	time: 	81.64191007614136
	cross ent: 	7.067820353288177
	cluster: 	0.003636825573382939
	separation:	0.0037974067422865184
	avg separation:	0.2156452384929285
	accu: 		55.27111111111112%
	l1: 		146.59744262695312
	p dist pair: 	0.7086340188980103
	test
	time: 	10.176111936569214
	cross ent: 	4.297297053039074
	cluster: 	0.004178500261332374
	separation:	0.004561340894724708
	avg separation:	0.24851096980273724
	accu: 		63.04%
	l1: 		146.59744262695312
	p dist pair: 	0.7086340188980103
	above 50.00%
iteration: 	1
	train
	time: 	82.95681095123291
	cross ent: 	3.986947462068382
	cluster: 	0.0036400166539977312
	separation:	0.00379561166467264
	avg separation:	0.21560766045928847
	accu: 		64.24888888888889%
	l1: 		145.867431640625
	p dist pair: 	0.7086340188980103
	test
	time: 	9.956724405288696
	cross ent: 	2.5893987491726875
	cluster: 	0.004178500261332374
	separation:	0.004561340894724708
	avg separation:	0.24851096980273724
	accu: 		70.72%
	l1: 		145.867431640625
	p dist pair: 	0.7086340188980103
	above 50.00%
iteration: 	2
	train
	time: 	81.15216994285583
	cross ent: 	2.5930055768777294
	cluster: 	0.0036475310677576626
	separation:	0.0038111815943237368
	avg separation:	0.21553269900540087
	accu: 		70.34666666666666%
	l1: 		145.39747619628906
	p dist pair: 	0.7086340188980103
	test
	time: 	10.162306785583496
	cross ent: 	1.9486322226002812
	cluster: 	0.004178500261332374
	separation:	0.004561340894724708
	avg separation:	0.24851096980273724
	accu: 		72.0%
	l1: 		145.39747619628906
	p dist pair: 	0.7086340188980103
	above 50.00%
iteration: 	3
	train
	time: 	82.15674376487732
	cross ent: 	1.961807689206767
	cluster: 	0.003636859389557008
	separation:	0.003802441594732516
	avg separation:	0.2158890241321097
	accu: 		73.92%
	l1: 		145.1237030029297
	p dist pair: 	0.7086340188980103
	test
	time: 	10.28148627281189
	cross ent: 	1.7023748019710183
	cluster: 	0.004178500261332374
	separation:	0.004561340894724708
	avg separation:	0.24851096980273724
	accu: 		73.92%
	l1: 		145.1237030029297
	p dist pair: 	0.7086340188980103
	above 50.00%
iteration: 	4
	train
	time: 	81.73547863960266
	cross ent: 	1.6314651932276734
	cluster: 	0.003631098112520755
	separation:	0.0038037659288284943
	avg separation:	0.21561922095980204
	accu: 		76.0%
	l1: 		144.94410705566406
	p dist pair: 	0.7086340188980103
	test
	time: 	10.239475965499878
	cross ent: 	1.6062079863622785
	cluster: 	0.004178500261332374
	separation:	0.004561340894724708
	avg separation:	0.24851096980273724
	accu: 		75.2%
	l1: 		144.94410705566406
	p dist pair: 	0.7086340188980103
	above 50.00%
epoch: 	11
	joint
	train
	time: 	100.48060822486877
	cross ent: 	0.3985431363396611
	cluster: 	0.022193055535527938
	separation:	0.02147154878999985
	avg separation:	0.26801415395440786
	accu: 		87.28888888888889%
	l1: 		144.94410705566406
	p dist pair: 	0.7376493811607361
	test
	time: 	10.618520975112915
	cross ent: 	0.33239083108492196
	cluster: 	0.02815853396896273
	separation:	0.031168866786174476
	avg separation:	0.30839710775762796
	accu: 		89.44%
	l1: 		144.94410705566406
	p dist pair: 	0.7376493811607361
	above 50.00%
epoch: 	12
	joint
	train
	time: 	99.74541091918945
	cross ent: 	0.23615799606810753
	cluster: 	0.018082228106122915
	separation:	0.02057736074710463
	avg separation:	0.27088075828679065
	accu: 		92.21333333333334%
	l1: 		144.94410705566406
	p dist pair: 	0.7384839057922363
	test
	time: 	10.519601345062256
	cross ent: 	0.3636480022687465
	cluster: 	0.01632736952160485
	separation:	0.02064099337439984
	avg separation:	0.2888473719358444
	accu: 		88.32%
	l1: 		144.94410705566406
	p dist pair: 	0.7384839057922363
	above 50.00%
epoch: 	13
	joint
	train
	time: 	99.69679498672485
	cross ent: 	0.1997119230977821
	cluster: 	0.014765709958118486
	separation:	0.018417538658894124
	avg separation:	0.2658206717976442
	accu: 		93.40444444444445%
	l1: 		144.94410705566406
	p dist pair: 	0.7394462823867798
	test
	time: 	10.121867895126343
	cross ent: 	0.4488695205654949
	cluster: 	0.015113473171368241
	separation:	0.01973351277410984
	avg separation:	0.2906791241839528
	accu: 		84.96000000000001%
	l1: 		144.94410705566406
	p dist pair: 	0.7394462823867798
	above 50.00%
epoch: 	14
	joint
	train
	time: 	99.74337196350098
	cross ent: 	0.17862007076726527
	cluster: 	0.012805733301326738
	separation:	0.017465578193994278
	avg separation:	0.26700544605652493
	accu: 		94.22222222222221%
	l1: 		144.94410705566406
	p dist pair: 	0.7361513376235962
	test
	time: 	10.226856231689453
	cross ent: 	0.4674217919819057
	cluster: 	0.016234696115134284
	separation:	0.017506432865047827
	avg separation:	0.29383012373000383
	accu: 		85.11999999999999%
	l1: 		144.94410705566406
	p dist pair: 	0.7361513376235962
	above 50.00%
epoch: 	15
	joint
	train
	time: 	99.56877541542053
	cross ent: 	0.1242854057560206
	cluster: 	0.011356976200291451
	separation:	0.015603270028314903
	avg separation:	0.26444117772452375
	accu: 		96.28444444444443%
	l1: 		144.94410705566406
	p dist pair: 	0.7356052994728088
	test
	time: 	10.74067759513855
	cross ent: 	0.3552240531425923
	cluster: 	0.013207388212322257
	separation:	0.017513978789793327
	avg separation:	0.28603873774409294
	accu: 		88.64%
	l1: 		144.94410705566406
	p dist pair: 	0.7356052994728088
	above 50.00%
	push
	Executing push ...
	push time: 	144.4673776626587
	test
	time: 	9.694610595703125
	cross ent: 	0.8683689224999398
	cluster: 	0.003991746962128673
	separation:	0.003962969814892858
	avg separation:	0.1982935620471835
	accu: 		81.92%
	l1: 		144.94410705566406
	p dist pair: 	0.6243884563446045
	above 50.00%
	last layer
iteration: 	0
	train
	time: 	71.86321902275085
	cross ent: 	0.8421984193582378
	cluster: 	0.0032258649890852683
	separation:	0.0032737516060781977
	avg separation:	0.1773860917974871
	accu: 		83.27111111111111%
	l1: 		144.68228149414062
	p dist pair: 	0.6243884563446045
	test
	time: 	10.000217914581299
	cross ent: 	0.8229967469815165
	cluster: 	0.003991746962128673
	separation:	0.003962969814892858
	avg separation:	0.1982935620471835
	accu: 		82.24000000000001%
	l1: 		144.68228149414062
	p dist pair: 	0.6243884563446045
	above 50.00%
iteration: 	1
	train
	time: 	73.18184971809387
	cross ent: 	0.5374812590807069
	cluster: 	0.003218910590611755
	separation:	0.0032734215248818675
	avg separation:	0.17725617982817035
	accu: 		87.03999999999999%
	l1: 		144.58316040039062
	p dist pair: 	0.6243884563446045
	test
	time: 	9.64253044128418
	cross ent: 	0.8490875344723463
	cluster: 	0.003991746962128673
	separation:	0.003962969814892858
	avg separation:	0.1982935620471835
	accu: 		82.56%
	l1: 		144.58316040039062
	p dist pair: 	0.6243884563446045
	above 50.00%
iteration: 	2
	train
	time: 	80.08552622795105
	cross ent: 	0.4467299428986425
	cluster: 	0.003219112158994065
	separation:	0.003274262937261386
	avg separation:	0.1772330288662978
	accu: 		88.23111111111112%
	l1: 		144.52622985839844
	p dist pair: 	0.6243884563446045
	test
	time: 	9.310497283935547
	cross ent: 	0.8636637278832495
	cluster: 	0.003991746962128673
	separation:	0.003962969814892858
	avg separation:	0.1982935620471835
	accu: 		81.92%
	l1: 		144.52622985839844
	p dist pair: 	0.6243884563446045
	above 50.00%
iteration: 	3
	train
	time: 	80.25078964233398
	cross ent: 	0.41194372614498864
	cluster: 	0.0032264222956513524
	separation:	0.0032756900516378276
	avg separation:	0.1773566835632561
	accu: 		88.96%
	l1: 		144.48074340820312
	p dist pair: 	0.6243884563446045
	test
	time: 	9.745642185211182
	cross ent: 	0.8755816575139761
	cluster: 	0.003991746962128673
	separation:	0.003962969814892858
	avg separation:	0.1982935620471835
	accu: 		81.92%
	l1: 		144.48074340820312
	p dist pair: 	0.6243884563446045
	above 50.00%
iteration: 	4
	train
	time: 	80.45310425758362
	cross ent: 	0.391822517479618
	cluster: 	0.003228245784796061
	separation:	0.003280228463328503
	avg separation:	0.17740359722722507
	accu: 		89.13777777777779%
	l1: 		144.44244384765625
	p dist pair: 	0.6243884563446045
	test
	time: 	9.711879253387451
	cross ent: 	0.878288549836725
	cluster: 	0.003991746962128673
	separation:	0.003962969814892858
	avg separation:	0.1982935620471835
	accu: 		82.08%
	l1: 		144.44244384765625
	p dist pair: 	0.6243884563446045
	above 50.00%
epoch: 	16
	joint
	train
	time: 	100.44337940216064
	cross ent: 	0.18406781416835513
	cluster: 	0.0045925357568090954
	separation:	0.005321036094588274
	avg separation:	0.18474075277435018
	accu: 		94.22222222222221%
	l1: 		144.44244384765625
	p dist pair: 	0.624017596244812
	test
	time: 	9.098211526870728
	cross ent: 	0.4834262286312878
	cluster: 	0.006516647452372126
	separation:	0.006912458047736436
	avg separation:	0.20813333429396152
	accu: 		87.03999999999999%
	l1: 		144.44244384765625
	p dist pair: 	0.624017596244812
	above 50.00%
epoch: 	17
	joint
	train
	time: 	99.79441261291504
	cross ent: 	0.12531504799869467
	cluster: 	0.00523642690832469
	separation:	0.0062068466572685445
	avg separation:	0.18430678858190563
	accu: 		95.92888888888889%
	l1: 		144.44244384765625
	p dist pair: 	0.6237340569496155
	test
	time: 	9.093948364257812
	cross ent: 	0.4676150311715901
	cluster: 	0.006366527159116231
	separation:	0.0069407702394528314
	avg separation:	0.20528966281563044
	accu: 		87.36%
	l1: 		144.44244384765625
	p dist pair: 	0.6237340569496155
	above 50.00%
epoch: 	18
	joint
	train
	time: 	99.44423079490662
	cross ent: 	0.11280688494675073
	cluster: 	0.00548937786882413
	separation:	0.006546634779450424
	avg separation:	0.1844540946449794
	accu: 		96.58666666666666%
	l1: 		144.44244384765625
	p dist pair: 	0.6233872771263123
	test
	time: 	10.228730916976929
	cross ent: 	0.45548810064792633
	cluster: 	0.0064177752792602405
	separation:	0.007294464216101915
	avg separation:	0.20301220752298832
	accu: 		87.68%
	l1: 		144.44244384765625
	p dist pair: 	0.6233872771263123
	above 50.00%
epoch: 	19
	joint
	train
	time: 	99.50721025466919
	cross ent: 	0.10423621429866907
	cluster: 	0.00560635515052746
	separation:	0.006830602443400532
	avg separation:	0.18412504498417495
	accu: 		96.81777777777778%
	l1: 		144.44244384765625
	p dist pair: 	0.6231902241706848
	test
	time: 	9.423184871673584
	cross ent: 	0.4083697439637035
	cluster: 	0.0065607906435616314
	separation:	0.0074551703000906855
	avg separation:	0.2034142203629017
	accu: 		88.48%
	l1: 		144.44244384765625
	p dist pair: 	0.6231902241706848
	above 50.00%
epoch: 	20
	joint
	train
	time: 	99.52025818824768
	cross ent: 	0.09475119942006596
	cluster: 	0.005632745555324599
	separation:	0.006897921028302599
	avg separation:	0.18389896229437902
	accu: 		97.04888888888888%
	l1: 		144.44244384765625
	p dist pair: 	0.6231414079666138
	test
	time: 	10.127118587493896
	cross ent: 	0.41562901402357966
	cluster: 	0.006480443553300574
	separation:	0.0073420049011474475
	avg separation:	0.2025115038268268
	accu: 		88.64%
	l1: 		144.44244384765625
	p dist pair: 	0.6231414079666138
	above 50.00%
	push
	Executing push ...
	push time: 	146.20520615577698
	test
	time: 	9.733562707901001
	cross ent: 	0.7160486001521349
	cluster: 	0.0034571410142234527
	separation:	0.002717244664381724
	avg separation:	0.1930082435719669
	accu: 		83.67999999999999%
	l1: 		144.44244384765625
	p dist pair: 	0.612208366394043
	above 50.00%
	last layer
iteration: 	0
	train
	time: 	80.74093055725098
	cross ent: 	0.2057241068588213
	cluster: 	0.002994086948827781
	separation:	0.002434297695760912
	avg separation:	0.1740081935381213
	accu: 		92.83555555555556%
	l1: 		144.189208984375
	p dist pair: 	0.612208366394043
	test
	time: 	10.15254259109497
	cross ent: 	0.6090675289742649
	cluster: 	0.0034571410142234527
	separation:	0.002717244664381724
	avg separation:	0.1930082435719669
	accu: 		84.8%
	l1: 		144.189208984375
	p dist pair: 	0.612208366394043
	above 50.00%
iteration: 	1
	train
	time: 	80.79541420936584
	cross ent: 	0.16408805358008952
	cluster: 	0.002997103538975146
	separation:	0.002437335931933782
	avg separation:	0.1741006148199663
	accu: 		94.4888888888889%
	l1: 		144.07322692871094
	p dist pair: 	0.612208366394043
	test
	time: 	10.04925274848938
	cross ent: 	0.601571403676644
	cluster: 	0.0034571410142234527
	separation:	0.002717244664381724
	avg separation:	0.1930082435719669
	accu: 		84.64%
	l1: 		144.07322692871094
	p dist pair: 	0.612208366394043
	above 50.00%
iteration: 	2
	train
	time: 	81.11539626121521
	cross ent: 	0.15763500240525719
	cluster: 	0.002993539096465572
	separation:	0.0024396477433099866
	avg separation:	0.17402580449133054
	accu: 		94.79111111111112%
	l1: 		144.00697326660156
	p dist pair: 	0.612208366394043
	test
	time: 	9.987764120101929
	cross ent: 	0.5924869615118951
	cluster: 	0.0034571410142234527
	separation:	0.002717244664381724
	avg separation:	0.1930082435719669
	accu: 		85.11999999999999%
	l1: 		144.00697326660156
	p dist pair: 	0.612208366394043
	above 50.00%
iteration: 	3
	train
	time: 	80.92883682250977
	cross ent: 	0.15510113622785995
	cluster: 	0.0029994275169909425
	separation:	0.0024371451990520382
	avg separation:	0.1740796169702043
	accu: 		94.79111111111112%
	l1: 		143.950927734375
	p dist pair: 	0.612208366394043
	test
	time: 	10.076307773590088
	cross ent: 	0.5839772121980786
	cluster: 	0.0034571410142234527
	separation:	0.002717244664381724
	avg separation:	0.1930082435719669
	accu: 		85.11999999999999%
	l1: 		143.950927734375
	p dist pair: 	0.612208366394043
	above 50.00%
iteration: 	4
	train
	time: 	80.91355895996094
	cross ent: 	0.15072114261507935
	cluster: 	0.002996563791307284
	separation:	0.002440226706841313
	avg separation:	0.1741436131774111
	accu: 		94.89777777777778%
	l1: 		143.90029907226562
	p dist pair: 	0.612208366394043
	test
	time: 	10.659140586853027
	cross ent: 	0.5844996906816959
	cluster: 	0.0034571410142234527
	separation:	0.002717244664381724
	avg separation:	0.1930082435719669
	accu: 		85.44%
	l1: 		143.90029907226562
	p dist pair: 	0.612208366394043
	above 50.00%
epoch: 	21
	joint
	train
	time: 	100.55084085464478
	cross ent: 	0.13788044381806633
	cluster: 	0.0030985541834912087
	separation:	0.0025804547109172173
	avg separation:	0.17463224666549804
	accu: 		95.39555555555556%
	l1: 		143.90029907226562
	p dist pair: 	0.612201452255249
	test
	time: 	9.776926755905151
	cross ent: 	0.5665353084914386
	cluster: 	0.00370190149260452
	separation:	0.003059446840779856
	avg separation:	0.19433142198249698
	accu: 		85.92%
	l1: 		143.90029907226562
	p dist pair: 	0.612201452255249
	above 50.00%
epoch: 	22
	joint
	train
	time: 	99.92057585716248
	cross ent: 	0.1236376952163624
	cluster: 	0.003223845351269429
	separation:	0.0027945917995534308
	avg separation:	0.1755198971071142
	accu: 		96.03555555555555%
	l1: 		143.90029907226562
	p dist pair: 	0.6122994422912598
	test
	time: 	9.901973009109497
	cross ent: 	0.5478315036743879
	cluster: 	0.0037606359182973392
	separation:	0.0031647444229747634
	avg separation:	0.1949225254356861
	accu: 		86.4%
	l1: 		143.90029907226562
	p dist pair: 	0.6122994422912598
	above 50.00%
epoch: 	23
	joint
	train
	time: 	99.59410762786865
	cross ent: 	0.11638626053451283
	cluster: 	0.003273533813652074
	separation:	0.002873478933726272
	avg separation:	0.17601943079461443
	accu: 		96.28444444444443%
	l1: 		143.90029907226562
	p dist pair: 	0.612319827079773
	test
	time: 	10.196417331695557
	cross ent: 	0.5316577309276909
	cluster: 	0.003767371246794937
	separation:	0.003208959133189637
	avg separation:	0.19467118382453918
	accu: 		87.03999999999999%
	l1: 		143.90029907226562
	p dist pair: 	0.612319827079773
	above 50.00%
epoch: 	24
	joint
	train
	time: 	99.62325024604797
	cross ent: 	0.11199490194818243
	cluster: 	0.0033171701679296844
	separation:	0.00295671237408058
	avg separation:	0.17635135833464616
	accu: 		96.49777777777778%
	l1: 		143.90029907226562
	p dist pair: 	0.6123401522636414
	test
	time: 	9.49095892906189
	cross ent: 	0.5208644140511751
	cluster: 	0.0038095355484983884
	separation:	0.0032969236781354994
	avg separation:	0.1948440745472908
	accu: 		86.88%
	l1: 		143.90029907226562
	p dist pair: 	0.6123401522636414
	above 50.00%
epoch: 	25
	joint
	train
	time: 	99.59572625160217
	cross ent: 	0.10948444627463183
	cluster: 	0.0033154860157470043
	separation:	0.002982289786285437
	avg separation:	0.17616842560311582
	accu: 		96.58666666666666%
	l1: 		143.90029907226562
	p dist pair: 	0.6123300194740295
	test
	time: 	10.230753898620605
	cross ent: 	0.5219879073556513
	cluster: 	0.0038208842925087083
	separation:	0.0033121347951237112
	avg separation:	0.1948994593694806
	accu: 		86.56%
	l1: 		143.90029907226562
	p dist pair: 	0.6123300194740295
	above 50.00%
	push
	Executing push ...
	push time: 	144.83961272239685
	test
	time: 	10.125275611877441
	cross ent: 	0.5573308966122568
	cluster: 	0.003405809442483587
	separation:	0.002666747626790311
	avg separation:	0.19420259865000844
	accu: 		86.88%
	l1: 		143.90029907226562
	p dist pair: 	0.6105965375900269
	above 50.00%
	last layer
iteration: 	0
	train
	time: 	80.83260416984558
	cross ent: 	0.13361044700508476
	cluster: 	0.002957877081303679
	separation:	0.0023828195754755687
	avg separation:	0.17558457401204616
	accu: 		95.82222222222222%
	l1: 		143.841064453125
	p dist pair: 	0.6105965375900269
	test
	time: 	10.394737958908081
	cross ent: 	0.5754568399861455
	cluster: 	0.003405809442483587
	separation:	0.002666747626790311
	avg separation:	0.19420259865000844
	accu: 		85.44%
	l1: 		143.841064453125
	p dist pair: 	0.6105965375900269
	above 50.00%
iteration: 	1
	train
	time: 	81.34817004203796
	cross ent: 	0.13194578506567695
	cluster: 	0.002960291699174435
	separation:	0.002374873643349658
	avg separation:	0.1755742423817621
	accu: 		95.84%
	l1: 		143.8080291748047
	p dist pair: 	0.6105965375900269
	test
	time: 	10.405298233032227
	cross ent: 	0.5772046616766602
	cluster: 	0.003405809442483587
	separation:	0.002666747626790311
	avg separation:	0.19420259865000844
	accu: 		85.28%
	l1: 		143.8080291748047
	p dist pair: 	0.6105965375900269
	above 50.00%
iteration: 	2
	train
	time: 	81.60412359237671
	cross ent: 	0.12939683365361462
	cluster: 	0.0029575564834150546
	separation:	0.002384606530850238
	avg separation:	0.1755355976469128
	accu: 		95.87555555555556%
	l1: 		143.79278564453125
	p dist pair: 	0.6105965375900269
	test
	time: 	10.037949800491333
	cross ent: 	0.5780653620604426
	cluster: 	0.003405809442483587
	separation:	0.002666747626790311
	avg separation:	0.19420259865000844
	accu: 		85.6%
	l1: 		143.79278564453125
	p dist pair: 	0.6105965375900269
	above 50.00%
iteration: 	3
	train
	time: 	80.69990563392639
	cross ent: 	0.1290271789907207
	cluster: 	0.0029626210948373094
	separation:	0.0023853370068588208
	avg separation:	0.17547989557398128
	accu: 		95.91111111111111%
	l1: 		143.79449462890625
	p dist pair: 	0.6105965375900269
	test
	time: 	10.439996719360352
	cross ent: 	0.5706075010821223
	cluster: 	0.003405809442483587
	separation:	0.002666747626790311
	avg separation:	0.19420259865000844
	accu: 		85.44%
	l1: 		143.79449462890625
	p dist pair: 	0.6105965375900269
	above 50.00%
iteration: 	4
	train
	time: 	80.27762627601624
	cross ent: 	0.1268858408948806
	cluster: 	0.0029580664692169176
	separation:	0.002383061716868047
	avg separation:	0.175541730267359
	accu: 		96.0%
	l1: 		143.7878875732422
	p dist pair: 	0.6105965375900269
	test
	time: 	10.217633247375488
	cross ent: 	0.569736999226734
	cluster: 	0.003405809442483587
	separation:	0.002666747626790311
	avg separation:	0.19420259865000844
	accu: 		85.92%
	l1: 		143.7878875732422
	p dist pair: 	0.6105965375900269
	above 50.00%
epoch: 	26
	joint
	train
	time: 	100.60247373580933
	cross ent: 	0.12530740520236552
	cluster: 	0.002964582562146061
	separation:	0.0023872105265201355
	avg separation:	0.17554833924939447
	accu: 		95.98222222222222%
	l1: 		143.7878875732422
	p dist pair: 	0.6105574369430542
	test
	time: 	10.216336250305176
	cross ent: 	0.5720406058244407
	cluster: 	0.0034246206705574878
	separation:	0.002688002656213939
	avg separation:	0.1942416476085782
	accu: 		85.92%
	l1: 		143.7878875732422
	p dist pair: 	0.6105574369430542
	above 50.00%
epoch: 	27
	joint
	train
	time: 	99.89112615585327
	cross ent: 	0.1238282839486917
	cluster: 	0.002977355030375196
	separation:	0.0024013790245835027
	avg separation:	0.17563605498760304
	accu: 		96.05333333333334%
	l1: 		143.7878875732422
	p dist pair: 	0.6105334162712097
	test
	time: 	9.87676191329956
	cross ent: 	0.5726734874770045
	cluster: 	0.0034448385558789596
	separation:	0.0027094960678368807
	avg separation:	0.19432043004781008
	accu: 		85.6%
	l1: 		143.7878875732422
	p dist pair: 	0.6105334162712097
	above 50.00%
epoch: 	28
	joint
	train
	time: 	99.73646783828735
	cross ent: 	0.12242912119526932
	cluster: 	0.003000734256686154
	separation:	0.0024190186188516624
	avg separation:	0.1757082868869423
	accu: 		96.12444444444445%
	l1: 		143.7878875732422
	p dist pair: 	0.61052006483078
	test
	time: 	9.995755434036255
	cross ent: 	0.5726643491070718
	cluster: 	0.0034584165150590707
	separation:	0.0027252436229900923
	avg separation:	0.1943806135095656
	accu: 		85.44%
	l1: 		143.7878875732422
	p dist pair: 	0.61052006483078
	above 50.00%
epoch: 	29
	joint
	train
	time: 	99.66595005989075
	cross ent: 	0.12148468624569264
	cluster: 	0.0030053254226817096
	separation:	0.0024357518839240337
	avg separation:	0.1756644570764075
	accu: 		96.17777777777778%
	l1: 		143.7878875732422
	p dist pair: 	0.6105079650878906
	test
	time: 	9.637810468673706
	cross ent: 	0.5727757369168103
	cluster: 	0.003470730851404369
	separation:	0.0027399302161938976
	avg separation:	0.1944184941239655
	accu: 		85.44%
	l1: 		143.7878875732422
	p dist pair: 	0.6105079650878906
	above 50.00%
epoch: 	30
	joint
	train
	time: 	99.680504322052
	cross ent: 	0.12177012646851519
	cluster: 	0.0030111110433176528
	separation:	0.002448221342885827
	avg separation:	0.17582849767191192
	accu: 		96.17777777777778%
	l1: 		143.7878875732422
	p dist pair: 	0.6105074882507324
	test
	time: 	9.979718446731567
	cross ent: 	0.5709386717062443
	cluster: 	0.0034707070044532884
	separation:	0.0027407169945945498
	avg separation:	0.19441864592954516
	accu: 		85.76%
	l1: 		143.7878875732422
	p dist pair: 	0.6105074882507324
	above 50.00%
	push
	Executing push ...
	push time: 	146.79955077171326
	test
	time: 	9.82829999923706
	cross ent: 	0.5731002672109753
	cluster: 	0.003419959630264202
	separation:	0.002617657220980618
	avg separation:	0.1948232315480709
	accu: 		86.4%
	l1: 		143.7878875732422
	p dist pair: 	0.6123965978622437
	above 50.00%
	last layer
iteration: 	0
	train
	time: 	81.86384773254395
	cross ent: 	0.12595325631129964
	cluster: 	0.0029699420725682367
	separation:	0.002324757717321924
	avg separation:	0.17625749819244899
	accu: 		96.10666666666667%
	l1: 		143.77621459960938
	p dist pair: 	0.6123965978622437
	test
	time: 	9.679049015045166
	cross ent: 	0.5771916816011071
	cluster: 	0.003419959630264202
	separation:	0.002617657220980618
	avg separation:	0.1948232315480709
	accu: 		85.92%
	l1: 		143.77621459960938
	p dist pair: 	0.6123965978622437
	above 50.00%
iteration: 	1
	train
	time: 	81.45235180854797
	cross ent: 	0.12599609934077566
	cluster: 	0.0029657634890783604
	separation:	0.002328680633362515
	avg separation:	0.1760851004233597
	accu: 		96.07111111111111%
	l1: 		143.78138732910156
	p dist pair: 	0.6123965978622437
	test
	time: 	9.137020587921143
	cross ent: 	0.5781169370748103
	cluster: 	0.003419959630264202
	separation:	0.002617657220980618
	avg separation:	0.1948232315480709
	accu: 		85.92%
	l1: 		143.78138732910156
	p dist pair: 	0.6123965978622437
	above 50.00%
iteration: 	2
	train
	time: 	74.32359480857849
	cross ent: 	0.12406034267289524
	cluster: 	0.0029644459355556477
	separation:	0.0023257195080980553
	avg separation:	0.1760939467460551
	accu: 		96.17777777777778%
	l1: 		143.77908325195312
	p dist pair: 	0.6123965978622437
	test
	time: 	9.956980466842651
	cross ent: 	0.5790975338313729
	cluster: 	0.003419959630264202
	separation:	0.002617657220980618
	avg separation:	0.1948232315480709
	accu: 		85.92%
	l1: 		143.77908325195312
	p dist pair: 	0.6123965978622437
	above 50.00%
iteration: 	3
	train
	time: 	81.32408118247986
	cross ent: 	0.12294247920347497
	cluster: 	0.002963845326411637
	separation:	0.0023221794155868867
	avg separation:	0.17616737264056578
	accu: 		96.12444444444445%
	l1: 		143.80459594726562
	p dist pair: 	0.6123965978622437
	test
	time: 	9.891311168670654
	cross ent: 	0.5814682201016694
	cluster: 	0.003419959630264202
	separation:	0.002617657220980618
	avg separation:	0.1948232315480709
	accu: 		85.92%
	l1: 		143.80459594726562
	p dist pair: 	0.6123965978622437
	above 50.00%
iteration: 	4
	train
	time: 	80.62973618507385
	cross ent: 	0.12190159272273725
	cluster: 	0.002966027282895058
	separation:	0.0023246238029608172
	avg separation:	0.17617355974008006
	accu: 		96.23111111111112%
	l1: 		143.81195068359375
	p dist pair: 	0.6123965978622437
	test
	time: 	9.915666341781616
	cross ent: 	0.5801449524005875
	cluster: 	0.003419959630264202
	separation:	0.002617657220980618
	avg separation:	0.1948232315480709
	accu: 		85.76%
	l1: 		143.81195068359375
	p dist pair: 	0.6123965978622437
	above 50.00%
epoch: 	31
	joint
	train
	time: 	100.5323441028595
	cross ent: 	0.12132221348179134
	cluster: 	0.002973970507539095
	separation:	0.002321793883956361
	avg separation:	0.17619681532712692
	accu: 		96.21333333333332%
	l1: 		143.81195068359375
	p dist pair: 	0.6123955845832825
	test
	time: 	10.135254621505737
	cross ent: 	0.5800920873880386
	cluster: 	0.0034206271593575366
	separation:	0.0026194573001703247
	avg separation:	0.1948266951367259
	accu: 		85.76%
	l1: 		143.81195068359375
	p dist pair: 	0.6123955845832825
	above 50.00%
epoch: 	32
	joint
	train
	time: 	99.84225416183472
	cross ent: 	0.1213258704647805
	cluster: 	0.0029784642756051313
	separation:	0.0023270614204948096
	avg separation:	0.17625507823330291
	accu: 		96.23111111111112%
	l1: 		143.81195068359375
	p dist pair: 	0.6123949289321899
	test
	time: 	10.049019813537598
	cross ent: 	0.5811630918178707
	cluster: 	0.00342060333059635
	separation:	0.002620255978399655
	avg separation:	0.19482575822621584
	accu: 		85.92%
	l1: 		143.81195068359375
	p dist pair: 	0.6123949289321899
	above 50.00%
epoch: 	33
	joint
	train
	time: 	99.56198716163635
	cross ent: 	0.12117542294498057
	cluster: 	0.0029751825518328167
	separation:	0.0023265920169915715
	avg separation:	0.1761663482649952
	accu: 		96.23111111111112%
	l1: 		143.81195068359375
	p dist pair: 	0.612393856048584
	test
	time: 	9.369529247283936
	cross ent: 	0.5797408852959052
	cluster: 	0.003421044417336816
	separation:	0.002620494407892693
	avg separation:	0.1948264967650175
	accu: 		85.92%
	l1: 		143.81195068359375
	p dist pair: 	0.612393856048584
	above 50.00%
epoch: 	34
	joint
	train
	time: 	99.55690383911133
	cross ent: 	0.12115495399314355
	cluster: 	0.0029807571517402663
	separation:	0.002330743540111427
	avg separation:	0.17620079314455073
	accu: 		96.19555555555556%
	l1: 		143.81195068359375
	p dist pair: 	0.6123928427696228
	test
	time: 	10.01378583908081
	cross ent: 	0.5806349519407377
	cluster: 	0.003422975594730815
	separation:	0.0026211619915557094
	avg separation:	0.19482788164168596
	accu: 		85.76%
	l1: 		143.81195068359375
	p dist pair: 	0.6123928427696228
	above 50.00%
epoch: 	35
	joint
	train
	time: 	99.63294982910156
	cross ent: 	0.12105681779047191
	cluster: 	0.002970222090635158
	separation:	0.0023244019545753426
	avg separation:	0.17614105327966365
	accu: 		96.24888888888889%
	l1: 		143.81195068359375
	p dist pair: 	0.6123928427696228
	test
	time: 	10.001737833023071
	cross ent: 	0.5808165752096102
	cluster: 	0.003422594178118743
	separation:	0.00262113814096665
	avg separation:	0.1948278797790408
	accu: 		85.76%
	l1: 		143.81195068359375
	p dist pair: 	0.6123928427696228
	above 50.00%
	push
	Executing push ...
	push time: 	147.5400071144104
	test
	time: 	9.615297555923462
	cross ent: 	0.5791563491802663
	cluster: 	0.003420186101720901
	separation:	0.0026184082416875754
	avg separation:	0.19486343394964933
	accu: 		86.08%
	l1: 		143.81195068359375
	p dist pair: 	0.6124638319015503
	above 50.00%
	last layer
iteration: 	0
	train
	time: 	80.45330691337585
	cross ent: 	0.12243238429744077
	cluster: 	0.0029654415478725118
	separation:	0.002321247384612653
	avg separation:	0.1761168013756157
	accu: 		96.10666666666667%
	l1: 		143.8184051513672
	p dist pair: 	0.6124638319015503
	test
	time: 	9.698274374008179
	cross ent: 	0.5694418613566086
	cluster: 	0.003420186101720901
	separation:	0.0026184082416875754
	avg separation:	0.19486343394964933
	accu: 		86.08%
	l1: 		143.8184051513672
	p dist pair: 	0.6124638319015503
	above 50.00%
iteration: 	1
	train
	time: 	80.01270484924316
	cross ent: 	0.12173573482378736
	cluster: 	0.002966841627886611
	separation:	0.0023218006533834794
	avg separation:	0.17619775552698907
	accu: 		96.21333333333332%
	l1: 		143.82464599609375
	p dist pair: 	0.6124638319015503
	test
	time: 	9.650245666503906
	cross ent: 	0.5666681762086228
	cluster: 	0.003420186101720901
	separation:	0.0026184082416875754
	avg separation:	0.19486343394964933
	accu: 		86.4%
	l1: 		143.82464599609375
	p dist pair: 	0.6124638319015503
	above 50.00%
iteration: 	2
	train
	time: 	81.24640583992004
	cross ent: 	0.1233491803691161
	cluster: 	0.00296546995610078
	separation:	0.0023216721428399706
	avg separation:	0.17613957827606946
	accu: 		96.19555555555556%
	l1: 		143.82806396484375
	p dist pair: 	0.6124638319015503
	test
	time: 	9.726407766342163
	cross ent: 	0.575838353484869
	cluster: 	0.003420186101720901
	separation:	0.0026184082416875754
	avg separation:	0.19486343394964933
	accu: 		85.76%
	l1: 		143.82806396484375
	p dist pair: 	0.6124638319015503
	above 50.00%
iteration: 	3
	train
	time: 	80.46722960472107
	cross ent: 	0.12057315777898073
	cluster: 	0.00297160187206918
	separation:	0.0023214435299812215
	avg separation:	0.17628150686938712
	accu: 		96.21333333333332%
	l1: 		143.83889770507812
	p dist pair: 	0.6124638319015503
	test
	time: 	9.500264406204224
	cross ent: 	0.5751004678895697
	cluster: 	0.003420186101720901
	separation:	0.0026184082416875754
	avg separation:	0.19486343394964933
	accu: 		86.24000000000001%
	l1: 		143.83889770507812
	p dist pair: 	0.6124638319015503
	above 50.00%
iteration: 	4
	train
	time: 	81.31180953979492
	cross ent: 	0.11909328226795989
	cluster: 	0.002985714895548365
	separation:	0.0023285277697244486
	avg separation:	0.17632316269561754
	accu: 		96.26666666666667%
	l1: 		143.84671020507812
	p dist pair: 	0.6124638319015503
	test
	time: 	9.592106103897095
	cross ent: 	0.5644656694494188
	cluster: 	0.003420186101720901
	separation:	0.0026184082416875754
	avg separation:	0.19486343394964933
	accu: 		86.08%
	l1: 		143.84671020507812
	p dist pair: 	0.6124638319015503
	above 50.00%
epoch: 	36
	joint
	train
	time: 	100.26170349121094
	cross ent: 	0.11837723666376535
	cluster: 	0.0029666914706983675
	separation:	0.0023218209373084366
	avg separation:	0.1761283832767331
	accu: 		96.23111111111112%
	l1: 		143.84671020507812
	p dist pair: 	0.6124638319015503
	test
	time: 	9.616292476654053
	cross ent: 	0.5645955877844244
	cluster: 	0.0034201146045234054
	separation:	0.002618217495182762
	avg separation:	0.19486326444894075
	accu: 		86.24000000000001%
	l1: 		143.84671020507812
	p dist pair: 	0.6124638319015503
	above 50.00%
epoch: 	37
	joint
	train
	time: 	99.85183048248291
	cross ent: 	0.11837335377816005
	cluster: 	0.002967232554665509
	separation:	0.0023269329016948953
	avg separation:	0.17633770607041974
	accu: 		96.23111111111112%
	l1: 		143.84671020507812
	p dist pair: 	0.6124638319015503
	test
	time: 	9.501916408538818
	cross ent: 	0.5643774379277602
	cluster: 	0.0034201861126348376
	separation:	0.0026185035894741304
	avg separation:	0.1948632774874568
	accu: 		86.08%
	l1: 		143.84671020507812
	p dist pair: 	0.6124638319015503
	above 50.00%
epoch: 	38
	joint
	train
	time: 	99.61268353462219
	cross ent: 	0.11835645275014611
	cluster: 	0.002968770617384675
	separation:	0.0023215882781916133
	avg separation:	0.17611406035457097
	accu: 		96.23111111111112%
	l1: 		143.84671020507812
	p dist pair: 	0.6124638319015503
	test
	time: 	9.472736835479736
	cross ent: 	0.564537669182755
	cluster: 	0.003419864206080092
	separation:	0.002618169823108474
	avg separation:	0.19486320298165083
	accu: 		86.08%
	l1: 		143.84671020507812
	p dist pair: 	0.6124638319015503
	above 50.00%
epoch: 	39
	joint
	train
	time: 	99.57796740531921
	cross ent: 	0.11834844051577904
	cluster: 	0.0029752177218510274
	separation:	0.0023251648856894977
	avg separation:	0.1761943275729815
	accu: 		96.26666666666667%
	l1: 		143.84671020507812
	p dist pair: 	0.6124638319015503
	test
	time: 	9.428702592849731
	cross ent: 	0.5650010106619447
	cluster: 	0.0034201265043520834
	separation:	0.002618467857246287
	avg separation:	0.19486316107213497
	accu: 		86.4%
	l1: 		143.84671020507812
	p dist pair: 	0.6124638319015503
	above 50.00%
Execution time (minutes): 144.37935419480007
