training set size: 9335
push set size: 9335
test set size: 12236
batch size: 20
start training
epoch: 	0
	warm
	train
	time: 	94.97974634170532
	cross ent: 	1.1798515951607926
	cluster: 	0.8706154513952563
	separation:	0.8117959548816946
	avg separation:	13.694920019113022
	accu: 		63.535083020889125%
	l1: 		360.0
	p dist pair: 	23.803937911987305
	test
	time: 	210.2386610507965
	cross ent: 	1.6784299224420312
	cluster: 	0.27821902402378373
	separation:	0.20698391728931004
	avg separation:	12.37598527334874
	accu: 		46.82085648904871%
	l1: 		360.0
	p dist pair: 	23.803937911987305
epoch: 	1
	warm
	train
	time: 	83.27274942398071
	cross ent: 	0.8509431361386302
	cluster: 	0.1430749970246944
	separation:	0.2033477250558406
	avg separation:	11.453582737124195
	accu: 		72.94054633101233%
	l1: 		360.0
	p dist pair: 	19.321704864501953
	test
	time: 	113.07213521003723
	cross ent: 	1.7989696044158312
	cluster: 	0.2530292112842884
	separation:	0.14322002644778467
	avg separation:	9.776356081557429
	accu: 		45.35796011768552%
	l1: 		360.0
	p dist pair: 	19.321704864501953
epoch: 	2
	warm
	train
	time: 	69.45883464813232
	cross ent: 	0.7027401250230679
	cluster: 	0.11612242680417904
	separation:	0.15056752057734088
	avg separation:	8.356901755935375
	accu: 		78.13604713444028%
	l1: 		360.0
	p dist pair: 	15.85064697265625
	test
	time: 	99.50877928733826
	cross ent: 	1.8658740885701834
	cluster: 	0.14787842083746702
	separation:	0.108413270924216
	avg separation:	7.2489080943313295
	accu: 		49.95913697286695%
	l1: 		360.0
	p dist pair: 	15.85064697265625
epoch: 	3
	warm
	train
	time: 	68.50898742675781
	cross ent: 	0.5524610878472921
	cluster: 	0.09414738515587384
	separation:	0.12866647498446818
	avg separation:	7.059348333060614
	accu: 		82.57096946973755%
	l1: 		360.0
	p dist pair: 	14.827884674072266
	test
	time: 	93.84248876571655
	cross ent: 	1.7442043303859
	cluster: 	0.13719906649412283
	separation:	0.09216772715007168
	avg separation:	6.418776159193001
	accu: 		50.53121935272965%
	l1: 		360.0
	p dist pair: 	14.827884674072266
	above 50.00%
epoch: 	4
	warm
	train
	time: 	68.56226754188538
	cross ent: 	0.4553558559214788
	cluster: 	0.08205863850976977
	separation:	0.11118871101220108
	avg separation:	6.228740943320558
	accu: 		85.54900910551687%
	l1: 		360.0
	p dist pair: 	14.0863618850708
	test
	time: 	94.0843255519867
	cross ent: 	1.6122875418148788
	cluster: 	0.11056750268352772
	separation:	0.08041191841871326
	avg separation:	5.81344510371389
	accu: 		55.434782608695656%
	l1: 		360.0
	p dist pair: 	14.0863618850708
	above 50.00%
epoch: 	5
	joint
	train
	time: 	80.4425299167633
	cross ent: 	0.8712208347287372
	cluster: 	0.1187257237804204
	separation:	0.10613767240332077
	avg separation:	7.296177237141055
	accu: 		72.13711837171934%
	l1: 		360.0
	p dist pair: 	15.177120208740234
	test
	time: 	92.76059126853943
	cross ent: 	1.6205732014054566
	cluster: 	0.09018651551865285
	separation:	0.05990678398242963
	avg separation:	7.193199274586696
	accu: 		43.609022556390975%
	l1: 		360.0
	p dist pair: 	15.177120208740234
	push
	Executing push ...
	push time: 	290.9624676704407
	test
	time: 	93.7963376045227
	cross ent: 	8.453172756955514
	cluster: 	0.06320155377262364
	separation:	0.03563739398944806
	avg separation:	2.1604206992520227
	accu: 		22.47466492317751%
	l1: 		360.0
	p dist pair: 	5.475836277008057
	last layer
iteration: 	0
	train
	time: 	71.20397925376892
	cross ent: 	2.5652523625330956
	cluster: 	0.034984078738894274
	separation:	0.03803521198493766
	avg separation:	2.252623631305817
	accu: 		58.63952865559722%
	l1: 		354.13848876953125
	p dist pair: 	5.475836277008057
	test
	time: 	93.85365033149719
	cross ent: 	5.304152581037259
	cluster: 	0.06320155377262364
	separation:	0.03563739398944806
	avg separation:	2.1604206992520227
	accu: 		30.214122262177185%
	l1: 		354.13848876953125
	p dist pair: 	5.475836277008057
iteration: 	1
	train
	time: 	68.52018880844116
	cross ent: 	1.299100312960735
	cluster: 	0.03498687642592562
	separation:	0.03803810888873433
	avg separation:	2.2526508375715135
	accu: 		72.88698446705946%
	l1: 		350.2383728027344
	p dist pair: 	5.475836277008057
	test
	time: 	94.2827718257904
	cross ent: 	3.6043518627780715
	cluster: 	0.06320155377262364
	separation:	0.03563739398944806
	avg separation:	2.1604206992520227
	accu: 		37.201699901928734%
	l1: 		350.2383728027344
	p dist pair: 	5.475836277008057
iteration: 	2
	train
	time: 	68.39574599266052
	cross ent: 	0.8468980963483485
	cluster: 	0.03497368123629619
	separation:	0.03804077209637558
	avg separation:	2.2526596572720776
	accu: 		79.73219068023568%
	l1: 		347.66656494140625
	p dist pair: 	5.475836277008057
	test
	time: 	94.79771494865417
	cross ent: 	2.8192222804025886
	cluster: 	0.06320155377262364
	separation:	0.03563739398944806
	avg separation:	2.1604206992520227
	accu: 		41.99084668192219%
	l1: 		347.66656494140625
	p dist pair: 	5.475836277008057
iteration: 	3
	train
	time: 	68.45312166213989
	cross ent: 	0.7005234669372479
	cluster: 	0.034979788666267976
	separation:	0.03803748040354354
	avg separation:	2.2526868625167094
	accu: 		81.60685591858596%
	l1: 		345.9455261230469
	p dist pair: 	5.475836277008057
	test
	time: 	95.1953637599945
	cross ent: 	2.5766685120030943
	cluster: 	0.06320155377262364
	separation:	0.03563739398944806
	avg separation:	2.1604206992520227
	accu: 		44.24648577966656%
	l1: 		345.9455261230469
	p dist pair: 	5.475836277008057
iteration: 	4
	train
	time: 	72.32283186912537
	cross ent: 	0.6527579657681589
	cluster: 	0.03499253170975589
	separation:	0.03803733222154657
	avg separation:	2.252634070925335
	accu: 		82.66738082485271%
	l1: 		344.7148742675781
	p dist pair: 	5.475836277008057
	test
	time: 	94.04564690589905
	cross ent: 	2.5201495282011095
	cluster: 	0.06320155377262364
	separation:	0.03563739398944806
	avg separation:	2.1604206992520227
	accu: 		44.81039555410265%
	l1: 		344.7148742675781
	p dist pair: 	5.475836277008057
epoch: 	6
	joint
	train
	time: 	80.0723671913147
	cross ent: 	0.535451417054973
	cluster: 	0.0689196609263757
	separation:	0.07591636973080211
	avg separation:	3.213361706927706
	accu: 		83.17086234600964%
	l1: 		344.7148742675781
	p dist pair: 	8.089254379272461
	test
	time: 	94.29273796081543
	cross ent: 	2.5726044558816485
	cluster: 	0.13953568971429775
	separation:	0.08778837267187686
	avg separation:	3.4692532311077993
	accu: 		44.785877737822815%
	l1: 		344.7148742675781
	p dist pair: 	8.089254379272461
epoch: 	7
	joint
	train
	time: 	79.76313209533691
	cross ent: 	0.3349294293765577
	cluster: 	0.047147404976843256
	separation:	0.05658285139523431
	avg separation:	3.6659402699235675
	accu: 		89.69469737546866%
	l1: 		344.7148742675781
	p dist pair: 	8.955591201782227
	test
	time: 	94.61119937896729
	cross ent: 	2.9996389580123566
	cluster: 	0.04459155957196273
	separation:	0.04069312385837334
	avg separation:	3.464792295608645
	accu: 		50.90715920235371%
	l1: 		344.7148742675781
	p dist pair: 	8.955591201782227
	above 50.00%
epoch: 	8
	joint
	train
	time: 	79.81264662742615
	cross ent: 	0.22480096647538828
	cluster: 	0.03884099302633927
	separation:	0.05148257689283287
	avg separation:	3.9905191897324883
	accu: 		93.15479378682379%
	l1: 		344.7148742675781
	p dist pair: 	9.451249122619629
	test
	time: 	96.04693150520325
	cross ent: 	1.7947387377810633
	cluster: 	0.0873635980038861
	separation:	0.05716456541657643
	avg separation:	3.843787309001474
	accu: 		51.85518143184047%
	l1: 		344.7148742675781
	p dist pair: 	9.451249122619629
	above 50.00%
epoch: 	9
	joint
	train
	time: 	79.8001081943512
	cross ent: 	0.16121121379995532
	cluster: 	0.03325239561769385
	separation:	0.06648137870322458
	avg separation:	4.3240430242754915
	accu: 		95.14729512587039%
	l1: 		344.7148742675781
	p dist pair: 	10.034585952758789
	test
	time: 	93.90554809570312
	cross ent: 	3.4691467114718133
	cluster: 	0.05900102909471767
	separation:	0.05765563626682349
	avg separation:	4.040654548242981
	accu: 		49.79568486433475%
	l1: 		344.7148742675781
	p dist pair: 	10.034585952758789
epoch: 	10
	joint
	train
	time: 	79.89334869384766
	cross ent: 	0.04425116990552474
	cluster: 	0.013389145416492792
	separation:	0.0688338156398665
	avg separation:	4.395820894894815
	accu: 		98.52169255490091%
	l1: 		344.7148742675781
	p dist pair: 	9.96985149383545
	test
	time: 	93.6003737449646
	cross ent: 	3.0239221035849813
	cluster: 	0.04272615543134462
	separation:	0.04888866951969129
	avg separation:	3.9975511279760623
	accu: 		54.38868911408957%
	l1: 		344.7148742675781
	p dist pair: 	9.96985149383545
	above 50.00%
	push
	Executing push ...
	push time: 	282.3211591243744
	test
	time: 	95.01075196266174
	cross ent: 	4.502667399111137
	cluster: 	0.03371752506529827
	separation:	0.03842256713074212
	avg separation:	3.314283217090407
	accu: 		55.97417456685191%
	l1: 		344.7148742675781
	p dist pair: 	8.419538497924805
	above 50.00%
	last layer
iteration: 	0
	train
	time: 	69.22779488563538
	cross ent: 	0.045115680277994966
	cluster: 	0.006069720121962068
	separation:	0.059525857689517216
	avg separation:	3.7299456044999637
	accu: 		98.6073915372255%
	l1: 		344.536865234375
	p dist pair: 	8.419538497924805
	test
	time: 	94.59386110305786
	cross ent: 	4.477635567192158
	cluster: 	0.03371752506529827
	separation:	0.03842256713074212
	avg separation:	3.314283217090407
	accu: 		56.039555410264796%
	l1: 		344.536865234375
	p dist pair: 	8.419538497924805
	above 50.00%
iteration: 	1
	train
	time: 	70.46737360954285
	cross ent: 	0.04024037242320891
	cluster: 	0.006068513633451989
	separation:	0.059533291322835254
	avg separation:	3.729886883076049
	accu: 		98.75736475629353%
	l1: 		344.32244873046875
	p dist pair: 	8.419538497924805
	test
	time: 	97.73407483100891
	cross ent: 	4.468625193814826
	cluster: 	0.03371752506529827
	separation:	0.03842256713074212
	avg separation:	3.314283217090407
	accu: 		56.03138280483818%
	l1: 		344.32244873046875
	p dist pair: 	8.419538497924805
	above 50.00%
iteration: 	2
	train
	time: 	69.85361766815186
	cross ent: 	0.03642730532297447
	cluster: 	0.0060724968771695515
	separation:	0.05952467707960968
	avg separation:	3.729767048384444
	accu: 		98.86448848419926%
	l1: 		344.04522705078125
	p dist pair: 	8.419538497924805
	test
	time: 	97.9802770614624
	cross ent: 	4.476207407958367
	cluster: 	0.03371752506529827
	separation:	0.03842256713074212
	avg separation:	3.314283217090407
	accu: 		55.97417456685191%
	l1: 		344.04522705078125
	p dist pair: 	8.419538497924805
	above 50.00%
iteration: 	3
	train
	time: 	70.55698752403259
	cross ent: 	0.033369359466911795
	cluster: 	0.006068962630646291
	separation:	0.059532349634062044
	avg separation:	3.7299482567152067
	accu: 		98.93947509373326%
	l1: 		343.7127990722656
	p dist pair: 	8.419538497924805
	test
	time: 	96.03340148925781
	cross ent: 	4.493735680295751
	cluster: 	0.03371752506529827
	separation:	0.03842256713074212
	avg separation:	3.314283217090407
	accu: 		55.966001961425306%
	l1: 		343.7127990722656
	p dist pair: 	8.419538497924805
	above 50.00%
iteration: 	4
	train
	time: 	69.19554138183594
	cross ent: 	0.030954895457687495
	cluster: 	0.006070435432790992
	separation:	0.059536030312613196
	avg separation:	3.7299591274792427
	accu: 		99.01446170326727%
	l1: 		343.32525634765625
	p dist pair: 	8.419538497924805
	test
	time: 	94.65898299217224
	cross ent: 	4.522271903901318
	cluster: 	0.03371752506529827
	separation:	0.03842256713074212
	avg separation:	3.314283217090407
	accu: 		55.8842759071592%
	l1: 		343.32525634765625
	p dist pair: 	8.419538497924805
	above 50.00%
epoch: 	11
	joint
	train
	time: 	79.90182209014893
	cross ent: 	0.031056754684296348
	cluster: 	0.008305234344460757
	separation:	0.0670490298316489
	avg separation:	3.7559811211244964
	accu: 		99.05731119442956%
	l1: 		343.32525634765625
	p dist pair: 	8.482353210449219
	test
	time: 	94.74215841293335
	cross ent: 	4.061266198754311
	cluster: 	0.034750817605336895
	separation:	0.04667104038050751
	avg separation:	3.363412283604441
	accu: 		56.36645962732919%
	l1: 		343.32525634765625
	p dist pair: 	8.482353210449219
	above 50.00%
epoch: 	12
	joint
	train
	time: 	79.71851468086243
	cross ent: 	0.01621565938201861
	cluster: 	0.006969771686965317
	separation:	0.08788214294475202
	avg separation:	3.8080937627551386
	accu: 		99.49651847884307%
	l1: 		343.32525634765625
	p dist pair: 	8.468408584594727
	test
	time: 	94.94394159317017
	cross ent: 	4.8356792270358095
	cluster: 	0.03869761675413625
	separation:	0.06664846118636965
	avg separation:	3.40800174505882
	accu: 		56.350114416475975%
	l1: 		343.32525634765625
	p dist pair: 	8.468408584594727
	above 50.00%
epoch: 	13
	joint
	train
	time: 	79.7201554775238
	cross ent: 	0.012912925372551108
	cluster: 	0.006839079787601703
	separation:	0.1631952320929513
	avg separation:	3.8780558563657186
	accu: 		99.6036422067488%
	l1: 		343.32525634765625
	p dist pair: 	8.464123725891113
	test
	time: 	94.2228410243988
	cross ent: 	6.141184398648786
	cluster: 	0.04874724386186868
	separation:	0.18416947332740413
	avg separation:	3.489776133711821
	accu: 		53.6776724419745%
	l1: 		343.32525634765625
	p dist pair: 	8.464123725891113
	above 50.00%
epoch: 	14
	joint
	train
	time: 	79.80151796340942
	cross ent: 	0.019096279979671605
	cluster: 	0.022549859364766316
	separation:	0.9528198794280308
	avg separation:	4.839400820354323
	accu: 		99.4858061060525%
	l1: 		343.32525634765625
	p dist pair: 	8.861263275146484
	test
	time: 	94.80761790275574
	cross ent: 	4.891308661185059
	cluster: 	0.17003085997466946
	separation:	2.04958110872437
	avg separation:	5.801865859748491
	accu: 		54.25792742726381%
	l1: 		343.32525634765625
	p dist pair: 	8.861263275146484
	above 50.00%
Early stop training because: (1) training acc convergend && (2) cluster cost is smaller then separation cost on training set
	test
	time: 	94.57846117019653
	cross ent: 	4.891308661185059
	cluster: 	0.17003085997466946
	separation:	2.04958110872437
	avg separation:	5.801865859748491
	accu: 		54.25792742726381%
	l1: 		343.32525634765625
	p dist pair: 	8.861263275146484
	above 50.00%
Execution time (minutes): 87.56229141553243
