training set size: 5441
push set size: 5441
test set size: 7788
batch size: 20
start training
epoch: 	0
	warm
	train
	time: 	99.13584232330322
	cross ent: 	1.0191752795989697
	cluster: 	1.469004763460858
	separation:	1.691737868956157
	avg separation:	14.909364165840568
	accu: 		64.06910494394413%
	l1: 		150.0
	p dist pair: 	22.718992233276367
	test
	time: 	130.7119574546814
	cross ent: 	1.8110512467531057
	cluster: 	0.5452157871081279
	separation:	0.22310971648265154
	avg separation:	13.473497525239603
	accu: 		25.693374422187983%
	l1: 		150.0
	p dist pair: 	22.718992233276367
epoch: 	1
	warm
	train
	time: 	66.67844700813293
	cross ent: 	0.8847380190978557
	cluster: 	0.33926283912016797
	separation:	0.38597720356542115
	avg separation:	12.122693114228301
	accu: 		65.98051828707958%
	l1: 		150.0
	p dist pair: 	20.050310134887695
	test
	time: 	61.77095127105713
	cross ent: 	1.2291456265327259
	cluster: 	0.1980288426654461
	separation:	0.1933661600909172
	avg separation:	10.427896431164864
	accu: 		51.579352850539294%
	l1: 		150.0
	p dist pair: 	20.050310134887695
	above 50.00%
epoch: 	2
	warm
	train
	time: 	44.223273038864136
	cross ent: 	0.847022641818602
	cluster: 	0.20670758040396722
	separation:	0.28340522920364863
	avg separation:	10.654082713982998
	accu: 		67.92868957912148%
	l1: 		150.0
	p dist pair: 	18.10297203063965
	test
	time: 	61.4235565662384
	cross ent: 	1.4017605434625577
	cluster: 	0.3686895631826841
	separation:	0.3472717239306523
	avg separation:	10.288668686304337
	accu: 		31.240369799691837%
	l1: 		150.0
	p dist pair: 	18.10297203063965
epoch: 	3
	warm
	train
	time: 	40.60277009010315
	cross ent: 	0.7498689754269062
	cluster: 	0.16496591589280538
	separation:	0.24980073263902805
	avg separation:	9.665459395328284
	accu: 		71.08987318507627%
	l1: 		150.0
	p dist pair: 	17.08662223815918
	test
	time: 	60.32824110984802
	cross ent: 	1.4746588792556372
	cluster: 	0.21692387784520786
	separation:	0.14243187064734789
	avg separation:	9.169002102582883
	accu: 		33.577298407806886%
	l1: 		150.0
	p dist pair: 	17.08662223815918
epoch: 	4
	warm
	train
	time: 	40.67403197288513
	cross ent: 	0.6655791776848363
	cluster: 	0.14741597282307925
	separation:	0.2725190750899769
	avg separation:	8.16034220251845
	accu: 		74.23267781657783%
	l1: 		150.0
	p dist pair: 	14.406556129455566
	test
	time: 	59.92819690704346
	cross ent: 	1.8354092970872538
	cluster: 	0.15360345244407653
	separation:	0.12228562239653025
	avg separation:	6.920362161978697
	accu: 		41.897791474062664%
	l1: 		150.0
	p dist pair: 	14.406556129455566
epoch: 	5
	joint
	train
	time: 	46.68274211883545
	cross ent: 	0.9556039983317965
	cluster: 	0.280345819399252
	separation:	0.32706846062080325
	avg separation:	8.404466644748227
	accu: 		63.958831097224774%
	l1: 		150.0
	p dist pair: 	15.275798797607422
	test
	time: 	60.351988554000854
	cross ent: 	1.173492312278503
	cluster: 	0.19947192600140204
	separation:	0.21501003354787826
	avg separation:	8.887703896791507
	accu: 		44.29892141756548%
	l1: 		150.0
	p dist pair: 	15.275798797607422
	push
	Executing push ...
	push time: 	188.6606092453003
	test
	time: 	61.263832092285156
	cross ent: 	3.810369134713442
	cluster: 	0.10087659694732
	separation:	0.15226095958302419
	avg separation:	0.7776225661620115
	accu: 		57.794042116076014%
	l1: 		150.0
	p dist pair: 	1.7502890825271606
	above 50.00%
	last layer
iteration: 	0
	train
	time: 	40.688673973083496
	cross ent: 	9.111214437491292
	cluster: 	0.08124507878712572
	separation:	0.18273511954716273
	avg separation:	0.7041147790112339
	accu: 		55.06340746186362%
	l1: 		150.0472412109375
	p dist pair: 	1.7502890825271606
	test
	time: 	61.38901972770691
	cross ent: 	4.0075219160471205
	cluster: 	0.10087659694732
	separation:	0.15226095958302419
	avg separation:	0.7776225661620115
	accu: 		57.03646635850026%
	l1: 		150.0472412109375
	p dist pair: 	1.7502890825271606
	above 50.00%
iteration: 	1
	train
	time: 	40.43915867805481
	cross ent: 	7.734016794479373
	cluster: 	0.08138817729899189
	separation:	0.1829101020886457
	avg separation:	0.7059489452576899
	accu: 		56.5521043925749%
	l1: 		149.9212646484375
	p dist pair: 	1.7502890825271606
	test
	time: 	57.19830632209778
	cross ent: 	4.331087915102641
	cluster: 	0.10087659694732
	separation:	0.15226095958302419
	avg separation:	0.7776225661620115
	accu: 		55.94504365690807%
	l1: 		149.9212646484375
	p dist pair: 	1.7502890825271606
	above 50.00%
iteration: 	2
	train
	time: 	40.27489995956421
	cross ent: 	6.884845899465756
	cluster: 	0.08125500807081495
	separation:	0.18272811451401466
	avg separation:	0.7043071576418021
	accu: 		58.53703363352325%
	l1: 		149.63711547851562
	p dist pair: 	1.7502890825271606
	test
	time: 	60.58589577674866
	cross ent: 	4.6505450633855965
	cluster: 	0.10087659694732
	separation:	0.15226095958302419
	avg separation:	0.7776225661620115
	accu: 		54.89214175654854%
	l1: 		149.63711547851562
	p dist pair: 	1.7502890825271606
	above 50.00%
iteration: 	3
	train
	time: 	40.408530712127686
	cross ent: 	6.384410845927703
	cluster: 	0.08124335158288806
	separation:	0.1842526966508055
	avg separation:	0.7067219030944419
	accu: 		59.84194081970225%
	l1: 		149.27394104003906
	p dist pair: 	1.7502890825271606
	test
	time: 	58.85550808906555
	cross ent: 	4.944601581035516
	cluster: 	0.10087659694732
	separation:	0.15226095958302419
	avg separation:	0.7776225661620115
	accu: 		53.89060092449923%
	l1: 		149.27394104003906
	p dist pair: 	1.7502890825271606
	above 50.00%
iteration: 	4
	train
	time: 	40.532514333724976
	cross ent: 	6.076944842006697
	cluster: 	0.0812584565195081
	separation:	0.18280966889672665
	avg separation:	0.7063541745855695
	accu: 		60.154383385407094%
	l1: 		148.86004638671875
	p dist pair: 	1.7502890825271606
	test
	time: 	57.28328800201416
	cross ent: 	5.157467890397096
	cluster: 	0.10087659694732
	separation:	0.15226095958302419
	avg separation:	0.7776225661620115
	accu: 		52.901900359527474%
	l1: 		148.86004638671875
	p dist pair: 	1.7502890825271606
	above 50.00%
epoch: 	6
	joint
	train
	time: 	46.91779685020447
	cross ent: 	0.8683070554346829
	cluster: 	0.16553193289827514
	separation:	0.20664585922118073
	avg separation:	1.729729140852834
	accu: 		72.46829626906819%
	l1: 		148.86004638671875
	p dist pair: 	3.1477112770080566
	test
	time: 	58.74107265472412
	cross ent: 	1.7732180087994307
	cluster: 	0.19877817132152042
	separation:	0.15434885970675027
	avg separation:	1.8867546692872659
	accu: 		43.04057524396507%
	l1: 		148.86004638671875
	p dist pair: 	3.1477112770080566
epoch: 	7
	joint
	train
	time: 	46.73320388793945
	cross ent: 	0.3645131956485711
	cluster: 	0.046352096632013826
	separation:	0.13822580098887502
	avg separation:	1.7133513785107233
	accu: 		84.83734607608896%
	l1: 		148.86004638671875
	p dist pair: 	3.1320688724517822
	test
	time: 	60.56136178970337
	cross ent: 	1.8840121629910591
	cluster: 	0.15093212927190158
	separation:	0.09059379693025198
	avg separation:	1.628198210398356
	accu: 		47.18798151001541%
	l1: 		148.86004638671875
	p dist pair: 	3.1320688724517822
epoch: 	8
	joint
	train
	time: 	46.749982595443726
	cross ent: 	0.2830819387302091
	cluster: 	0.04007115419408232
	separation:	0.1697992123799883
	avg separation:	1.7209946113628345
	accu: 		88.93585737915825%
	l1: 		148.86004638671875
	p dist pair: 	3.1145341396331787
	test
	time: 	60.45607948303223
	cross ent: 	2.1697940276219296
	cluster: 	0.16280316133529713
	separation:	0.08734200593943779
	avg separation:	1.5630563384447342
	accu: 		40.52388289676425%
	l1: 		148.86004638671875
	p dist pair: 	3.1145341396331787
epoch: 	9
	joint
	train
	time: 	46.76822376251221
	cross ent: 	0.2532969139569231
	cluster: 	0.04076321713025972
	separation:	0.2117180394165682
	avg separation:	1.7527261422230647
	accu: 		89.81804815291306%
	l1: 		148.86004638671875
	p dist pair: 	3.1483116149902344
	test
	time: 	59.89765214920044
	cross ent: 	2.6885525844036002
	cluster: 	0.23643862790404221
	separation:	0.11972232374052207
	avg separation:	1.6150565165739792
	accu: 		45.184899845916796%
	l1: 		148.86004638671875
	p dist pair: 	3.1483116149902344
epoch: 	10
	joint
	train
	time: 	46.88848829269409
	cross ent: 	0.13157539440177368
	cluster: 	0.022451816111352746
	separation:	0.255364104450404
	avg separation:	1.7938520834122822
	accu: 		95.25822459106782%
	l1: 		148.86004638671875
	p dist pair: 	3.1459383964538574
	test
	time: 	60.277788400650024
	cross ent: 	2.148474067602402
	cluster: 	0.14738109191067708
	separation:	0.15347693360959871
	avg separation:	1.7567796594057328
	accu: 		50.089881869542886%
	l1: 		148.86004638671875
	p dist pair: 	3.1459383964538574
	above 50.00%
	push
	Executing push ...
	push time: 	188.06262397766113
	test
	time: 	60.25907897949219
	cross ent: 	6.907412155469259
	cluster: 	0.06376182694250765
	separation:	0.0733549624036711
	avg separation:	0.40254887808591894
	accu: 		50.92449922958397%
	l1: 		148.86004638671875
	p dist pair: 	0.807417094707489
	above 50.00%
	last layer
iteration: 	0
	train
	time: 	40.50287199020386
	cross ent: 	1.564894254096731
	cluster: 	0.009632369257755333
	separation:	0.12962733793171335
	avg separation:	0.5153558515148722
	accu: 		91.8581143172211%
	l1: 		148.74844360351562
	p dist pair: 	0.807417094707489
	test
	time: 	60.625585079193115
	cross ent: 	6.908901468301431
	cluster: 	0.06376182694250765
	separation:	0.0733549624036711
	avg separation:	0.40254887808591894
	accu: 		50.77041602465331%
	l1: 		148.74844360351562
	p dist pair: 	0.807417094707489
	above 50.00%
iteration: 	1
	train
	time: 	40.78204941749573
	cross ent: 	1.3146814020495041
	cluster: 	0.00963422768977863
	separation:	0.1304548490014705
	avg separation:	0.5161511260511238
	accu: 		91.82135636831464%
	l1: 		148.70509338378906
	p dist pair: 	0.807417094707489
	test
	time: 	60.648776054382324
	cross ent: 	6.940478901374035
	cluster: 	0.06376182694250765
	separation:	0.0733549624036711
	avg separation:	0.40254887808591894
	accu: 		50.62917308680021%
	l1: 		148.70509338378906
	p dist pair: 	0.807417094707489
	above 50.00%
iteration: 	2
	train
	time: 	40.735382318496704
	cross ent: 	1.2418472533712421
	cluster: 	0.00962305189222916
	separation:	0.1296286961479938
	avg separation:	0.5149811961493649
	accu: 		91.98676713839367%
	l1: 		148.66775512695312
	p dist pair: 	0.807417094707489
	test
	time: 	61.265257835388184
	cross ent: 	7.0058705898431635
	cluster: 	0.06376182694250765
	separation:	0.0733549624036711
	avg separation:	0.40254887808591894
	accu: 		50.61633281972265%
	l1: 		148.66775512695312
	p dist pair: 	0.807417094707489
	above 50.00%
iteration: 	3
	train
	time: 	40.66130042076111
	cross ent: 	1.169573879237629
	cluster: 	0.009647424024062387
	separation:	0.13053608946365752
	avg separation:	0.5166089540217822
	accu: 		91.96838816394045%
	l1: 		148.62335205078125
	p dist pair: 	0.807417094707489
	test
	time: 	60.58016896247864
	cross ent: 	7.079001410190876
	cluster: 	0.06376182694250765
	separation:	0.0733549624036711
	avg separation:	0.40254887808591894
	accu: 		50.449409347714436%
	l1: 		148.62335205078125
	p dist pair: 	0.807417094707489
	above 50.00%
iteration: 	4
	train
	time: 	40.72244215011597
	cross ent: 	1.0981255915375263
	cluster: 	0.009622121278380791
	separation:	0.1300899541558145
	avg separation:	0.5150760227725619
	accu: 		92.02352508730013%
	l1: 		148.5722198486328
	p dist pair: 	0.807417094707489
	test
	time: 	60.422796964645386
	cross ent: 	7.15829525972024
	cluster: 	0.06376182694250765
	separation:	0.0733549624036711
	avg separation:	0.40254887808591894
	accu: 		50.26964560862866%
	l1: 		148.5722198486328
	p dist pair: 	0.807417094707489
	above 50.00%
epoch: 	11
	joint
	train
	time: 	46.956238985061646
	cross ent: 	0.19687609399356698
	cluster: 	0.022822900932800746
	separation:	0.14484754266838232
	avg separation:	0.5199005537199013
	accu: 		94.81712920419041%
	l1: 		148.5722198486328
	p dist pair: 	0.8570573925971985
	test
	time: 	59.744935750961304
	cross ent: 	3.2745064629958227
	cluster: 	0.07198621632579046
	separation:	0.10368336389462153
	avg separation:	0.4600311157795099
	accu: 		47.996918335901384%
	l1: 		148.5722198486328
	p dist pair: 	0.8570573925971985
epoch: 	12
	joint
	train
	time: 	46.81619644165039
	cross ent: 	0.07791680629753624
	cluster: 	0.012357294185926298
	separation:	0.15835055957237879
	avg separation:	0.5379717590171339
	accu: 		97.05936408748393%
	l1: 		148.5722198486328
	p dist pair: 	0.862213671207428
	test
	time: 	60.6439003944397
	cross ent: 	3.9115370218570416
	cluster: 	0.06934135278257039
	separation:	0.10340424078779342
	avg separation:	0.4518578274891927
	accu: 		46.57164869029276%
	l1: 		148.5722198486328
	p dist pair: 	0.862213671207428
epoch: 	13
	joint
	train
	time: 	46.87132167816162
	cross ent: 	0.06250397834578196
	cluster: 	0.009471097014820537
	separation:	0.15750218747736333
	avg separation:	0.5461490978469778
	accu: 		97.83128101451939%
	l1: 		148.5722198486328
	p dist pair: 	0.8641383647918701
	test
	time: 	60.43952775001526
	cross ent: 	3.31592135597498
	cluster: 	0.053762110060033126
	separation:	0.09521840578661515
	avg separation:	0.44436408426517093
	accu: 		52.97894196199281%
	l1: 		148.5722198486328
	p dist pair: 	0.8641383647918701
	above 50.00%
epoch: 	14
	joint
	train
	time: 	46.843334674835205
	cross ent: 	0.06462121033216832
	cluster: 	0.011154971457335539
	separation:	0.17922142789368228
	avg separation:	0.5868908756381863
	accu: 		98.07020768241132%
	l1: 		148.5722198486328
	p dist pair: 	0.8708139657974243
	test
	time: 	60.481512784957886
	cross ent: 	3.8211116909980776
	cluster: 	0.054126443236302106
	separation:	0.10843802050520213
	avg separation:	0.47823173976861516
	accu: 		51.091422701592194%
	l1: 		148.5722198486328
	p dist pair: 	0.8708139657974243
	above 50.00%
epoch: 	15
	joint
	train
	time: 	46.9157018661499
	cross ent: 	0.03518495794215752
	cluster: 	0.008231796849614535
	separation:	0.18440667305128042
	avg separation:	0.5902328596010313
	accu: 		98.86050358390001%
	l1: 		148.5722198486328
	p dist pair: 	0.8709712028503418
	test
	time: 	60.10243034362793
	cross ent: 	3.7155465272756723
	cluster: 	0.053275179652831496
	separation:	0.1079907415769039
	avg separation:	0.46838863278046633
	accu: 		52.516692347200824%
	l1: 		148.5722198486328
	p dist pair: 	0.8709712028503418
	above 50.00%
	push
	Executing push ...
	push time: 	189.28508353233337
	test
	time: 	59.66486883163452
	cross ent: 	8.4377426025195
	cluster: 	0.03461084077015328
	separation:	0.08820917289226483
	avg separation:	0.3392498263181784
	accu: 		48.497688751926034%
	l1: 		148.5722198486328
	p dist pair: 	0.6193429827690125
	last layer
iteration: 	0
	train
	time: 	40.59572219848633
	cross ent: 	0.26488141925396924
	cluster: 	0.005308767564888129
	separation:	0.13613617109073387
	avg separation:	0.44938077125357184
	accu: 		95.66256202903878%
	l1: 		148.45266723632812
	p dist pair: 	0.6193429827690125
	test
	time: 	60.98541855812073
	cross ent: 	7.400597384648445
	cluster: 	0.03461084077015328
	separation:	0.08820917289226483
	avg separation:	0.3392498263181784
	accu: 		49.38366718027735%
	l1: 		148.45266723632812
	p dist pair: 	0.6193429827690125
iteration: 	1
	train
	time: 	40.618499517440796
	cross ent: 	0.1839243659309808
	cluster: 	0.005308876546260119
	separation:	0.13669821450780162
	avg separation:	0.44960763853984875
	accu: 		97.09612203639037%
	l1: 		148.35540771484375
	p dist pair: 	0.6193429827690125
	test
	time: 	60.95666527748108
	cross ent: 	6.674637992565448
	cluster: 	0.03461084077015328
	separation:	0.08820917289226483
	avg separation:	0.3392498263181784
	accu: 		50.24396507447355%
	l1: 		148.35540771484375
	p dist pair: 	0.6193429827690125
	above 50.00%
iteration: 	2
	train
	time: 	40.47194862365723
	cross ent: 	0.1415771093652519
	cluster: 	0.005310890077180041
	separation:	0.13594063251337288
	avg separation:	0.4489783107579409
	accu: 		97.77614409115971%
	l1: 		148.27642822265625
	p dist pair: 	0.6193429827690125
	test
	time: 	60.86728382110596
	cross ent: 	6.167465538856311
	cluster: 	0.03461084077015328
	separation:	0.08820917289226483
	avg separation:	0.3392498263181784
	accu: 		51.399589111453515%
	l1: 		148.27642822265625
	p dist pair: 	0.6193429827690125
	above 50.00%
iteration: 	3
	train
	time: 	40.58490562438965
	cross ent: 	0.1174374347051615
	cluster: 	0.005312721987831451
	separation:	0.13597546643389888
	avg separation:	0.4488417970173525
	accu: 		98.16210255467745%
	l1: 		148.2108154296875
	p dist pair: 	0.6193429827690125
	test
	time: 	61.348052978515625
	cross ent: 	5.804602697873727
	cluster: 	0.03461084077015328
	separation:	0.08820917289226483
	avg separation:	0.3392498263181784
	accu: 		52.3497688751926%
	l1: 		148.2108154296875
	p dist pair: 	0.6193429827690125
	above 50.00%
iteration: 	4
	train
	time: 	41.525978088378906
	cross ent: 	0.10283537479961116
	cluster: 	0.005309987422624678
	separation:	0.1359679781637349
	avg separation:	0.4489774854628594
	accu: 		98.18048152913067%
	l1: 		148.15814208984375
	p dist pair: 	0.6193429827690125
	test
	time: 	60.238940477371216
	cross ent: 	5.562961547802656
	cluster: 	0.03461084077015328
	separation:	0.08820917289226483
	avg separation:	0.3392498263181784
	accu: 		52.99178222907036%
	l1: 		148.15814208984375
	p dist pair: 	0.6193429827690125
	above 50.00%
epoch: 	16
	joint
	train
	time: 	47.02397418022156
	cross ent: 	0.06737075902001863
	cluster: 	0.005671103713068525
	separation:	0.1418862489389849
	avg separation:	0.4558263602274241
	accu: 		98.36427127366292%
	l1: 		148.15814208984375
	p dist pair: 	0.6203990578651428
	test
	time: 	60.69930124282837
	cross ent: 	4.767568859381553
	cluster: 	0.037875727324101785
	separation:	0.09489068259986547
	avg separation:	0.3553364688769365
	accu: 		55.68823831535696%
	l1: 		148.15814208984375
	p dist pair: 	0.6203990578651428
	above 50.00%
Early stop training because: (1) training acc convergend && (2) cluster cost is smaller then separation cost on training set
	test
	time: 	60.449270248413086
	cross ent: 	4.767568859381553
	cluster: 	0.037875727324101785
	separation:	0.09489068259986547
	avg separation:	0.3553364688769365
	accu: 		55.68823831535696%
	l1: 		148.15814208984375
	p dist pair: 	0.6203990578651428
	above 50.00%
Execution time (minutes): 71.27712272802988
