load model from ./saved_models/vgg19/001_esc50_split_10/10_4push0.9000.pth
model base architecture: vgg19
experiment run: 001_esc50_split_10/
test image to analyse../datasets/esc50_split_10/test/5/1-17092-B-27.wav
Prototypes are chosen from 10 number of classes.
Their class identities are: [0 0 0 0 0 0 0 0 0 0 1 1 1 1 1 1 1 1 1 1 2 2 2 2 2 2 2 2 2 2 3 3 3 3 3 3 3
 3 3 3 4 4 4 4 4 4 4 4 4 4 5 5 5 5 5 5 5 5 5 5 6 6 6 6 6 6 6 6 6 6 7 7 7 7
 7 7 7 7 7 7 8 8 8 8 8 8 8 8 8 8 9 9 9 9 9 9 9 9 9 9]
All prototypes connect most strongly to their respective classes.
0 (4, 5)
Predicted: 5
Actual: 5
***************************************************************
***************************************************************
Most activated 5 prototypes of this image:
top 1 activated prototype for this image:
prototype index: 42
prototype class identity: 5
activation value (similarity score): 5.208791255950928
last layer connection with predicted class: 0.9485648274421692
most highly activated patch of the chosen image by this prototype:./saved_models/vgg19/001_esc50_split_10/1-17092-B-27.wav/most_activated_prototypes/most_highly_activated_patch_by_top-1_prototype.png
most highly activated patch by this prototype shown in the original image:./saved_models/vgg19/001_esc50_split_10/1-17092-B-27.wav/most_activated_prototypes/most_highly_activated_patch_in_original_img_by_top-1_prototype.png
prototype activation map of the chosen image:./saved_models/vgg19/001_esc50_split_10/1-17092-B-27.wav/most_activated_prototypes/prototype_activation_map_by_top-1_prototype.png
normalized prototype activation map of the chosen image:./saved_models/vgg19/001_esc50_split_10/1-17092-B-27.wav/most_activated_prototypes/prototype_activation_map_by_top-1_prototype_normed.png
--------------------------------------------------------------
top 2 activated prototype for this image:
prototype index: 40
prototype class identity: 5
activation value (similarity score): 4.872776985168457
last layer connection with predicted class: 0.9466574192047119
most highly activated patch of the chosen image by this prototype:./saved_models/vgg19/001_esc50_split_10/1-17092-B-27.wav/most_activated_prototypes/most_highly_activated_patch_by_top-2_prototype.png
most highly activated patch by this prototype shown in the original image:./saved_models/vgg19/001_esc50_split_10/1-17092-B-27.wav/most_activated_prototypes/most_highly_activated_patch_in_original_img_by_top-2_prototype.png
prototype activation map of the chosen image:./saved_models/vgg19/001_esc50_split_10/1-17092-B-27.wav/most_activated_prototypes/prototype_activation_map_by_top-2_prototype.png
normalized prototype activation map of the chosen image:./saved_models/vgg19/001_esc50_split_10/1-17092-B-27.wav/most_activated_prototypes/prototype_activation_map_by_top-2_prototype_normed.png
--------------------------------------------------------------
top 3 activated prototype for this image:
prototype index: 49
prototype class identity: 5
activation value (similarity score): 3.866605043411255
last layer connection with predicted class: 0.9562610983848572
most highly activated patch of the chosen image by this prototype:./saved_models/vgg19/001_esc50_split_10/1-17092-B-27.wav/most_activated_prototypes/most_highly_activated_patch_by_top-3_prototype.png
most highly activated patch by this prototype shown in the original image:./saved_models/vgg19/001_esc50_split_10/1-17092-B-27.wav/most_activated_prototypes/most_highly_activated_patch_in_original_img_by_top-3_prototype.png
prototype activation map of the chosen image:./saved_models/vgg19/001_esc50_split_10/1-17092-B-27.wav/most_activated_prototypes/prototype_activation_map_by_top-3_prototype.png
normalized prototype activation map of the chosen image:./saved_models/vgg19/001_esc50_split_10/1-17092-B-27.wav/most_activated_prototypes/prototype_activation_map_by_top-3_prototype_normed.png
--------------------------------------------------------------
top 4 activated prototype for this image:
prototype index: 46
prototype class identity: 5
activation value (similarity score): 3.728537082672119
last layer connection with predicted class: 0.9729601740837097
most highly activated patch of the chosen image by this prototype:./saved_models/vgg19/001_esc50_split_10/1-17092-B-27.wav/most_activated_prototypes/most_highly_activated_patch_by_top-4_prototype.png
most highly activated patch by this prototype shown in the original image:./saved_models/vgg19/001_esc50_split_10/1-17092-B-27.wav/most_activated_prototypes/most_highly_activated_patch_in_original_img_by_top-4_prototype.png
prototype activation map of the chosen image:./saved_models/vgg19/001_esc50_split_10/1-17092-B-27.wav/most_activated_prototypes/prototype_activation_map_by_top-4_prototype.png
normalized prototype activation map of the chosen image:./saved_models/vgg19/001_esc50_split_10/1-17092-B-27.wav/most_activated_prototypes/prototype_activation_map_by_top-4_prototype_normed.png
--------------------------------------------------------------
top 5 activated prototype for this image:
prototype index: 44
prototype class identity: 5
activation value (similarity score): 3.486377239227295
last layer connection with predicted class: 0.9619451761245728
most highly activated patch of the chosen image by this prototype:./saved_models/vgg19/001_esc50_split_10/1-17092-B-27.wav/most_activated_prototypes/most_highly_activated_patch_by_top-5_prototype.png
most highly activated patch by this prototype shown in the original image:./saved_models/vgg19/001_esc50_split_10/1-17092-B-27.wav/most_activated_prototypes/most_highly_activated_patch_in_original_img_by_top-5_prototype.png
prototype activation map of the chosen image:./saved_models/vgg19/001_esc50_split_10/1-17092-B-27.wav/most_activated_prototypes/prototype_activation_map_by_top-5_prototype.png
normalized prototype activation map of the chosen image:./saved_models/vgg19/001_esc50_split_10/1-17092-B-27.wav/most_activated_prototypes/prototype_activation_map_by_top-5_prototype_normed.png
--------------------------------------------------------------
***************************************************************
***************************************************************
***************************************************************
Prototypes from top-3 classes:
top 1 predicted class: 5
logit of the class: -17.664282
prototype index: 41
prototype class identity: 5
activation value (similarity score): 3.486377239227295
last layer connection: 0.9524220824241638
most highly activated patch of the chosen image by this prototype:./saved_models/vgg19/001_esc50_split_10/1-17092-B-27.wav/top-1_class_prototypes/most_highly_activated_patch_by_top-1_prototype.png
most highly activated patch by this prototype shown in the original image:./saved_models/vgg19/001_esc50_split_10/1-17092-B-27.wav/top-1_class_prototypes/most_highly_activated_patch_in_original_img_by_top-1_prototype.png
prototype activation map of the chosen image:./saved_models/vgg19/001_esc50_split_10/1-17092-B-27.wav/top-1_class_prototypes/prototype_activation_map_by_top-1_prototype.png
normalized prototype activation map of the chosen image:./saved_models/vgg19/001_esc50_split_10/1-17092-B-27.wav/top-1_class_prototypes/prototype_activation_map_by_top-1_prototype_normed.png
--------------------------------------------------------------
prototype index: 45
prototype class identity: 5
activation value (similarity score): 1.973090648651123
last layer connection: 0.9359402656555176
most highly activated patch of the chosen image by this prototype:./saved_models/vgg19/001_esc50_split_10/1-17092-B-27.wav/top-1_class_prototypes/most_highly_activated_patch_by_top-2_prototype.png
most highly activated patch by this prototype shown in the original image:./saved_models/vgg19/001_esc50_split_10/1-17092-B-27.wav/top-1_class_prototypes/most_highly_activated_patch_in_original_img_by_top-2_prototype.png
prototype activation map of the chosen image:./saved_models/vgg19/001_esc50_split_10/1-17092-B-27.wav/top-1_class_prototypes/prototype_activation_map_by_top-2_prototype.png
normalized prototype activation map of the chosen image:./saved_models/vgg19/001_esc50_split_10/1-17092-B-27.wav/top-1_class_prototypes/prototype_activation_map_by_top-2_prototype_normed.png
--------------------------------------------------------------
prototype index: 43
prototype class identity: 5
activation value (similarity score): 1.8955022096633911
last layer connection: 0.9445909857749939
most highly activated patch of the chosen image by this prototype:./saved_models/vgg19/001_esc50_split_10/1-17092-B-27.wav/top-1_class_prototypes/most_highly_activated_patch_by_top-3_prototype.png
most highly activated patch by this prototype shown in the original image:./saved_models/vgg19/001_esc50_split_10/1-17092-B-27.wav/top-1_class_prototypes/most_highly_activated_patch_in_original_img_by_top-3_prototype.png
prototype activation map of the chosen image:./saved_models/vgg19/001_esc50_split_10/1-17092-B-27.wav/top-1_class_prototypes/prototype_activation_map_by_top-3_prototype.png
normalized prototype activation map of the chosen image:./saved_models/vgg19/001_esc50_split_10/1-17092-B-27.wav/top-1_class_prototypes/prototype_activation_map_by_top-3_prototype_normed.png
--------------------------------------------------------------
prototype index: 48
prototype class identity: 5
activation value (similarity score): 1.8791459798812866
last layer connection: 0.9422816634178162
most highly activated patch of the chosen image by this prototype:./saved_models/vgg19/001_esc50_split_10/1-17092-B-27.wav/top-1_class_prototypes/most_highly_activated_patch_by_top-4_prototype.png
most highly activated patch by this prototype shown in the original image:./saved_models/vgg19/001_esc50_split_10/1-17092-B-27.wav/top-1_class_prototypes/most_highly_activated_patch_in_original_img_by_top-4_prototype.png
prototype activation map of the chosen image:./saved_models/vgg19/001_esc50_split_10/1-17092-B-27.wav/top-1_class_prototypes/prototype_activation_map_by_top-4_prototype.png
normalized prototype activation map of the chosen image:./saved_models/vgg19/001_esc50_split_10/1-17092-B-27.wav/top-1_class_prototypes/prototype_activation_map_by_top-4_prototype_normed.png
--------------------------------------------------------------
prototype index: 47
prototype class identity: 5
activation value (similarity score): 0.923237681388855
last layer connection: 0.9591717720031738
most highly activated patch of the chosen image by this prototype:./saved_models/vgg19/001_esc50_split_10/1-17092-B-27.wav/top-1_class_prototypes/most_highly_activated_patch_by_top-5_prototype.png
most highly activated patch by this prototype shown in the original image:./saved_models/vgg19/001_esc50_split_10/1-17092-B-27.wav/top-1_class_prototypes/most_highly_activated_patch_in_original_img_by_top-5_prototype.png
prototype activation map of the chosen image:./saved_models/vgg19/001_esc50_split_10/1-17092-B-27.wav/top-1_class_prototypes/prototype_activation_map_by_top-5_prototype.png
normalized prototype activation map of the chosen image:./saved_models/vgg19/001_esc50_split_10/1-17092-B-27.wav/top-1_class_prototypes/prototype_activation_map_by_top-5_prototype_normed.png
--------------------------------------------------------------
***************************************************************
***************************************************************
top 2 predicted class: 7
logit of the class: -33.673115
prototype index: 61
prototype class identity: 7
activation value (similarity score): 1.5877740383148193
last layer connection: 1.0484075546264648
most highly activated patch of the chosen image by this prototype:./saved_models/vgg19/001_esc50_split_10/1-17092-B-27.wav/top-2_class_prototypes/most_highly_activated_patch_by_top-1_prototype.png
most highly activated patch by this prototype shown in the original image:./saved_models/vgg19/001_esc50_split_10/1-17092-B-27.wav/top-2_class_prototypes/most_highly_activated_patch_in_original_img_by_top-1_prototype.png
prototype activation map of the chosen image:./saved_models/vgg19/001_esc50_split_10/1-17092-B-27.wav/top-2_class_prototypes/prototype_activation_map_by_top-1_prototype.png
normalized prototype activation map of the chosen image:./saved_models/vgg19/001_esc50_split_10/1-17092-B-27.wav/top-2_class_prototypes/prototype_activation_map_by_top-1_prototype_normed.png
--------------------------------------------------------------
prototype index: 66
prototype class identity: 7
activation value (similarity score): 0.33185404539108276
last layer connection: 1.0440928936004639
most highly activated patch of the chosen image by this prototype:./saved_models/vgg19/001_esc50_split_10/1-17092-B-27.wav/top-2_class_prototypes/most_highly_activated_patch_by_top-2_prototype.png
most highly activated patch by this prototype shown in the original image:./saved_models/vgg19/001_esc50_split_10/1-17092-B-27.wav/top-2_class_prototypes/most_highly_activated_patch_in_original_img_by_top-2_prototype.png
prototype activation map of the chosen image:./saved_models/vgg19/001_esc50_split_10/1-17092-B-27.wav/top-2_class_prototypes/prototype_activation_map_by_top-2_prototype.png
normalized prototype activation map of the chosen image:./saved_models/vgg19/001_esc50_split_10/1-17092-B-27.wav/top-2_class_prototypes/prototype_activation_map_by_top-2_prototype_normed.png
--------------------------------------------------------------
prototype index: 63
prototype class identity: 7
activation value (similarity score): 0.3117990791797638
last layer connection: 1.0430707931518555
most highly activated patch of the chosen image by this prototype:./saved_models/vgg19/001_esc50_split_10/1-17092-B-27.wav/top-2_class_prototypes/most_highly_activated_patch_by_top-3_prototype.png
most highly activated patch by this prototype shown in the original image:./saved_models/vgg19/001_esc50_split_10/1-17092-B-27.wav/top-2_class_prototypes/most_highly_activated_patch_in_original_img_by_top-3_prototype.png
prototype activation map of the chosen image:./saved_models/vgg19/001_esc50_split_10/1-17092-B-27.wav/top-2_class_prototypes/prototype_activation_map_by_top-3_prototype.png
normalized prototype activation map of the chosen image:./saved_models/vgg19/001_esc50_split_10/1-17092-B-27.wav/top-2_class_prototypes/prototype_activation_map_by_top-3_prototype_normed.png
--------------------------------------------------------------
prototype index: 65
prototype class identity: 7
activation value (similarity score): 0.18832243978977203
last layer connection: 1.0410826206207275
most highly activated patch of the chosen image by this prototype:./saved_models/vgg19/001_esc50_split_10/1-17092-B-27.wav/top-2_class_prototypes/most_highly_activated_patch_by_top-4_prototype.png
most highly activated patch by this prototype shown in the original image:./saved_models/vgg19/001_esc50_split_10/1-17092-B-27.wav/top-2_class_prototypes/most_highly_activated_patch_in_original_img_by_top-4_prototype.png
prototype activation map of the chosen image:./saved_models/vgg19/001_esc50_split_10/1-17092-B-27.wav/top-2_class_prototypes/prototype_activation_map_by_top-4_prototype.png
normalized prototype activation map of the chosen image:./saved_models/vgg19/001_esc50_split_10/1-17092-B-27.wav/top-2_class_prototypes/prototype_activation_map_by_top-4_prototype_normed.png
--------------------------------------------------------------
prototype index: 64
prototype class identity: 7
activation value (similarity score): 0.14082200825214386
last layer connection: 1.0370811223983765
most highly activated patch of the chosen image by this prototype:./saved_models/vgg19/001_esc50_split_10/1-17092-B-27.wav/top-2_class_prototypes/most_highly_activated_patch_by_top-5_prototype.png
most highly activated patch by this prototype shown in the original image:./saved_models/vgg19/001_esc50_split_10/1-17092-B-27.wav/top-2_class_prototypes/most_highly_activated_patch_in_original_img_by_top-5_prototype.png
prototype activation map of the chosen image:./saved_models/vgg19/001_esc50_split_10/1-17092-B-27.wav/top-2_class_prototypes/prototype_activation_map_by_top-5_prototype.png
normalized prototype activation map of the chosen image:./saved_models/vgg19/001_esc50_split_10/1-17092-B-27.wav/top-2_class_prototypes/prototype_activation_map_by_top-5_prototype_normed.png
--------------------------------------------------------------
***************************************************************
***************************************************************
top 3 predicted class: 2
logit of the class: -35.998829
prototype index: 11
prototype class identity: 2
activation value (similarity score): 0.9763939380645752
last layer connection: 1.053350567817688
most highly activated patch of the chosen image by this prototype:./saved_models/vgg19/001_esc50_split_10/1-17092-B-27.wav/top-3_class_prototypes/most_highly_activated_patch_by_top-1_prototype.png
most highly activated patch by this prototype shown in the original image:./saved_models/vgg19/001_esc50_split_10/1-17092-B-27.wav/top-3_class_prototypes/most_highly_activated_patch_in_original_img_by_top-1_prototype.png
prototype activation map of the chosen image:./saved_models/vgg19/001_esc50_split_10/1-17092-B-27.wav/top-3_class_prototypes/prototype_activation_map_by_top-1_prototype.png
normalized prototype activation map of the chosen image:./saved_models/vgg19/001_esc50_split_10/1-17092-B-27.wav/top-3_class_prototypes/prototype_activation_map_by_top-1_prototype_normed.png
--------------------------------------------------------------
prototype index: 19
prototype class identity: 2
activation value (similarity score): 0.8237625360488892
last layer connection: 1.0510663986206055
most highly activated patch of the chosen image by this prototype:./saved_models/vgg19/001_esc50_split_10/1-17092-B-27.wav/top-3_class_prototypes/most_highly_activated_patch_by_top-2_prototype.png
most highly activated patch by this prototype shown in the original image:./saved_models/vgg19/001_esc50_split_10/1-17092-B-27.wav/top-3_class_prototypes/most_highly_activated_patch_in_original_img_by_top-2_prototype.png
prototype activation map of the chosen image:./saved_models/vgg19/001_esc50_split_10/1-17092-B-27.wav/top-3_class_prototypes/prototype_activation_map_by_top-2_prototype.png
normalized prototype activation map of the chosen image:./saved_models/vgg19/001_esc50_split_10/1-17092-B-27.wav/top-3_class_prototypes/prototype_activation_map_by_top-2_prototype_normed.png
--------------------------------------------------------------
prototype index: 15
prototype class identity: 2
activation value (similarity score): 0.7876822352409363
last layer connection: 1.0468883514404297
most highly activated patch of the chosen image by this prototype:./saved_models/vgg19/001_esc50_split_10/1-17092-B-27.wav/top-3_class_prototypes/most_highly_activated_patch_by_top-3_prototype.png
most highly activated patch by this prototype shown in the original image:./saved_models/vgg19/001_esc50_split_10/1-17092-B-27.wav/top-3_class_prototypes/most_highly_activated_patch_in_original_img_by_top-3_prototype.png
prototype activation map of the chosen image:./saved_models/vgg19/001_esc50_split_10/1-17092-B-27.wav/top-3_class_prototypes/prototype_activation_map_by_top-3_prototype.png
normalized prototype activation map of the chosen image:./saved_models/vgg19/001_esc50_split_10/1-17092-B-27.wav/top-3_class_prototypes/prototype_activation_map_by_top-3_prototype_normed.png
--------------------------------------------------------------
prototype index: 13
prototype class identity: 2
activation value (similarity score): 0.4858623147010803
last layer connection: 1.0468370914459229
most highly activated patch of the chosen image by this prototype:./saved_models/vgg19/001_esc50_split_10/1-17092-B-27.wav/top-3_class_prototypes/most_highly_activated_patch_by_top-4_prototype.png
most highly activated patch by this prototype shown in the original image:./saved_models/vgg19/001_esc50_split_10/1-17092-B-27.wav/top-3_class_prototypes/most_highly_activated_patch_in_original_img_by_top-4_prototype.png
prototype activation map of the chosen image:./saved_models/vgg19/001_esc50_split_10/1-17092-B-27.wav/top-3_class_prototypes/prototype_activation_map_by_top-4_prototype.png
normalized prototype activation map of the chosen image:./saved_models/vgg19/001_esc50_split_10/1-17092-B-27.wav/top-3_class_prototypes/prototype_activation_map_by_top-4_prototype_normed.png
--------------------------------------------------------------
prototype index: 10
prototype class identity: 2
activation value (similarity score): 0.4858623147010803
last layer connection: 1.0468370914459229
most highly activated patch of the chosen image by this prototype:./saved_models/vgg19/001_esc50_split_10/1-17092-B-27.wav/top-3_class_prototypes/most_highly_activated_patch_by_top-5_prototype.png
most highly activated patch by this prototype shown in the original image:./saved_models/vgg19/001_esc50_split_10/1-17092-B-27.wav/top-3_class_prototypes/most_highly_activated_patch_in_original_img_by_top-5_prototype.png
prototype activation map of the chosen image:./saved_models/vgg19/001_esc50_split_10/1-17092-B-27.wav/top-3_class_prototypes/prototype_activation_map_by_top-5_prototype.png
normalized prototype activation map of the chosen image:./saved_models/vgg19/001_esc50_split_10/1-17092-B-27.wav/top-3_class_prototypes/prototype_activation_map_by_top-5_prototype_normed.png
--------------------------------------------------------------
***************************************************************
***************************************************************
Prediction is correct.
*** MOST ACTIVATED Training samples recovered map ***
{"./saved_models/vgg19/001_esc50_split_10/1-17092-B-27.wav/most_activated_prototypes/top-1_training_sample.wav": "../datasets/esc50_split_10/train/5/4-172500-C-27.wav", "./saved_models/vgg19/001_esc50_split_10/1-17092-B-27.wav/most_activated_prototypes/top-2_training_sample.wav": "../datasets/esc50_split_10/train/5/4-172500-B-27.wav", "./saved_models/vgg19/001_esc50_split_10/1-17092-B-27.wav/most_activated_prototypes/top-3_training_sample.wav": "../datasets/esc50_split_10/train/5/4-172500-C-27.wav", "./saved_models/vgg19/001_esc50_split_10/1-17092-B-27.wav/most_activated_prototypes/top-4_training_sample.wav": "../datasets/esc50_split_10/train/5/4-172500-D-27.wav", "./saved_models/vgg19/001_esc50_split_10/1-17092-B-27.wav/most_activated_prototypes/top-5_training_sample.wav": "../datasets/esc50_split_10/train/5/2-83536-A-27.wav"}
Execution time (minutes): 5.882235034306844
