training set size: 5441
push set size: 5441
test set size: 7788
batch size: 20
start training
epoch: 	0
	warm
	train
	time: 	46.65636157989502
	cross ent: 	0.8329541651538876
	cluster: 	1.1704936216384063
	separation:	1.8709292168363982
	avg separation:	14.272523024143316
	accu: 		72.76235986031979%
	l1: 		150.0
	p dist pair: 	22.816484451293945
	test
	time: 	60.905921459198
	cross ent: 	1.282808383153035
	cluster: 	0.4577806622554094
	separation:	0.39263045925360457
	avg separation:	12.713774842482346
	accu: 		48.56189008731381%
	l1: 		150.0
	p dist pair: 	22.816484451293945
epoch: 	1
	warm
	train
	time: 	40.51939344406128
	cross ent: 	0.5766920004135523
	cluster: 	0.1740762065727632
	separation:	0.4099576091155028
	avg separation:	12.531358303167881
	accu: 		80.05881271825032%
	l1: 		150.0
	p dist pair: 	19.908044815063477
	test
	time: 	60.36780548095703
	cross ent: 	1.4249685668028318
	cluster: 	0.34894521683454516
	separation:	0.29221387471144017
	avg separation:	10.918244163806621
	accu: 		47.20082177709297%
	l1: 		150.0
	p dist pair: 	19.908044815063477
epoch: 	2
	warm
	train
	time: 	53.237019300460815
	cross ent: 	0.4743210080560747
	cluster: 	0.1363267291050691
	separation:	0.30911255062936427
	avg separation:	9.87516436384711
	accu: 		83.0729645285793%
	l1: 		150.0
	p dist pair: 	16.04796600341797
	test
	time: 	63.10677528381348
	cross ent: 	1.3217017396902426
	cluster: 	0.24414006958787257
	separation:	0.21600043727801396
	avg separation:	8.401720407681587
	accu: 		52.003081664098616%
	l1: 		150.0
	p dist pair: 	16.04796600341797
	above 50.00%
epoch: 	3
	warm
	train
	time: 	50.804038763046265
	cross ent: 	0.40477298202859613
	cluster: 	0.11363575913203068
	separation:	0.23743922173321902
	avg separation:	7.543133271046174
	accu: 		85.5173681308583%
	l1: 		150.0
	p dist pair: 	14.777295112609863
	test
	time: 	63.71555757522583
	cross ent: 	1.6076081914779468
	cluster: 	0.22245523557066918
	separation:	0.1589751570079571
	avg separation:	6.825886310675205
	accu: 		47.663071391884955%
	l1: 		150.0
	p dist pair: 	14.777295112609863
epoch: 	4
	warm
	train
	time: 	40.771340131759644
	cross ent: 	0.3424597485801171
	cluster: 	0.09946901143798025
	separation:	0.2398113787938387
	avg separation:	6.680972508021763
	accu: 		87.85149788641795%
	l1: 		150.0
	p dist pair: 	14.435043334960938
	test
	time: 	70.68800401687622
	cross ent: 	1.415283550054599
	cluster: 	0.24143122419332846
	separation:	0.17660700054122852
	avg separation:	6.195761691606962
	accu: 		49.345146379044685%
	l1: 		150.0
	p dist pair: 	14.435043334960938
epoch: 	5
	joint
	train
	time: 	51.96833658218384
	cross ent: 	0.8108864249763909
	cluster: 	0.24396718255220315
	separation:	0.4108293940186937
	avg separation:	8.041420426560846
	accu: 		72.08233780555045%
	l1: 		150.0
	p dist pair: 	17.894027709960938
	test
	time: 	64.17064595222473
	cross ent: 	1.100728441354556
	cluster: 	0.20189971667833817
	separation:	0.24385862915943832
	avg separation:	8.924194176991781
	accu: 		47.5346687211094%
	l1: 		150.0
	p dist pair: 	17.894027709960938
	push
	Executing push ...
	push time: 	155.01450157165527
	test
	time: 	61.117685079574585
	cross ent: 	6.2543604529820955
	cluster: 	0.06690582410456278
	separation:	0.017096704149093384
	avg separation:	1.5872383215488532
	accu: 		30.534155110426298%
	l1: 		150.0
	p dist pair: 	4.256726264953613
	last layer
iteration: 	0
	train
	time: 	40.91032576560974
	cross ent: 	4.810473745818431
	cluster: 	0.06871210314306148
	separation:	0.03471386183612731
	avg separation:	1.5732127982618171
	accu: 		48.50211358206212%
	l1: 		149.15931701660156
	p dist pair: 	4.256726264953613
	test
	time: 	61.63774132728577
	cross ent: 	4.836924023047471
	cluster: 	0.06690582410456278
	separation:	0.017096704149093384
	avg separation:	1.5872383215488532
	accu: 		36.55624036979969%
	l1: 		149.15931701660156
	p dist pair: 	4.256726264953613
iteration: 	1
	train
	time: 	41.00552845001221
	cross ent: 	3.75139850858367
	cluster: 	0.06859409439312669
	separation:	0.033174695723413763
	avg separation:	1.5694822003116538
	accu: 		52.72927770630399%
	l1: 		148.34906005859375
	p dist pair: 	4.256726264953613
	test
	time: 	60.73834824562073
	cross ent: 	3.7421516780669872
	cluster: 	0.06690582410456278
	separation:	0.017096704149093384
	avg separation:	1.5872383215488532
	accu: 		42.95069337442219%
	l1: 		148.34906005859375
	p dist pair: 	4.256726264953613
iteration: 	2
	train
	time: 	41.16154861450195
	cross ent: 	2.8538721054246574
	cluster: 	0.06793309703824066
	separation:	0.03317113668954635
	avg separation:	1.5697623111389496
	accu: 		57.82025362984745%
	l1: 		147.6049346923828
	p dist pair: 	4.256726264953613
	test
	time: 	60.44117999076843
	cross ent: 	2.9846156909679755
	cluster: 	0.06690582410456278
	separation:	0.017096704149093384
	avg separation:	1.5872383215488532
	accu: 		48.369286081150484%
	l1: 		147.6049346923828
	p dist pair: 	4.256726264953613
iteration: 	3
	train
	time: 	41.184460401535034
	cross ent: 	2.2621393151335663
	cluster: 	0.06869907003073465
	separation:	0.03314828331285453
	avg separation:	1.567083207023886
	accu: 		62.87447160448447%
	l1: 		146.9411163330078
	p dist pair: 	4.256726264953613
	test
	time: 	60.33431601524353
	cross ent: 	2.480485141888643
	cluster: 	0.06690582410456278
	separation:	0.017096704149093384
	avg separation:	1.5872383215488532
	accu: 		52.27272727272727%
	l1: 		146.9411163330078
	p dist pair: 	4.256726264953613
	above 50.00%
iteration: 	4
	train
	time: 	41.01344442367554
	cross ent: 	1.754403101764756
	cluster: 	0.06797021407729541
	separation:	0.03343620223944986
	avg separation:	1.5707454685763125
	accu: 		66.62378239294247%
	l1: 		146.4239959716797
	p dist pair: 	4.256726264953613
	test
	time: 	61.75587487220764
	cross ent: 	2.165015559853652
	cluster: 	0.06690582410456278
	separation:	0.017096704149093384
	avg separation:	1.5872383215488532
	accu: 		54.95634309193631%
	l1: 		146.4239959716797
	p dist pair: 	4.256726264953613
	above 50.00%
epoch: 	6
	joint
	train
	time: 	46.92495775222778
	cross ent: 	0.5680639748171505
	cluster: 	0.08440094965172339
	separation:	0.1845196651383525
	avg separation:	2.365717019353594
	accu: 		79.34203271457453%
	l1: 		146.4239959716797
	p dist pair: 	5.459424018859863
	test
	time: 	60.15327334403992
	cross ent: 	1.3404821672500709
	cluster: 	0.07620864789455364
	separation:	0.07899812165743265
	avg separation:	2.5548607954612144
	accu: 		52.3497688751926%
	l1: 		146.4239959716797
	p dist pair: 	5.459424018859863
	above 50.00%
epoch: 	7
	joint
	train
	time: 	46.71870946884155
	cross ent: 	0.31962973547539925
	cluster: 	0.05622327310671082
	separation:	0.17187429141703542
	avg separation:	2.687800773334154
	accu: 		87.99852968204375%
	l1: 		146.4239959716797
	p dist pair: 	5.990367412567139
	test
	time: 	59.968693256378174
	cross ent: 	1.0991419841081669
	cluster: 	0.11496065479631608
	separation:	0.14938307154255034
	avg separation:	3.028543202082316
	accu: 		52.760657421674374%
	l1: 		146.4239959716797
	p dist pair: 	5.990367412567139
	above 50.00%
epoch: 	8
	joint
	train
	time: 	46.791160345077515
	cross ent: 	0.23924220556281542
	cluster: 	0.05360959470272064
	separation:	0.2609404386618199
	avg separation:	2.914972179538601
	accu: 		90.81051277338725%
	l1: 		146.4239959716797
	p dist pair: 	6.108866214752197
	test
	time: 	60.34360909461975
	cross ent: 	2.108875695405862
	cluster: 	0.13673603343657958
	separation:	0.21969277081199182
	avg separation:	3.0799584517112146
	accu: 		51.656394453004616%
	l1: 		146.4239959716797
	p dist pair: 	6.108866214752197
	above 50.00%
epoch: 	9
	joint
	train
	time: 	46.8702278137207
	cross ent: 	0.18010422174887897
	cluster: 	0.04904028577320687
	separation:	0.5464044882482662
	avg separation:	3.326942284028609
	accu: 		94.50468663848557%
	l1: 		146.4239959716797
	p dist pair: 	6.587901592254639
	test
	time: 	60.70568037033081
	cross ent: 	2.1086844901243844
	cluster: 	0.3985527322842525
	separation:	0.7634295443693797
	avg separation:	3.861029857244247
	accu: 		54.622496147919875%
	l1: 		146.4239959716797
	p dist pair: 	6.587901592254639
	above 50.00%
epoch: 	10
	joint
	train
	time: 	46.817312479019165
	cross ent: 	0.08533203654436768
	cluster: 	0.05715685390147479
	separation:	0.980151735382639
	avg separation:	3.866456401217115
	accu: 		96.80205844513875%
	l1: 		146.4239959716797
	p dist pair: 	6.603550910949707
	test
	time: 	65.0028190612793
	cross ent: 	2.1408602876540943
	cluster: 	0.09846563210281042
	separation:	0.40285028343399365
	avg separation:	3.3680203774036506
	accu: 		54.442732408834104%
	l1: 		146.4239959716797
	p dist pair: 	6.603550910949707
	above 50.00%
	push
	Executing push ...
	push time: 	231.3844654560089
	test
	time: 	61.86152672767639
	cross ent: 	4.0424548798646684
	cluster: 	0.062180521157689586
	separation:	0.27868629270352613
	avg separation:	2.176110516450344
	accu: 		61.8130457113508%
	l1: 		146.4239959716797
	p dist pair: 	4.110986709594727
	above 50.00%
	last layer
iteration: 	0
	train
	time: 	41.00524544715881
	cross ent: 	0.13117101547915447
	cluster: 	0.01233716015516347
	separation:	0.7122678940112774
	avg separation:	2.8942995246076757
	accu: 		97.42694357654842%
	l1: 		146.4295654296875
	p dist pair: 	4.110986709594727
	test
	time: 	61.338987588882446
	cross ent: 	4.235305045659725
	cluster: 	0.062180521157689586
	separation:	0.27868629270352613
	avg separation:	2.176110516450344
	accu: 		61.22239342578326%
	l1: 		146.4295654296875
	p dist pair: 	4.110986709594727
	above 50.00%
iteration: 	1
	train
	time: 	41.465487480163574
	cross ent: 	0.11920892836989648
	cluster: 	0.012303576838811893
	separation:	0.7133892217835227
	avg separation:	2.8960909983177325
	accu: 		97.55559639772102%
	l1: 		146.44520568847656
	p dist pair: 	4.110986709594727
	test
	time: 	61.63752627372742
	cross ent: 	4.4218383903686815
	cluster: 	0.062180521157689586
	separation:	0.27868629270352613
	avg separation:	2.176110516450344
	accu: 		60.708782742681045%
	l1: 		146.44520568847656
	p dist pair: 	4.110986709594727
	above 50.00%
iteration: 	2
	train
	time: 	41.07511878013611
	cross ent: 	0.10915358669768631
	cluster: 	0.012271612991780152
	separation:	0.7133298557756584
	avg separation:	2.8958823794410344
	accu: 		97.59235434662746%
	l1: 		146.4615478515625
	p dist pair: 	4.110986709594727
	test
	time: 	61.61292886734009
	cross ent: 	4.609831098104134
	cluster: 	0.062180521157689586
	separation:	0.27868629270352613
	avg separation:	2.176110516450344
	accu: 		60.19517205957884%
	l1: 		146.4615478515625
	p dist pair: 	4.110986709594727
	above 50.00%
iteration: 	3
	train
	time: 	40.7602002620697
	cross ent: 	0.10077527496762827
	cluster: 	0.012268316727336291
	separation:	0.7132964594896897
	avg separation:	2.89583798293229
	accu: 		97.75776511670648%
	l1: 		146.4730682373047
	p dist pair: 	4.110986709594727
	test
	time: 	61.55972194671631
	cross ent: 	4.799711449635335
	cluster: 	0.062180521157689586
	separation:	0.27868629270352613
	avg separation:	2.176110516450344
	accu: 		59.540318438623515%
	l1: 		146.4730682373047
	p dist pair: 	4.110986709594727
	above 50.00%
iteration: 	4
	train
	time: 	41.05247187614441
	cross ent: 	0.09393246695556008
	cluster: 	0.012320196588656731
	separation:	0.7095622628818065
	avg separation:	2.8910355742597753
	accu: 		97.88641793787906%
	l1: 		146.48748779296875
	p dist pair: 	4.110986709594727
	test
	time: 	61.981443643569946
	cross ent: 	4.973699481976338
	cluster: 	0.062180521157689586
	separation:	0.27868629270352613
	avg separation:	2.176110516450344
	accu: 		58.98818695428864%
	l1: 		146.48748779296875
	p dist pair: 	4.110986709594727
	above 50.00%
epoch: 	11
	joint
	train
	time: 	46.970252990722656
	cross ent: 	0.050646495156529886
	cluster: 	0.019288554562480895
	separation:	1.0988792124248685
	avg separation:	3.199311735865834
	accu: 		97.92317588678551%
	l1: 		146.48748779296875
	p dist pair: 	4.216920375823975
	test
	time: 	61.00530672073364
	cross ent: 	5.257910585403442
	cluster: 	0.13879782544592253
	separation:	0.8408432565725003
	avg separation:	2.8517382429196285
	accu: 		56.548536209553156%
	l1: 		146.48748779296875
	p dist pair: 	4.216920375823975
	above 50.00%
epoch: 	12
	joint
	train
	time: 	51.074713945388794
	cross ent: 	0.05849113893872934
	cluster: 	0.09181025993733943
	separation:	7.998300791223407
	avg separation:	10.680754382968386
	accu: 		97.9783128101452%
	l1: 		146.48748779296875
	p dist pair: 	4.912512302398682
	test
	time: 	70.2010657787323
	cross ent: 	6.046691570832179
	cluster: 	0.7377290210662744
	separation:	6.355733587105687
	avg separation:	9.133062341274359
	accu: 		51.7205957883924%
	l1: 		146.48748779296875
	p dist pair: 	4.912512302398682
	above 50.00%
epoch: 	13
	joint
	train
	time: 	46.75308156013489
	cross ent: 	0.0653659918272165
	cluster: 	0.0844043576305275
	separation:	17.841685637449608
	avg separation:	20.36419012607672
	accu: 		98.0518287079581%
	l1: 		146.48748779296875
	p dist pair: 	5.527396202087402
	test
	time: 	61.53778958320618
	cross ent: 	5.555499630402296
	cluster: 	0.5735714217982231
	separation:	8.761365315299004
	avg separation:	11.364565524688134
	accu: 		51.42526964560863%
	l1: 		146.48748779296875
	p dist pair: 	5.527396202087402
	above 50.00%
epoch: 	14
	joint
	train
	time: 	46.91333246231079
	cross ent: 	0.0436705890100538
	cluster: 	0.06287844017857597
	separation:	23.417840423164787
	avg separation:	25.373468971951105
	accu: 		98.43778717147583%
	l1: 		146.48748779296875
	p dist pair: 	6.006617546081543
	test
	time: 	61.33752465248108
	cross ent: 	4.530484331876804
	cluster: 	1.5805588535582409
	separation:	12.07142648161986
	avg separation:	15.320821070671082
	accu: 		53.40267077555213%
	l1: 		146.48748779296875
	p dist pair: 	6.006617546081543
	above 50.00%
Early stop training because: (1) training acc convergend && (2) cluster cost is smaller then separation cost on training set
	test
	time: 	61.05418825149536
	cross ent: 	4.530484331876804
	cluster: 	1.5805588535582409
	separation:	12.07142648161986
	avg separation:	15.320821070671082
	accu: 		53.40267077555213%
	l1: 		146.48748779296875
	p dist pair: 	6.006617546081543
	above 50.00%
Execution time (minutes): 54.24368286530177
