training set size: 11238
push set size: 3746
test set size: 1249
batch size: 20
start training
epoch: 	0
	warm
	train
	time: 	304.66176891326904
	cross ent: 	2.2097964110747776
	cluster: 	1.0978833382876318
	separation:	0.8563107557568261
	avg separation:	10.367879358474895
	accu: 		17.99252536038441%
	l1: 		550.0
	p dist pair: 	20.147838592529297
	test
	time: 	24.966918468475342
	cross ent: 	2.11660159012628
	cluster: 	0.18066907437547805
	separation:	0.09179854594052785
	avg separation:	10.22483345818898
	accu: 		19.615692554043235%
	l1: 		550.0
	p dist pair: 	20.147838592529297
epoch: 	1
	warm
	train
	time: 	186.1036560535431
	cross ent: 	2.135096173905817
	cluster: 	0.18491039199761225
	separation:	0.09508690246616182
	avg separation:	10.128531352480959
	accu: 		21.320519665420893%
	l1: 		550.0
	p dist pair: 	20.351654052734375
	test
	time: 	18.284355640411377
	cross ent: 	2.0670321782430015
	cluster: 	0.14226978768905005
	separation:	0.0953543610752575
	avg separation:	10.24363488999624
	accu: 		23.2986389111289%
	l1: 		550.0
	p dist pair: 	20.351654052734375
epoch: 	2
	warm
	train
	time: 	180.23188996315002
	cross ent: 	2.1069154153939245
	cluster: 	0.13315928153348988
	separation:	0.07306424540291902
	avg separation:	10.600376497384069
	accu: 		21.525182416800142%
	l1: 		550.0
	p dist pair: 	20.82383155822754
	test
	time: 	17.766236782073975
	cross ent: 	2.005036881991795
	cluster: 	0.12372952711487574
	separation:	0.06686183839799865
	avg separation:	10.944504995194693
	accu: 		26.74139311449159%
	l1: 		550.0
	p dist pair: 	20.82383155822754
epoch: 	3
	warm
	train
	time: 	159.9917335510254
	cross ent: 	2.056336166595649
	cluster: 	0.11883944998167163
	separation:	0.06436617551802316
	avg separation:	10.623506003003104
	accu: 		23.358248798718634%
	l1: 		550.0
	p dist pair: 	20.389955520629883
	test
	time: 	17.915621042251587
	cross ent: 	2.062726238417247
	cluster: 	0.14543586117880686
	separation:	0.061897612635105376
	avg separation:	10.822893021598695
	accu: 		22.09767814251401%
	l1: 		550.0
	p dist pair: 	20.389955520629883
epoch: 	4
	warm
	train
	time: 	160.30204248428345
	cross ent: 	1.9976978548056714
	cluster: 	0.10490226121188483
	separation:	0.05689095591072298
	avg separation:	10.321700623875412
	accu: 		26.063356469122617%
	l1: 		550.0
	p dist pair: 	19.62511444091797
	test
	time: 	17.976195812225342
	cross ent: 	1.823228258935232
	cluster: 	0.0755504784248178
	separation:	0.04705128322045008
	avg separation:	10.097949921138703
	accu: 		33.70696557245797%
	l1: 		550.0
	p dist pair: 	19.62511444091797
epoch: 	5
	joint
	train
	time: 	198.34088397026062
	cross ent: 	2.125696451638517
	cluster: 	0.12519030786679522
	separation:	0.08023164829312164
	avg separation:	10.399542660899858
	accu: 		21.70315002669514%
	l1: 		550.0
	p dist pair: 	19.914026260375977
	test
	time: 	17.85899543762207
	cross ent: 	2.0918027238240318
	cluster: 	0.09255591969168375
	separation:	0.05450661657821564
	avg separation:	10.565961323087178
	accu: 		24.97998398718975%
	l1: 		550.0
	p dist pair: 	19.914026260375977
	push
	Executing push ...
	push time: 	320.0408773422241
	test
	time: 	18.298808336257935
	cross ent: 	19.32486517467196
	cluster: 	0.01609510615364545
	separation:	0.005953718564890709
	avg separation:	0.35599471037350006
	accu: 		15.692554043234589%
	l1: 		550.0
	p dist pair: 	0.6833250522613525
	last layer
iteration: 	0
	train
	time: 	160.30662655830383
	cross ent: 	12.864210742224154
	cluster: 	0.013469170280599642
	separation:	0.005565699891189736
	avg separation:	0.33327743474699
	accu: 		16.746752091119415%
	l1: 		545.567626953125
	p dist pair: 	0.6833250522613525
	test
	time: 	17.478593826293945
	cross ent: 	13.179629923805358
	cluster: 	0.01609510615364545
	separation:	0.005953718564890709
	avg separation:	0.35599471037350006
	accu: 		18.33466773418735%
	l1: 		545.567626953125
	p dist pair: 	0.6833250522613525
iteration: 	1
	train
	time: 	160.799884557724
	cross ent: 	9.08650955398736
	cluster: 	0.013469222258176535
	separation:	0.005565137122848876
	avg separation:	0.33328191994348033
	accu: 		20.137035059619148%
	l1: 		543.5339965820312
	p dist pair: 	0.6833250522613525
	test
	time: 	17.522815704345703
	cross ent: 	10.001373616475908
	cluster: 	0.01609510615364545
	separation:	0.005953718564890709
	avg separation:	0.35599471037350006
	accu: 		21.45716573258607%
	l1: 		543.5339965820312
	p dist pair: 	0.6833250522613525
iteration: 	2
	train
	time: 	160.08328986167908
	cross ent: 	7.175378647563297
	cluster: 	0.01347194795970709
	separation:	0.005566869961159773
	avg separation:	0.33329440443859404
	accu: 		23.883253247908883%
	l1: 		541.8217163085938
	p dist pair: 	0.6833250522613525
	test
	time: 	17.341123819351196
	cross ent: 	8.220835118066697
	cluster: 	0.01609510615364545
	separation:	0.005953718564890709
	avg separation:	0.35599471037350006
	accu: 		25.300240192153723%
	l1: 		541.8217163085938
	p dist pair: 	0.6833250522613525
iteration: 	3
	train
	time: 	141.78478956222534
	cross ent: 	6.291396307351326
	cluster: 	0.013472131939830252
	separation:	0.005565551088483229
	avg separation:	0.33328610587056423
	accu: 		26.42819006940737%
	l1: 		540.101318359375
	p dist pair: 	0.6833250522613525
	test
	time: 	18.01725721359253
	cross ent: 	7.3300689969744
	cluster: 	0.01609510615364545
	separation:	0.005953718564890709
	avg separation:	0.35599471037350006
	accu: 		27.061649319455565%
	l1: 		540.101318359375
	p dist pair: 	0.6833250522613525
iteration: 	4
	train
	time: 	154.40960431098938
	cross ent: 	5.887689751662394
	cluster: 	0.013469159961272084
	separation:	0.005564462881037316
	avg separation:	0.33327383057502663
	accu: 		27.36252002135611%
	l1: 		538.5870971679688
	p dist pair: 	0.6833250522613525
	test
	time: 	17.841951847076416
	cross ent: 	6.900035286706592
	cluster: 	0.01609510615364545
	separation:	0.005953718564890709
	avg separation:	0.35599471037350006
	accu: 		28.022417934347477%
	l1: 		538.5870971679688
	p dist pair: 	0.6833250522613525
epoch: 	6
	joint
	train
	time: 	198.00946688652039
	cross ent: 	2.117335589755048
	cluster: 	0.19036662957408992
	separation:	0.09081493068844398
	avg separation:	2.4533181207990307
	accu: 		25.92098238120662%
	l1: 		538.5870971679688
	p dist pair: 	3.656151533126831
	test
	time: 	17.38609480857849
	cross ent: 	1.8348528033211118
	cluster: 	0.09423294415076573
	separation:	0.05478746928865948
	avg separation:	3.0459378636072554
	accu: 		34.10728582866293%
	l1: 		538.5870971679688
	p dist pair: 	3.656151533126831
epoch: 	7
	joint
	train
	time: 	196.96702313423157
	cross ent: 	1.8051271309207766
	cluster: 	0.0842414146547746
	separation:	0.052399781005609505
	avg separation:	2.9362818426933153
	accu: 		34.49012279765083%
	l1: 		538.5870971679688
	p dist pair: 	4.611691951751709
	test
	time: 	17.556016445159912
	cross ent: 	1.6863123992132762
	cluster: 	0.06449093131555451
	separation:	0.04357366080558489
	avg separation:	3.061235723041353
	accu: 		39.87189751801441%
	l1: 		538.5870971679688
	p dist pair: 	4.611691951751709
epoch: 	8
	joint
	train
	time: 	197.10835433006287
	cross ent: 	1.7104048415010935
	cluster: 	0.07521952322793601
	separation:	0.04856457540042884
	avg separation:	3.32096309042486
	accu: 		37.49777540487631%
	l1: 		538.5870971679688
	p dist pair: 	5.53486967086792
	test
	time: 	17.20029067993164
	cross ent: 	1.663897680857825
	cluster: 	0.07055203794013887
	separation:	0.04426917226778136
	avg separation:	3.6779388624524314
	accu: 		36.58927141713371%
	l1: 		538.5870971679688
	p dist pair: 	5.53486967086792
epoch: 	9
	joint
	train
	time: 	196.91663885116577
	cross ent: 	1.6244993217262933
	cluster: 	0.07535084989916176
	separation:	0.05111459816318814
	avg separation:	3.82633854188953
	accu: 		40.81687132941805%
	l1: 		538.5870971679688
	p dist pair: 	6.770446300506592
	test
	time: 	17.370675325393677
	cross ent: 	1.5289829515275501
	cluster: 	0.07676766966543501
	separation:	0.05952348690184336
	avg separation:	4.372882975472344
	accu: 		43.87510008006405%
	l1: 		538.5870971679688
	p dist pair: 	6.770446300506592
epoch: 	10
	joint
	train
	time: 	197.13083815574646
	cross ent: 	1.3323289598222305
	cluster: 	0.055028399979543216
	separation:	0.04154522781296769
	avg separation:	4.169978768375845
	accu: 		52.055525894287236%
	l1: 		538.5870971679688
	p dist pair: 	6.856721878051758
	test
	time: 	16.86995005607605
	cross ent: 	1.3935345789742848
	cluster: 	0.05275876802347955
	separation:	0.03398217846240316
	avg separation:	4.316681929997036
	accu: 		50.44035228182546%
	l1: 		538.5870971679688
	p dist pair: 	6.856721878051758
	above 50.00%
	push
	Executing push ...
	push time: 	320.74236702919006
	test
	time: 	17.81729245185852
	cross ent: 	7.544568012631129
	cluster: 	0.012101456452722825
	separation:	0.0015359727364580428
	avg separation:	0.7164403805657039
	accu: 		37.14971977582066%
	l1: 		538.5870971679688
	p dist pair: 	1.4390084743499756
	last layer
iteration: 	0
	train
	time: 	160.78090405464172
	cross ent: 	4.722171893217386
	cluster: 	0.010509380041223908
	separation:	0.0009080998599425694
	avg separation:	0.6106165914773093
	accu: 		42.22281544758854%
	l1: 		537.3824462890625
	p dist pair: 	1.4390084743499756
	test
	time: 	17.61256432533264
	cross ent: 	5.208894196010771
	cluster: 	0.012101456452722825
	separation:	0.0015359727364580428
	avg separation:	0.7164403805657039
	accu: 		39.87189751801441%
	l1: 		537.3824462890625
	p dist pair: 	1.4390084743499756
iteration: 	1
	train
	time: 	140.43081760406494
	cross ent: 	3.936346714500855
	cluster: 	0.010505964026249467
	separation:	0.0009081619315771585
	avg separation:	0.6106263316929128
	accu: 		44.73215874710802%
	l1: 		536.3986206054688
	p dist pair: 	1.4390084743499756
	test
	time: 	18.39350438117981
	cross ent: 	4.893974160391187
	cluster: 	0.012101456452722825
	separation:	0.0015359727364580428
	avg separation:	0.7164403805657039
	accu: 		40.352281825460366%
	l1: 		536.3986206054688
	p dist pair: 	1.4390084743499756
iteration: 	2
	train
	time: 	140.40385723114014
	cross ent: 	3.682016888547198
	cluster: 	0.010505908760043306
	separation:	0.000908131312276071
	avg separation:	0.6106212707070694
	accu: 		45.72877736252002%
	l1: 		535.2763671875
	p dist pair: 	1.4390084743499756
	test
	time: 	17.64197564125061
	cross ent: 	4.664191703947764
	cluster: 	0.012101456452722825
	separation:	0.0015359727364580428
	avg separation:	0.7164403805657039
	accu: 		40.75260208166534%
	l1: 		535.2763671875
	p dist pair: 	1.4390084743499756
iteration: 	3
	train
	time: 	140.41925835609436
	cross ent: 	3.4716247878040707
	cluster: 	0.010506402293478679
	separation:	0.0009081203765635631
	avg separation:	0.6106253045733713
	accu: 		46.44954618259477%
	l1: 		534.0546264648438
	p dist pair: 	1.4390084743499756
	test
	time: 	18.021450757980347
	cross ent: 	4.463843850862412
	cluster: 	0.012101456452722825
	separation:	0.0015359727364580428
	avg separation:	0.7164403805657039
	accu: 		40.99279423538831%
	l1: 		534.0546264648438
	p dist pair: 	1.4390084743499756
iteration: 	4
	train
	time: 	140.48725748062134
	cross ent: 	3.291186600605364
	cluster: 	0.010506451148142065
	separation:	0.0009081157746109979
	avg separation:	0.6106183155575681
	accu: 		47.072432817227266%
	l1: 		532.7183227539062
	p dist pair: 	1.4390084743499756
	test
	time: 	18.08860731124878
	cross ent: 	4.285745344464741
	cluster: 	0.012101456452722825
	separation:	0.0015359727364580428
	avg separation:	0.7164403805657039
	accu: 		41.152922337870294%
	l1: 		532.7183227539062
	p dist pair: 	1.4390084743499756
epoch: 	11
	joint
	train
	time: 	198.17214965820312
	cross ent: 	1.329982192384815
	cluster: 	0.05197911230711352
	separation:	0.008914591463343191
	avg separation:	0.733503797830636
	accu: 		53.12333155365724%
	l1: 		532.7183227539062
	p dist pair: 	1.4588531255722046
	test
	time: 	18.03289031982422
	cross ent: 	1.3760387282522897
	cluster: 	0.03881987249330869
	separation:	0.010019679332063311
	avg separation:	0.8211065426705375
	accu: 		51.80144115292234%
	l1: 		532.7183227539062
	p dist pair: 	1.4588531255722046
	above 50.00%
epoch: 	12
	joint
	train
	time: 	196.99699592590332
	cross ent: 	1.1279235446686422
	cluster: 	0.032579432993968184
	separation:	0.008532301264274799
	avg separation:	0.7580715463466916
	accu: 		58.9428723972237%
	l1: 		532.7183227539062
	p dist pair: 	1.464149832725525
	test
	time: 	18.249834537506104
	cross ent: 	1.3063578406969707
	cluster: 	0.026331601634858145
	separation:	0.008458490505637158
	avg separation:	0.8250034933998471
	accu: 		55.40432345876701%
	l1: 		532.7183227539062
	p dist pair: 	1.464149832725525
	above 50.00%
epoch: 	13
	joint
	train
	time: 	197.08173489570618
	cross ent: 	1.050984286752884
	cluster: 	0.024582387947434316
	separation:	0.007270045343991965
	avg separation:	0.7479795949314837
	accu: 		62.22637479978644%
	l1: 		532.7183227539062
	p dist pair: 	1.4625414609909058
	test
	time: 	19.145028829574585
	cross ent: 	1.2770768413468012
	cluster: 	0.019974811520013545
	separation:	0.007210086055454754
	avg separation:	0.7956157251009865
	accu: 		58.04643714971978%
	l1: 		532.7183227539062
	p dist pair: 	1.4625414609909058
	above 50.00%
epoch: 	14
	joint
	train
	time: 	197.25127053260803
	cross ent: 	0.9826472840169146
	cluster: 	0.020875057217157926
	separation:	0.006794996817722201
	avg separation:	0.7461862769839602
	accu: 		64.67342943584268%
	l1: 		532.7183227539062
	p dist pair: 	1.480198621749878
	test
	time: 	19.66646385192871
	cross ent: 	1.184893270333608
	cluster: 	0.019799671771507415
	separation:	0.00782350418970935
	avg separation:	0.8012210556438991
	accu: 		60.20816653322658%
	l1: 		532.7183227539062
	p dist pair: 	1.480198621749878
	above 50.00%
epoch: 	15
	joint
	train
	time: 	197.34028816223145
	cross ent: 	0.872174653665451
	cluster: 	0.018800552674234444
	separation:	0.006519938197676291
	avg separation:	0.7449246009685815
	accu: 		68.8111763659014%
	l1: 		532.7183227539062
	p dist pair: 	1.478879451751709
	test
	time: 	18.783976793289185
	cross ent: 	1.1784595771441384
	cluster: 	0.017140483306277366
	separation:	0.0064536261978367015
	avg separation:	0.7831608123249478
	accu: 		61.48919135308246%
	l1: 		532.7183227539062
	p dist pair: 	1.478879451751709
	above 50.00%
	push
	Executing push ...
	push time: 	324.9771285057068
	test
	time: 	17.605969429016113
	cross ent: 	6.674910378834558
	cluster: 	0.009047673553198812
	separation:	0.0010148817229838599
	avg separation:	0.45574501819080776
	accu: 		41.072858286629305%
	l1: 		532.7183227539062
	p dist pair: 	1.0694105625152588
	last layer
iteration: 	0
	train
	time: 	161.72190070152283
	cross ent: 	2.9004029891456997
	cluster: 	0.010046398591124238
	separation:	0.000985528640040972
	avg separation:	0.408299734477895
	accu: 		52.269087026161245%
	l1: 		531.8214721679688
	p dist pair: 	1.0694105625152588
	test
	time: 	18.133868932724
	cross ent: 	3.030319022753882
	cluster: 	0.009047673553198812
	separation:	0.0010148817229838599
	avg separation:	0.45574501819080776
	accu: 		46.437149719775825%
	l1: 		531.8214721679688
	p dist pair: 	1.0694105625152588
iteration: 	1
	train
	time: 	161.76298666000366
	cross ent: 	2.112780208159172
	cluster: 	0.010045748474938112
	separation:	0.0009854667956441198
	avg separation:	0.40829144810654516
	accu: 		54.73393842320697%
	l1: 		531.3209228515625
	p dist pair: 	1.0694105625152588
	test
	time: 	17.27162766456604
	cross ent: 	2.8071799571551974
	cluster: 	0.009047673553198812
	separation:	0.0010148817229838599
	avg separation:	0.45574501819080776
	accu: 		47.55804643714972%
	l1: 		531.3209228515625
	p dist pair: 	1.0694105625152588
iteration: 	2
	train
	time: 	160.65074038505554
	cross ent: 	1.9297754386990096
	cluster: 	0.010046138683353878
	separation:	0.0009855610698903164
	avg separation:	0.4083007456887235
	accu: 		55.677166755650475%
	l1: 		530.8939208984375
	p dist pair: 	1.0694105625152588
	test
	time: 	16.83819818496704
	cross ent: 	2.6485492700622197
	cluster: 	0.009047673553198812
	separation:	0.0010148817229838599
	avg separation:	0.45574501819080776
	accu: 		47.87830264211369%
	l1: 		530.8939208984375
	p dist pair: 	1.0694105625152588
iteration: 	3
	train
	time: 	160.84443473815918
	cross ent: 	1.7778962213161578
	cluster: 	0.010046369483150887
	separation:	0.0009854796933535539
	avg separation:	0.40829241005339234
	accu: 		56.78946431749422%
	l1: 		530.4208374023438
	p dist pair: 	1.0694105625152588
	test
	time: 	18.09836983680725
	cross ent: 	2.501539807471018
	cluster: 	0.009047673553198812
	separation:	0.0010148817229838599
	avg separation:	0.45574501819080776
	accu: 		48.75900720576461%
	l1: 		530.4208374023438
	p dist pair: 	1.0694105625152588
iteration: 	4
	train
	time: 	147.87695288658142
	cross ent: 	1.6488401087471598
	cluster: 	0.010048455169699502
	separation:	0.0009855153651728238
	avg separation:	0.4083075934351551
	accu: 		58.106424630717214%
	l1: 		530.0106201171875
	p dist pair: 	1.0694105625152588
	test
	time: 	16.814000606536865
	cross ent: 	2.393202024792868
	cluster: 	0.009047673553198812
	separation:	0.0010148817229838599
	avg separation:	0.45574501819080776
	accu: 		49.879903923138514%
	l1: 		530.0106201171875
	p dist pair: 	1.0694105625152588
epoch: 	16
	joint
	train
	time: 	198.7977786064148
	cross ent: 	0.9650054075009458
	cluster: 	0.020526646603283297
	separation:	0.0028332116826374444
	avg separation:	0.4599360275310978
	accu: 		67.16497597437267%
	l1: 		530.0106201171875
	p dist pair: 	1.0705347061157227
	test
	time: 	16.971489667892456
	cross ent: 	1.3579501254217965
	cluster: 	0.01874474589786832
	separation:	0.002971462857362533
	avg separation:	0.5080093145370483
	accu: 		59.00720576461169%
	l1: 		530.0106201171875
	p dist pair: 	1.0705347061157227
	above 50.00%
epoch: 	17
	joint
	train
	time: 	197.35793614387512
	cross ent: 	0.8891646677488958
	cluster: 	0.02017747821100719
	separation:	0.0030945268891721936
	avg separation:	0.45986738859334453
	accu: 		68.8111763659014%
	l1: 		530.0106201171875
	p dist pair: 	1.072203516960144
	test
	time: 	17.887252807617188
	cross ent: 	1.2706878033895341
	cluster: 	0.016904516382113335
	separation:	0.003231369550265963
	avg separation:	0.495380484395557
	accu: 		61.48919135308246%
	l1: 		530.0106201171875
	p dist pair: 	1.072203516960144
	above 50.00%
epoch: 	18
	joint
	train
	time: 	197.32291531562805
	cross ent: 	0.863171506182579
	cluster: 	0.018588729791038296
	separation:	0.0030248618317648664
	avg separation:	0.45578828952490646
	accu: 		69.81669336180815%
	l1: 		530.0106201171875
	p dist pair: 	1.0716322660446167
	test
	time: 	17.47549295425415
	cross ent: 	1.3261006578566537
	cluster: 	0.016699969191991147
	separation:	0.003085119298674048
	avg separation:	0.4979087909062703
	accu: 		60.0480384307446%
	l1: 		530.0106201171875
	p dist pair: 	1.0716322660446167
	above 50.00%
epoch: 	19
	joint
	train
	time: 	197.3221914768219
	cross ent: 	0.8479771746117025
	cluster: 	0.017439230942594888
	separation:	0.0029936702315052606
	avg separation:	0.45366680919063473
	accu: 		70.3594945719879%
	l1: 		530.0106201171875
	p dist pair: 	1.074034333229065
	test
	time: 	17.974310874938965
	cross ent: 	1.3176488299218436
	cluster: 	0.015403490868352708
	separation:	0.0031172583020100046
	avg separation:	0.49383005168702865
	accu: 		60.20816653322658%
	l1: 		530.0106201171875
	p dist pair: 	1.074034333229065
	above 50.00%
epoch: 	20
	joint
	train
	time: 	197.4141342639923
	cross ent: 	0.8259550658621397
	cluster: 	0.016641352677823865
	separation:	0.0028687448533304912
	avg separation:	0.45027360744323597
	accu: 		71.4628937533369%
	l1: 		530.0106201171875
	p dist pair: 	1.0740395784378052
	test
	time: 	16.973031759262085
	cross ent: 	1.3187556247862557
	cluster: 	0.014951839326097378
	separation:	0.0029959253567670074
	avg separation:	0.4939388277984801
	accu: 		59.887910328262606%
	l1: 		530.0106201171875
	p dist pair: 	1.0740395784378052
	above 50.00%
	push
	Executing push ...
	push time: 	327.56100940704346
	test
	time: 	18.1713228225708
	cross ent: 	3.2651557127634683
	cluster: 	0.010075071128085256
	separation:	0.0009102998084263019
	avg separation:	0.41310554884728934
	accu: 		43.47477982385909%
	l1: 		530.0106201171875
	p dist pair: 	1.0144084692001343
	last layer
iteration: 	0
	train
	time: 	153.8244276046753
	cross ent: 	1.5392719769180883
	cluster: 	0.011754333824201013
	separation:	0.000988582886272405
	avg separation:	0.3699787300994812
	accu: 		59.2632140950347%
	l1: 		529.4925537109375
	p dist pair: 	1.0144084692001343
	test
	time: 	17.947603940963745
	cross ent: 	2.301469161396935
	cluster: 	0.010075071128085256
	separation:	0.0009102998084263019
	avg separation:	0.41310554884728934
	accu: 		49.47958366693355%
	l1: 		529.4925537109375
	p dist pair: 	1.0144084692001343
iteration: 	1
	train
	time: 	160.2697238922119
	cross ent: 	1.375335154372178
	cluster: 	0.011753621028514174
	separation:	0.0009886325118765799
	avg separation:	0.36997086011218006
	accu: 		61.06958533546894%
	l1: 		529.1242065429688
	p dist pair: 	1.0144084692001343
	test
	time: 	17.832387447357178
	cross ent: 	2.222897349842011
	cluster: 	0.010075071128085256
	separation:	0.0009102998084263019
	avg separation:	0.41310554884728934
	accu: 		49.71977582065652%
	l1: 		529.1242065429688
	p dist pair: 	1.0144084692001343
iteration: 	2
	train
	time: 	145.90685105323792
	cross ent: 	1.3153777018560633
	cluster: 	0.011753611849103906
	separation:	0.0009885825827536322
	avg separation:	0.36996537393946666
	accu: 		61.879337960491185%
	l1: 		528.6896362304688
	p dist pair: 	1.0144084692001343
	test
	time: 	18.130712747573853
	cross ent: 	2.1356601204190935
	cluster: 	0.010075071128085256
	separation:	0.0009102998084263019
	avg separation:	0.41310554884728934
	accu: 		51.16092874299439%
	l1: 		528.6896362304688
	p dist pair: 	1.0144084692001343
	above 50.00%
iteration: 	3
	train
	time: 	161.49749994277954
	cross ent: 	1.2657801343452888
	cluster: 	0.011753600385716165
	separation:	0.0009885588266743428
	avg separation:	0.36997410599341174
	accu: 		62.849261434418935%
	l1: 		528.3353881835938
	p dist pair: 	1.0144084692001343
	test
	time: 	17.965498685836792
	cross ent: 	2.0769753295277793
	cluster: 	0.010075071128085256
	separation:	0.0009102998084263019
	avg separation:	0.41310554884728934
	accu: 		51.48118494795837%
	l1: 		528.3353881835938
	p dist pair: 	1.0144084692001343
	above 50.00%
iteration: 	4
	train
	time: 	160.6646032333374
	cross ent: 	1.2239822505631905
	cluster: 	0.011753932740688457
	separation:	0.0009886315310464217
	avg separation:	0.36997476570122606
	accu: 		63.267485317672175%
	l1: 		528.0587158203125
	p dist pair: 	1.0144084692001343
	test
	time: 	17.312379837036133
	cross ent: 	2.0274433276009938
	cluster: 	0.010075071128085256
	separation:	0.0009102998084263019
	avg separation:	0.41310554884728934
	accu: 		51.00080064051241%
	l1: 		528.0587158203125
	p dist pair: 	1.0144084692001343
	above 50.00%
epoch: 	21
	joint
	train
	time: 	198.36115312576294
	cross ent: 	1.0290138359277698
	cluster: 	0.014388524968627827
	separation:	0.001151484641324384
	avg separation:	0.37914215335854434
	accu: 		65.83021890016018%
	l1: 		528.0587158203125
	p dist pair: 	1.01410710811615
	test
	time: 	18.967703580856323
	cross ent: 	1.6632645045007979
	cluster: 	0.013416175457042835
	separation:	0.0012789993881366201
	avg separation:	0.42603827610848444
	accu: 		54.04323458767014%
	l1: 		528.0587158203125
	p dist pair: 	1.01410710811615
	above 50.00%
epoch: 	22
	joint
	train
	time: 	197.53733491897583
	cross ent: 	0.945113989647173
	cluster: 	0.016318014604569782
	separation:	0.0013439406475526184
	avg separation:	0.38582573661388453
	accu: 		67.60099661861541%
	l1: 		528.0587158203125
	p dist pair: 	1.0141363143920898
	test
	time: 	17.834378004074097
	cross ent: 	1.5739486085044012
	cluster: 	0.014371367600110789
	separation:	0.0014358561177412786
	avg separation:	0.42784127971482655
	accu: 		56.04483586869495%
	l1: 		528.0587158203125
	p dist pair: 	1.0141363143920898
	above 50.00%
epoch: 	23
	joint
	train
	time: 	197.40844655036926
	cross ent: 	0.9194852296673954
	cluster: 	0.0172492961218627
	separation:	0.0014620556052172642
	avg separation:	0.38827267989145053
	accu: 		68.37515572165866%
	l1: 		528.0587158203125
	p dist pair: 	1.0141258239746094
	test
	time: 	17.535495042800903
	cross ent: 	1.5555662351941306
	cluster: 	0.01518918690641248
	separation:	0.0015496585604971246
	avg separation:	0.4327833160521492
	accu: 		56.52522017614091%
	l1: 		528.0587158203125
	p dist pair: 	1.0141258239746094
	above 50.00%
epoch: 	24
	joint
	train
	time: 	197.25152206420898
	cross ent: 	0.9031992412811921
	cluster: 	0.01785939316152598
	separation:	0.0015582103400078545
	avg separation:	0.39107592881150094
	accu: 		68.5086314290799%
	l1: 		528.0587158203125
	p dist pair: 	1.0141608715057373
	test
	time: 	17.41537857055664
	cross ent: 	1.4894174479302906
	cluster: 	0.01538188492376653
	separation:	0.001617648311713267
	avg separation:	0.4305126993429093
	accu: 		57.405924739791836%
	l1: 		528.0587158203125
	p dist pair: 	1.0141608715057373
	above 50.00%
epoch: 	25
	joint
	train
	time: 	197.28000402450562
	cross ent: 	0.8949003041957196
	cluster: 	0.018012434995676858
	separation:	0.0015753646379335058
	avg separation:	0.3900239965563567
	accu: 		69.05143263925966%
	l1: 		528.0587158203125
	p dist pair: 	1.0141671895980835
	test
	time: 	17.641287803649902
	cross ent: 	1.494271649254693
	cluster: 	0.015504858877864621
	separation:	0.001626695931283018
	avg separation:	0.43159987434508307
	accu: 		57.16573258606885%
	l1: 		528.0587158203125
	p dist pair: 	1.0141671895980835
	above 50.00%
	push
	Executing push ...
	push time: 	342.9441909790039
	test
	time: 	18.07573366165161
	cross ent: 	2.1806420277035428
	cluster: 	0.012508566143907725
	separation:	0.0008763328595604333
	avg separation:	0.40266948891064475
	accu: 		50.52041633306645%
	l1: 		528.0587158203125
	p dist pair: 	0.999265730381012
	above 50.00%
	last layer
iteration: 	0
	train
	time: 	160.38849544525146
	cross ent: 	1.206797056615989
	cluster: 	0.015079685638483043
	separation:	0.0009288291734899311
	avg separation:	0.3608719874637407
	accu: 		63.267485317672175%
	l1: 		527.408203125
	p dist pair: 	0.999265730381012
	test
	time: 	18.044657230377197
	cross ent: 	1.9513040156591506
	cluster: 	0.012508566143907725
	separation:	0.0008763328595604333
	avg separation:	0.40266948891064475
	accu: 		52.76220976781425%
	l1: 		527.408203125
	p dist pair: 	0.999265730381012
	above 50.00%
iteration: 	1
	train
	time: 	157.8497714996338
	cross ent: 	1.1641618268981948
	cluster: 	0.015078945031548682
	separation:	0.0009287886749402026
	avg separation:	0.3608605733333533
	accu: 		63.95266061576793%
	l1: 		527.0556640625
	p dist pair: 	0.999265730381012
	test
	time: 	17.617374181747437
	cross ent: 	1.9039510961562869
	cluster: 	0.012508566143907725
	separation:	0.0008763328595604333
	avg separation:	0.40266948891064475
	accu: 		53.48278622898318%
	l1: 		527.0556640625
	p dist pair: 	0.999265730381012
	above 50.00%
iteration: 	2
	train
	time: 	158.33918809890747
	cross ent: 	1.139867036580191
	cluster: 	0.015080097842351715
	separation:	0.0009287407830853871
	avg separation:	0.360866637787785
	accu: 		64.48656344545293%
	l1: 		526.7603149414062
	p dist pair: 	0.999265730381012
	test
	time: 	17.52470827102661
	cross ent: 	1.8709876385946123
	cluster: 	0.012508566143907725
	separation:	0.0008763328595604333
	avg separation:	0.40266948891064475
	accu: 		53.96317053642914%
	l1: 		526.7603149414062
	p dist pair: 	0.999265730381012
	above 50.00%
iteration: 	3
	train
	time: 	159.44338154792786
	cross ent: 	1.1180728943322478
	cluster: 	0.015080098134840033
	separation:	0.0009287741166552748
	avg separation:	0.36086546595198404
	accu: 		64.93148247019043%
	l1: 		526.4266357421875
	p dist pair: 	0.999265730381012
	test
	time: 	18.955859661102295
	cross ent: 	1.8468456116933671
	cluster: 	0.012508566143907725
	separation:	0.0008763328595604333
	avg separation:	0.40266948891064475
	accu: 		53.64291433146518%
	l1: 		526.4266357421875
	p dist pair: 	0.999265730381012
	above 50.00%
iteration: 	4
	train
	time: 	144.83493781089783
	cross ent: 	1.1003551243463021
	cluster: 	0.015078274642524982
	separation:	0.0009287580546033917
	avg separation:	0.36087588520448827
	accu: 		65.41199501690691%
	l1: 		526.12109375
	p dist pair: 	0.999265730381012
	test
	time: 	18.357856273651123
	cross ent: 	1.8123743571932354
	cluster: 	0.012508566143907725
	separation:	0.0008763328595604333
	avg separation:	0.40266948891064475
	accu: 		54.92393915132106%
	l1: 		526.12109375
	p dist pair: 	0.999265730381012
	above 50.00%
epoch: 	26
	joint
	train
	time: 	198.57248425483704
	cross ent: 	1.0796503060865232
	cluster: 	0.015252975596602197
	separation:	0.000941580730685931
	avg separation:	0.3620433436169743
	accu: 		65.83021890016018%
	l1: 		526.12109375
	p dist pair: 	0.9991851449012756
	test
	time: 	16.880852222442627
	cross ent: 	1.8004149983799647
	cluster: 	0.012823487321535746
	separation:	0.000901166733542812
	avg separation:	0.4045913096458193
	accu: 		54.52361889511609%
	l1: 		526.12109375
	p dist pair: 	0.9991851449012756
	above 50.00%
epoch: 	27
	joint
	train
	time: 	197.19979858398438
	cross ent: 	1.0642706081536317
	cluster: 	0.015520642251372868
	separation:	0.0009592560249288795
	avg separation:	0.36337923446796117
	accu: 		65.93699946609716%
	l1: 		526.12109375
	p dist pair: 	0.9991350769996643
	test
	time: 	17.323922395706177
	cross ent: 	1.787671602907635
	cluster: 	0.013040332958870937
	separation:	0.0009218044500494938
	avg separation:	0.40554730333979166
	accu: 		54.60368294635709%
	l1: 		526.12109375
	p dist pair: 	0.9991350769996643
	above 50.00%
epoch: 	28
	joint
	train
	time: 	197.4134726524353
	cross ent: 	1.05249573958514
	cluster: 	0.01574303950821099
	separation:	0.0009743464028639254
	avg separation:	0.36418866321073307
	accu: 		66.13276383698167%
	l1: 		526.12109375
	p dist pair: 	0.9990991353988647
	test
	time: 	17.542783498764038
	cross ent: 	1.7725800379874215
	cluster: 	0.013214451260864735
	separation:	0.0009387479000170494
	avg separation:	0.4060371830349877
	accu: 		55.004003202562046%
	l1: 		526.12109375
	p dist pair: 	0.9990991353988647
	above 50.00%
epoch: 	29
	joint
	train
	time: 	197.10468411445618
	cross ent: 	1.0427165741491997
	cluster: 	0.015910926220269073
	separation:	0.0009862522851904437
	avg separation:	0.3646265592333261
	accu: 		66.39971525182416%
	l1: 		526.12109375
	p dist pair: 	0.9990676045417786
	test
	time: 	17.58381462097168
	cross ent: 	1.7586094386993893
	cluster: 	0.013376849740447979
	separation:	0.0009554498172956445
	avg separation:	0.4064688928543575
	accu: 		55.084067253803035%
	l1: 		526.12109375
	p dist pair: 	0.9990676045417786
	above 50.00%
epoch: 	30
	joint
	train
	time: 	197.4773244857788
	cross ent: 	1.0374217355272524
	cluster: 	0.01601299375139866
	separation:	0.000993402090697927
	avg separation:	0.36484567243009275
	accu: 		66.33742658836091%
	l1: 		526.12109375
	p dist pair: 	0.9990662932395935
	test
	time: 	17.55406355857849
	cross ent: 	1.757377254584479
	cluster: 	0.013385632969734688
	separation:	0.000955327365931774
	avg separation:	0.40650496028718497
	accu: 		55.084067253803035%
	l1: 		526.12109375
	p dist pair: 	0.9990662932395935
	above 50.00%
	push
	Executing push ...
	push time: 	326.680677652359
	test
	time: 	17.61861515045166
	cross ent: 	1.8148261743878562
	cluster: 	0.012826253652631764
	separation:	0.0008785658361693282
	avg separation:	0.40338078803486294
	accu: 		54.84387510008006%
	l1: 		526.12109375
	p dist pair: 	1.0005522966384888
	above 50.00%
	last layer
iteration: 	0
	train
	time: 	160.8174431324005
	cross ent: 	1.0835246210420684
	cluster: 	0.015448504746510413
	separation:	0.0009322134559158752
	avg separation:	0.36159022611125086
	accu: 		65.50987720234917%
	l1: 		525.78466796875
	p dist pair: 	1.0005522966384888
	test
	time: 	18.825491189956665
	cross ent: 	1.7977526405500988
	cluster: 	0.012826253652631764
	separation:	0.0008785658361693282
	avg separation:	0.40338078803486294
	accu: 		54.68374699759808%
	l1: 		525.78466796875
	p dist pair: 	1.0005522966384888
	above 50.00%
iteration: 	1
	train
	time: 	160.33192682266235
	cross ent: 	1.068749531573248
	cluster: 	0.015447646386513745
	separation:	0.0009322368352507403
	avg separation:	0.3615938836304318
	accu: 		65.69674319273892%
	l1: 		525.4559326171875
	p dist pair: 	1.0005522966384888
	test
	time: 	18.982391834259033
	cross ent: 	1.7918447625069391
	cluster: 	0.012826253652631764
	separation:	0.0008785658361693282
	avg separation:	0.40338078803486294
	accu: 		55.004003202562046%
	l1: 		525.4559326171875
	p dist pair: 	1.0005522966384888
	above 50.00%
iteration: 	2
	train
	time: 	160.665052652359
	cross ent: 	1.0552225173368148
	cluster: 	0.01544808285075548
	separation:	0.0009322935491394305
	avg separation:	0.3615964585086629
	accu: 		66.05267841252892%
	l1: 		525.1563720703125
	p dist pair: 	1.0005522966384888
	test
	time: 	18.917518615722656
	cross ent: 	1.7644993634451003
	cluster: 	0.012826253652631764
	separation:	0.0008785658361693282
	avg separation:	0.40338078803486294
	accu: 		55.24419535628503%
	l1: 		525.1563720703125
	p dist pair: 	1.0005522966384888
	above 50.00%
iteration: 	3
	train
	time: 	161.34391975402832
	cross ent: 	1.0434668041314943
	cluster: 	0.01544777725017845
	separation:	0.000932188717659987
	avg separation:	0.3616000570330331
	accu: 		66.11496707599217%
	l1: 		524.8306884765625
	p dist pair: 	1.0005522966384888
	test
	time: 	19.297035455703735
	cross ent: 	1.7484852586473738
	cluster: 	0.012826253652631764
	separation:	0.0008785658361693282
	avg separation:	0.40338078803486294
	accu: 		55.32425940752602%
	l1: 		524.8306884765625
	p dist pair: 	1.0005522966384888
	above 50.00%
iteration: 	4
	train
	time: 	160.12798857688904
	cross ent: 	1.0335009349410644
	cluster: 	0.015447284682451672
	separation:	0.0009322611976425691
	avg separation:	0.36159726924319285
	accu: 		66.35522334935042%
	l1: 		524.5559692382812
	p dist pair: 	1.0005522966384888
	test
	time: 	19.445586919784546
	cross ent: 	1.7373796956879752
	cluster: 	0.012826253652631764
	separation:	0.0008785658361693282
	avg separation:	0.40338078803486294
	accu: 		56.04483586869495%
	l1: 		524.5559692382812
	p dist pair: 	1.0005522966384888
	above 50.00%
epoch: 	31
	joint
	train
	time: 	198.33866834640503
	cross ent: 	1.0285688196690057
	cluster: 	0.015451861740159554
	separation:	0.0009318726360271735
	avg separation:	0.36163216627789563
	accu: 		66.61327638369818%
	l1: 		524.5559692382812
	p dist pair: 	1.0005520582199097
	test
	time: 	19.043272018432617
	cross ent: 	1.7372860653059823
	cluster: 	0.012836159849982886
	separation:	0.0008792352589172503
	avg separation:	0.4034378363026513
	accu: 		55.964771817453965%
	l1: 		524.5559692382812
	p dist pair: 	1.0005520582199097
	above 50.00%
epoch: 	32
	joint
	train
	time: 	197.46240758895874
	cross ent: 	1.0281036973423805
	cluster: 	0.015461734703201734
	separation:	0.0009331916413540054
	avg separation:	0.36170545199163445
	accu: 		66.63997152518242%
	l1: 		524.5559692382812
	p dist pair: 	1.000551700592041
	test
	time: 	18.7227144241333
	cross ent: 	1.7369521563015287
	cluster: 	0.012846656646283846
	separation:	0.000880792085173732
	avg separation:	0.4035010106033749
	accu: 		55.964771817453965%
	l1: 		524.5559692382812
	p dist pair: 	1.000551700592041
	above 50.00%
epoch: 	33
	joint
	train
	time: 	197.63142561912537
	cross ent: 	1.0278607604236365
	cluster: 	0.015473646411731892
	separation:	0.0009333022058219732
	avg separation:	0.361757336084953
	accu: 		66.61327638369818%
	l1: 		524.5559692382812
	p dist pair: 	1.0005507469177246
	test
	time: 	18.635616779327393
	cross ent: 	1.7365517881181505
	cluster: 	0.01285639117723183
	separation:	0.0008805815060253418
	avg separation:	0.4035596994180528
	accu: 		55.88470776621297%
	l1: 		524.5559692382812
	p dist pair: 	1.0005507469177246
	above 50.00%
epoch: 	34
	joint
	train
	time: 	197.43437099456787
	cross ent: 	1.0275669273956816
	cluster: 	0.015484076991736942
	separation:	0.0009344132803856922
	avg separation:	0.36180372907385705
	accu: 		66.65776828617192%
	l1: 		524.5559692382812
	p dist pair: 	1.000550389289856
	test
	time: 	18.78492546081543
	cross ent: 	1.736204589170123
	cluster: 	0.012867816383876497
	separation:	0.0008827613321103393
	avg separation:	0.4036205221736242
	accu: 		55.88470776621297%
	l1: 		524.5559692382812
	p dist pair: 	1.000550389289856
	above 50.00%
epoch: 	35
	joint
	train
	time: 	197.55245757102966
	cross ent: 	1.0270100852666801
	cluster: 	0.01548922411497563
	separation:	0.0009361258940460505
	avg separation:	0.361851406214076
	accu: 		66.66666666666666%
	l1: 		524.5559692382812
	p dist pair: 	1.000550389289856
	test
	time: 	18.949872970581055
	cross ent: 	1.7363967649520389
	cluster: 	0.012868219358284794
	separation:	0.000883187881083272
	avg separation:	0.403621392590659
	accu: 		55.88470776621297%
	l1: 		524.5559692382812
	p dist pair: 	1.000550389289856
	above 50.00%
	push
	Executing push ...
	push time: 	329.9004292488098
	test
	time: 	18.60071325302124
	cross ent: 	1.7371256767757355
	cluster: 	0.012836745755362606
	separation:	0.000878059222558809
	avg separation:	0.40348549541972933
	accu: 		55.964771817453965%
	l1: 		524.5559692382812
	p dist pair: 	1.0007398128509521
	above 50.00%
	last layer
iteration: 	0
	train
	time: 	162.75656509399414
	cross ent: 	1.0241907459561086
	cluster: 	0.015461407235187224
	separation:	0.0009309464128372289
	avg separation:	0.3617088748572984
	accu: 		66.50649581776116%
	l1: 		524.2281494140625
	p dist pair: 	1.0007398128509521
	test
	time: 	17.2796368598938
	cross ent: 	1.7138794234820776
	cluster: 	0.012836745755362606
	separation:	0.000878059222558809
	avg separation:	0.40348549541972933
	accu: 		56.6853482786229%
	l1: 		524.2281494140625
	p dist pair: 	1.0007398128509521
	above 50.00%
iteration: 	1
	train
	time: 	158.9751935005188
	cross ent: 	1.0164463122332223
	cluster: 	0.015460983054626242
	separation:	0.0009309196399543036
	avg separation:	0.361705761840335
	accu: 		66.90692294002491%
	l1: 		523.9376220703125
	p dist pair: 	1.0007398128509521
	test
	time: 	18.035576820373535
	cross ent: 	1.7073136170705159
	cluster: 	0.012836745755362606
	separation:	0.000878059222558809
	avg separation:	0.40348549541972933
	accu: 		56.84547638110489%
	l1: 		523.9376220703125
	p dist pair: 	1.0007398128509521
	above 50.00%
iteration: 	2
	train
	time: 	158.50524234771729
	cross ent: 	1.0083777245624634
	cluster: 	0.015459737389553935
	separation:	0.0009309567460952677
	avg separation:	0.36169884080776543
	accu: 		66.89802455953017%
	l1: 		523.6861572265625
	p dist pair: 	1.0007398128509521
	test
	time: 	18.327610969543457
	cross ent: 	1.6875279820154583
	cluster: 	0.012836745755362606
	separation:	0.000878059222558809
	avg separation:	0.40348549541972933
	accu: 		57.485988791032824%
	l1: 		523.6861572265625
	p dist pair: 	1.0007398128509521
	above 50.00%
iteration: 	3
	train
	time: 	160.85912013053894
	cross ent: 	1.001749431455899
	cluster: 	0.015459023791802815
	separation:	0.0009310231142216677
	avg separation:	0.3617119363830607
	accu: 		67.05819540843567%
	l1: 		523.431884765625
	p dist pair: 	1.0007398128509521
	test
	time: 	17.941940546035767
	cross ent: 	1.6828021378744216
	cluster: 	0.012836745755362606
	separation:	0.000878059222558809
	avg separation:	0.40348549541972933
	accu: 		57.08566853482786%
	l1: 		523.431884765625
	p dist pair: 	1.0007398128509521
	above 50.00%
iteration: 	4
	train
	time: 	160.66785597801208
	cross ent: 	0.9960002883261209
	cluster: 	0.015459699348672508
	separation:	0.0009309317076867081
	avg separation:	0.361703967920826
	accu: 		67.32514682327816%
	l1: 		523.1488037109375
	p dist pair: 	1.0007398128509521
	test
	time: 	18.387232780456543
	cross ent: 	1.671001522313981
	cluster: 	0.012836745755362606
	separation:	0.000878059222558809
	avg separation:	0.40348549541972933
	accu: 		57.405924739791836%
	l1: 		523.1488037109375
	p dist pair: 	1.0007398128509521
	above 50.00%
epoch: 	36
	joint
	train
	time: 	198.3634135723114
	cross ent: 	0.9899910066369589
	cluster: 	0.015462967567145824
	separation:	0.000931169729946211
	avg separation:	0.36172201375732216
	accu: 		67.55650471614166%
	l1: 		523.1488037109375
	p dist pair: 	1.0007398128509521
	test
	time: 	17.217499256134033
	cross ent: 	1.6708036121867953
	cluster: 	0.012836652985286145
	separation:	0.0008779623446845641
	avg separation:	0.40348620168746463
	accu: 		57.405924739791836%
	l1: 		523.1488037109375
	p dist pair: 	1.0007398128509521
	above 50.00%
epoch: 	37
	joint
	train
	time: 	197.336772441864
	cross ent: 	0.9901554419582849
	cluster: 	0.015462188329381928
	separation:	0.0009310780194264031
	avg separation:	0.36170545753316946
	accu: 		67.56540309663642%
	l1: 		523.1488037109375
	p dist pair: 	1.0007398128509521
	test
	time: 	17.435423851013184
	cross ent: 	1.671189472788856
	cluster: 	0.012836694680449982
	separation:	0.0008778856491618273
	avg separation:	0.4034871704994686
	accu: 		57.405924739791836%
	l1: 		523.1488037109375
	p dist pair: 	1.0007398128509521
	above 50.00%
epoch: 	38
	joint
	train
	time: 	197.31922268867493
	cross ent: 	0.9900148334346208
	cluster: 	0.015460048107019364
	separation:	0.0009310820201155813
	avg separation:	0.36171305407620835
	accu: 		67.53870795515216%
	l1: 		523.1488037109375
	p dist pair: 	1.0007398128509521
	test
	time: 	17.786702871322632
	cross ent: 	1.6711518859106398
	cluster: 	0.01283714205529245
	separation:	0.0008780841201928163
	avg separation:	0.4034879992878626
	accu: 		57.405924739791836%
	l1: 		523.1488037109375
	p dist pair: 	1.0007398128509521
	above 50.00%
epoch: 	39
	joint
	train
	time: 	197.27339220046997
	cross ent: 	0.9901997421029624
	cluster: 	0.015460006169331826
	separation:	0.0009310457406891178
	avg separation:	0.36172401380072283
	accu: 		67.48531767218367%
	l1: 		523.1488037109375
	p dist pair: 	1.0007398128509521
	test
	time: 	18.03169846534729
	cross ent: 	1.6713655070653037
	cluster: 	0.012836753242900447
	separation:	0.0008778506658956526
	avg separation:	0.4034888313876258
	accu: 		57.405924739791836%
	l1: 		523.1488037109375
	p dist pair: 	1.0007398128509521
	above 50.00%
epoch: 	40
	joint
	train
	time: 	197.35582423210144
	cross ent: 	0.9898582118367809
	cluster: 	0.01546069639453207
	separation:	0.0009310278680889777
	avg separation:	0.36171661704460495
	accu: 		67.52980957465742%
	l1: 		523.1488037109375
	p dist pair: 	1.0007398128509521
	test
	time: 	17.91371989250183
	cross ent: 	1.6713404116176425
	cluster: 	0.012836828569157256
	separation:	0.0008779112115642795
	avg separation:	0.40348884084868053
	accu: 		57.405924739791836%
	l1: 		523.1488037109375
	p dist pair: 	1.0007398128509521
	above 50.00%
	push
	Executing push ...
	push time: 	328.0575706958771
	test
	time: 	17.46752643585205
	cross ent: 	1.6711228376343137
	cluster: 	0.012835637718025181
	separation:	0.0008783485243348257
	avg separation:	0.4034870058771164
	accu: 		57.405924739791836%
	l1: 		523.1488037109375
	p dist pair: 	1.0007425546646118
	above 50.00%
	last layer
iteration: 	0
	train
	time: 	144.07471632957458
	cross ent: 	0.9898822473832721
	cluster: 	0.015458813263600513
	separation:	0.0009315856665623908
	avg separation:	0.3617207297120654
	accu: 		67.48531767218367%
	l1: 		522.7952270507812
	p dist pair: 	1.0007425546646118
	test
	time: 	17.639941453933716
	cross ent: 	1.6918589945823428
	cluster: 	0.012835637718025181
	separation:	0.0008783485243348257
	avg separation:	0.4034870058771164
	accu: 		57.32586068855085%
	l1: 		522.7952270507812
	p dist pair: 	1.0007425546646118
	above 50.00%
iteration: 	1
	train
	time: 	144.00135278701782
	cross ent: 	0.9844375481278871
	cluster: 	0.015458537326144632
	separation:	0.000931586798763539
	avg separation:	0.36171363357759456
	accu: 		67.59209823812066%
	l1: 		522.565673828125
	p dist pair: 	1.0007425546646118
	test
	time: 	17.708699703216553
	cross ent: 	1.6647529450673906
	cluster: 	0.012835637718025181
	separation:	0.0008783485243348257
	avg separation:	0.4034870058771164
	accu: 		57.806244995996806%
	l1: 		522.565673828125
	p dist pair: 	1.0007425546646118
	above 50.00%
iteration: 	2
	train
	time: 	145.05828738212585
	cross ent: 	0.9795192715005943
	cluster: 	0.015458857101219246
	separation:	0.0009317057326024239
	avg separation:	0.3617147287864278
	accu: 		67.58319985762591%
	l1: 		522.2901611328125
	p dist pair: 	1.0007425546646118
	test
	time: 	17.56189227104187
	cross ent: 	1.6435695981222487
	cluster: 	0.012835637718025181
	separation:	0.0008783485243348257
	avg separation:	0.4034870058771164
	accu: 		57.886309047237795%
	l1: 		522.2901611328125
	p dist pair: 	1.0007425546646118
	above 50.00%
iteration: 	3
	train
	time: 	143.7920651435852
	cross ent: 	0.9740899207859277
	cluster: 	0.01545969213382258
	separation:	0.0009315852891965321
	avg separation:	0.3617175533253951
	accu: 		67.58319985762591%
	l1: 		522.0069580078125
	p dist pair: 	1.0007425546646118
	test
	time: 	17.132696628570557
	cross ent: 	1.652543907127683
	cluster: 	0.012835637718025181
	separation:	0.0008783485243348257
	avg separation:	0.4034870058771164
	accu: 		58.12650120096077%
	l1: 		522.0069580078125
	p dist pair: 	1.0007425546646118
	above 50.00%
iteration: 	4
	train
	time: 	144.19069814682007
	cross ent: 	0.9706100608848592
	cluster: 	0.015459255941768982
	separation:	0.0009316538458584817
	avg separation:	0.361711813302651
	accu: 		67.7611674675209%
	l1: 		521.705810546875
	p dist pair: 	1.0007425546646118
	test
	time: 	17.502108097076416
	cross ent: 	1.6519110723147317
	cluster: 	0.012835637718025181
	separation:	0.0008783485243348257
	avg separation:	0.4034870058771164
	accu: 		58.28662930344275%
	l1: 		521.705810546875
	p dist pair: 	1.0007425546646118
	above 50.00%
epoch: 	41
	joint
	train
	time: 	198.38058185577393
	cross ent: 	0.9657592431665315
	cluster: 	0.015458351098501464
	separation:	0.0009316766223504815
	avg separation:	0.36171225415960323
	accu: 		67.94803345791067%
	l1: 		521.705810546875
	p dist pair: 	1.0007425546646118
	test
	time: 	17.344640731811523
	cross ent: 	1.6517662472195096
	cluster: 	0.012835690840369179
	separation:	0.0008783074842381572
	avg separation:	0.40348700776932733
	accu: 		58.44675740592474%
	l1: 		521.705810546875
	p dist pair: 	1.0007425546646118
	above 50.00%
epoch: 	42
	joint
	train
	time: 	197.19796419143677
	cross ent: 	0.9657636274222378
	cluster: 	0.015459381351313715
	separation:	0.0009316350674663515
	avg separation:	0.3617198818306906
	accu: 		67.95693183840541%
	l1: 		521.705810546875
	p dist pair: 	1.0007425546646118
	test
	time: 	17.462712049484253
	cross ent: 	1.6517813394940088
	cluster: 	0.012835654577920361
	separation:	0.0008784057128997077
	avg separation:	0.4034869935777452
	accu: 		58.28662930344275%
	l1: 		521.705810546875
	p dist pair: 	1.0007425546646118
	above 50.00%
epoch: 	43
	joint
	train
	time: 	197.50123262405396
	cross ent: 	0.9657837114300167
	cluster: 	0.0154614508756042
	separation:	0.0009316226981830488
	avg separation:	0.36171421429864875
	accu: 		67.93913507741591%
	l1: 		521.705810546875
	p dist pair: 	1.0007425546646118
	test
	time: 	19.33070707321167
	cross ent: 	1.6520196322410825
	cluster: 	0.012835741974413395
	separation:	0.0008783545816272852
	avg separation:	0.4034870309489114
	accu: 		58.366693354683754%
	l1: 		521.705810546875
	p dist pair: 	1.0007425546646118
	above 50.00%
epoch: 	44
	joint
	train
	time: 	197.4520285129547
	cross ent: 	0.9659748955818682
	cluster: 	0.015458570779185225
	separation:	0.0009315401145105426
	avg separation:	0.36170404608563594
	accu: 		67.9213383164264%
	l1: 		521.705810546875
	p dist pair: 	1.0007425546646118
	test
	time: 	18.4837806224823
	cross ent: 	1.6517210527071877
	cluster: 	0.012835647134731213
	separation:	0.0008784938480756762
	avg separation:	0.403487026218384
	accu: 		58.44675740592474%
	l1: 		521.705810546875
	p dist pair: 	1.0007425546646118
	above 50.00%
epoch: 	45
	joint
	train
	time: 	197.2749264240265
	cross ent: 	0.96590550328701
	cluster: 	0.015460129946990609
	separation:	0.0009314977278368667
	avg separation:	0.361704558134079
	accu: 		67.96583021890015%
	l1: 		521.705810546875
	p dist pair: 	1.0007425546646118
	test
	time: 	17.890461444854736
	cross ent: 	1.6515830660623216
	cluster: 	0.012835603525182085
	separation:	0.0008784588615757428
	avg separation:	0.4034870224339621
	accu: 		58.366693354683754%
	l1: 		521.705810546875
	p dist pair: 	1.0007425546646118
	above 50.00%
	push
	Executing push ...
	push time: 	330.1847357749939
	test
	time: 	18.678863763809204
	cross ent: 	1.6514277533879356
	cluster: 	0.012835844929906585
	separation:	0.0008783653440390019
	avg separation:	0.403487261325594
	accu: 		58.44675740592474%
	l1: 		521.705810546875
	p dist pair: 	1.0007425546646118
	above 50.00%
	last layer
iteration: 	0
	train
	time: 	159.10329365730286
	cross ent: 	0.9656518742813335
	cluster: 	0.015459638512345343
	separation:	0.0009314097871952541
	avg separation:	0.3617097369504569
	accu: 		67.79676098949992%
	l1: 		521.5014038085938
	p dist pair: 	1.0007425546646118
	test
	time: 	18.5383083820343
	cross ent: 	1.6514200350594899
	cluster: 	0.012835844929906585
	separation:	0.0008783653440390019
	avg separation:	0.403487261325594
	accu: 		58.28662930344275%
	l1: 		521.5014038085938
	p dist pair: 	1.0007425546646118
	above 50.00%
iteration: 	1
	train
	time: 	146.6778280735016
	cross ent: 	0.9617841184881658
	cluster: 	0.015461026603070973
	separation:	0.0009313302237442711
	avg separation:	0.3617077400887988
	accu: 		67.79676098949992%
	l1: 		521.2587890625
	p dist pair: 	1.0007425546646118
	test
	time: 	17.65186882019043
	cross ent: 	1.6365241096133278
	cluster: 	0.012835844929906585
	separation:	0.0008783653440390019
	avg separation:	0.403487261325594
	accu: 		58.60688550840673%
	l1: 		521.2587890625
	p dist pair: 	1.0007425546646118
	above 50.00%
iteration: 	2
	train
	time: 	160.68384671211243
	cross ent: 	0.9586404907215532
	cluster: 	0.015458242114288633
	separation:	0.0009314014176689784
	avg separation:	0.3617173961473105
	accu: 		67.8857447944474%
	l1: 		520.98828125
	p dist pair: 	1.0007425546646118
	test
	time: 	18.31390619277954
	cross ent: 	1.6494345485217987
	cluster: 	0.012835844929906585
	separation:	0.0008783653440390019
	avg separation:	0.403487261325594
	accu: 		58.12650120096077%
	l1: 		520.98828125
	p dist pair: 	1.0007425546646118
	above 50.00%
iteration: 	3
	train
	time: 	152.22900342941284
	cross ent: 	0.9556929423503604
	cluster: 	0.015459181328247768
	separation:	0.0009315090394911135
	avg separation:	0.36172263199642457
	accu: 		68.05481402384767%
	l1: 		520.7640380859375
	p dist pair: 	1.0007425546646118
	test
	time: 	18.302287578582764
	cross ent: 	1.6362078246616183
	cluster: 	0.012835844929906585
	separation:	0.0008783653440390019
	avg separation:	0.403487261325594
	accu: 		58.366693354683754%
	l1: 		520.7640380859375
	p dist pair: 	1.0007425546646118
	above 50.00%
iteration: 	4
	train
	time: 	160.1830427646637
	cross ent: 	0.9526111990001278
	cluster: 	0.015458829400586991
	separation:	0.000931384069921724
	avg separation:	0.3617204014622868
	accu: 		68.05481402384767%
	l1: 		520.4857788085938
	p dist pair: 	1.0007425546646118
	test
	time: 	19.368133068084717
	cross ent: 	1.6429755006517683
	cluster: 	0.012835844929906585
	separation:	0.0008783653440390019
	avg separation:	0.403487261325594
	accu: 		58.52682145716573%
	l1: 		520.4857788085938
	p dist pair: 	1.0007425546646118
	above 50.00%
epoch: 	46
	joint
	train
	time: 	198.21847343444824
	cross ent: 	0.9491541144103343
	cluster: 	0.015460677391491512
	separation:	0.0009313812041783613
	avg separation:	0.3617141851326749
	accu: 		68.06371240434241%
	l1: 		520.4857788085938
	p dist pair: 	1.0007425546646118
	test
	time: 	19.195759057998657
	cross ent: 	1.6429073810577393
	cluster: 	0.012835855684464886
	separation:	0.0008782395378812142
	avg separation:	0.40348723625379895
	accu: 		58.52682145716573%
	l1: 		520.4857788085938
	p dist pair: 	1.0007425546646118
	above 50.00%
epoch: 	47
	joint
	train
	time: 	197.29423022270203
	cross ent: 	0.9493486615845741
	cluster: 	0.015460884188603464
	separation:	0.0009314821920360959
	avg separation:	0.3617254554482966
	accu: 		68.05481402384767%
	l1: 		520.4857788085938
	p dist pair: 	1.0007425546646118
	test
	time: 	17.257080554962158
	cross ent: 	1.6430162361689977
	cluster: 	0.012835704322372164
	separation:	0.0008783000853977033
	avg separation:	0.4034872745710706
	accu: 		58.52682145716573%
	l1: 		520.4857788085938
	p dist pair: 	1.0007425546646118
	above 50.00%
epoch: 	48
	joint
	train
	time: 	197.10372376441956
	cross ent: 	0.949139175465947
	cluster: 	0.015459691427044862
	separation:	0.0009313785653620182
	avg separation:	0.36170650308030355
	accu: 		68.0459156433529%
	l1: 		520.4857788085938
	p dist pair: 	1.0007425546646118
	test
	time: 	18.081456661224365
	cross ent: 	1.6428493611396304
	cluster: 	0.012835760238683887
	separation:	0.0008782745183755954
	avg separation:	0.4034872603794885
	accu: 		58.52682145716573%
	l1: 		520.4857788085938
	p dist pair: 	1.0007425546646118
	above 50.00%
epoch: 	49
	joint
	train
	time: 	197.09601068496704
	cross ent: 	0.9491513316847676
	cluster: 	0.01545928952406787
	separation:	0.0009313970418407473
	avg separation:	0.36171396384247684
	accu: 		68.05481402384767%
	l1: 		520.4857788085938
	p dist pair: 	1.0007425546646118
	test
	time: 	18.209330797195435
	cross ent: 	1.6430664772079104
	cluster: 	0.01283586174545307
	separation:	0.0008782772125587577
	avg separation:	0.40348725990643575
	accu: 		58.52682145716573%
	l1: 		520.4857788085938
	p dist pair: 	1.0007425546646118
	above 50.00%
epoch: 	50
	joint
	train
	time: 	197.34151029586792
	cross ent: 	0.9490733083032629
	cluster: 	0.015458761448425066
	separation:	0.000931543430690057
	avg separation:	0.36172567819679335
	accu: 		68.06371240434241%
	l1: 		520.4857788085938
	p dist pair: 	1.0007425546646118
	test
	time: 	18.687056303024292
	cross ent: 	1.643110454082489
	cluster: 	0.01283584830040733
	separation:	0.00087829873645826
	avg separation:	0.40348725186453926
	accu: 		58.52682145716573%
	l1: 		520.4857788085938
	p dist pair: 	1.0007425546646118
	above 50.00%
	push
	Executing push ...
	push time: 	328.7262396812439
	test
	time: 	19.64203190803528
	cross ent: 	1.6426040208528911
	cluster: 	0.012870791530798353
	separation:	0.0008784467529963761
	avg separation:	0.40349890599175103
	accu: 		58.44675740592474%
	l1: 		520.4857788085938
	p dist pair: 	1.0007648468017578
	above 50.00%
	last layer
iteration: 	0
	train
	time: 	160.35871410369873
	cross ent: 	0.9497058900119572
	cluster: 	0.015508567174445851
	separation:	0.0009314567007574343
	avg separation:	0.3617196812218194
	accu: 		68.08150916533191%
	l1: 		520.266845703125
	p dist pair: 	1.0007648468017578
	test
	time: 	17.674240589141846
	cross ent: 	1.6246581039731465
	cluster: 	0.012870791530798353
	separation:	0.0008784467529963761
	avg separation:	0.40349890599175103
	accu: 		58.9271417133707%
	l1: 		520.266845703125
	p dist pair: 	1.0007648468017578
	above 50.00%
iteration: 	1
	train
	time: 	159.59987020492554
	cross ent: 	0.9463769750026622
	cluster: 	0.015507057232092867
	separation:	0.0009314472724628068
	avg separation:	0.3617127306785872
	accu: 		68.30396867770065%
	l1: 		520.0337524414062
	p dist pair: 	1.0007648468017578
	test
	time: 	18.063590049743652
	cross ent: 	1.6071625011307853
	cluster: 	0.012870791530798353
	separation:	0.0008784467529963761
	avg separation:	0.40349890599175103
	accu: 		58.686949559647715%
	l1: 		520.0337524414062
	p dist pair: 	1.0007648468017578
	above 50.00%
iteration: 	2
	train
	time: 	160.64167714118958
	cross ent: 	0.9438097517261301
	cluster: 	0.01550819550092362
	separation:	0.0009314759332107487
	avg separation:	0.3617257399756289
	accu: 		68.25947677522691%
	l1: 		519.7947998046875
	p dist pair: 	1.0007648468017578
	test
	time: 	18.110889196395874
	cross ent: 	1.6021948939278012
	cluster: 	0.012870791530798353
	separation:	0.0008784467529963761
	avg separation:	0.40349890599175103
	accu: 		59.00720576461169%
	l1: 		519.7947998046875
	p dist pair: 	1.0007648468017578
	above 50.00%
iteration: 	3
	train
	time: 	160.07721042633057
	cross ent: 	0.9413600837102564
	cluster: 	0.01550835696358923
	separation:	0.0009314841531267642
	avg separation:	0.3617292997887975
	accu: 		68.2238832532479%
	l1: 		519.479736328125
	p dist pair: 	1.0007648468017578
	test
	time: 	17.704497575759888
	cross ent: 	1.6006039494559878
	cluster: 	0.012870791530798353
	separation:	0.0008784467529963761
	avg separation:	0.40349890599175103
	accu: 		59.087269815852686%
	l1: 		519.479736328125
	p dist pair: 	1.0007648468017578
	above 50.00%
iteration: 	4
	train
	time: 	159.77857851982117
	cross ent: 	0.9383580474401708
	cluster: 	0.015510411666262085
	separation:	0.0009314438785522433
	avg separation:	0.36172390283744954
	accu: 		68.23278163374266%
	l1: 		519.2949829101562
	p dist pair: 	1.0007648468017578
	test
	time: 	17.92070245742798
	cross ent: 	1.6057258049647014
	cluster: 	0.012870791530798353
	separation:	0.0008784467529963761
	avg separation:	0.40349890599175103
	accu: 		59.48759007205765%
	l1: 		519.2949829101562
	p dist pair: 	1.0007648468017578
	above 50.00%
epoch: 	51
	joint
	train
	time: 	198.43507313728333
	cross ent: 	0.9351101114921723
	cluster: 	0.015508264797454653
	separation:	0.0009314741226624917
	avg separation:	0.3617251120322115
	accu: 		68.59761523402742%
	l1: 		519.2949829101562
	p dist pair: 	1.0007648468017578
	test
	time: 	18.207639455795288
	cross ent: 	1.6056853494946919
	cluster: 	0.012870749148229757
	separation:	0.0008784662608781622
	avg separation:	0.40349893059049335
	accu: 		59.48759007205765%
	l1: 		519.2949829101562
	p dist pair: 	1.0007648468017578
	above 50.00%
epoch: 	52
	joint
	train
	time: 	197.29945397377014
	cross ent: 	0.9352388730889113
	cluster: 	0.01550914930366974
	separation:	0.0009314739694271993
	avg separation:	0.3617291233611701
	accu: 		68.62431037551166%
	l1: 		519.2949829101562
	p dist pair: 	1.0007648468017578
	test
	time: 	18.32030940055847
	cross ent: 	1.6056614234333946
	cluster: 	0.012870700652932837
	separation:	0.0008784709724649373
	avg separation:	0.40349894005154807
	accu: 		59.56765412329864%
	l1: 		519.2949829101562
	p dist pair: 	1.0007648468017578
	above 50.00%
epoch: 	53
	joint
	train
	time: 	197.31578302383423
	cross ent: 	0.9351373585835895
	cluster: 	0.015508659112306969
	separation:	0.0009315208052583304
	avg separation:	0.3617124593554867
	accu: 		68.62431037551166%
	l1: 		519.2949829101562
	p dist pair: 	1.0007648468017578
	test
	time: 	17.5340096950531
	cross ent: 	1.6056604943578205
	cluster: 	0.012870747751245895
	separation:	0.0008785765976571138
	avg separation:	0.4034989163989112
	accu: 		59.48759007205765%
	l1: 		519.2949829101562
	p dist pair: 	1.0007648468017578
	above 50.00%
epoch: 	54
	joint
	train
	time: 	197.3140959739685
	cross ent: 	0.9351750364082988
	cluster: 	0.015506846414716563
	separation:	0.0009315653799496942
	avg separation:	0.36172277981488304
	accu: 		68.65100551699591%
	l1: 		519.2949829101562
	p dist pair: 	1.0007648468017578
	test
	time: 	17.94728684425354
	cross ent: 	1.6056878878956748
	cluster: 	0.012870658307321488
	separation:	0.000878495192395464
	avg separation:	0.4034989130875421
	accu: 		59.40752602081665%
	l1: 		519.2949829101562
	p dist pair: 	1.0007648468017578
	above 50.00%
epoch: 	55
	joint
	train
	time: 	197.37313985824585
	cross ent: 	0.935196330326732
	cluster: 	0.015508834457810424
	separation:	0.0009314614495496992
	avg separation:	0.36171834764743616
	accu: 		68.57981847303792%
	l1: 		519.2949829101562
	p dist pair: 	1.0007648468017578
	test
	time: 	17.84170651435852
	cross ent: 	1.6056646061322046
	cluster: 	0.012870682543882775
	separation:	0.0008784346425691472
	avg separation:	0.4034989230216496
	accu: 		59.40752602081665%
	l1: 		519.2949829101562
	p dist pair: 	1.0007648468017578
	above 50.00%
	push
	Executing push ...
	push time: 	327.7052438259125
	test
	time: 	17.941558122634888
	cross ent: 	1.6069992865834917
	cluster: 	0.012801931816197577
	separation:	0.0008782119451401135
	avg separation:	0.40347314448583693
	accu: 		59.24739791833466%
	l1: 		519.2949829101562
	p dist pair: 	1.0007091760635376
	above 50.00%
	last layer
iteration: 	0
	train
	time: 	160.49741744995117
	cross ent: 	0.9362256462781879
	cluster: 	0.015419127058744882
	separation:	0.0009312885161944967
	avg separation:	0.36170145063213605
	accu: 		68.25947677522691%
	l1: 		519.002197265625
	p dist pair: 	1.0007091760635376
	test
	time: 	17.05144166946411
	cross ent: 	1.6107224169231595
	cluster: 	0.012801931816197577
	separation:	0.0008782119451401135
	avg separation:	0.40347314448583693
	accu: 		59.24739791833466%
	l1: 		519.002197265625
	p dist pair: 	1.0007091760635376
	above 50.00%
iteration: 	1
	train
	time: 	140.1612424850464
	cross ent: 	0.9341303178530147
	cluster: 	0.015420544572303808
	separation:	0.0009312156607103584
	avg separation:	0.36169890672286636
	accu: 		68.4908346680904%
	l1: 		518.7310791015625
	p dist pair: 	1.0007091760635376
	test
	time: 	17.998523473739624
	cross ent: 	1.6050535553977603
	cluster: 	0.012801931816197577
	separation:	0.0008782119451401135
	avg separation:	0.40347314448583693
	accu: 		59.00720576461169%
	l1: 		518.7310791015625
	p dist pair: 	1.0007091760635376
	above 50.00%
iteration: 	2
	train
	time: 	139.52700757980347
	cross ent: 	0.9314812063852663
	cluster: 	0.015420108495008373
	separation:	0.000931264155615184
	avg separation:	0.36169689978569003
	accu: 		68.3306638191849%
	l1: 		518.5133056640625
	p dist pair: 	1.0007091760635376
	test
	time: 	17.39414620399475
	cross ent: 	1.5889239500439356
	cluster: 	0.012801931816197577
	separation:	0.0008782119451401135
	avg separation:	0.40347314448583693
	accu: 		59.48759007205765%
	l1: 		518.5133056640625
	p dist pair: 	1.0007091760635376
	above 50.00%
iteration: 	3
	train
	time: 	157.34562826156616
	cross ent: 	0.9290747835542807
	cluster: 	0.015418283662052818
	separation:	0.0009312374576150681
	avg separation:	0.3616978482101311
	accu: 		68.3306638191849%
	l1: 		518.2136840820312
	p dist pair: 	1.0007091760635376
	test
	time: 	17.771148681640625
	cross ent: 	1.598556239453573
	cluster: 	0.012801931816197577
	separation:	0.0008782119451401135
	avg separation:	0.40347314448583693
	accu: 		59.32746196957566%
	l1: 		518.2136840820312
	p dist pair: 	1.0007091760635376
	above 50.00%
iteration: 	4
	train
	time: 	160.50944542884827
	cross ent: 	0.9269095534107439
	cluster: 	0.015420611076938566
	separation:	0.0009312092493747252
	avg separation:	0.3616973733880766
	accu: 		68.57981847303792%
	l1: 		518.1172485351562
	p dist pair: 	1.0007091760635376
	test
	time: 	18.03802990913391
	cross ent: 	1.5880979195473686
	cluster: 	0.012801931816197577
	separation:	0.0008782119451401135
	avg separation:	0.40347314448583693
	accu: 		59.56765412329864%
	l1: 		518.1172485351562
	p dist pair: 	1.0007091760635376
	above 50.00%
epoch: 	56
	joint
	train
	time: 	198.1381106376648
	cross ent: 	0.9241145660179365
	cluster: 	0.015419263779633145
	separation:	0.0009312385879519141
	avg separation:	0.3617015659172764
	accu: 		68.71329418045916%
	l1: 		518.1172485351562
	p dist pair: 	1.0007091760635376
	test
	time: 	17.232914447784424
	cross ent: 	1.588082151753562
	cluster: 	0.012801913655407372
	separation:	0.0008781877252095867
	avg separation:	0.40347314685110064
	accu: 		59.56765412329864%
	l1: 		518.1172485351562
	p dist pair: 	1.0007091760635376
	above 50.00%
epoch: 	57
	joint
	train
	time: 	196.9084894657135
	cross ent: 	0.9239913148281838
	cluster: 	0.015421235264408207
	separation:	0.000931248619141193
	avg separation:	0.3616930364607916
	accu: 		68.72219256095391%
	l1: 		518.1172485351562
	p dist pair: 	1.0007091760635376
	test
	time: 	17.730107307434082
	cross ent: 	1.588090719684722
	cluster: 	0.01280193187532917
	separation:	0.0008781937788063217
	avg separation:	0.40347315016246976
	accu: 		59.56765412329864%
	l1: 		518.1172485351562
	p dist pair: 	1.0007091760635376
	above 50.00%
epoch: 	58
	joint
	train
	time: 	196.95406103134155
	cross ent: 	0.9240149077677642
	cluster: 	0.015419560879405946
	separation:	0.0009312499015740355
	avg separation:	0.36170187152365346
	accu: 		68.71329418045916%
	l1: 		518.1172485351562
	p dist pair: 	1.0007091760635376
	test
	time: 	17.678030490875244
	cross ent: 	1.5879866272684127
	cluster: 	0.012801925733035046
	separation:	0.0008781513985475555
	avg separation:	0.40347315347383894
	accu: 		59.56765412329864%
	l1: 		518.1172485351562
	p dist pair: 	1.0007091760635376
	above 50.00%
epoch: 	59
	joint
	train
	time: 	197.27688837051392
	cross ent: 	0.9239710964448087
	cluster: 	0.015419300202714458
	separation:	0.0009311973349811854
	avg separation:	0.36168799660702194
	accu: 		68.72219256095391%
	l1: 		518.1172485351562
	p dist pair: 	1.0007091760635376
	test
	time: 	17.056961059570312
	cross ent: 	1.5880009437364244
	cluster: 	0.012801962069398353
	separation:	0.0008781635057410255
	avg separation:	0.40347315915047177
	accu: 		59.56765412329864%
	l1: 		518.1172485351562
	p dist pair: 	1.0007091760635376
	above 50.00%
Execution time (minutes): 437.9642169237137
