load model from ./saved_models/vgg19/001_GTZAN_split_10/15_4push0.8303.pth
model base architecture: vgg19
experiment run: 001_GTZAN_split_10/
test image to analyse../datasets/GTZAN_split_10/test/10/blues.00002_3.wav
Prototypes are chosen from 10 number of classes.
Their class identities are: [0 0 0 0 0 0 0 0 0 0 1 1 1 1 1 1 1 1 1 1 2 2 2 2 2 2 2 2 2 2 3 3 3 3 3 3 3
 3 3 3 4 4 4 4 4 4 4 4 4 4 5 5 5 5 5 5 5 5 5 5 6 6 6 6 6 6 6 6 6 6 7 7 7 7
 7 7 7 7 7 7 8 8 8 8 8 8 8 8 8 8 9 9 9 9 9 9 9 9 9 9]
All prototypes connect most strongly to their respective classes.
0 (9, 10)
Predicted: 10
Actual: 10
***************************************************************
***************************************************************
Most activated 5 prototypes of this image:
top 1 activated prototype for this image:
prototype index: 93
prototype class identity: 10
activation value (similarity score): 6.2534918785095215
last layer connection with predicted class: 0.8438041806221008
most highly activated patch of the chosen image by this prototype:./saved_models/vgg19/001_GTZAN_split_10/blues.00002_3.wav/most_activated_prototypes/most_highly_activated_patch_by_top-1_prototype.png
most highly activated patch by this prototype shown in the original image:./saved_models/vgg19/001_GTZAN_split_10/blues.00002_3.wav/most_activated_prototypes/most_highly_activated_patch_in_original_img_by_top-1_prototype.png
prototype activation map of the chosen image:./saved_models/vgg19/001_GTZAN_split_10/blues.00002_3.wav/most_activated_prototypes/prototype_activation_map_by_top-1_prototype.png
normalized prototype activation map of the chosen image:./saved_models/vgg19/001_GTZAN_split_10/blues.00002_3.wav/most_activated_prototypes/prototype_activation_map_by_top-1_prototype_normed.png
--------------------------------------------------------------
top 2 activated prototype for this image:
prototype index: 76
prototype class identity: 8
activation value (similarity score): 5.924985885620117
last layer connection with predicted class: -0.6087053418159485
most highly activated patch of the chosen image by this prototype:./saved_models/vgg19/001_GTZAN_split_10/blues.00002_3.wav/most_activated_prototypes/most_highly_activated_patch_by_top-2_prototype.png
most highly activated patch by this prototype shown in the original image:./saved_models/vgg19/001_GTZAN_split_10/blues.00002_3.wav/most_activated_prototypes/most_highly_activated_patch_in_original_img_by_top-2_prototype.png
prototype activation map of the chosen image:./saved_models/vgg19/001_GTZAN_split_10/blues.00002_3.wav/most_activated_prototypes/prototype_activation_map_by_top-2_prototype.png
normalized prototype activation map of the chosen image:./saved_models/vgg19/001_GTZAN_split_10/blues.00002_3.wav/most_activated_prototypes/prototype_activation_map_by_top-2_prototype_normed.png
--------------------------------------------------------------
top 3 activated prototype for this image:
prototype index: 91
prototype class identity: 10
activation value (similarity score): 4.055613040924072
last layer connection with predicted class: 0.8259514570236206
most highly activated patch of the chosen image by this prototype:./saved_models/vgg19/001_GTZAN_split_10/blues.00002_3.wav/most_activated_prototypes/most_highly_activated_patch_by_top-3_prototype.png
most highly activated patch by this prototype shown in the original image:./saved_models/vgg19/001_GTZAN_split_10/blues.00002_3.wav/most_activated_prototypes/most_highly_activated_patch_in_original_img_by_top-3_prototype.png
prototype activation map of the chosen image:./saved_models/vgg19/001_GTZAN_split_10/blues.00002_3.wav/most_activated_prototypes/prototype_activation_map_by_top-3_prototype.png
normalized prototype activation map of the chosen image:./saved_models/vgg19/001_GTZAN_split_10/blues.00002_3.wav/most_activated_prototypes/prototype_activation_map_by_top-3_prototype_normed.png
--------------------------------------------------------------
top 4 activated prototype for this image:
prototype index: 27
prototype class identity: 3
activation value (similarity score): 3.9438962936401367
last layer connection with predicted class: -0.5308943390846252
most highly activated patch of the chosen image by this prototype:./saved_models/vgg19/001_GTZAN_split_10/blues.00002_3.wav/most_activated_prototypes/most_highly_activated_patch_by_top-4_prototype.png
most highly activated patch by this prototype shown in the original image:./saved_models/vgg19/001_GTZAN_split_10/blues.00002_3.wav/most_activated_prototypes/most_highly_activated_patch_in_original_img_by_top-4_prototype.png
prototype activation map of the chosen image:./saved_models/vgg19/001_GTZAN_split_10/blues.00002_3.wav/most_activated_prototypes/prototype_activation_map_by_top-4_prototype.png
normalized prototype activation map of the chosen image:./saved_models/vgg19/001_GTZAN_split_10/blues.00002_3.wav/most_activated_prototypes/prototype_activation_map_by_top-4_prototype_normed.png
--------------------------------------------------------------
top 5 activated prototype for this image:
prototype index: 17
prototype class identity: 2
activation value (similarity score): 3.718756914138794
last layer connection with predicted class: -0.6906720399856567
most highly activated patch of the chosen image by this prototype:./saved_models/vgg19/001_GTZAN_split_10/blues.00002_3.wav/most_activated_prototypes/most_highly_activated_patch_by_top-5_prototype.png
most highly activated patch by this prototype shown in the original image:./saved_models/vgg19/001_GTZAN_split_10/blues.00002_3.wav/most_activated_prototypes/most_highly_activated_patch_in_original_img_by_top-5_prototype.png
prototype activation map of the chosen image:./saved_models/vgg19/001_GTZAN_split_10/blues.00002_3.wav/most_activated_prototypes/prototype_activation_map_by_top-5_prototype.png
normalized prototype activation map of the chosen image:./saved_models/vgg19/001_GTZAN_split_10/blues.00002_3.wav/most_activated_prototypes/prototype_activation_map_by_top-5_prototype_normed.png
--------------------------------------------------------------
***************************************************************
***************************************************************
***************************************************************
Prototypes from top-3 classes:
top 1 predicted class: 10
logit of the class: -25.509155
prototype index: 92
prototype class identity: 10
activation value (similarity score): 2.4385294914245605
last layer connection: 0.8420180678367615
most highly activated patch of the chosen image by this prototype:./saved_models/vgg19/001_GTZAN_split_10/blues.00002_3.wav/top-1_class_prototypes/most_highly_activated_patch_by_top-1_prototype.png
most highly activated patch by this prototype shown in the original image:./saved_models/vgg19/001_GTZAN_split_10/blues.00002_3.wav/top-1_class_prototypes/most_highly_activated_patch_in_original_img_by_top-1_prototype.png
prototype activation map of the chosen image:./saved_models/vgg19/001_GTZAN_split_10/blues.00002_3.wav/top-1_class_prototypes/prototype_activation_map_by_top-1_prototype.png
normalized prototype activation map of the chosen image:./saved_models/vgg19/001_GTZAN_split_10/blues.00002_3.wav/top-1_class_prototypes/prototype_activation_map_by_top-1_prototype_normed.png
--------------------------------------------------------------
prototype index: 97
prototype class identity: 10
activation value (similarity score): 2.1696677207946777
last layer connection: 0.9226704835891724
most highly activated patch of the chosen image by this prototype:./saved_models/vgg19/001_GTZAN_split_10/blues.00002_3.wav/top-1_class_prototypes/most_highly_activated_patch_by_top-2_prototype.png
most highly activated patch by this prototype shown in the original image:./saved_models/vgg19/001_GTZAN_split_10/blues.00002_3.wav/top-1_class_prototypes/most_highly_activated_patch_in_original_img_by_top-2_prototype.png
prototype activation map of the chosen image:./saved_models/vgg19/001_GTZAN_split_10/blues.00002_3.wav/top-1_class_prototypes/prototype_activation_map_by_top-2_prototype.png
normalized prototype activation map of the chosen image:./saved_models/vgg19/001_GTZAN_split_10/blues.00002_3.wav/top-1_class_prototypes/prototype_activation_map_by_top-2_prototype_normed.png
--------------------------------------------------------------
prototype index: 95
prototype class identity: 10
activation value (similarity score): 1.131466031074524
last layer connection: 0.7005010843276978
most highly activated patch of the chosen image by this prototype:./saved_models/vgg19/001_GTZAN_split_10/blues.00002_3.wav/top-1_class_prototypes/most_highly_activated_patch_by_top-3_prototype.png
most highly activated patch by this prototype shown in the original image:./saved_models/vgg19/001_GTZAN_split_10/blues.00002_3.wav/top-1_class_prototypes/most_highly_activated_patch_in_original_img_by_top-3_prototype.png
prototype activation map of the chosen image:./saved_models/vgg19/001_GTZAN_split_10/blues.00002_3.wav/top-1_class_prototypes/prototype_activation_map_by_top-3_prototype.png
normalized prototype activation map of the chosen image:./saved_models/vgg19/001_GTZAN_split_10/blues.00002_3.wav/top-1_class_prototypes/prototype_activation_map_by_top-3_prototype_normed.png
--------------------------------------------------------------
prototype index: 96
prototype class identity: 10
activation value (similarity score): 1.131466031074524
last layer connection: 0.7266296148300171
most highly activated patch of the chosen image by this prototype:./saved_models/vgg19/001_GTZAN_split_10/blues.00002_3.wav/top-1_class_prototypes/most_highly_activated_patch_by_top-4_prototype.png
most highly activated patch by this prototype shown in the original image:./saved_models/vgg19/001_GTZAN_split_10/blues.00002_3.wav/top-1_class_prototypes/most_highly_activated_patch_in_original_img_by_top-4_prototype.png
prototype activation map of the chosen image:./saved_models/vgg19/001_GTZAN_split_10/blues.00002_3.wav/top-1_class_prototypes/prototype_activation_map_by_top-4_prototype.png
normalized prototype activation map of the chosen image:./saved_models/vgg19/001_GTZAN_split_10/blues.00002_3.wav/top-1_class_prototypes/prototype_activation_map_by_top-4_prototype_normed.png
--------------------------------------------------------------
prototype index: 94
prototype class identity: 10
activation value (similarity score): 1.131466031074524
last layer connection: 0.7456470131874084
most highly activated patch of the chosen image by this prototype:./saved_models/vgg19/001_GTZAN_split_10/blues.00002_3.wav/top-1_class_prototypes/most_highly_activated_patch_by_top-5_prototype.png
most highly activated patch by this prototype shown in the original image:./saved_models/vgg19/001_GTZAN_split_10/blues.00002_3.wav/top-1_class_prototypes/most_highly_activated_patch_in_original_img_by_top-5_prototype.png
prototype activation map of the chosen image:./saved_models/vgg19/001_GTZAN_split_10/blues.00002_3.wav/top-1_class_prototypes/prototype_activation_map_by_top-5_prototype.png
normalized prototype activation map of the chosen image:./saved_models/vgg19/001_GTZAN_split_10/blues.00002_3.wav/top-1_class_prototypes/prototype_activation_map_by_top-5_prototype_normed.png
--------------------------------------------------------------
***************************************************************
***************************************************************
top 2 predicted class: 3
logit of the class: -34.138950
prototype index: 26
prototype class identity: 3
activation value (similarity score): 1.2800414562225342
last layer connection: 0.9188319444656372
most highly activated patch of the chosen image by this prototype:./saved_models/vgg19/001_GTZAN_split_10/blues.00002_3.wav/top-2_class_prototypes/most_highly_activated_patch_by_top-1_prototype.png
most highly activated patch by this prototype shown in the original image:./saved_models/vgg19/001_GTZAN_split_10/blues.00002_3.wav/top-2_class_prototypes/most_highly_activated_patch_in_original_img_by_top-1_prototype.png
prototype activation map of the chosen image:./saved_models/vgg19/001_GTZAN_split_10/blues.00002_3.wav/top-2_class_prototypes/prototype_activation_map_by_top-1_prototype.png
normalized prototype activation map of the chosen image:./saved_models/vgg19/001_GTZAN_split_10/blues.00002_3.wav/top-2_class_prototypes/prototype_activation_map_by_top-1_prototype_normed.png
--------------------------------------------------------------
prototype index: 20
prototype class identity: 3
activation value (similarity score): 1.0322524309158325
last layer connection: 0.8998262286186218
most highly activated patch of the chosen image by this prototype:./saved_models/vgg19/001_GTZAN_split_10/blues.00002_3.wav/top-2_class_prototypes/most_highly_activated_patch_by_top-2_prototype.png
most highly activated patch by this prototype shown in the original image:./saved_models/vgg19/001_GTZAN_split_10/blues.00002_3.wav/top-2_class_prototypes/most_highly_activated_patch_in_original_img_by_top-2_prototype.png
prototype activation map of the chosen image:./saved_models/vgg19/001_GTZAN_split_10/blues.00002_3.wav/top-2_class_prototypes/prototype_activation_map_by_top-2_prototype.png
normalized prototype activation map of the chosen image:./saved_models/vgg19/001_GTZAN_split_10/blues.00002_3.wav/top-2_class_prototypes/prototype_activation_map_by_top-2_prototype_normed.png
--------------------------------------------------------------
prototype index: 29
prototype class identity: 3
activation value (similarity score): 0.85794597864151
last layer connection: 1.0241533517837524
most highly activated patch of the chosen image by this prototype:./saved_models/vgg19/001_GTZAN_split_10/blues.00002_3.wav/top-2_class_prototypes/most_highly_activated_patch_by_top-3_prototype.png
most highly activated patch by this prototype shown in the original image:./saved_models/vgg19/001_GTZAN_split_10/blues.00002_3.wav/top-2_class_prototypes/most_highly_activated_patch_in_original_img_by_top-3_prototype.png
prototype activation map of the chosen image:./saved_models/vgg19/001_GTZAN_split_10/blues.00002_3.wav/top-2_class_prototypes/prototype_activation_map_by_top-3_prototype.png
normalized prototype activation map of the chosen image:./saved_models/vgg19/001_GTZAN_split_10/blues.00002_3.wav/top-2_class_prototypes/prototype_activation_map_by_top-3_prototype_normed.png
--------------------------------------------------------------
prototype index: 24
prototype class identity: 3
activation value (similarity score): 0.8230456709861755
last layer connection: 0.9094860553741455
most highly activated patch of the chosen image by this prototype:./saved_models/vgg19/001_GTZAN_split_10/blues.00002_3.wav/top-2_class_prototypes/most_highly_activated_patch_by_top-4_prototype.png
most highly activated patch by this prototype shown in the original image:./saved_models/vgg19/001_GTZAN_split_10/blues.00002_3.wav/top-2_class_prototypes/most_highly_activated_patch_in_original_img_by_top-4_prototype.png
prototype activation map of the chosen image:./saved_models/vgg19/001_GTZAN_split_10/blues.00002_3.wav/top-2_class_prototypes/prototype_activation_map_by_top-4_prototype.png
normalized prototype activation map of the chosen image:./saved_models/vgg19/001_GTZAN_split_10/blues.00002_3.wav/top-2_class_prototypes/prototype_activation_map_by_top-4_prototype_normed.png
--------------------------------------------------------------
prototype index: 22
prototype class identity: 3
activation value (similarity score): 0.40131238102912903
last layer connection: 1.0124588012695312
most highly activated patch of the chosen image by this prototype:./saved_models/vgg19/001_GTZAN_split_10/blues.00002_3.wav/top-2_class_prototypes/most_highly_activated_patch_by_top-5_prototype.png
most highly activated patch by this prototype shown in the original image:./saved_models/vgg19/001_GTZAN_split_10/blues.00002_3.wav/top-2_class_prototypes/most_highly_activated_patch_in_original_img_by_top-5_prototype.png
prototype activation map of the chosen image:./saved_models/vgg19/001_GTZAN_split_10/blues.00002_3.wav/top-2_class_prototypes/prototype_activation_map_by_top-5_prototype.png
normalized prototype activation map of the chosen image:./saved_models/vgg19/001_GTZAN_split_10/blues.00002_3.wav/top-2_class_prototypes/prototype_activation_map_by_top-5_prototype_normed.png
--------------------------------------------------------------
***************************************************************
***************************************************************
top 3 predicted class: 2
logit of the class: -34.169525
prototype index: 11
prototype class identity: 2
activation value (similarity score): 0.3536747395992279
last layer connection: 1.0752387046813965
most highly activated patch of the chosen image by this prototype:./saved_models/vgg19/001_GTZAN_split_10/blues.00002_3.wav/top-3_class_prototypes/most_highly_activated_patch_by_top-1_prototype.png
most highly activated patch by this prototype shown in the original image:./saved_models/vgg19/001_GTZAN_split_10/blues.00002_3.wav/top-3_class_prototypes/most_highly_activated_patch_in_original_img_by_top-1_prototype.png
prototype activation map of the chosen image:./saved_models/vgg19/001_GTZAN_split_10/blues.00002_3.wav/top-3_class_prototypes/prototype_activation_map_by_top-1_prototype.png
normalized prototype activation map of the chosen image:./saved_models/vgg19/001_GTZAN_split_10/blues.00002_3.wav/top-3_class_prototypes/prototype_activation_map_by_top-1_prototype_normed.png
--------------------------------------------------------------
prototype index: 15
prototype class identity: 2
activation value (similarity score): 0.23578748106956482
last layer connection: 0.9667117595672607
most highly activated patch of the chosen image by this prototype:./saved_models/vgg19/001_GTZAN_split_10/blues.00002_3.wav/top-3_class_prototypes/most_highly_activated_patch_by_top-2_prototype.png
most highly activated patch by this prototype shown in the original image:./saved_models/vgg19/001_GTZAN_split_10/blues.00002_3.wav/top-3_class_prototypes/most_highly_activated_patch_in_original_img_by_top-2_prototype.png
prototype activation map of the chosen image:./saved_models/vgg19/001_GTZAN_split_10/blues.00002_3.wav/top-3_class_prototypes/prototype_activation_map_by_top-2_prototype.png
normalized prototype activation map of the chosen image:./saved_models/vgg19/001_GTZAN_split_10/blues.00002_3.wav/top-3_class_prototypes/prototype_activation_map_by_top-2_prototype_normed.png
--------------------------------------------------------------
prototype index: 14
prototype class identity: 2
activation value (similarity score): 0.2315353900194168
last layer connection: 1.1246017217636108
most highly activated patch of the chosen image by this prototype:./saved_models/vgg19/001_GTZAN_split_10/blues.00002_3.wav/top-3_class_prototypes/most_highly_activated_patch_by_top-3_prototype.png
most highly activated patch by this prototype shown in the original image:./saved_models/vgg19/001_GTZAN_split_10/blues.00002_3.wav/top-3_class_prototypes/most_highly_activated_patch_in_original_img_by_top-3_prototype.png
prototype activation map of the chosen image:./saved_models/vgg19/001_GTZAN_split_10/blues.00002_3.wav/top-3_class_prototypes/prototype_activation_map_by_top-3_prototype.png
normalized prototype activation map of the chosen image:./saved_models/vgg19/001_GTZAN_split_10/blues.00002_3.wav/top-3_class_prototypes/prototype_activation_map_by_top-3_prototype_normed.png
--------------------------------------------------------------
prototype index: 13
prototype class identity: 2
activation value (similarity score): 0.17243453860282898
last layer connection: 1.0896828174591064
most highly activated patch of the chosen image by this prototype:./saved_models/vgg19/001_GTZAN_split_10/blues.00002_3.wav/top-3_class_prototypes/most_highly_activated_patch_by_top-4_prototype.png
most highly activated patch by this prototype shown in the original image:./saved_models/vgg19/001_GTZAN_split_10/blues.00002_3.wav/top-3_class_prototypes/most_highly_activated_patch_in_original_img_by_top-4_prototype.png
prototype activation map of the chosen image:./saved_models/vgg19/001_GTZAN_split_10/blues.00002_3.wav/top-3_class_prototypes/prototype_activation_map_by_top-4_prototype.png
normalized prototype activation map of the chosen image:./saved_models/vgg19/001_GTZAN_split_10/blues.00002_3.wav/top-3_class_prototypes/prototype_activation_map_by_top-4_prototype_normed.png
--------------------------------------------------------------
prototype index: 12
prototype class identity: 2
activation value (similarity score): 0.13070936501026154
last layer connection: 1.0480509996414185
most highly activated patch of the chosen image by this prototype:./saved_models/vgg19/001_GTZAN_split_10/blues.00002_3.wav/top-3_class_prototypes/most_highly_activated_patch_by_top-5_prototype.png
most highly activated patch by this prototype shown in the original image:./saved_models/vgg19/001_GTZAN_split_10/blues.00002_3.wav/top-3_class_prototypes/most_highly_activated_patch_in_original_img_by_top-5_prototype.png
prototype activation map of the chosen image:./saved_models/vgg19/001_GTZAN_split_10/blues.00002_3.wav/top-3_class_prototypes/prototype_activation_map_by_top-5_prototype.png
normalized prototype activation map of the chosen image:./saved_models/vgg19/001_GTZAN_split_10/blues.00002_3.wav/top-3_class_prototypes/prototype_activation_map_by_top-5_prototype_normed.png
--------------------------------------------------------------
***************************************************************
***************************************************************
Prediction is correct.
*** MOST ACTIVATED Training samples recovered map ***
{"./saved_models/vgg19/001_GTZAN_split_10/blues.00002_3.wav/most_activated_prototypes/top-1_training_sample.wav": "../datasets/GTZAN_split_10/train/10/blues.00071_3.wav", "./saved_models/vgg19/001_GTZAN_split_10/blues.00002_3.wav/most_activated_prototypes/top-2_training_sample.wav": "../datasets/GTZAN_split_10/train/8/country.00001_0.wav", "./saved_models/vgg19/001_GTZAN_split_10/blues.00002_3.wav/most_activated_prototypes/top-3_training_sample.wav": "../datasets/GTZAN_split_10/train/10/blues.00071_0.wav", "./saved_models/vgg19/001_GTZAN_split_10/blues.00002_3.wav/most_activated_prototypes/top-4_training_sample.wav": "../datasets/GTZAN_split_10/train/3/rock.00076_2.wav", "./saved_models/vgg19/001_GTZAN_split_10/blues.00002_3.wav/most_activated_prototypes/top-5_training_sample.wav": "../datasets/GTZAN_split_10/train/2/jazz.00026_4.wav"}
Execution time (minutes): 7.964038300514221
