training set size: 11238
push set size: 3746
test set size: 1249
batch size: 20
start training
epoch: 	0
	warm
	train
	time: 	293.3298978805542
	cross ent: 	1.958711699022517
	cluster: 	0.9415529615964966
	separation:	0.7217253490460513
	avg separation:	10.06060286009439
	accu: 		30.512546716497596%
	l1: 		550.0
	p dist pair: 	20.071025848388672
	test
	time: 	24.236732721328735
	cross ent: 	1.8474381272754972
	cluster: 	0.20242122951008024
	separation:	0.11141096457602485
	avg separation:	9.91399494050041
	accu: 		34.18734987990392%
	l1: 		550.0
	p dist pair: 	20.071025848388672
epoch: 	1
	warm
	train
	time: 	192.752295255661
	cross ent: 	1.7541691306647034
	cluster: 	0.1506529496816978
	separation:	0.09071325686398986
	avg separation:	9.822688482834351
	accu: 		37.150738565581065%
	l1: 		550.0
	p dist pair: 	20.626811981201172
	test
	time: 	18.352440357208252
	cross ent: 	1.742690708902147
	cluster: 	0.1321270956643044
	separation:	0.07396240810316707
	avg separation:	9.746256147112165
	accu: 		37.14971977582066%
	l1: 		550.0
	p dist pair: 	20.626811981201172
epoch: 	2
	warm
	train
	time: 	179.7231249809265
	cross ent: 	1.5477980716796957
	cluster: 	0.1179974502436419
	separation:	0.06664002328792926
	avg separation:	9.231556379922344
	accu: 		45.37284214273002%
	l1: 		550.0
	p dist pair: 	19.992450714111328
	test
	time: 	17.835159063339233
	cross ent: 	1.417047072970678
	cluster: 	0.09647934280690693
	separation:	0.05853933923774295
	avg separation:	8.980366055927579
	accu: 		49.079263410728586%
	l1: 		550.0
	p dist pair: 	19.992450714111328
epoch: 	3
	warm
	train
	time: 	159.6494665145874
	cross ent: 	1.4064873787856187
	cluster: 	0.1022493370420886
	separation:	0.06091071789242407
	avg separation:	8.453001666323571
	accu: 		50.99661861541199%
	l1: 		550.0
	p dist pair: 	19.45241355895996
	test
	time: 	17.961514711380005
	cross ent: 	1.475261772435809
	cluster: 	0.11487629713993223
	separation:	0.059189237122024806
	avg separation:	8.246354118226067
	accu: 		48.35868694955965%
	l1: 		550.0
	p dist pair: 	19.45241355895996
epoch: 	4
	warm
	train
	time: 	159.5544295310974
	cross ent: 	1.3136381271470907
	cluster: 	0.09794531141497274
	separation:	0.06730576511141032
	avg separation:	7.944834027850331
	accu: 		54.022067983626975%
	l1: 		550.0
	p dist pair: 	19.053064346313477
	test
	time: 	17.836840391159058
	cross ent: 	1.3676421670686632
	cluster: 	0.09037626652963578
	separation:	0.0560399695994362
	avg separation:	7.754462885478186
	accu: 		53.72297838270617%
	l1: 		550.0
	p dist pair: 	19.053064346313477
	above 50.00%
epoch: 	5
	joint
	train
	time: 	197.3663146495819
	cross ent: 	2.003956425020279
	cluster: 	0.14379682845280264
	separation:	0.10064114167543917
	avg separation:	9.001374853039128
	accu: 		24.657412350952125%
	l1: 		550.0
	p dist pair: 	20.065799713134766
	test
	time: 	17.718770027160645
	cross ent: 	1.7603171363709464
	cluster: 	0.0887765023443434
	separation:	0.060969908263475175
	avg separation:	9.24516859508696
	accu: 		33.62690152121697%
	l1: 		550.0
	p dist pair: 	20.065799713134766
	push
	Executing push ...
	push time: 	357.553377866745
	test
	time: 	18.48941707611084
	cross ent: 	9.530470779963903
	cluster: 	0.015815698748661414
	separation:	0.0036994423532474134
	avg separation:	1.4688305760186815
	accu: 		19.055244195356284%
	l1: 		550.0
	p dist pair: 	4.322828769683838
	last layer
iteration: 	0
	train
	time: 	160.20871782302856
	cross ent: 	7.868634582414321
	cluster: 	0.01978572956667517
	separation:	0.004089208398083907
	avg separation:	1.4075419637656297
	accu: 		19.7366079373554%
	l1: 		542.2077026367188
	p dist pair: 	4.322828769683838
	test
	time: 	17.84282875061035
	cross ent: 	4.641385059508067
	cluster: 	0.015815698748661414
	separation:	0.0036994423532474134
	avg separation:	1.4688305760186815
	accu: 		26.82145716573259%
	l1: 		542.2077026367188
	p dist pair: 	4.322828769683838
iteration: 	1
	train
	time: 	161.21186017990112
	cross ent: 	4.547850564705519
	cluster: 	0.01978679413549284
	separation:	0.00408971423384306
	avg separation:	1.4075698180130791
	accu: 		25.680726107848372%
	l1: 		538.8187255859375
	p dist pair: 	4.322828769683838
	test
	time: 	18.36115026473999
	cross ent: 	4.10834262673817
	cluster: 	0.015815698748661414
	separation:	0.0036994423532474134
	avg separation:	1.4688305760186815
	accu: 		30.74459567654123%
	l1: 		538.8187255859375
	p dist pair: 	4.322828769683838
iteration: 	2
	train
	time: 	157.73904132843018
	cross ent: 	3.897151862175015
	cluster: 	0.01978639923483531
	separation:	0.004088987194265163
	avg separation:	1.4075618237787295
	accu: 		27.638369816693363%
	l1: 		536.479248046875
	p dist pair: 	4.322828769683838
	test
	time: 	18.285131216049194
	cross ent: 	3.9234789666675387
	cluster: 	0.015815698748661414
	separation:	0.0036994423532474134
	avg separation:	1.4688305760186815
	accu: 		31.945556445156125%
	l1: 		536.479248046875
	p dist pair: 	4.322828769683838
iteration: 	3
	train
	time: 	159.77083110809326
	cross ent: 	3.6429345894114404
	cluster: 	0.019787871756912392
	separation:	0.004089736331418303
	avg separation:	1.4075483009484315
	accu: 		28.634988432105356%
	l1: 		534.2857666015625
	p dist pair: 	4.322828769683838
	test
	time: 	18.12512183189392
	cross ent: 	3.751027152651832
	cluster: 	0.015815698748661414
	separation:	0.0036994423532474134
	avg separation:	1.4688305760186815
	accu: 		32.90632506004803%
	l1: 		534.2857666015625
	p dist pair: 	4.322828769683838
iteration: 	4
	train
	time: 	159.29220056533813
	cross ent: 	3.4516665625826746
	cluster: 	0.01978771925781227
	separation:	0.004089593710841817
	avg separation:	1.4075642028737323
	accu: 		29.52482648158035%
	l1: 		532.144775390625
	p dist pair: 	4.322828769683838
	test
	time: 	18.131436586380005
	cross ent: 	3.586156510171436
	cluster: 	0.015815698748661414
	separation:	0.0036994423532474134
	avg separation:	1.4688305760186815
	accu: 		34.02722177742194%
	l1: 		532.144775390625
	p dist pair: 	4.322828769683838
epoch: 	6
	joint
	train
	time: 	197.04317378997803
	cross ent: 	1.856635876079471
	cluster: 	0.12813493214693464
	separation:	0.07130742125632407
	avg separation:	3.015175651400963
	accu: 		33.386723616301836%
	l1: 		532.144775390625
	p dist pair: 	7.258408546447754
	test
	time: 	18.10097885131836
	cross ent: 	1.873576317514692
	cluster: 	0.08309446257494744
	separation:	0.058043793376002996
	avg separation:	3.3327921307276167
	accu: 		35.468374699759806%
	l1: 		532.144775390625
	p dist pair: 	7.258408546447754
epoch: 	7
	joint
	train
	time: 	196.4687442779541
	cross ent: 	1.4085933017773136
	cluster: 	0.08163461591584402
	separation:	0.05689155282552132
	avg separation:	3.4163045034714017
	accu: 		51.09450080085425%
	l1: 		532.144775390625
	p dist pair: 	8.592461585998535
	test
	time: 	18.204416751861572
	cross ent: 	1.1481147153036935
	cluster: 	0.07283171609280602
	separation:	0.054961575816075005
	avg separation:	3.663045886963133
	accu: 		62.69015212169736%
	l1: 		532.144775390625
	p dist pair: 	8.592461585998535
	above 50.00%
epoch: 	8
	joint
	train
	time: 	196.73885917663574
	cross ent: 	1.0635656568079233
	cluster: 	0.06614012840565202
	separation:	0.04343160086732318
	avg separation:	3.571793890084236
	accu: 		64.12172984516818%
	l1: 		532.144775390625
	p dist pair: 	9.064425468444824
	test
	time: 	18.500463724136353
	cross ent: 	0.9692194901761555
	cluster: 	0.06974718701981363
	separation:	0.060698508624992674
	avg separation:	3.7656986410655673
	accu: 		67.57405924739793%
	l1: 		532.144775390625
	p dist pair: 	9.064425468444824
	above 50.00%
epoch: 	9
	joint
	train
	time: 	196.74812936782837
	cross ent: 	0.9319215991212804
	cluster: 	0.06662256950081667
	separation:	0.04660484064834398
	avg separation:	3.794930204377904
	accu: 		69.03363587827015%
	l1: 		532.144775390625
	p dist pair: 	10.017012596130371
	test
	time: 	18.559252738952637
	cross ent: 	0.8704076508680979
	cluster: 	0.07852479762264661
	separation:	0.06584964597982074
	avg separation:	4.031875296244546
	accu: 		72.2978382706165%
	l1: 		532.144775390625
	p dist pair: 	10.017012596130371
	above 50.00%
epoch: 	10
	joint
	train
	time: 	196.71400117874146
	cross ent: 	0.5134650167886473
	cluster: 	0.05069571950893809
	separation:	0.05265538122014431
	avg separation:	3.9784429824224996
	accu: 		83.96511834846058%
	l1: 		532.144775390625
	p dist pair: 	9.871853828430176
	test
	time: 	18.353394746780396
	cross ent: 	0.5844528509510888
	cluster: 	0.04793481871722236
	separation:	0.05225920041520444
	avg separation:	4.012141878642733
	accu: 		80.94475580464372%
	l1: 		532.144775390625
	p dist pair: 	9.871853828430176
	above 50.00%
	push
	Executing push ...
	push time: 	336.6664831638336
	test
	time: 	18.44626259803772
	cross ent: 	2.5321350589631098
	cluster: 	0.015713368062048205
	separation:	0.01357347626859943
	avg separation:	2.9834244062030124
	accu: 		69.9759807846277%
	l1: 		532.144775390625
	p dist pair: 	7.800393581390381
	above 50.00%
	last layer
iteration: 	0
	train
	time: 	161.57139587402344
	cross ent: 	1.2610142493895602
	cluster: 	0.011407036549292399
	separation:	0.010848069730052373
	avg separation:	2.8800263324242046
	accu: 		78.5193094856736%
	l1: 		531.176025390625
	p dist pair: 	7.800393581390381
	test
	time: 	19.118261575698853
	cross ent: 	1.8712388977171883
	cluster: 	0.015713368062048205
	separation:	0.01357347626859943
	avg separation:	2.9834244062030124
	accu: 		74.69975980784628%
	l1: 		531.176025390625
	p dist pair: 	7.800393581390381
	above 50.00%
iteration: 	1
	train
	time: 	139.64156699180603
	cross ent: 	0.9866690783234465
	cluster: 	0.011406871164549023
	separation:	0.01084804349683318
	avg separation:	2.8800295192575964
	accu: 		82.17654386901584%
	l1: 		530.1260986328125
	p dist pair: 	7.800393581390381
	test
	time: 	19.16821551322937
	cross ent: 	1.7601154832139847
	cluster: 	0.015713368062048205
	separation:	0.01357347626859943
	avg separation:	2.9834244062030124
	accu: 		75.98078462770216%
	l1: 		530.1260986328125
	p dist pair: 	7.800393581390381
	above 50.00%
iteration: 	2
	train
	time: 	160.46989846229553
	cross ent: 	0.9327494264116305
	cluster: 	0.011410441369338631
	separation:	0.010848675952276407
	avg separation:	2.880016248845545
	accu: 		82.86171916711157%
	l1: 		529.0223388671875
	p dist pair: 	7.800393581390381
	test
	time: 	18.51861333847046
	cross ent: 	1.7189283376884839
	cluster: 	0.015713368062048205
	separation:	0.01357347626859943
	avg separation:	2.9834244062030124
	accu: 		76.46116893514812%
	l1: 		529.0223388671875
	p dist pair: 	7.800393581390381
	above 50.00%
iteration: 	3
	train
	time: 	160.82228469848633
	cross ent: 	0.905855086801103
	cluster: 	0.011406661053950438
	separation:	0.010847449272844503
	avg separation:	2.8800005208555066
	accu: 		83.39562199679659%
	l1: 		527.8693237304688
	p dist pair: 	7.800393581390381
	test
	time: 	18.568907022476196
	cross ent: 	1.6890712446636624
	cluster: 	0.015713368062048205
	separation:	0.01357347626859943
	avg separation:	2.9834244062030124
	accu: 		76.5412329863891%
	l1: 		527.8693237304688
	p dist pair: 	7.800393581390381
	above 50.00%
iteration: 	4
	train
	time: 	160.2626543045044
	cross ent: 	0.8836688100280791
	cluster: 	0.011405827299429907
	separation:	0.010848173815707322
	avg separation:	2.880049131094773
	accu: 		83.58248798718633%
	l1: 		526.6483154296875
	p dist pair: 	7.800393581390381
	test
	time: 	17.262383460998535
	cross ent: 	1.6521371134689875
	cluster: 	0.015713368062048205
	separation:	0.01357347626859943
	avg separation:	2.9834244062030124
	accu: 		76.62129703763011%
	l1: 		526.6483154296875
	p dist pair: 	7.800393581390381
	above 50.00%
epoch: 	11
	joint
	train
	time: 	197.52014422416687
	cross ent: 	0.4563479946787035
	cluster: 	0.026211681015941967
	separation:	0.022902465843035444
	avg separation:	3.0664676207240364
	accu: 		86.06513614522157%
	l1: 		526.6483154296875
	p dist pair: 	7.949369430541992
	test
	time: 	17.673662900924683
	cross ent: 	0.46911633925305474
	cluster: 	0.026722127689965187
	separation:	0.027288424043310066
	avg separation:	3.131896219556294
	accu: 		85.02802241793435%
	l1: 		526.6483154296875
	p dist pair: 	7.949369430541992
	above 50.00%
epoch: 	12
	joint
	train
	time: 	196.73583316802979
	cross ent: 	0.3244680669324413
	cluster: 	0.021314453315387522
	separation:	0.02197397359418169
	avg separation:	2.982229610354875
	accu: 		89.4910126357003%
	l1: 		526.6483154296875
	p dist pair: 	7.927225112915039
	test
	time: 	19.28269863128662
	cross ent: 	0.5854318889360579
	cluster: 	0.026603196703252337
	separation:	0.025841004717799407
	avg separation:	3.0736054806482223
	accu: 		81.82546036829463%
	l1: 		526.6483154296875
	p dist pair: 	7.927225112915039
	above 50.00%
epoch: 	13
	joint
	train
	time: 	197.17744660377502
	cross ent: 	0.2619724837562659
	cluster: 	0.017643312913667265
	separation:	0.020020181719160694
	avg separation:	2.930535807304111
	accu: 		91.55543691048229%
	l1: 		526.6483154296875
	p dist pair: 	7.9116716384887695
	test
	time: 	19.343011140823364
	cross ent: 	0.4126688586104484
	cluster: 	0.02019250626483607
	separation:	0.02033900481367868
	avg separation:	3.01970350553119
	accu: 		87.18975180144115%
	l1: 		526.6483154296875
	p dist pair: 	7.9116716384887695
	above 50.00%
epoch: 	14
	joint
	train
	time: 	197.20029473304749
	cross ent: 	0.21691736851875204
	cluster: 	0.015535572395424666
	separation:	0.017052889092298375
	avg separation:	2.870456953489908
	accu: 		92.87239722370528%
	l1: 		526.6483154296875
	p dist pair: 	7.877049922943115
	test
	time: 	18.827251195907593
	cross ent: 	0.43047115200805286
	cluster: 	0.020225513209071424
	separation:	0.021754772727569892
	avg separation:	3.0089525268191384
	accu: 		86.86949559647718%
	l1: 		526.6483154296875
	p dist pair: 	7.877049922943115
	above 50.00%
epoch: 	15
	joint
	train
	time: 	197.04856419563293
	cross ent: 	0.14209128102764912
	cluster: 	0.015007026696551153
	separation:	0.01841807167138573
	avg separation:	2.879238580045327
	accu: 		95.76437088449902%
	l1: 		526.6483154296875
	p dist pair: 	7.868649959564209
	test
	time: 	18.981101989746094
	cross ent: 	0.43141868000938777
	cluster: 	0.018141745900114376
	separation:	0.021061021989832323
	avg separation:	2.993690808614095
	accu: 		86.94955964771817%
	l1: 		526.6483154296875
	p dist pair: 	7.868649959564209
	above 50.00%
	push
	Executing push ...
	push time: 	318.17251443862915
	test
	time: 	18.799638032913208
	cross ent: 	0.9993430749173202
	cluster: 	0.01044562899522365
	separation:	0.010353321409119027
	avg separation:	2.6193627781338162
	accu: 		81.18494795836669%
	l1: 		526.6483154296875
	p dist pair: 	7.041688919067383
	above 50.00%
	last layer
iteration: 	0
	train
	time: 	161.76920437812805
	cross ent: 	0.28322514568416574
	cluster: 	0.007800055529385328
	separation:	0.009012729032263425
	avg separation:	2.508051223602159
	accu: 		92.58764904787328%
	l1: 		526.419921875
	p dist pair: 	7.041688919067383
	test
	time: 	18.71907377243042
	cross ent: 	0.8544752230897309
	cluster: 	0.01044562899522365
	separation:	0.010353321409119027
	avg separation:	2.6193627781338162
	accu: 		82.46597277822258%
	l1: 		526.419921875
	p dist pair: 	7.041688919067383
	above 50.00%
iteration: 	1
	train
	time: 	161.18230533599854
	cross ent: 	0.24016396652646546
	cluster: 	0.00779946620022593
	separation:	0.009012880405739242
	avg separation:	2.507991006790107
	accu: 		93.48638547784304%
	l1: 		526.1240844726562
	p dist pair: 	7.041688919067383
	test
	time: 	17.994391918182373
	cross ent: 	0.8325240044958062
	cluster: 	0.01044562899522365
	separation:	0.010353321409119027
	avg separation:	2.6193627781338162
	accu: 		82.46597277822258%
	l1: 		526.1240844726562
	p dist pair: 	7.041688919067383
	above 50.00%
iteration: 	2
	train
	time: 	162.69508337974548
	cross ent: 	0.22834090206869861
	cluster: 	0.007798733284160018
	separation:	0.009013459616708585
	avg separation:	2.5080486099066683
	accu: 		93.62875956575904%
	l1: 		525.7947998046875
	p dist pair: 	7.041688919067383
	test
	time: 	17.985964059829712
	cross ent: 	0.8206644121794
	cluster: 	0.01044562899522365
	separation:	0.010353321409119027
	avg separation:	2.6193627781338162
	accu: 		82.70616493194555%
	l1: 		525.7947998046875
	p dist pair: 	7.041688919067383
	above 50.00%
iteration: 	3
	train
	time: 	161.7425889968872
	cross ent: 	0.2196504490071364
	cluster: 	0.007799119502968847
	separation:	0.009011643062912432
	avg separation:	2.5080814828227846
	accu: 		93.81562555614879%
	l1: 		525.3453369140625
	p dist pair: 	7.041688919067383
	test
	time: 	19.296363592147827
	cross ent: 	0.8076894929602979
	cluster: 	0.01044562899522365
	separation:	0.010353321409119027
	avg separation:	2.6193627781338162
	accu: 		82.70616493194555%
	l1: 		525.3453369140625
	p dist pair: 	7.041688919067383
	above 50.00%
iteration: 	4
	train
	time: 	146.94243693351746
	cross ent: 	0.21208566738486462
	cluster: 	0.007798714656051368
	separation:	0.009010877038494706
	avg separation:	2.5080737567032783
	accu: 		93.95799964406478%
	l1: 		524.8494873046875
	p dist pair: 	7.041688919067383
	test
	time: 	18.207935571670532
	cross ent: 	0.795032236281605
	cluster: 	0.01044562899522365
	separation:	0.010353321409119027
	avg separation:	2.6193627781338162
	accu: 		83.02642113690952%
	l1: 		524.8494873046875
	p dist pair: 	7.041688919067383
	above 50.00%
epoch: 	16
	joint
	train
	time: 	197.76259326934814
	cross ent: 	0.16929915526366437
	cluster: 	0.008901295366073923
	separation:	0.009469177937251102
	avg separation:	2.499789835083103
	accu: 		94.83893931304502%
	l1: 		524.8494873046875
	p dist pair: 	7.045344352722168
	test
	time: 	18.541977405548096
	cross ent: 	0.5506689790488472
	cluster: 	0.011626963998885855
	separation:	0.012294805871086225
	avg separation:	2.614617673177568
	accu: 		86.6293034427542%
	l1: 		524.8494873046875
	p dist pair: 	7.045344352722168
	above 50.00%
epoch: 	17
	joint
	train
	time: 	197.00611567497253
	cross ent: 	0.1310912505097959
	cluster: 	0.009198889282144261
	separation:	0.010596280265019483
	avg separation:	2.4980904678432965
	accu: 		96.09361096280476%
	l1: 		524.8494873046875
	p dist pair: 	7.046327114105225
	test
	time: 	18.673224210739136
	cross ent: 	0.5245467540881936
	cluster: 	0.011773730229054178
	separation:	0.013172433774415699
	avg separation:	2.602494727997553
	accu: 		87.26981585268214%
	l1: 		524.8494873046875
	p dist pair: 	7.046327114105225
	above 50.00%
epoch: 	18
	joint
	train
	time: 	197.1260769367218
	cross ent: 	0.11562008309895604
	cluster: 	0.009138207230136938
	separation:	0.010980761637728913
	avg separation:	2.4884611798775156
	accu: 		96.60971703150027%
	l1: 		524.8494873046875
	p dist pair: 	7.045135021209717
	test
	time: 	18.601153135299683
	cross ent: 	0.5144221449477805
	cluster: 	0.012028735722341234
	separation:	0.013392828404903412
	avg separation:	2.61150466449677
	accu: 		86.54923939151321%
	l1: 		524.8494873046875
	p dist pair: 	7.045135021209717
	above 50.00%
epoch: 	19
	joint
	train
	time: 	197.1550362110138
	cross ent: 	0.10591118065830904
	cluster: 	0.008837030236476707
	separation:	0.011206343955214523
	avg separation:	2.484478124095876
	accu: 		96.94785549030075%
	l1: 		524.8494873046875
	p dist pair: 	7.0408525466918945
	test
	time: 	17.877384901046753
	cross ent: 	0.5297639325320248
	cluster: 	0.011757334472522848
	separation:	0.013706006482982683
	avg separation:	2.6031832316565136
	accu: 		86.86949559647718%
	l1: 		524.8494873046875
	p dist pair: 	7.0408525466918945
	above 50.00%
Early stop training because: (1) training acc convergend && (2) cluster cost is smaller then separation cost on training set
	test
	time: 	17.956437587738037
	cross ent: 	0.5297639325320248
	cluster: 	0.011757334472522848
	separation:	0.013706006482982683
	avg separation:	2.6031832316565136
	accu: 		86.86949559647718%
	l1: 		524.8494873046875
	p dist pair: 	7.0408525466918945
	above 50.00%
Execution time (minutes): 134.33540698289872
