training set size: 3600
push set size: 300
test set size: 100
batch size: 20
start training
epoch: 	0
	warm
	train
	time: 	122.07499718666077
	cross ent: 	2.186841324965159
	cluster: 	2.2589135731259984
	separation:	1.6917619082662794
	avg separation:	11.070791419347128
	accu: 		19.194444444444443%
	l1: 		550.0
	p dist pair: 	20.185932159423828
	test
	time: 	3.6636574268341064
	cross ent: 	2.1052274227142336
	cluster: 	0.6255433082580566
	separation:	0.3492040276527405
	avg separation:	10.759042358398437
	accu: 		25.0%
	l1: 		550.0
	p dist pair: 	20.185932159423828
epoch: 	1
	warm
	train
	time: 	46.53457427024841
	cross ent: 	2.027154580089781
	cluster: 	0.4263765699333615
	separation:	0.23392864457435078
	avg separation:	10.209198437796699
	accu: 		26.555555555555554%
	l1: 		550.0
	p dist pair: 	19.16452407836914
	test
	time: 	2.4145870208740234
	cross ent: 	2.087918758392334
	cluster: 	0.42240464091300967
	separation:	0.1707863599061966
	avg separation:	9.407527542114257
	accu: 		30.0%
	l1: 		550.0
	p dist pair: 	19.16452407836914
epoch: 	2
	warm
	train
	time: 	41.60113883018494
	cross ent: 	1.933990814950731
	cluster: 	0.33645475539896225
	separation:	0.1768407286455234
	avg separation:	9.464168723424276
	accu: 		30.277777777777775%
	l1: 		550.0
	p dist pair: 	18.303848266601562
	test
	time: 	2.199491500854492
	cross ent: 	1.817539143562317
	cluster: 	0.23207061886787414
	separation:	0.11766861230134965
	avg separation:	8.946835708618163
	accu: 		30.0%
	l1: 		550.0
	p dist pair: 	18.303848266601562
epoch: 	3
	warm
	train
	time: 	39.96779799461365
	cross ent: 	1.8462847047381932
	cluster: 	0.24962724530034594
	separation:	0.13141161414484184
	avg separation:	8.88075761795044
	accu: 		33.44444444444444%
	l1: 		550.0
	p dist pair: 	17.61128807067871
	test
	time: 	2.244321584701538
	cross ent: 	1.8547228574752808
	cluster: 	0.19874924123287202
	separation:	0.10273017883300781
	avg separation:	8.56126766204834
	accu: 		39.0%
	l1: 		550.0
	p dist pair: 	17.61128807067871
epoch: 	4
	warm
	train
	time: 	39.9648072719574
	cross ent: 	1.756532926691903
	cluster: 	0.22297300559779007
	separation:	0.10901568068398369
	avg separation:	8.28920521206326
	accu: 		37.861111111111114%
	l1: 		550.0
	p dist pair: 	16.613174438476562
	test
	time: 	2.2748119831085205
	cross ent: 	1.5877018928527833
	cluster: 	0.19855522513389587
	separation:	0.0983474761247635
	avg separation:	7.92422513961792
	accu: 		37.0%
	l1: 		550.0
	p dist pair: 	16.613174438476562
epoch: 	5
	joint
	train
	time: 	48.64519166946411
	cross ent: 	2.209415842427148
	cluster: 	0.31851318296458986
	separation:	0.13896200886617105
	avg separation:	8.468885779380798
	accu: 		17.083333333333332%
	l1: 		550.0
	p dist pair: 	16.895780563354492
	test
	time: 	2.2773005962371826
	cross ent: 	2.131531095504761
	cluster: 	0.20309570729732512
	separation:	0.08842254877090454
	avg separation:	8.51922664642334
	accu: 		22.0%
	l1: 		550.0
	p dist pair: 	16.895780563354492
	push
	Executing push ...
	push time: 	171.45960021018982
	test
	time: 	2.725656032562256
	cross ent: 	14.257662391662597
	cluster: 	0.012394256982952356
	separation:	0.0013459015171974897
	avg separation:	0.108579882979393
	accu: 		12.0%
	l1: 		550.0
	p dist pair: 	0.6960756778717041
	last layer
iteration: 	0
	train
	time: 	39.56136202812195
	cross ent: 	14.262268487612406
	cluster: 	0.008181002012376364
	separation:	0.0012045055196116057
	avg separation:	0.12565930825140742
	accu: 		9.388888888888888%
	l1: 		545.77734375
	p dist pair: 	0.6960756778717041
	test
	time: 	2.2860004901885986
	cross ent: 	10.173497772216797
	cluster: 	0.012394256982952356
	separation:	0.0013459015171974897
	avg separation:	0.108579882979393
	accu: 		16.0%
	l1: 		545.77734375
	p dist pair: 	0.6960756778717041
iteration: 	1
	train
	time: 	39.76607871055603
	cross ent: 	10.74439812766181
	cluster: 	0.008181001997501072
	separation:	0.0012045055168629106
	avg separation:	0.1256593084997601
	accu: 		12.833333333333332%
	l1: 		543.8738403320312
	p dist pair: 	0.6960756778717041
	test
	time: 	2.3051013946533203
	cross ent: 	8.357731533050536
	cluster: 	0.012394256982952356
	separation:	0.0013459015171974897
	avg separation:	0.108579882979393
	accu: 		21.0%
	l1: 		543.8738403320312
	p dist pair: 	0.6960756778717041
iteration: 	2
	train
	time: 	40.08421349525452
	cross ent: 	9.25656029648251
	cluster: 	0.008181002027251654
	separation:	0.0012045055155087742
	avg separation:	0.1256593079616626
	accu: 		15.166666666666668%
	l1: 		542.7892456054688
	p dist pair: 	0.6960756778717041
	test
	time: 	2.338348388671875
	cross ent: 	7.7278039932250975
	cluster: 	0.012394256982952356
	separation:	0.0013459015171974897
	avg separation:	0.108579882979393
	accu: 		24.0%
	l1: 		542.7892456054688
	p dist pair: 	0.6960756778717041
iteration: 	3
	train
	time: 	39.826706647872925
	cross ent: 	8.766958724127875
	cluster: 	0.008181002025311399
	separation:	0.0012045055132249318
	avg separation:	0.1256593085411522
	accu: 		15.916666666666668%
	l1: 		542.15087890625
	p dist pair: 	0.6960756778717041
	test
	time: 	2.3232169151306152
	cross ent: 	7.481602764129638
	cluster: 	0.012394256982952356
	separation:	0.0013459015171974897
	avg separation:	0.108579882979393
	accu: 		23.0%
	l1: 		542.15087890625
	p dist pair: 	0.6960756778717041
iteration: 	4
	train
	time: 	39.783353090286255
	cross ent: 	8.526697908507453
	cluster: 	0.008181002011729612
	separation:	0.0012045055227645207
	avg separation:	0.12565930895507335
	accu: 		16.27777777777778%
	l1: 		541.6927490234375
	p dist pair: 	0.6960756778717041
	test
	time: 	2.2304320335388184
	cross ent: 	7.256477546691895
	cluster: 	0.012394256982952356
	separation:	0.0013459015171974897
	avg separation:	0.108579882979393
	accu: 		23.0%
	l1: 		541.6927490234375
	p dist pair: 	0.6960756778717041
epoch: 	6
	joint
	train
	time: 	48.644325733184814
	cross ent: 	2.277173962195714
	cluster: 	0.4401833059162729
	separation:	0.2579177231883578
	avg separation:	1.2162823698586889
	accu: 		19.47222222222222%
	l1: 		541.6927490234375
	p dist pair: 	1.3762840032577515
	test
	time: 	2.298407554626465
	cross ent: 	1.929063081741333
	cluster: 	0.1594151347875595
	separation:	0.0777202621102333
	avg separation:	1.174450945854187
	accu: 		23.0%
	l1: 		541.6927490234375
	p dist pair: 	1.3762840032577515
epoch: 	7
	joint
	train
	time: 	49.19324588775635
	cross ent: 	1.8326583703358967
	cluster: 	0.10419941550741593
	separation:	0.0640729661203093
	avg separation:	0.9762109829319848
	accu: 		28.055555555555557%
	l1: 		541.6927490234375
	p dist pair: 	1.5153251886367798
	test
	time: 	2.2747020721435547
	cross ent: 	1.9790541887283326
	cluster: 	0.184115532040596
	separation:	0.09409469664096833
	avg separation:	1.3466241359710693
	accu: 		25.0%
	l1: 		541.6927490234375
	p dist pair: 	1.5153251886367798
epoch: 	8
	joint
	train
	time: 	49.31748676300049
	cross ent: 	1.6615847759776645
	cluster: 	0.09489231310370895
	separation:	0.06325868306060632
	avg separation:	0.9997168481349945
	accu: 		34.333333333333336%
	l1: 		541.6927490234375
	p dist pair: 	1.6944152116775513
	test
	time: 	2.315330982208252
	cross ent: 	1.5818296194076538
	cluster: 	0.07516372799873353
	separation:	0.047190780937671664
	avg separation:	0.9329882144927979
	accu: 		41.0%
	l1: 		541.6927490234375
	p dist pair: 	1.6944152116775513
epoch: 	9
	joint
	train
	time: 	49.25156235694885
	cross ent: 	1.4878982580370372
	cluster: 	0.08979465187423759
	separation:	0.055827103637986715
	avg separation:	1.0937330428096983
	accu: 		42.833333333333336%
	l1: 		541.6927490234375
	p dist pair: 	1.830532193183899
	test
	time: 	2.1743016242980957
	cross ent: 	1.9951605319976806
	cluster: 	0.1481275200843811
	separation:	0.10664360225200653
	avg separation:	0.9771525859832764
	accu: 		28.000000000000004%
	l1: 		541.6927490234375
	p dist pair: 	1.830532193183899
epoch: 	10
	joint
	train
	time: 	49.05853533744812
	cross ent: 	1.181406275431315
	cluster: 	0.06882702606833643
	separation:	0.051363666107257205
	avg separation:	1.0934169365300073
	accu: 		54.80555555555555%
	l1: 		541.6927490234375
	p dist pair: 	1.8239187002182007
	test
	time: 	2.311697483062744
	cross ent: 	1.4241239070892333
	cluster: 	0.050200043618679045
	separation:	0.03419868536293506
	avg separation:	1.037496852874756
	accu: 		52.0%
	l1: 		541.6927490234375
	p dist pair: 	1.8239187002182007
	above 50.00%
	push
	Executing push ...
	push time: 	178.3980860710144
	test
	time: 	2.2787203788757324
	cross ent: 	9.570079135894776
	cluster: 	0.011232376284897327
	separation:	0.0021207428304478525
	avg separation:	0.3551016390323639
	accu: 		31.0%
	l1: 		541.6927490234375
	p dist pair: 	0.8487158417701721
	last layer
iteration: 	0
	train
	time: 	38.229151010513306
	cross ent: 	8.915074525939094
	cluster: 	0.01150647922574232
	separation:	0.002096174066213684
	avg separation:	0.3837456917597188
	accu: 		26.13888888888889%
	l1: 		541.5138549804688
	p dist pair: 	0.8487158417701721
	test
	time: 	2.271713972091675
	cross ent: 	7.296530151367188
	cluster: 	0.011232376284897327
	separation:	0.0021207428304478525
	avg separation:	0.3551016390323639
	accu: 		31.0%
	l1: 		541.5138549804688
	p dist pair: 	0.8487158417701721
iteration: 	1
	train
	time: 	39.84933352470398
	cross ent: 	6.701748462518056
	cluster: 	0.011506479229622831
	separation:	0.002096174063950053
	avg separation:	0.3837456946571668
	accu: 		31.194444444444446%
	l1: 		541.2376708984375
	p dist pair: 	0.8487158417701721
	test
	time: 	2.2791898250579834
	cross ent: 	6.177119636535645
	cluster: 	0.011232376284897327
	separation:	0.0021207428304478525
	avg separation:	0.3551016390323639
	accu: 		33.0%
	l1: 		541.2376708984375
	p dist pair: 	0.8487158417701721
iteration: 	2
	train
	time: 	39.74536752700806
	cross ent: 	5.408349434534709
	cluster: 	0.011506479259373413
	separation:	0.0020961740668604357
	avg separation:	0.3837456934981876
	accu: 		35.02777777777778%
	l1: 		541.0162353515625
	p dist pair: 	0.8487158417701721
	test
	time: 	2.35119366645813
	cross ent: 	5.583897638320923
	cluster: 	0.011232376284897327
	separation:	0.0021207428304478525
	avg separation:	0.3551016390323639
	accu: 		32.0%
	l1: 		541.0162353515625
	p dist pair: 	0.8487158417701721
iteration: 	3
	train
	time: 	38.78876090049744
	cross ent: 	4.618671655654907
	cluster: 	0.011506479249025385
	separation:	0.002096174068477315
	avg separation:	0.38374569647841983
	accu: 		36.916666666666664%
	l1: 		540.9210205078125
	p dist pair: 	0.8487158417701721
	test
	time: 	2.3061110973358154
	cross ent: 	5.237305974960327
	cluster: 	0.011232376284897327
	separation:	0.0021207428304478525
	avg separation:	0.3551016390323639
	accu: 		35.0%
	l1: 		540.9210205078125
	p dist pair: 	0.8487158417701721
iteration: 	4
	train
	time: 	39.22838592529297
	cross ent: 	4.114059268103706
	cluster: 	0.011506479223155314
	separation:	0.002096174059746166
	avg separation:	0.3837456946571668
	accu: 		38.47222222222222%
	l1: 		540.8723754882812
	p dist pair: 	0.8487158417701721
	test
	time: 	2.3130929470062256
	cross ent: 	5.039739084243775
	cluster: 	0.011232376284897327
	separation:	0.0021207428304478525
	avg separation:	0.3551016390323639
	accu: 		33.0%
	l1: 		540.8723754882812
	p dist pair: 	0.8487158417701721
epoch: 	11
	joint
	train
	time: 	48.73745608329773
	cross ent: 	1.5232681261168586
	cluster: 	0.05706985792041653
	separation:	0.02860283362614508
	avg separation:	0.49558183203140893
	accu: 		48.77777777777778%
	l1: 		540.8723754882812
	p dist pair: 	0.8804730176925659
	test
	time: 	2.333491802215576
	cross ent: 	1.6634636163711547
	cluster: 	0.03936912640929222
	separation:	0.01824119593948126
	avg separation:	0.4844603478908539
	accu: 		51.0%
	l1: 		540.8723754882812
	p dist pair: 	0.8804730176925659
	above 50.00%
epoch: 	12
	joint
	train
	time: 	49.139739751815796
	cross ent: 	0.9999950264890989
	cluster: 	0.029539091828175715
	separation:	0.014070589452361067
	avg separation:	0.4404644201199214
	accu: 		62.11111111111111%
	l1: 		540.8723754882812
	p dist pair: 	0.8847694396972656
	test
	time: 	2.3038036823272705
	cross ent: 	1.9014912128448487
	cluster: 	0.031159286946058275
	separation:	0.011720123700797558
	avg separation:	0.43536691665649413
	accu: 		47.0%
	l1: 		540.8723754882812
	p dist pair: 	0.8847694396972656
epoch: 	13
	joint
	train
	time: 	49.296159505844116
	cross ent: 	0.8265556254320674
	cluster: 	0.023832330040426716
	separation:	0.012562211530490055
	avg separation:	0.41264097111092674
	accu: 		68.97222222222223%
	l1: 		540.8723754882812
	p dist pair: 	0.8868714570999146
	test
	time: 	2.2283854484558105
	cross ent: 	1.9687541723251343
	cluster: 	0.026202087476849555
	separation:	0.013011474907398225
	avg separation:	0.39280920624732973
	accu: 		51.0%
	l1: 		540.8723754882812
	p dist pair: 	0.8868714570999146
	above 50.00%
epoch: 	14
	joint
	train
	time: 	49.17462182044983
	cross ent: 	0.7245851337909699
	cluster: 	0.01929222773243156
	separation:	0.011213692782136301
	avg separation:	0.3978307818373044
	accu: 		73.05555555555556%
	l1: 		540.8723754882812
	p dist pair: 	0.8865541815757751
	test
	time: 	2.399298667907715
	cross ent: 	2.052189254760742
	cluster: 	0.023555679619312285
	separation:	0.010111313033849
	avg separation:	0.35682095885276793
	accu: 		51.0%
	l1: 		540.8723754882812
	p dist pair: 	0.8865541815757751
	above 50.00%
epoch: 	15
	joint
	train
	time: 	48.89065670967102
	cross ent: 	0.5761032261782222
	cluster: 	0.017413578285939164
	separation:	0.010864139322398438
	avg separation:	0.3906670437918769
	accu: 		79.91666666666667%
	l1: 		540.8723754882812
	p dist pair: 	0.8870322108268738
	test
	time: 	2.223937749862671
	cross ent: 	1.9366016149520875
	cluster: 	0.022586288675665856
	separation:	0.009551468025892972
	avg separation:	0.37498501539230344
	accu: 		53.0%
	l1: 		540.8723754882812
	p dist pair: 	0.8870322108268738
	above 50.00%
	push
	Executing push ...
	push time: 	158.30560398101807
	test
	time: 	2.2334961891174316
	cross ent: 	7.415019226074219
	cluster: 	0.010785522684454919
	separation:	0.002489242609590292
	avg separation:	0.30276429653167725
	accu: 		27.0%
	l1: 		540.8723754882812
	p dist pair: 	0.8436853289604187
	last layer
iteration: 	0
	train
	time: 	40.094334840774536
	cross ent: 	4.420896168549856
	cluster: 	0.0063289918729828466
	separation:	0.0023220846762544373
	avg separation:	0.3104336283273167
	accu: 		46.13888888888889%
	l1: 		540.7451171875
	p dist pair: 	0.8436853289604187
	test
	time: 	2.25982666015625
	cross ent: 	5.227942180633545
	cluster: 	0.010785522684454919
	separation:	0.002489242609590292
	avg separation:	0.30276429653167725
	accu: 		41.0%
	l1: 		540.7451171875
	p dist pair: 	0.8436853289604187
iteration: 	1
	train
	time: 	39.554226875305176
	cross ent: 	2.7368932604789733
	cluster: 	0.006328991891091896
	separation:	0.0023220846781946925
	avg separation:	0.31043363039692246
	accu: 		53.11111111111111%
	l1: 		540.5323486328125
	p dist pair: 	0.8436853289604187
	test
	time: 	2.271549940109253
	cross ent: 	4.741252088546753
	cluster: 	0.010785522684454919
	separation:	0.002489242609590292
	avg separation:	0.30276429653167725
	accu: 		43.0%
	l1: 		540.5323486328125
	p dist pair: 	0.8436853289604187
iteration: 	2
	train
	time: 	40.08585524559021
	cross ent: 	2.2992983784940506
	cluster: 	0.006328991905320436
	separation:	0.0023220846804583237
	avg separation:	0.3104336274994744
	accu: 		56.44444444444444%
	l1: 		540.41650390625
	p dist pair: 	0.8436853289604187
	test
	time: 	2.2702839374542236
	cross ent: 	4.624265575408936
	cluster: 	0.010785522684454919
	separation:	0.002489242609590292
	avg separation:	0.30276429653167725
	accu: 		41.0%
	l1: 		540.41650390625
	p dist pair: 	0.8436853289604187
iteration: 	3
	train
	time: 	39.69688415527344
	cross ent: 	2.1035982118712533
	cluster: 	0.0063289918781568606
	separation:	0.0023220846849855863
	avg separation:	0.3104336288240221
	accu: 		58.38888888888889%
	l1: 		540.331298828125
	p dist pair: 	0.8436853289604187
	test
	time: 	2.340505361557007
	cross ent: 	4.583638477325439
	cluster: 	0.010785522684454919
	separation:	0.002489242609590292
	avg separation:	0.30276429653167725
	accu: 		45.0%
	l1: 		540.331298828125
	p dist pair: 	0.8436853289604187
iteration: 	4
	train
	time: 	39.370043992996216
	cross ent: 	1.974598115020328
	cluster: 	0.0063289918923854
	separation:	0.002322084674960934
	avg separation:	0.31043362865845364
	accu: 		59.52777777777778%
	l1: 		540.2848510742188
	p dist pair: 	0.8436853289604187
	test
	time: 	2.289395332336426
	cross ent: 	4.5628398895263675
	cluster: 	0.010785522684454919
	separation:	0.002489242609590292
	avg separation:	0.30276429653167725
	accu: 		45.0%
	l1: 		540.2848510742188
	p dist pair: 	0.8436853289604187
epoch: 	16
	joint
	train
	time: 	48.66789984703064
	cross ent: 	1.224336088862684
	cluster: 	0.008060131238825206
	separation:	0.0034408442701937426
	avg separation:	0.3234738075070911
	accu: 		67.0%
	l1: 		540.2848510742188
	p dist pair: 	0.8448752760887146
	test
	time: 	2.2956857681274414
	cross ent: 	3.4806962966918946
	cluster: 	0.013064728118479252
	separation:	0.0043983459006994964
	avg separation:	0.3080649793148041
	accu: 		46.0%
	l1: 		540.2848510742188
	p dist pair: 	0.8448752760887146
epoch: 	17
	joint
	train
	time: 	49.07273507118225
	cross ent: 	0.8299811691873603
	cluster: 	0.008272444564176517
	separation:	0.0036750031150101373
	avg separation:	0.3145777511099974
	accu: 		74.22222222222223%
	l1: 		540.2848510742188
	p dist pair: 	0.8444508910179138
	test
	time: 	2.2438161373138428
	cross ent: 	3.1289315700531004
	cluster: 	0.013235092535614968
	separation:	0.00417213449254632
	avg separation:	0.3172446608543396
	accu: 		50.0%
	l1: 		540.2848510742188
	p dist pair: 	0.8444508910179138
epoch: 	18
	joint
	train
	time: 	49.1765923500061
	cross ent: 	0.734490691870451
	cluster: 	0.008313293606301562
	separation:	0.003563569442808835
	avg separation:	0.3163240322636233
	accu: 		76.33333333333333%
	l1: 		540.2848510742188
	p dist pair: 	0.8439834117889404
	test
	time: 	2.2799339294433594
	cross ent: 	3.2416660308837892
	cluster: 	0.013239822536706924
	separation:	0.004197006346657872
	avg separation:	0.30241392850875853
	accu: 		50.0%
	l1: 		540.2848510742188
	p dist pair: 	0.8439834117889404
epoch: 	19
	joint
	train
	time: 	49.10674047470093
	cross ent: 	0.6671912305057048
	cluster: 	0.008343639537795551
	separation:	0.0035684331915237836
	avg separation:	0.3145875234570768
	accu: 		78.77777777777779%
	l1: 		540.2848510742188
	p dist pair: 	0.8436734080314636
	test
	time: 	2.2071399688720703
	cross ent: 	3.179016876220703
	cluster: 	0.013600998185575008
	separation:	0.004213028028607369
	avg separation:	0.3102805495262146
	accu: 		53.0%
	l1: 		540.2848510742188
	p dist pair: 	0.8436734080314636
	above 50.00%
epoch: 	20
	joint
	train
	time: 	49.001885652542114
	cross ent: 	0.6158125544587771
	cluster: 	0.008337357981751363
	separation:	0.003743099700012762
	avg separation:	0.315085244178772
	accu: 		79.94444444444444%
	l1: 		540.2848510742188
	p dist pair: 	0.8437457084655762
	test
	time: 	2.313196897506714
	cross ent: 	3.1516571998596192
	cluster: 	0.013399658352136612
	separation:	0.004179611289873719
	avg separation:	0.3041778564453125
	accu: 		53.0%
	l1: 		540.2848510742188
	p dist pair: 	0.8437457084655762
	above 50.00%
	push
	Executing push ...
	push time: 	160.72440576553345
	test
	time: 	2.273714065551758
	cross ent: 	4.341694259643555
	cluster: 	0.010017852950841188
	separation:	0.0020600891672074794
	avg separation:	0.2944915950298309
	accu: 		43.0%
	l1: 		540.2848510742188
	p dist pair: 	0.838478684425354
	last layer
iteration: 	0
	train
	time: 	39.25483202934265
	cross ent: 	1.556505835387442
	cluster: 	0.005830292280815128
	separation:	0.001980438269674778
	avg separation:	0.3031610480613179
	accu: 		63.416666666666664%
	l1: 		540.0853271484375
	p dist pair: 	0.838478684425354
	test
	time: 	2.3333795070648193
	cross ent: 	4.191581296920776
	cluster: 	0.010017852950841188
	separation:	0.0020600891672074794
	avg separation:	0.2944915950298309
	accu: 		44.0%
	l1: 		540.0853271484375
	p dist pair: 	0.838478684425354
iteration: 	1
	train
	time: 	39.76973509788513
	cross ent: 	1.4327875970138444
	cluster: 	0.005830292293750164
	separation:	0.001980438266441019
	avg separation:	0.3031610493030813
	accu: 		66.27777777777779%
	l1: 		540.052490234375
	p dist pair: 	0.838478684425354
	test
	time: 	2.252371072769165
	cross ent: 	4.169481039047241
	cluster: 	0.010017852950841188
	separation:	0.0020600891672074794
	avg separation:	0.2944915950298309
	accu: 		46.0%
	l1: 		540.052490234375
	p dist pair: 	0.838478684425354
iteration: 	2
	train
	time: 	39.80119848251343
	cross ent: 	1.3727529691325293
	cluster: 	0.005830292282755383
	separation:	0.001980438269351402
	avg separation:	0.30316104789574944
	accu: 		67.61111111111111%
	l1: 		540.072265625
	p dist pair: 	0.838478684425354
	test
	time: 	2.2910189628601074
	cross ent: 	4.157197332382202
	cluster: 	0.010017852950841188
	separation:	0.0020600891672074794
	avg separation:	0.2944915950298309
	accu: 		46.0%
	l1: 		540.072265625
	p dist pair: 	0.838478684425354
iteration: 	3
	train
	time: 	39.550050497055054
	cross ent: 	1.3282106654511558
	cluster: 	0.005830292267880092
	separation:	0.0019804382612670047
	avg separation:	0.3031610464884175
	accu: 		68.3611111111111%
	l1: 		540.137451171875
	p dist pair: 	0.838478684425354
	test
	time: 	2.309173583984375
	cross ent: 	4.157898330688477
	cluster: 	0.010017852950841188
	separation:	0.0020600891672074794
	avg separation:	0.2944915950298309
	accu: 		46.0%
	l1: 		540.137451171875
	p dist pair: 	0.838478684425354
iteration: 	4
	train
	time: 	39.5249183177948
	cross ent: 	1.2910838974846734
	cluster: 	0.005830292273054106
	separation:	0.001980438269351402
	avg separation:	0.3031610490547286
	accu: 		68.80555555555556%
	l1: 		540.2150268554688
	p dist pair: 	0.838478684425354
	test
	time: 	2.265407085418701
	cross ent: 	4.142785549163818
	cluster: 	0.010017852950841188
	separation:	0.0020600891672074794
	avg separation:	0.2944915950298309
	accu: 		46.0%
	l1: 		540.2150268554688
	p dist pair: 	0.838478684425354
epoch: 	21
	joint
	train
	time: 	48.686455965042114
	cross ent: 	1.1552794271045261
	cluster: 	0.005577632147792934
	separation:	0.0020593834297162376
	avg separation:	0.29877836422787774
	accu: 		70.52777777777777%
	l1: 		540.2150268554688
	p dist pair: 	0.8381386995315552
	test
	time: 	2.2194466590881348
	cross ent: 	4.169092798233033
	cluster: 	0.0100286103785038
	separation:	0.0023369599133729936
	avg separation:	0.2929105877876282
	accu: 		50.0%
	l1: 		540.2150268554688
	p dist pair: 	0.8381386995315552
epoch: 	22
	joint
	train
	time: 	48.94170141220093
	cross ent: 	1.0246989795731174
	cluster: 	0.005699278617329481
	separation:	0.0021975941555057135
	avg separation:	0.3006435829732153
	accu: 		72.36111111111111%
	l1: 		540.2150268554688
	p dist pair: 	0.8381538987159729
	test
	time: 	2.224290609359741
	cross ent: 	4.0970336437225345
	cluster: 	0.01010650647804141
	separation:	0.0024523925967514515
	avg separation:	0.29279932379722595
	accu: 		53.0%
	l1: 		540.2150268554688
	p dist pair: 	0.8381538987159729
	above 50.00%
epoch: 	23
	joint
	train
	time: 	49.18753123283386
	cross ent: 	0.9662759704722299
	cluster: 	0.005732349909117652
	separation:	0.002277863865149104
	avg separation:	0.30132291913032533
	accu: 		73.30555555555556%
	l1: 		540.2150268554688
	p dist pair: 	0.8381794691085815
	test
	time: 	2.257817029953003
	cross ent: 	4.056698513031006
	cluster: 	0.010166931431740522
	separation:	0.002503204415552318
	avg separation:	0.291843444108963
	accu: 		54.0%
	l1: 		540.2150268554688
	p dist pair: 	0.8381794691085815
	above 50.00%
epoch: 	24
	joint
	train
	time: 	49.17378878593445
	cross ent: 	0.9260011181235314
	cluster: 	0.005762146935901708
	separation:	0.0022944196512172414
	avg separation:	0.3010522270368205
	accu: 		73.86111111111111%
	l1: 		540.2150268554688
	p dist pair: 	0.8382073044776917
	test
	time: 	2.3077073097229004
	cross ent: 	4.063914012908936
	cluster: 	0.010255661141127349
	separation:	0.0025264740455895663
	avg separation:	0.29225716590881345
	accu: 		53.0%
	l1: 		540.2150268554688
	p dist pair: 	0.8382073044776917
	above 50.00%
epoch: 	25
	joint
	train
	time: 	49.03044319152832
	cross ent: 	0.900264933374193
	cluster: 	0.005770248952063008
	separation:	0.002320190043731903
	avg separation:	0.30135713095466293
	accu: 		74.66666666666667%
	l1: 		540.2150268554688
	p dist pair: 	0.8382192254066467
	test
	time: 	2.265477418899536
	cross ent: 	4.05851411819458
	cluster: 	0.01025314349681139
	separation:	0.002525100810453296
	avg separation:	0.2921260714530945
	accu: 		53.0%
	l1: 		540.2150268554688
	p dist pair: 	0.8382192254066467
	above 50.00%
	push
	Executing push ...
	push time: 	166.54789352416992
	test
	time: 	2.2939865589141846
	cross ent: 	4.095713758468628
	cluster: 	0.009745483472943305
	separation:	0.0021884155459702013
	avg separation:	0.29493669867515565
	accu: 		43.0%
	l1: 		540.2150268554688
	p dist pair: 	0.8444137573242188
	last layer
iteration: 	0
	train
	time: 	39.26012444496155
	cross ent: 	1.1622641576661004
	cluster: 	0.005684293220595767
	separation:	0.0020612526287247116
	avg separation:	0.30383185694615045
	accu: 		69.55555555555556%
	l1: 		540.32666015625
	p dist pair: 	0.8444137573242188
	test
	time: 	2.299973726272583
	cross ent: 	4.086016464233398
	cluster: 	0.009745483472943305
	separation:	0.0021884155459702013
	avg separation:	0.29493669867515565
	accu: 		45.0%
	l1: 		540.32666015625
	p dist pair: 	0.8444137573242188
iteration: 	1
	train
	time: 	39.34666705131531
	cross ent: 	1.1287357753349676
	cluster: 	0.005684293194725696
	separation:	0.0020612526258143287
	avg separation:	0.3038318597608142
	accu: 		69.86111111111111%
	l1: 		540.40478515625
	p dist pair: 	0.8444137573242188
	test
	time: 	2.3113486766815186
	cross ent: 	4.068709373474121
	cluster: 	0.009745483472943305
	separation:	0.0021884155459702013
	avg separation:	0.29493669867515565
	accu: 		45.0%
	l1: 		540.40478515625
	p dist pair: 	0.8444137573242188
iteration: 	2
	train
	time: 	39.691545724868774
	cross ent: 	1.100342958006594
	cluster: 	0.0056842932128347455
	separation:	0.0020612526229039454
	avg separation:	0.30383185918132466
	accu: 		70.36111111111111%
	l1: 		540.4818115234375
	p dist pair: 	0.8444137573242188
	test
	time: 	2.2009224891662598
	cross ent: 	4.0727338790893555
	cluster: 	0.009745483472943305
	separation:	0.0021884155459702013
	avg separation:	0.29493669867515565
	accu: 		43.0%
	l1: 		540.4818115234375
	p dist pair: 	0.8444137573242188
iteration: 	3
	train
	time: 	39.23564267158508
	cross ent: 	1.0724095902509159
	cluster: 	0.005684293218655512
	separation:	0.0020612526267844563
	avg separation:	0.30383185868461926
	accu: 		70.66666666666667%
	l1: 		540.5684814453125
	p dist pair: 	0.8444137573242188
	test
	time: 	2.272707462310791
	cross ent: 	4.062920570373535
	cluster: 	0.009745483472943305
	separation:	0.0021884155459702013
	avg separation:	0.29493669867515565
	accu: 		45.0%
	l1: 		540.5684814453125
	p dist pair: 	0.8444137573242188
iteration: 	4
	train
	time: 	39.80338907241821
	cross ent: 	1.0476767159998417
	cluster: 	0.005684293223182774
	separation:	0.002061252629694839
	avg separation:	0.30383185951246156
	accu: 		71.11111111111111%
	l1: 		540.60400390625
	p dist pair: 	0.8444137573242188
	test
	time: 	2.2654075622558594
	cross ent: 	4.054593658447265
	cluster: 	0.009745483472943305
	separation:	0.0021884155459702013
	avg separation:	0.29493669867515565
	accu: 		44.0%
	l1: 		540.60400390625
	p dist pair: 	0.8444137573242188
epoch: 	26
	joint
	train
	time: 	48.58208513259888
	cross ent: 	1.0243733326594036
	cluster: 	0.005665028972240786
	separation:	0.002066372798354779
	avg separation:	0.30332042624553046
	accu: 		71.52777777777779%
	l1: 		540.60400390625
	p dist pair: 	0.8443840742111206
	test
	time: 	2.2518084049224854
	cross ent: 	4.064978456497192
	cluster: 	0.009724426455795765
	separation:	0.002214355510659516
	avg separation:	0.29393725991249087
	accu: 		45.0%
	l1: 		540.60400390625
	p dist pair: 	0.8443840742111206
epoch: 	27
	joint
	train
	time: 	48.88598346710205
	cross ent: 	1.0095752908951707
	cluster: 	0.005626004631631076
	separation:	0.0020763567086153974
	avg separation:	0.3023467006782691
	accu: 		72.08333333333333%
	l1: 		540.60400390625
	p dist pair: 	0.8443580269813538
	test
	time: 	2.2797839641571045
	cross ent: 	4.0763732433319095
	cluster: 	0.009714126866310836
	separation:	0.0022364807548001407
	avg separation:	0.2932366728782654
	accu: 		46.0%
	l1: 		540.60400390625
	p dist pair: 	0.8443580269813538
epoch: 	28
	joint
	train
	time: 	49.11963176727295
	cross ent: 	0.9971093776325385
	cluster: 	0.005610743718635704
	separation:	0.0020879618626268993
	avg separation:	0.30197026770975854
	accu: 		72.44444444444444%
	l1: 		540.60400390625
	p dist pair: 	0.844330370426178
	test
	time: 	2.2652170658111572
	cross ent: 	4.078854417800903
	cluster: 	0.00972152715548873
	separation:	0.002260589599609375
	avg separation:	0.29288095235824585
	accu: 		46.0%
	l1: 		540.60400390625
	p dist pair: 	0.844330370426178
epoch: 	29
	joint
	train
	time: 	49.12085151672363
	cross ent: 	0.9877240300178528
	cluster: 	0.0055981552215396534
	separation:	0.0020956505972814436
	avg separation:	0.3015707458058993
	accu: 		72.69444444444444%
	l1: 		540.60400390625
	p dist pair: 	0.8443065285682678
	test
	time: 	2.220916986465454
	cross ent: 	4.0810198307037355
	cluster: 	0.009723968897014856
	separation:	0.002276687673293054
	avg separation:	0.2926101326942444
	accu: 		48.0%
	l1: 		540.60400390625
	p dist pair: 	0.8443065285682678
epoch: 	30
	joint
	train
	time: 	48.99851202964783
	cross ent: 	0.9823426519831021
	cluster: 	0.005591333268805303
	separation:	0.0021004422884693163
	avg separation:	0.3014561656448576
	accu: 		72.86111111111111%
	l1: 		540.60400390625
	p dist pair: 	0.8443056344985962
	test
	time: 	2.345386266708374
	cross ent: 	4.0826903820037845
	cluster: 	0.009725189581513406
	separation:	0.0022769928211346267
	avg separation:	0.2926057994365692
	accu: 		48.0%
	l1: 		540.60400390625
	p dist pair: 	0.8443056344985962
	push
	Executing push ...
	push time: 	162.64067602157593
	test
	time: 	2.321840763092041
	cross ent: 	4.064214658737183
	cluster: 	0.009714508149772882
	separation:	0.002247695974074304
	avg separation:	0.2933600604534149
	accu: 		44.0%
	l1: 		540.60400390625
	p dist pair: 	0.8419873118400574
	last layer
iteration: 	0
	train
	time: 	39.3877375125885
	cross ent: 	1.0108702536258432
	cluster: 	0.00567915607114426
	separation:	0.002099831931344751
	avg separation:	0.30220002780357996
	accu: 		71.72222222222221%
	l1: 		540.6812744140625
	p dist pair: 	0.8419873118400574
	test
	time: 	2.308458089828491
	cross ent: 	4.048850154876709
	cluster: 	0.009714508149772882
	separation:	0.002247695974074304
	avg separation:	0.2933600604534149
	accu: 		47.0%
	l1: 		540.6812744140625
	p dist pair: 	0.8419873118400574
iteration: 	1
	train
	time: 	39.904555797576904
	cross ent: 	0.987304519282447
	cluster: 	0.005679156104775353
	separation:	0.002099831933931758
	avg separation:	0.3022000276380115
	accu: 		72.08333333333333%
	l1: 		540.7315673828125
	p dist pair: 	0.8419873118400574
	test
	time: 	2.289900779724121
	cross ent: 	4.049711227416992
	cluster: 	0.009714508149772882
	separation:	0.002247695974074304
	avg separation:	0.2933600604534149
	accu: 		47.0%
	l1: 		540.7315673828125
	p dist pair: 	0.8419873118400574
iteration: 	2
	train
	time: 	40.15156006813049
	cross ent: 	0.9662359393305249
	cluster: 	0.005679156068557252
	separation:	0.0020998319319915026
	avg separation:	0.30220002887977493
	accu: 		72.05555555555556%
	l1: 		540.787109375
	p dist pair: 	0.8419873118400574
	test
	time: 	2.321627616882324
	cross ent: 	4.026601362228393
	cluster: 	0.009714508149772882
	separation:	0.002247695974074304
	avg separation:	0.2933600604534149
	accu: 		48.0%
	l1: 		540.787109375
	p dist pair: 	0.8419873118400574
iteration: 	3
	train
	time: 	40.06584143638611
	cross ent: 	0.9452294728822178
	cluster: 	0.005679156086666303
	separation:	0.0020998319384590205
	avg separation:	0.30220002854863803
	accu: 		72.52777777777779%
	l1: 		540.84130859375
	p dist pair: 	0.8419873118400574
	test
	time: 	2.3432815074920654
	cross ent: 	4.02599983215332
	cluster: 	0.009714508149772882
	separation:	0.002247695974074304
	avg separation:	0.2933600604534149
	accu: 		48.0%
	l1: 		540.84130859375
	p dist pair: 	0.8419873118400574
iteration: 	4
	train
	time: 	39.904900550842285
	cross ent: 	0.9262697049313121
	cluster: 	0.005679156091840317
	separation:	0.002099831930697999
	avg separation:	0.30220002945926455
	accu: 		72.69444444444444%
	l1: 		540.90771484375
	p dist pair: 	0.8419873118400574
	test
	time: 	2.3780951499938965
	cross ent: 	4.013535213470459
	cluster: 	0.009714508149772882
	separation:	0.002247695974074304
	avg separation:	0.2933600604534149
	accu: 		50.0%
	l1: 		540.90771484375
	p dist pair: 	0.8419873118400574
epoch: 	31
	joint
	train
	time: 	48.649821519851685
	cross ent: 	0.914721431914303
	cluster: 	0.005678128238974346
	separation:	0.002100075652318386
	avg separation:	0.30218199748131963
	accu: 		72.38888888888889%
	l1: 		540.90771484375
	p dist pair: 	0.8419862389564514
	test
	time: 	2.2284035682678223
	cross ent: 	4.013550901412964
	cluster: 	0.00971267707645893
	separation:	0.002248077397234738
	avg separation:	0.29332191348075864
	accu: 		50.0%
	l1: 		540.90771484375
	p dist pair: 	0.8419862389564514
epoch: 	32
	joint
	train
	time: 	49.01590704917908
	cross ent: 	0.9146377603212993
	cluster: 	0.0056763141390143166
	separation:	0.002100469836214971
	avg separation:	0.3021389803124799
	accu: 		72.44444444444444%
	l1: 		540.90771484375
	p dist pair: 	0.8419853448867798
	test
	time: 	2.3127973079681396
	cross ent: 	4.010079479217529
	cluster: 	0.009712524618953467
	separation:	0.002248764084652066
	avg separation:	0.2932867228984833
	accu: 		50.0%
	l1: 		540.90771484375
	p dist pair: 	0.8419853448867798
epoch: 	33
	joint
	train
	time: 	49.1009304523468
	cross ent: 	0.9141063337524732
	cluster: 	0.005675178184174001
	separation:	0.002101044167324694
	avg separation:	0.30211066959632765
	accu: 		72.55555555555556%
	l1: 		540.90771484375
	p dist pair: 	0.8419842720031738
	test
	time: 	2.33756160736084
	cross ent: 	4.014703607559204
	cluster: 	0.009712371975183487
	separation:	0.002250366285443306
	avg separation:	0.2932517766952515
	accu: 		50.0%
	l1: 		540.90771484375
	p dist pair: 	0.8419842720031738
epoch: 	34
	joint
	train
	time: 	49.13696813583374
	cross ent: 	0.9135962537593312
	cluster: 	0.005673470077777488
	separation:	0.0021012476124774872
	avg separation:	0.30207503760854404
	accu: 		72.63888888888889%
	l1: 		540.90771484375
	p dist pair: 	0.8419833779335022
	test
	time: 	2.309781312942505
	cross ent: 	4.01498327255249
	cluster: 	0.00971176167950034
	separation:	0.0022513580741360785
	avg separation:	0.293222451210022
	accu: 		50.0%
	l1: 		540.90771484375
	p dist pair: 	0.8419833779335022
epoch: 	35
	joint
	train
	time: 	49.05802607536316
	cross ent: 	0.9126224509543843
	cluster: 	0.005672656243485916
	separation:	0.002101285757574563
	avg separation:	0.30206030209859214
	accu: 		72.55555555555556%
	l1: 		540.90771484375
	p dist pair: 	0.8419833779335022
	test
	time: 	2.3076112270355225
	cross ent: 	4.01612696647644
	cluster: 	0.009711532760411501
	separation:	0.002251281798817217
	avg separation:	0.2932215631008148
	accu: 		50.0%
	l1: 		540.90771484375
	p dist pair: 	0.8419833779335022
	push
	Executing push ...
	push time: 	166.1671416759491
	test
	time: 	2.2763683795928955
	cross ent: 	4.017747974395752
	cluster: 	0.00971351657062769
	separation:	0.0022497559199109673
	avg separation:	0.293270468711853
	accu: 		50.0%
	l1: 		540.90771484375
	p dist pair: 	0.8418091535568237
	last layer
iteration: 	0
	train
	time: 	39.674155473709106
	cross ent: 	0.9082297124796443
	cluster: 	0.005678910252431201
	separation:	0.0021012751615166456
	avg separation:	0.302110484159655
	accu: 		72.55555555555556%
	l1: 		540.9596557617188
	p dist pair: 	0.8418091535568237
	test
	time: 	2.2283499240875244
	cross ent: 	4.0179296970367435
	cluster: 	0.00971351657062769
	separation:	0.0022497559199109673
	avg separation:	0.293270468711853
	accu: 		50.0%
	l1: 		540.9596557617188
	p dist pair: 	0.8418091535568237
iteration: 	1
	train
	time: 	39.78302884101868
	cross ent: 	0.8898424685829216
	cluster: 	0.005678910242083172
	separation:	0.0021012751715412986
	avg separation:	0.3021104849047131
	accu: 		73.13888888888889%
	l1: 		541.01904296875
	p dist pair: 	0.8418091535568237
	test
	time: 	2.2724452018737793
	cross ent: 	4.000597429275513
	cluster: 	0.00971351657062769
	separation:	0.0022497559199109673
	avg separation:	0.293270468711853
	accu: 		52.0%
	l1: 		541.01904296875
	p dist pair: 	0.8418091535568237
	above 50.00%
iteration: 	2
	train
	time: 	39.56616830825806
	cross ent: 	0.8731345055003961
	cluster: 	0.005678910239496165
	separation:	0.002101275160546518
	avg separation:	0.30211048589812384
	accu: 		73.38888888888889%
	l1: 		541.0696411132812
	p dist pair: 	0.8418091535568237
	test
	time: 	2.2310049533843994
	cross ent: 	3.9877763748168946
	cluster: 	0.00971351657062769
	separation:	0.0022497559199109673
	avg separation:	0.293270468711853
	accu: 		51.0%
	l1: 		541.0696411132812
	p dist pair: 	0.8418091535568237
	above 50.00%
iteration: 	3
	train
	time: 	40.0181667804718
	cross ent: 	0.8576812796294689
	cluster: 	0.005678910245963683
	separation:	0.002101275164103653
	avg separation:	0.3021104868915346
	accu: 		73.75%
	l1: 		541.127685546875
	p dist pair: 	0.8418091535568237
	test
	time: 	2.2332587242126465
	cross ent: 	3.98305459022522
	cluster: 	0.00971351657062769
	separation:	0.0022497559199109673
	avg separation:	0.293270468711853
	accu: 		52.0%
	l1: 		541.127685546875
	p dist pair: 	0.8418091535568237
	above 50.00%
iteration: 	4
	train
	time: 	40.374431133270264
	cross ent: 	0.840819691369931
	cluster: 	0.005678910247257187
	separation:	0.0021012751657205325
	avg separation:	0.30211048680875036
	accu: 		74.27777777777777%
	l1: 		541.1685791015625
	p dist pair: 	0.8418091535568237
	test
	time: 	2.29931902885437
	cross ent: 	3.990416097640991
	cluster: 	0.00971351657062769
	separation:	0.0022497559199109673
	avg separation:	0.293270468711853
	accu: 		51.0%
	l1: 		541.1685791015625
	p dist pair: 	0.8418091535568237
	above 50.00%
epoch: 	36
	joint
	train
	time: 	48.51296257972717
	cross ent: 	0.8307080148822732
	cluster: 	0.0056788233367519245
	separation:	0.0021013387417446617
	avg separation:	0.30211012495888606
	accu: 		74.22222222222223%
	l1: 		541.1685791015625
	p dist pair: 	0.8418091535568237
	test
	time: 	2.278384208679199
	cross ent: 	3.977483797073364
	cluster: 	0.009713058825582266
	separation:	0.0022489929804578425
	avg separation:	0.2932700216770172
	accu: 		51.0%
	l1: 		541.1685791015625
	p dist pair: 	0.8418091535568237
	above 50.00%
epoch: 	37
	joint
	train
	time: 	48.795780658721924
	cross ent: 	0.8308408578236898
	cluster: 	0.0056788297305401005
	separation:	0.0021010950210944026
	avg separation:	0.30210962552163334
	accu: 		74.3888888888889%
	l1: 		541.1685791015625
	p dist pair: 	0.841809093952179
	test
	time: 	2.2566115856170654
	cross ent: 	3.9831172943115236
	cluster: 	0.009712753444910049
	separation:	0.0022495269775390627
	avg separation:	0.293269282579422
	accu: 		51.0%
	l1: 		541.1685791015625
	p dist pair: 	0.841809093952179
	above 50.00%
epoch: 	38
	joint
	train
	time: 	49.00737118721008
	cross ent: 	0.8303097600738207
	cluster: 	0.005678844545036555
	separation:	0.002101285757574563
	avg separation:	0.30210916035705143
	accu: 		74.44444444444444%
	l1: 		541.1685791015625
	p dist pair: 	0.841809093952179
	test
	time: 	2.249117374420166
	cross ent: 	3.989631414413452
	cluster: 	0.009713211189955473
	separation:	0.0022493744501844047
	avg separation:	0.29326893091201783
	accu: 		51.0%
	l1: 		541.1685791015625
	p dist pair: 	0.841809093952179
	above 50.00%
epoch: 	39
	joint
	train
	time: 	48.977070569992065
	cross ent: 	0.8311264173024231
	cluster: 	0.00567884241981018
	separation:	0.0021013535724099105
	avg separation:	0.3021083077622784
	accu: 		74.30555555555556%
	l1: 		541.1685791015625
	p dist pair: 	0.841809093952179
	test
	time: 	2.1189494132995605
	cross ent: 	3.993475151062012
	cluster: 	0.009712906181812286
	separation:	0.0022502899402752517
	avg separation:	0.2932684659957886
	accu: 		51.0%
	l1: 		541.1685791015625
	p dist pair: 	0.841809093952179
	above 50.00%
epoch: 	40
	joint
	train
	time: 	49.000471115112305
	cross ent: 	0.8308995299041271
	cluster: 	0.005678785198445742
	separation:	0.0021013684082491738
	avg separation:	0.3021080221566889
	accu: 		74.30555555555556%
	l1: 		541.1685791015625
	p dist pair: 	0.841809093952179
	test
	time: 	2.217839002609253
	cross ent: 	3.98915491104126
	cluster: 	0.00971267707645893
	separation:	0.0022504425374791025
	avg separation:	0.2932685434818268
	accu: 		51.0%
	l1: 		541.1685791015625
	p dist pair: 	0.841809093952179
	above 50.00%
	push
	Executing push ...
	push time: 	162.8083040714264
	test
	time: 	2.2227461338043213
	cross ent: 	3.990795040130615
	cluster: 	0.009713440015912057
	separation:	0.0022504425374791025
	avg separation:	0.2932690680027008
	accu: 		51.0%
	l1: 		541.1685791015625
	p dist pair: 	0.8418065309524536
	above 50.00%
	last layer
iteration: 	0
	train
	time: 	39.474318981170654
	cross ent: 	0.8267132722669177
	cluster: 	0.005679117916669283
	separation:	0.0021026781236287207
	avg separation:	0.3021086711022589
	accu: 		74.25%
	l1: 		541.2315673828125
	p dist pair: 	0.8418065309524536
	test
	time: 	2.2955973148345947
	cross ent: 	3.9915653228759767
	cluster: 	0.009713440015912057
	separation:	0.0022504425374791025
	avg separation:	0.2932690680027008
	accu: 		53.0%
	l1: 		541.2315673828125
	p dist pair: 	0.8418065309524536
	above 50.00%
iteration: 	1
	train
	time: 	39.67604351043701
	cross ent: 	0.8127755955689483
	cluster: 	0.005679117927664063
	separation:	0.00210267811974821
	avg separation:	0.30210866944657433
	accu: 		74.77777777777777%
	l1: 		541.2616577148438
	p dist pair: 	0.8418065309524536
	test
	time: 	2.214324712753296
	cross ent: 	3.9708754062652587
	cluster: 	0.009713440015912057
	separation:	0.0022504425374791025
	avg separation:	0.2932690680027008
	accu: 		53.0%
	l1: 		541.2616577148438
	p dist pair: 	0.8418065309524536
	above 50.00%
iteration: 	2
	train
	time: 	39.9628803730011
	cross ent: 	0.8009164056844181
	cluster: 	0.0056791179231368005
	separation:	0.002102678121365089
	avg separation:	0.3021086699432797
	accu: 		75.22222222222223%
	l1: 		541.305419921875
	p dist pair: 	0.8418065309524536
	test
	time: 	2.238513231277466
	cross ent: 	3.976612424850464
	cluster: 	0.009713440015912057
	separation:	0.0022504425374791025
	avg separation:	0.2932690680027008
	accu: 		52.0%
	l1: 		541.305419921875
	p dist pair: 	0.8418065309524536
	above 50.00%
iteration: 	3
	train
	time: 	39.94244718551636
	cross ent: 	0.7873670755989022
	cluster: 	0.0056791179179627865
	separation:	0.00210267811974821
	avg separation:	0.3021086699432797
	accu: 		75.5%
	l1: 		541.364501953125
	p dist pair: 	0.8418065309524536
	test
	time: 	2.2829248905181885
	cross ent: 	3.9542970180511476
	cluster: 	0.009713440015912057
	separation:	0.0022504425374791025
	avg separation:	0.2932690680027008
	accu: 		53.0%
	l1: 		541.364501953125
	p dist pair: 	0.8418065309524536
	above 50.00%
iteration: 	4
	train
	time: 	39.74604892730713
	cross ent: 	0.7778111944595972
	cluster: 	0.005679117932191326
	separation:	0.0021026781271858553
	avg separation:	0.30210866986049545
	accu: 		75.58333333333334%
	l1: 		541.3800048828125
	p dist pair: 	0.8418065309524536
	test
	time: 	2.2425382137298584
	cross ent: 	3.981187582015991
	cluster: 	0.009713440015912057
	separation:	0.0022504425374791025
	avg separation:	0.2932690680027008
	accu: 		52.0%
	l1: 		541.3800048828125
	p dist pair: 	0.8418065309524536
	above 50.00%
epoch: 	41
	joint
	train
	time: 	48.57487511634827
	cross ent: 	0.7691953738530477
	cluster: 	0.005679170908923778
	separation:	0.0021026993163913077
	avg separation:	0.30210869353678493
	accu: 		75.72222222222223%
	l1: 		541.3800048828125
	p dist pair: 	0.8418065309524536
	test
	time: 	2.320552349090576
	cross ent: 	3.979014348983765
	cluster: 	0.009713440109044314
	separation:	0.00225006106775254
	avg separation:	0.2932689726352692
	accu: 		52.0%
	l1: 		541.3800048828125
	p dist pair: 	0.8418065309524536
	above 50.00%
epoch: 	42
	joint
	train
	time: 	48.968682050704956
	cross ent: 	0.7693602745731671
	cluster: 	0.0056791073338697765
	separation:	0.0021027120299145787
	avg separation:	0.30210867615209686
	accu: 		75.69444444444444%
	l1: 		541.3800048828125
	p dist pair: 	0.8418065309524536
	test
	time: 	2.2485744953155518
	cross ent: 	3.9777571678161623
	cluster: 	0.009713516384363175
	separation:	0.00225013738963753
	avg separation:	0.2932689845561981
	accu: 		52.0%
	l1: 		541.3800048828125
	p dist pair: 	0.8418065309524536
	above 50.00%
epoch: 	43
	joint
	train
	time: 	49.00584411621094
	cross ent: 	0.7693843402796321
	cluster: 	0.005679232395616256
	separation:	0.002102646332544585
	avg separation:	0.30210868186420864
	accu: 		75.69444444444444%
	l1: 		541.3800048828125
	p dist pair: 	0.8418065309524536
	test
	time: 	2.2465169429779053
	cross ent: 	3.9777208805084228
	cluster: 	0.009713287558406591
	separation:	0.002250518836081028
	avg separation:	0.2932690501213074
	accu: 		52.0%
	l1: 		541.3800048828125
	p dist pair: 	0.8418065309524536
	above 50.00%
epoch: 	44
	joint
	train
	time: 	49.05904293060303
	cross ent: 	0.769205987950166
	cluster: 	0.005679179394307236
	separation:	0.002102656932483013
	avg separation:	0.30210868641734123
	accu: 		75.69444444444444%
	l1: 		541.3800048828125
	p dist pair: 	0.8418065309524536
	test
	time: 	2.2247684001922607
	cross ent: 	3.977764940261841
	cluster: 	0.00971313500776887
	separation:	0.0022502137115225198
	avg separation:	0.2932689905166626
	accu: 		52.0%
	l1: 		541.3800048828125
	p dist pair: 	0.8418065309524536
	above 50.00%
epoch: 	45
	joint
	train
	time: 	48.848694801330566
	cross ent: 	0.7691989101469516
	cluster: 	0.005679124282647131
	separation:	0.002102722636643901
	avg separation:	0.3021086941990587
	accu: 		75.66666666666667%
	l1: 		541.3800048828125
	p dist pair: 	0.8418065309524536
	test
	time: 	2.24099063873291
	cross ent: 	3.9786338329315187
	cluster: 	0.009713516291230916
	separation:	0.0022501374362036584
	avg separation:	0.2932688891887665
	accu: 		52.0%
	l1: 		541.3800048828125
	p dist pair: 	0.8418065309524536
	above 50.00%
	push
	Executing push ...
	push time: 	163.4415910243988
	test
	time: 	2.2014949321746826
	cross ent: 	3.97441086769104
	cluster: 	0.009713440109044314
	separation:	0.002249908493831754
	avg separation:	0.2932689368724823
	accu: 		52.0%
	l1: 		541.3800048828125
	p dist pair: 	0.8418066501617432
	above 50.00%
	last layer
iteration: 	0
	train
	time: 	39.71634888648987
	cross ent: 	0.7669900667336252
	cluster: 	0.00567911370890215
	separation:	0.002101847368046745
	avg separation:	0.30210877607266107
	accu: 		75.86111111111111%
	l1: 		541.414794921875
	p dist pair: 	0.8418066501617432
	test
	time: 	2.2870209217071533
	cross ent: 	3.958828926086426
	cluster: 	0.009713440109044314
	separation:	0.002249908493831754
	avg separation:	0.2932689368724823
	accu: 		52.0%
	l1: 		541.414794921875
	p dist pair: 	0.8418066501617432
	above 50.00%
iteration: 	1
	train
	time: 	39.776625633239746
	cross ent: 	0.7580554625226392
	cluster: 	0.005679113676564561
	separation:	0.0021018473690168726
	avg separation:	0.30210877681771914
	accu: 		76.08333333333334%
	l1: 		541.4655151367188
	p dist pair: 	0.8418066501617432
	test
	time: 	2.2849903106689453
	cross ent: 	3.9542986869812013
	cluster: 	0.009713440109044314
	separation:	0.002249908493831754
	avg separation:	0.2932689368724823
	accu: 		53.0%
	l1: 		541.4655151367188
	p dist pair: 	0.8418066501617432
	above 50.00%
iteration: 	2
	train
	time: 	40.16495203971863
	cross ent: 	0.7470776490867138
	cluster: 	0.005679113700494377
	separation:	0.0021018473690168726
	avg separation:	0.30210877474811343
	accu: 		76.83333333333333%
	l1: 		541.4783935546875
	p dist pair: 	0.8418066501617432
	test
	time: 	2.1893608570098877
	cross ent: 	3.9481263637542723
	cluster: 	0.009713440109044314
	separation:	0.002249908493831754
	avg separation:	0.2932689368724823
	accu: 		53.0%
	l1: 		541.4783935546875
	p dist pair: 	0.8418066501617432
	above 50.00%
iteration: 	3
	train
	time: 	39.66808462142944
	cross ent: 	0.7387546265290843
	cluster: 	0.005679113700494377
	separation:	0.002101847366429865
	avg separation:	0.3021087758243084
	accu: 		76.69444444444444%
	l1: 		541.5086669921875
	p dist pair: 	0.8418066501617432
	test
	time: 	2.2532601356506348
	cross ent: 	3.950115919113159
	cluster: 	0.009713440109044314
	separation:	0.002249908493831754
	avg separation:	0.2932689368724823
	accu: 		54.0%
	l1: 		541.5086669921875
	p dist pair: 	0.8418066501617432
	above 50.00%
iteration: 	4
	train
	time: 	39.73903131484985
	cross ent: 	0.7296605998443233
	cluster: 	0.00567911370890215
	separation:	0.0021018473635194823
	avg separation:	0.3021087767349349
	accu: 		76.94444444444444%
	l1: 		541.5397338867188
	p dist pair: 	0.8418066501617432
	test
	time: 	2.24539852142334
	cross ent: 	3.95009298324585
	cluster: 	0.009713440109044314
	separation:	0.002249908493831754
	avg separation:	0.2932689368724823
	accu: 		54.0%
	l1: 		541.5397338867188
	p dist pair: 	0.8418066501617432
	above 50.00%
epoch: 	46
	joint
	train
	time: 	48.733144760131836
	cross ent: 	0.7238215785059664
	cluster: 	0.005679128554442691
	separation:	0.002101860077689505
	avg separation:	0.3021087658902009
	accu: 		77.30555555555556%
	l1: 		541.5397338867188
	p dist pair: 	0.8418066501617432
	test
	time: 	2.2738969326019287
	cross ent: 	3.948095989227295
	cluster: 	0.009713668841868639
	separation:	0.002249603345990181
	avg separation:	0.2932690024375916
	accu: 		54.0%
	l1: 		541.5397338867188
	p dist pair: 	0.8418066501617432
	above 50.00%
epoch: 	47
	joint
	train
	time: 	49.086207151412964
	cross ent: 	0.723781381174922
	cluster: 	0.005679202721350723
	separation:	0.0021018537307908344
	avg separation:	0.3021087730096446
	accu: 		77.30555555555556%
	l1: 		541.5397338867188
	p dist pair: 	0.8418066501617432
	test
	time: 	2.280721664428711
	cross ent: 	3.9482460975646974
	cluster: 	0.009713211189955473
	separation:	0.002249832218512893
	avg separation:	0.29326910376548765
	accu: 		53.0%
	l1: 		541.5397338867188
	p dist pair: 	0.8418066501617432
	above 50.00%
epoch: 	48
	joint
	train
	time: 	49.28752303123474
	cross ent: 	0.7236167370445199
	cluster: 	0.005679031037208107
	separation:	0.002101845236676228
	avg separation:	0.3021087643173006
	accu: 		77.25%
	l1: 		541.5397338867188
	p dist pair: 	0.8418066501617432
	test
	time: 	2.2643706798553467
	cross ent: 	3.948945951461792
	cluster: 	0.009713363833725452
	separation:	0.002249298128299415
	avg separation:	0.29326903223991396
	accu: 		54.0%
	l1: 		541.5397338867188
	p dist pair: 	0.8418066501617432
	above 50.00%
epoch: 	49
	joint
	train
	time: 	49.23733305931091
	cross ent: 	0.7236657284614113
	cluster: 	0.005679081888714185
	separation:	0.0021019279015793775
	avg separation:	0.30210876531071135
	accu: 		77.27777777777777%
	l1: 		541.5397338867188
	p dist pair: 	0.8418066501617432
	test
	time: 	2.313692092895508
	cross ent: 	3.948721408843994
	cluster: 	0.009713440015912057
	separation:	0.002249679574742913
	avg separation:	0.2932688891887665
	accu: 		54.0%
	l1: 		541.5397338867188
	p dist pair: 	0.8418066501617432
	above 50.00%
epoch: 	50
	joint
	train
	time: 	48.972663164138794
	cross ent: 	0.7239130595491992
	cluster: 	0.005679115816019475
	separation:	0.0021019130657401143
	avg separation:	0.30210876390337943
	accu: 		77.30555555555556%
	l1: 		541.5397338867188
	p dist pair: 	0.8418066501617432
	test
	time: 	2.2103943824768066
	cross ent: 	3.948465347290039
	cluster: 	0.009713363740593195
	separation:	0.002249679574742913
	avg separation:	0.2932688295841217
	accu: 		54.0%
	l1: 		541.5397338867188
	p dist pair: 	0.8418066501617432
	above 50.00%
	push
	Executing push ...
	push time: 	163.110445022583
	test
	time: 	2.2571067810058594
	cross ent: 	3.953662061691284
	cluster: 	0.009714202862232924
	separation:	0.0022500610444694757
	avg separation:	0.29326880574226377
	accu: 		53.0%
	l1: 		541.5397338867188
	p dist pair: 	0.8418068289756775
	above 50.00%
	last layer
iteration: 	0
	train
	time: 	39.67519283294678
	cross ent: 	0.7216060422774818
	cluster: 	0.005679274764972635
	separation:	0.0021027014387072994
	avg separation:	0.30210871514346865
	accu: 		77.63888888888889%
	l1: 		541.5636596679688
	p dist pair: 	0.8418068289756775
	test
	time: 	2.2483692169189453
	cross ent: 	3.9402662754058837
	cluster: 	0.009714202862232924
	separation:	0.0022500610444694757
	avg separation:	0.29326880574226377
	accu: 		54.0%
	l1: 		541.5636596679688
	p dist pair: 	0.8418068289756775
	above 50.00%
iteration: 	1
	train
	time: 	40.0864372253418
	cross ent: 	0.7138379948006736
	cluster: 	0.005679274775967416
	separation:	0.002102701430946278
	avg separation:	0.30210871348778406
	accu: 		77.66666666666666%
	l1: 		541.5819091796875
	p dist pair: 	0.8418068289756775
	test
	time: 	2.3486289978027344
	cross ent: 	3.964231777191162
	cluster: 	0.009714202862232924
	separation:	0.0022500610444694757
	avg separation:	0.29326880574226377
	accu: 		54.0%
	l1: 		541.5819091796875
	p dist pair: 	0.8418068289756775
	above 50.00%
iteration: 	2
	train
	time: 	39.96778464317322
	cross ent: 	0.7081234117348989
	cluster: 	0.005679274764972635
	separation:	0.0021027014390306753
	avg separation:	0.30210871381892096
	accu: 		77.63888888888889%
	l1: 		541.6232299804688
	p dist pair: 	0.8418068289756775
	test
	time: 	2.222252607345581
	cross ent: 	3.9411627769470217
	cluster: 	0.009714202862232924
	separation:	0.0022500610444694757
	avg separation:	0.29326880574226377
	accu: 		54.0%
	l1: 		541.6232299804688
	p dist pair: 	0.8418068289756775
	above 50.00%
iteration: 	3
	train
	time: 	39.78705549240112
	cross ent: 	0.7010910086333751
	cluster: 	0.005679274765619387
	separation:	0.002102701433533285
	avg separation:	0.30210871663358474
	accu: 		77.80555555555554%
	l1: 		541.6409912109375
	p dist pair: 	0.8418068289756775
	test
	time: 	2.305710554122925
	cross ent: 	3.944982814788818
	cluster: 	0.009714202862232924
	separation:	0.0022500610444694757
	avg separation:	0.29326880574226377
	accu: 		54.0%
	l1: 		541.6409912109375
	p dist pair: 	0.8418068289756775
	above 50.00%
iteration: 	4
	train
	time: 	40.133357763290405
	cross ent: 	0.6937135481172138
	cluster: 	0.0056792747494505925
	separation:	0.0021027014299761504
	avg separation:	0.3021087158885267
	accu: 		78.13888888888889%
	l1: 		541.6365356445312
	p dist pair: 	0.8418068289756775
	test
	time: 	2.2593672275543213
	cross ent: 	3.9463601112365723
	cluster: 	0.009714202862232924
	separation:	0.0022500610444694757
	avg separation:	0.29326880574226377
	accu: 		55.00000000000001%
	l1: 		541.6365356445312
	p dist pair: 	0.8418068289756775
	above 50.00%
epoch: 	51
	joint
	train
	time: 	48.81659531593323
	cross ent: 	0.6895680209000905
	cluster: 	0.0056792281335219744
	separation:	0.0021026993154211796
	avg separation:	0.3021087170475059
	accu: 		77.88888888888889%
	l1: 		541.6365356445312
	p dist pair: 	0.8418068289756775
	test
	time: 	2.1905741691589355
	cross ent: 	3.947647523880005
	cluster: 	0.009713668841868639
	separation:	0.0022505951346829534
	avg separation:	0.29326890110969545
	accu: 		55.00000000000001%
	l1: 		541.6365356445312
	p dist pair: 	0.8418068289756775
	above 50.00%
epoch: 	52
	joint
	train
	time: 	49.14388680458069
	cross ent: 	0.6898160665399499
	cluster: 	0.005679253554747751
	separation:	0.0021027120308847063
	avg separation:	0.3021087199449539
	accu: 		77.86111111111111%
	l1: 		541.6365356445312
	p dist pair: 	0.8418068289756775
	test
	time: 	2.217069625854492
	cross ent: 	3.947820234298706
	cluster: 	0.0097137451171875
	separation:	0.002250824007205665
	avg separation:	0.2932688772678375
	accu: 		55.00000000000001%
	l1: 		541.6365356445312
	p dist pair: 	0.8418068289756775
	above 50.00%
epoch: 	53
	joint
	train
	time: 	49.308456897735596
	cross ent: 	0.6897265639570024
	cluster: 	0.005679215401566277
	separation:	0.002102731103594932
	avg separation:	0.3021087327765094
	accu: 		77.86111111111111%
	l1: 		541.6365356445312
	p dist pair: 	0.8418068289756775
	test
	time: 	2.320669174194336
	cross ent: 	3.9464598178863524
	cluster: 	0.009713821671903133
	separation:	0.002250824007205665
	avg separation:	0.29326883554458616
	accu: 		55.00000000000001%
	l1: 		541.6365356445312
	p dist pair: 	0.8418068289756775
	above 50.00%
epoch: 	54
	joint
	train
	time: 	49.23157215118408
	cross ent: 	0.6898093257927232
	cluster: 	0.0056792493346923345
	separation:	0.0021026314937949387
	avg separation:	0.302108720690012
	accu: 		77.86111111111111%
	l1: 		541.6365356445312
	p dist pair: 	0.8418068289756775
	test
	time: 	2.38803768157959
	cross ent: 	3.9476597785949705
	cluster: 	0.009713745303452015
	separation:	0.0022506714565679433
	avg separation:	0.2932688593864441
	accu: 		55.00000000000001%
	l1: 		541.6365356445312
	p dist pair: 	0.8418068289756775
	above 50.00%
epoch: 	55
	joint
	train
	time: 	48.87512946128845
	cross ent: 	0.6898054421775871
	cluster: 	0.005679221781125913
	separation:	0.0021026781203949615
	avg separation:	0.3021087210211489
	accu: 		77.86111111111111%
	l1: 		541.6365356445312
	p dist pair: 	0.8418068289756775
	test
	time: 	2.246683359146118
	cross ent: 	3.9476597785949705
	cluster: 	0.009713745303452015
	separation:	0.0022506714565679433
	avg separation:	0.2932688593864441
	accu: 		55.00000000000001%
	l1: 		541.6365356445312
	p dist pair: 	0.8418068289756775
	above 50.00%
	push
	Executing push ...
	push time: 	163.99194622039795
	test
	time: 	2.2106704711914062
	cross ent: 	3.9454615116119385
	cluster: 	0.009712905995547772
	separation:	0.0022492218529805543
	avg separation:	0.29326902627944945
	accu: 		55.00000000000001%
	l1: 		541.6365356445312
	p dist pair: 	0.8418065309524536
	above 50.00%
	last layer
iteration: 	0
	train
	time: 	39.654035568237305
	cross ent: 	0.6876466675764985
	cluster: 	0.005678151545321776
	separation:	0.0021017096125029236
	avg separation:	0.3021088559594419
	accu: 		78.27777777777779%
	l1: 		541.6771240234375
	p dist pair: 	0.8418065309524536
	test
	time: 	2.3217082023620605
	cross ent: 	3.9444488525390624
	cluster: 	0.009712905995547772
	separation:	0.0022492218529805543
	avg separation:	0.29326902627944945
	accu: 		54.0%
	l1: 		541.6771240234375
	p dist pair: 	0.8418065309524536
	above 50.00%
iteration: 	1
	train
	time: 	40.07734775543213
	cross ent: 	0.6837175091107687
	cluster: 	0.005678151537560754
	separation:	0.0021017096128262995
	avg separation:	0.3021088567045
	accu: 		78.52777777777777%
	l1: 		541.6879272460938
	p dist pair: 	0.8418065309524536
	test
	time: 	2.281853437423706
	cross ent: 	3.9387988090515136
	cluster: 	0.009712905995547772
	separation:	0.0022492218529805543
	avg separation:	0.29326902627944945
	accu: 		54.0%
	l1: 		541.6879272460938
	p dist pair: 	0.8418065309524536
	above 50.00%
iteration: 	2
	train
	time: 	39.72038435935974
	cross ent: 	0.6776322525822454
	cluster: 	0.005678151552436046
	separation:	0.002101709620263945
	avg separation:	0.30210885612501037
	accu: 		78.80555555555556%
	l1: 		541.7041625976562
	p dist pair: 	0.8418065309524536
	test
	time: 	2.2648797035217285
	cross ent: 	3.918282651901245
	cluster: 	0.009712905995547772
	separation:	0.0022492218529805543
	avg separation:	0.29326902627944945
	accu: 		54.0%
	l1: 		541.7041625976562
	p dist pair: 	0.8418065309524536
	above 50.00%
iteration: 	3
	train
	time: 	40.2867157459259
	cross ent: 	0.671833448857069
	cluster: 	0.005678151537560754
	separation:	0.0021017096131496753
	avg separation:	0.3021088553799523
	accu: 		78.55555555555556%
	l1: 		541.736328125
	p dist pair: 	0.8418065309524536
	test
	time: 	2.225139617919922
	cross ent: 	3.933161973953247
	cluster: 	0.009712905995547772
	separation:	0.0022492218529805543
	avg separation:	0.29326902627944945
	accu: 		55.00000000000001%
	l1: 		541.736328125
	p dist pair: 	0.8418065309524536
	above 50.00%
iteration: 	4
	train
	time: 	39.99221611022949
	cross ent: 	0.6667010206315253
	cluster: 	0.005678151554376301
	separation:	0.0021017096160600582
	avg separation:	0.30210885438654156
	accu: 		78.75%
	l1: 		541.7496337890625
	p dist pair: 	0.8418065309524536
	test
	time: 	2.2882986068725586
	cross ent: 	3.9237555503845214
	cluster: 	0.009712905995547772
	separation:	0.0022492218529805543
	avg separation:	0.29326902627944945
	accu: 		54.0%
	l1: 		541.7496337890625
	p dist pair: 	0.8418065309524536
	above 50.00%
epoch: 	56
	joint
	train
	time: 	48.84769654273987
	cross ent: 	0.6620567753083176
	cluster: 	0.005678151540147762
	separation:	0.00210171173287866
	avg separation:	0.3021088541381889
	accu: 		79.13888888888889%
	l1: 		541.7496337890625
	p dist pair: 	0.8418065309524536
	test
	time: 	2.1389667987823486
	cross ent: 	3.9237555503845214
	cluster: 	0.009712905995547772
	separation:	0.0022492218529805543
	avg separation:	0.29326902627944945
	accu: 		54.0%
	l1: 		541.7496337890625
	p dist pair: 	0.8418065309524536
	above 50.00%
epoch: 	57
	joint
	train
	time: 	49.20331406593323
	cross ent: 	0.6620563701623016
	cluster: 	0.005678151542734769
	separation:	0.0021017159678093675
	avg separation:	0.3021088562077946
	accu: 		79.13888888888889%
	l1: 		541.7496337890625
	p dist pair: 	0.8418065309524536
	test
	time: 	2.249690532684326
	cross ent: 	3.9237555503845214
	cluster: 	0.009712905995547772
	separation:	0.0022492218529805543
	avg separation:	0.29326902627944945
	accu: 		54.0%
	l1: 		541.7496337890625
	p dist pair: 	0.8418065309524536
	above 50.00%
epoch: 	58
	joint
	train
	time: 	49.321006774902344
	cross ent: 	0.6620551724400785
	cluster: 	0.005678151540147762
	separation:	0.002101715969426247
	avg separation:	0.3021088542209731
	accu: 		79.13888888888889%
	l1: 		541.7496337890625
	p dist pair: 	0.8418065309524536
	test
	time: 	2.2655954360961914
	cross ent: 	3.9237555503845214
	cluster: 	0.009712905995547772
	separation:	0.0022492218529805543
	avg separation:	0.29326902627944945
	accu: 		54.0%
	l1: 		541.7496337890625
	p dist pair: 	0.8418065309524536
	above 50.00%
epoch: 	59
	joint
	train
	time: 	49.161476612091064
	cross ent: 	0.6620547395613459
	cluster: 	0.005678151560843819
	separation:	0.002101715969426247
	avg separation:	0.30210885571108925
	accu: 		79.13888888888889%
	l1: 		541.7496337890625
	p dist pair: 	0.8418065309524536
	test
	time: 	2.2213146686553955
	cross ent: 	3.9237552165985106
	cluster: 	0.009712905995547772
	separation:	0.0022492218529805543
	avg separation:	0.29326900839805603
	accu: 		54.0%
	l1: 		541.7496337890625
	p dist pair: 	0.8418065309524536
	above 50.00%
epoch: 	60
	joint
	train
	time: 	49.035935401916504
	cross ent: 	0.6620547417137358
	cluster: 	0.00567815155049579
	separation:	0.0021017159713665025
	avg separation:	0.30210885571108925
	accu: 		79.13888888888889%
	l1: 		541.7496337890625
	p dist pair: 	0.8418065309524536
	test
	time: 	2.2468225955963135
	cross ent: 	3.9237552165985106
	cluster: 	0.009712905995547772
	separation:	0.0022492218529805543
	avg separation:	0.29326900839805603
	accu: 		54.0%
	l1: 		541.7496337890625
	p dist pair: 	0.8418065309524536
	above 50.00%
	push
	Executing push ...
	push time: 	162.38760256767273
	test
	time: 	2.1866464614868164
	cross ent: 	3.9237552165985106
	cluster: 	0.009712905995547772
	separation:	0.0022492218529805543
	avg separation:	0.29326900839805603
	accu: 		54.0%
	l1: 		541.7496337890625
	p dist pair: 	0.8418065309524536
	above 50.00%
	last layer
iteration: 	0
	train
	time: 	39.44770646095276
	cross ent: 	0.6628082578380903
	cluster: 	0.005678151563430826
	separation:	0.0021017159610184737
	avg separation:	0.30210885562830503
	accu: 		79.05555555555556%
	l1: 		541.714111328125
	p dist pair: 	0.8418065309524536
	test
	time: 	2.1335599422454834
	cross ent: 	3.9271827697753907
	cluster: 	0.009712905995547772
	separation:	0.0022492218529805543
	avg separation:	0.29326900839805603
	accu: 		55.00000000000001%
	l1: 		541.714111328125
	p dist pair: 	0.8418065309524536
	above 50.00%
iteration: 	1
	train
	time: 	39.73217177391052
	cross ent: 	0.6590017108867566
	cluster: 	0.0056781515310932364
	separation:	0.0021017159720132543
	avg separation:	0.3021088530619939
	accu: 		78.58333333333334%
	l1: 		541.7728271484375
	p dist pair: 	0.8418065309524536
	test
	time: 	2.253600835800171
	cross ent: 	3.9195685386657715
	cluster: 	0.009712905995547772
	separation:	0.0022492218529805543
	avg separation:	0.29326900839805603
	accu: 		55.00000000000001%
	l1: 		541.7728271484375
	p dist pair: 	0.8418065309524536
	above 50.00%
iteration: 	2
	train
	time: 	39.7010817527771
	cross ent: 	0.6543100222117371
	cluster: 	0.005678151554376301
	separation:	0.002101715968456119
	avg separation:	0.30210885662171577
	accu: 		79.05555555555556%
	l1: 		541.737548828125
	p dist pair: 	0.8418065309524536
	test
	time: 	2.289797306060791
	cross ent: 	3.9327344417572023
	cluster: 	0.009712905995547772
	separation:	0.0022492218529805543
	avg separation:	0.29326900839805603
	accu: 		55.00000000000001%
	l1: 		541.737548828125
	p dist pair: 	0.8418065309524536
	above 50.00%
iteration: 	3
	train
	time: 	39.76341700553894
	cross ent: 	0.6493356547421879
	cluster: 	0.005678151547908783
	separation:	0.0021017159720132543
	avg separation:	0.3021088528964255
	accu: 		79.27777777777779%
	l1: 		541.7406616210938
	p dist pair: 	0.8418065309524536
	test
	time: 	2.271078586578369
	cross ent: 	3.923799753189087
	cluster: 	0.009712905995547772
	separation:	0.0022492218529805543
	avg separation:	0.29326900839805603
	accu: 		55.00000000000001%
	l1: 		541.7406616210938
	p dist pair: 	0.8418065309524536
	above 50.00%
iteration: 	4
	train
	time: 	39.30981683731079
	cross ent: 	0.6454172079761823
	cluster: 	0.0056781515259192224
	separation:	0.002101715981067779
	avg separation:	0.3021088562077946
	accu: 		79.27777777777779%
	l1: 		541.75341796875
	p dist pair: 	0.8418065309524536
	test
	time: 	2.2546186447143555
	cross ent: 	3.9273492336273192
	cluster: 	0.009712905995547772
	separation:	0.0022492218529805543
	avg separation:	0.29326900839805603
	accu: 		55.00000000000001%
	l1: 		541.75341796875
	p dist pair: 	0.8418065309524536
	above 50.00%
epoch: 	61
	joint
	train
	time: 	48.8060028553009
	cross ent: 	0.6410276653452052
	cluster: 	0.005678151534973747
	separation:	0.0021017159678093675
	avg separation:	0.3021088546348943
	accu: 		79.69444444444444%
	l1: 		541.75341796875
	p dist pair: 	0.8418065309524536
	test
	time: 	2.2523739337921143
	cross ent: 	3.9273492336273192
	cluster: 	0.009712905995547772
	separation:	0.0022492218529805543
	avg separation:	0.29326900839805603
	accu: 		55.00000000000001%
	l1: 		541.75341796875
	p dist pair: 	0.8418065309524536
	above 50.00%
epoch: 	62
	joint
	train
	time: 	49.228328227996826
	cross ent: 	0.6410276669594976
	cluster: 	0.005678151529799733
	separation:	0.0021017159678093675
	avg separation:	0.3021088549660312
	accu: 		79.69444444444444%
	l1: 		541.75341796875
	p dist pair: 	0.8418065309524536
	test
	time: 	2.2637765407562256
	cross ent: 	3.9273492336273192
	cluster: 	0.009712905995547772
	separation:	0.0022492218529805543
	avg separation:	0.29326900839805603
	accu: 		55.00000000000001%
	l1: 		541.75341796875
	p dist pair: 	0.8418065309524536
	above 50.00%
epoch: 	63
	joint
	train
	time: 	49.38373279571533
	cross ent: 	0.6410276535898447
	cluster: 	0.005678151566664584
	separation:	0.0021017159716898784
	avg separation:	0.30210885612501037
	accu: 		79.69444444444444%
	l1: 		541.75341796875
	p dist pair: 	0.8418065309524536
	test
	time: 	2.2052903175354004
	cross ent: 	3.9273492336273192
	cluster: 	0.009712905995547772
	separation:	0.0022492218529805543
	avg separation:	0.29326900839805603
	accu: 		55.00000000000001%
	l1: 		541.75341796875
	p dist pair: 	0.8418065309524536
	above 50.00%
epoch: 	64
	joint
	train
	time: 	49.13396692276001
	cross ent: 	0.6410276564045085
	cluster: 	0.005678151529799733
	separation:	0.0021017159710431266
	avg separation:	0.30210885662171577
	accu: 		79.69444444444444%
	l1: 		541.75341796875
	p dist pair: 	0.8418065309524536
	test
	time: 	2.189764976501465
	cross ent: 	3.9273492336273192
	cluster: 	0.009712905995547772
	separation:	0.0022492218529805543
	avg separation:	0.29326900839805603
	accu: 		55.00000000000001%
	l1: 		541.75341796875
	p dist pair: 	0.8418065309524536
	above 50.00%
epoch: 	65
	joint
	train
	time: 	48.922698736190796
	cross ent: 	0.6410276494920254
	cluster: 	0.005678151544028272
	separation:	0.0021017159716898784
	avg separation:	0.30210885438654156
	accu: 		79.69444444444444%
	l1: 		541.75341796875
	p dist pair: 	0.8418065309524536
	test
	time: 	2.2675833702087402
	cross ent: 	3.9273492336273192
	cluster: 	0.009712905995547772
	separation:	0.0022492218529805543
	avg separation:	0.29326900839805603
	accu: 		55.00000000000001%
	l1: 		541.75341796875
	p dist pair: 	0.8418065309524536
	above 50.00%
	push
	Executing push ...
	push time: 	164.45748805999756
	test
	time: 	2.2441816329956055
	cross ent: 	3.9273492336273192
	cluster: 	0.009712905995547772
	separation:	0.0022492218529805543
	avg separation:	0.29326900839805603
	accu: 		55.00000000000001%
	l1: 		541.75341796875
	p dist pair: 	0.8418065309524536
	above 50.00%
	last layer
iteration: 	0
	train
	time: 	39.527642250061035
	cross ent: 	0.6417937292820878
	cluster: 	0.005678151553082798
	separation:	0.0021017159716898784
	avg separation:	0.3021088529792097
	accu: 		79.61111111111111%
	l1: 		541.7299194335938
	p dist pair: 	0.8418065309524536
	test
	time: 	2.2111105918884277
	cross ent: 	3.915321683883667
	cluster: 	0.009712905995547772
	separation:	0.0022492218529805543
	avg separation:	0.29326900839805603
	accu: 		56.00000000000001%
	l1: 		541.7299194335938
	p dist pair: 	0.8418065309524536
	above 50.00%
iteration: 	1
	train
	time: 	39.76022005081177
	cross ent: 	0.6391710575256083
	cluster: 	0.005678151534326995
	separation:	0.002101715974923637
	avg separation:	0.3021088549660312
	accu: 		79.58333333333333%
	l1: 		541.749755859375
	p dist pair: 	0.8418065309524536
	test
	time: 	2.284693479537964
	cross ent: 	3.9120876789093018
	cluster: 	0.009712905995547772
	separation:	0.0022492218529805543
	avg separation:	0.29326900839805603
	accu: 		56.00000000000001%
	l1: 		541.749755859375
	p dist pair: 	0.8418065309524536
	above 50.00%
iteration: 	2
	train
	time: 	39.82125115394592
	cross ent: 	0.635320812712113
	cluster: 	0.00567815153950101
	separation:	0.002101715962311977
	avg separation:	0.3021088553799523
	accu: 		79.80555555555556%
	l1: 		541.7454223632812
	p dist pair: 	0.8418065309524536
	test
	time: 	2.2301926612854004
	cross ent: 	3.9145963191986084
	cluster: 	0.009712905995547772
	separation:	0.0022492218529805543
	avg separation:	0.29326900839805603
	accu: 		56.00000000000001%
	l1: 		541.7454223632812
	p dist pair: 	0.8418065309524536
	above 50.00%
iteration: 	3
	train
	time: 	39.52286720275879
	cross ent: 	0.6320665195584297
	cluster: 	0.005678151529152981
	separation:	0.0021017159678093675
	avg separation:	0.30210885488324696
	accu: 		79.69444444444444%
	l1: 		541.741943359375
	p dist pair: 	0.8418065309524536
	test
	time: 	2.2417962551116943
	cross ent: 	3.934904098510742
	cluster: 	0.009712905995547772
	separation:	0.0022492218529805543
	avg separation:	0.29326900839805603
	accu: 		56.00000000000001%
	l1: 		541.741943359375
	p dist pair: 	0.8418065309524536
	above 50.00%
iteration: 	4
	train
	time: 	39.6087908744812
	cross ent: 	0.6281287426749865
	cluster: 	0.005678151534973747
	separation:	0.0021017159739535095
	avg separation:	0.3021088575323423
	accu: 		80.02777777777777%
	l1: 		541.7827758789062
	p dist pair: 	0.8418065309524536
	test
	time: 	2.2547500133514404
	cross ent: 	3.9031853675842285
	cluster: 	0.009712905995547772
	separation:	0.0022492218529805543
	avg separation:	0.29326900839805603
	accu: 		56.99999999999999%
	l1: 		541.7827758789062
	p dist pair: 	0.8418065309524536
	above 50.00%
epoch: 	66
	joint
	train
	time: 	48.80573630332947
	cross ent: 	0.6253909986880091
	cluster: 	0.005678151541441265
	separation:	0.0021017159720132543
	avg separation:	0.3021088564561473
	accu: 		79.80555555555556%
	l1: 		541.7827758789062
	p dist pair: 	0.8418065309524536
	test
	time: 	2.2620439529418945
	cross ent: 	3.9031853675842285
	cluster: 	0.009712905995547772
	separation:	0.0022492218529805543
	avg separation:	0.29326900839805603
	accu: 		56.99999999999999%
	l1: 		541.7827758789062
	p dist pair: 	0.8418065309524536
	above 50.00%
epoch: 	67
	joint
	train
	time: 	49.359286069869995
	cross ent: 	0.6253909972806772
	cluster: 	0.005678151534973747
	separation:	0.002101715972660006
	avg separation:	0.3021088542209731
	accu: 		79.80555555555556%
	l1: 		541.7827758789062
	p dist pair: 	0.8418065309524536
	test
	time: 	2.237644910812378
	cross ent: 	3.9031853675842285
	cluster: 	0.009712905995547772
	separation:	0.0022492218529805543
	avg separation:	0.29326900839805603
	accu: 		56.99999999999999%
	l1: 		541.7827758789062
	p dist pair: 	0.8418065309524536
	above 50.00%
epoch: 	68
	joint
	train
	time: 	49.356624126434326
	cross ent: 	0.6253909984810485
	cluster: 	0.005678151541441265
	separation:	0.0021017159713665025
	avg separation:	0.302108852730857
	accu: 		79.80555555555556%
	l1: 		541.7827758789062
	p dist pair: 	0.8418065309524536
	test
	time: 	2.2143335342407227
	cross ent: 	3.9031853675842285
	cluster: 	0.009712905995547772
	separation:	0.0022492218529805543
	avg separation:	0.29326900839805603
	accu: 		56.99999999999999%
	l1: 		541.7827758789062
	p dist pair: 	0.8418065309524536
	above 50.00%
epoch: 	69
	joint
	train
	time: 	49.16421461105347
	cross ent: 	0.6253910023305151
	cluster: 	0.0056781515459685275
	separation:	0.0021017159715281905
	avg separation:	0.3021088558766577
	accu: 		79.80555555555556%
	l1: 		541.7827758789062
	p dist pair: 	0.8418065309524536
	test
	time: 	2.3774943351745605
	cross ent: 	3.9031853675842285
	cluster: 	0.009712905995547772
	separation:	0.0022492218529805543
	avg separation:	0.29326900839805603
	accu: 		56.99999999999999%
	l1: 		541.7827758789062
	p dist pair: 	0.8418065309524536
	above 50.00%
Execution time (minutes): 142.77554166316986
