training set size: 3375
push set size: 1125
test set size: 375
batch size: 20
start training
epoch: 	0
	warm
	train
	time: 	95.13078427314758
	cross ent: 	1.0185032014310713
	cluster: 	1.436252388904786
	separation:	1.3433773789180101
	avg separation:	12.918200729866705
	accu: 		47.37777777777778%
	l1: 		60.0
	p dist pair: 	19.59798812866211
	test
	time: 	12.035900115966797
	cross ent: 	0.9747325495669716
	cluster: 	0.4717886745929718
	separation:	0.5000705515083513
	avg separation:	11.759533229627108
	accu: 		47.733333333333334%
	l1: 		60.0
	p dist pair: 	19.59798812866211
epoch: 	1
	warm
	train
	time: 	48.6845908164978
	cross ent: 	0.9434373431657193
	cluster: 	0.31911035190672565
	separation:	0.32671318075360634
	avg separation:	12.219289644230047
	accu: 		54.992592592592594%
	l1: 		60.0
	p dist pair: 	19.229454040527344
	test
	time: 	6.096952438354492
	cross ent: 	0.8433313557976171
	cluster: 	0.20167007728626854
	separation:	0.24834005534648895
	avg separation:	12.247203224583677
	accu: 		60.8%
	l1: 		60.0
	p dist pair: 	19.229454040527344
	above 50.00%
epoch: 	2
	warm
	train
	time: 	48.95277523994446
	cross ent: 	0.9711167297419712
	cluster: 	0.2992330341649479
	separation:	0.29307257441373974
	avg separation:	12.207834655716574
	accu: 		50.577777777777776%
	l1: 		60.0
	p dist pair: 	18.898441314697266
	test
	time: 	6.219213008880615
	cross ent: 	1.0139479041099548
	cluster: 	0.3024583702024661
	separation:	0.27285858910334737
	avg separation:	11.7790594602886
	accu: 		46.400000000000006%
	l1: 		60.0
	p dist pair: 	18.898441314697266
epoch: 	3
	warm
	train
	time: 	48.54473304748535
	cross ent: 	0.9403275131473879
	cluster: 	0.24883614890497818
	separation:	0.2516086639825409
	avg separation:	12.41054208744207
	accu: 		53.15555555555556%
	l1: 		60.0
	p dist pair: 	18.3221378326416
	test
	time: 	6.187106132507324
	cross ent: 	0.7993692285136172
	cluster: 	0.1461674578880009
	separation:	0.19081700946155347
	avg separation:	11.969685353730855
	accu: 		59.73333333333334%
	l1: 		60.0
	p dist pair: 	18.3221378326416
	above 50.00%
epoch: 	4
	warm
	train
	time: 	48.26596021652222
	cross ent: 	0.9336351209138272
	cluster: 	0.206311260542926
	separation:	0.2045517573518866
	avg separation:	12.340022041952821
	accu: 		54.04444444444444%
	l1: 		60.0
	p dist pair: 	17.70525360107422
	test
	time: 	6.222048759460449
	cross ent: 	0.7988064540059943
	cluster: 	0.12979225931983246
	separation:	0.17536644088594536
	avg separation:	12.04070648394133
	accu: 		60.53333333333333%
	l1: 		60.0
	p dist pair: 	17.70525360107422
	above 50.00%
epoch: 	5
	joint
	train
	time: 	60.03973340988159
	cross ent: 	1.167400519523395
	cluster: 	0.5700016290654798
	separation:	0.3851282596588135
	avg separation:	10.320125150962694
	accu: 		34.96296296296296%
	l1: 		60.0
	p dist pair: 	17.10392951965332
	test
	time: 	6.15410041809082
	cross ent: 	1.2637198410536115
	cluster: 	0.25260733303270844
	separation:	0.14282999893552378
	avg separation:	8.895881703025417
	accu: 		33.33333333333333%
	l1: 		60.0
	p dist pair: 	17.10392951965332
	push
	Executing push ...
	push time: 	73.48751044273376
	test
	time: 	6.197612047195435
	cross ent: 	11.400298269171463
	cluster: 	0.019541054718980665
	separation:	0.0038350022544986324
	avg separation:	0.09095078157751184
	accu: 		43.46666666666666%
	l1: 		60.0
	p dist pair: 	1.0738842487335205
	last layer
iteration: 	0
	train
	time: 	49.188239097595215
	cross ent: 	11.725595498226099
	cluster: 	0.03427473424393794
	separation:	0.003654776508892341
	avg separation:	0.11127499204415542
	accu: 		39.407407407407405%
	l1: 		59.86621856689453
	p dist pair: 	1.0738842487335205
	test
	time: 	6.308067798614502
	cross ent: 	10.232343648609362
	cluster: 	0.019541054718980665
	separation:	0.0038350022544986324
	avg separation:	0.09095078157751184
	accu: 		46.400000000000006%
	l1: 		59.86621856689453
	p dist pair: 	1.0738842487335205
iteration: 	1
	train
	time: 	48.3541042804718
	cross ent: 	10.444385683748143
	cluster: 	0.034237912949725724
	separation:	0.003655878013446266
	avg separation:	0.11125009167476518
	accu: 		40.266666666666666%
	l1: 		59.74965286254883
	p dist pair: 	1.0738842487335205
	test
	time: 	6.478335618972778
	cross ent: 	9.217616231817948
	cluster: 	0.019541054718980665
	separation:	0.0038350022544986324
	avg separation:	0.09095078157751184
	accu: 		47.733333333333334%
	l1: 		59.74965286254883
	p dist pair: 	1.0738842487335205
iteration: 	2
	train
	time: 	48.180660009384155
	cross ent: 	9.276096781329995
	cluster: 	0.03420745638976171
	separation:	0.0036534733275370396
	avg separation:	0.11128056957524203
	accu: 		41.18518518518518%
	l1: 		59.65025329589844
	p dist pair: 	1.0738842487335205
	test
	time: 	6.3020219802856445
	cross ent: 	8.270667552947998
	cluster: 	0.019541054718980665
	separation:	0.0038350022544986324
	avg separation:	0.09095078157751184
	accu: 		48.266666666666666%
	l1: 		59.65025329589844
	p dist pair: 	1.0738842487335205
iteration: 	3
	train
	time: 	43.14066672325134
	cross ent: 	8.196928014416667
	cluster: 	0.0342305957852207
	separation:	0.003653443216610722
	avg separation:	0.11127997198577463
	accu: 		41.48148148148148%
	l1: 		59.56993865966797
	p dist pair: 	1.0738842487335205
	test
	time: 	6.324812650680542
	cross ent: 	7.337990258869372
	cluster: 	0.019541054718980665
	separation:	0.0038350022544986324
	avg separation:	0.09095078157751184
	accu: 		47.733333333333334%
	l1: 		59.56993865966797
	p dist pair: 	1.0738842487335205
iteration: 	4
	train
	time: 	47.6539831161499
	cross ent: 	7.169501826607969
	cluster: 	0.034260579944208
	separation:	0.003651435810730919
	avg separation:	0.11126491418604315
	accu: 		42.074074074074076%
	l1: 		59.51165771484375
	p dist pair: 	1.0738842487335205
	test
	time: 	6.232003927230835
	cross ent: 	6.388252659847862
	cluster: 	0.019541054718980665
	separation:	0.0038350022544986324
	avg separation:	0.09095078157751184
	accu: 		47.733333333333334%
	l1: 		59.51165771484375
	p dist pair: 	1.0738842487335205
epoch: 	6
	joint
	train
	time: 	60.35252642631531
	cross ent: 	1.186168134212494
	cluster: 	0.36871668493606635
	separation:	0.2743457559655977
	avg separation:	1.1184586987957446
	accu: 		42.13333333333333%
	l1: 		59.51165771484375
	p dist pair: 	1.3739466667175293
	test
	time: 	6.115501165390015
	cross ent: 	1.0221343197320636
	cluster: 	0.054115838518268185
	separation:	0.04467628327639479
	avg separation:	0.6573820616069593
	accu: 		50.13333333333333%
	l1: 		59.51165771484375
	p dist pair: 	1.3739466667175293
	above 50.00%
epoch: 	7
	joint
	train
	time: 	60.67815661430359
	cross ent: 	1.0080215941519426
	cluster: 	0.05995451312886893
	separation:	0.04681980073143392
	avg separation:	0.7183058113741452
	accu: 		46.074074074074076%
	l1: 		59.51165771484375
	p dist pair: 	1.4603334665298462
	test
	time: 	5.733708143234253
	cross ent: 	0.9217596901090521
	cluster: 	0.041646262336718406
	separation:	0.03651667915676769
	avg separation:	0.7538429843752008
	accu: 		45.6%
	l1: 		59.51165771484375
	p dist pair: 	1.4603334665298462
epoch: 	8
	joint
	train
	time: 	60.24026894569397
	cross ent: 	0.9891168856056485
	cluster: 	0.06303654029171847
	separation:	0.05324070943662754
	avg separation:	0.9297153237303333
	accu: 		49.718518518518515%
	l1: 		59.51165771484375
	p dist pair: 	1.5268800258636475
	test
	time: 	6.046471357345581
	cross ent: 	0.8604571317371569
	cluster: 	0.09813010378887779
	separation:	0.09622430762178019
	avg separation:	1.033440517751794
	accu: 		56.8%
	l1: 		59.51165771484375
	p dist pair: 	1.5268800258636475
	above 50.00%
epoch: 	9
	joint
	train
	time: 	60.21938157081604
	cross ent: 	0.8995099663734436
	cluster: 	0.052510437494992505
	separation:	0.04916895140160823
	avg separation:	0.9590951274837968
	accu: 		54.1037037037037%
	l1: 		59.51165771484375
	p dist pair: 	1.581652045249939
	test
	time: 	6.181809186935425
	cross ent: 	0.8158777199293438
	cluster: 	0.03958597112643091
	separation:	0.038668295466586164
	avg separation:	0.9690096441068148
	accu: 		58.93333333333334%
	l1: 		59.51165771484375
	p dist pair: 	1.581652045249939
	above 50.00%
epoch: 	10
	joint
	train
	time: 	60.045315980911255
	cross ent: 	0.7420201862352134
	cluster: 	0.031400427574942096
	separation:	0.03125421404177268
	avg separation:	0.944276899275695
	accu: 		66.07407407407408%
	l1: 		59.51165771484375
	p dist pair: 	1.5773541927337646
	test
	time: 	6.4555768966674805
	cross ent: 	0.8401597550040797
	cluster: 	0.044652604841087996
	separation:	0.047431458179887975
	avg separation:	1.1080363047750372
	accu: 		64.53333333333333%
	l1: 		59.51165771484375
	p dist pair: 	1.5773541927337646
	above 50.00%
	push
	Executing push ...
	push time: 	71.00708484649658
	test
	time: 	6.133699178695679
	cross ent: 	5.102703935221622
	cluster: 	0.013541687083871741
	separation:	0.013747379404345625
	avg separation:	0.27392558126073135
	accu: 		45.6%
	l1: 		59.51165771484375
	p dist pair: 	0.6729720234870911
	last layer
iteration: 	0
	train
	time: 	48.736199378967285
	cross ent: 	4.090387725265773
	cluster: 	0.005683801211306506
	separation:	0.006871029092605121
	avg separation:	0.1967613653406589
	accu: 		47.11111111111111%
	l1: 		59.32786560058594
	p dist pair: 	0.6729720234870911
	test
	time: 	6.50432014465332
	cross ent: 	3.7525417679234554
	cluster: 	0.013541687083871741
	separation:	0.013747379404345625
	avg separation:	0.27392558126073135
	accu: 		49.86666666666667%
	l1: 		59.32786560058594
	p dist pair: 	0.6729720234870911
iteration: 	1
	train
	time: 	47.86147165298462
	cross ent: 	2.974543970717481
	cluster: 	0.005684698820279459
	separation:	0.00686910366584387
	avg separation:	0.19669865256935887
	accu: 		53.15555555555556%
	l1: 		59.20184326171875
	p dist pair: 	0.6729720234870911
	test
	time: 	6.310094594955444
	cross ent: 	2.984394644436083
	cluster: 	0.013541687083871741
	separation:	0.013747379404345625
	avg separation:	0.27392558126073135
	accu: 		53.06666666666666%
	l1: 		59.20184326171875
	p dist pair: 	0.6729720234870911
	above 50.00%
iteration: 	2
	train
	time: 	47.78269147872925
	cross ent: 	2.3728807665539917
	cluster: 	0.00568325647095097
	separation:	0.006872194563589726
	avg separation:	0.19680848717689514
	accu: 		57.51111111111111%
	l1: 		59.0994873046875
	p dist pair: 	0.6729720234870911
	test
	time: 	6.0148937702178955
	cross ent: 	2.5077173647127653
	cluster: 	0.013541687083871741
	separation:	0.013747379404345625
	avg separation:	0.27392558126073135
	accu: 		56.8%
	l1: 		59.0994873046875
	p dist pair: 	0.6729720234870911
	above 50.00%
iteration: 	3
	train
	time: 	48.42446780204773
	cross ent: 	2.0147037384425395
	cluster: 	0.005691476520316223
	separation:	0.006869022399683059
	avg separation:	0.19673373682435447
	accu: 		59.67407407407408%
	l1: 		59.01565170288086
	p dist pair: 	0.6729720234870911
	test
	time: 	6.387844562530518
	cross ent: 	2.1979510156731856
	cluster: 	0.013541687083871741
	separation:	0.013747379404345625
	avg separation:	0.27392558126073135
	accu: 		58.13333333333334%
	l1: 		59.01565170288086
	p dist pair: 	0.6729720234870911
	above 50.00%
iteration: 	4
	train
	time: 	48.719213247299194
	cross ent: 	1.7889725897439133
	cluster: 	0.005694516970963388
	separation:	0.006864902216902543
	avg separation:	0.1965961556374674
	accu: 		61.12592592592593%
	l1: 		58.94192123413086
	p dist pair: 	0.6729720234870911
	test
	time: 	5.856993198394775
	cross ent: 	1.9828481109518754
	cluster: 	0.013541687083871741
	separation:	0.013747379404345625
	avg separation:	0.27392558126073135
	accu: 		59.199999999999996%
	l1: 		58.94192123413086
	p dist pair: 	0.6729720234870911
	above 50.00%
epoch: 	11
	joint
	train
	time: 	60.57354712486267
	cross ent: 	0.7522024565194485
	cluster: 	0.030906378310835043
	separation:	0.0274704089498467
	avg separation:	0.25455070586775885
	accu: 		69.36296296296295%
	l1: 		58.94192123413086
	p dist pair: 	0.6856607794761658
	test
	time: 	6.131896495819092
	cross ent: 	0.637855484297401
	cluster: 	0.023649189131040322
	separation:	0.025477440047420953
	avg separation:	0.2558171835384871
	accu: 		74.4%
	l1: 		58.94192123413086
	p dist pair: 	0.6856607794761658
	above 50.00%
epoch: 	12
	joint
	train
	time: 	60.87936210632324
	cross ent: 	0.6207004069576602
	cluster: 	0.015738545079335305
	separation:	0.017538781288856938
	avg separation:	0.21073558957442728
	accu: 		72.74074074074073%
	l1: 		58.94192123413086
	p dist pair: 	0.6880055069923401
	test
	time: 	6.2220025062561035
	cross ent: 	0.6332921479877672
	cluster: 	0.015296394201485734
	separation:	0.01976841090149001
	avg separation:	0.2453419401457435
	accu: 		72.26666666666667%
	l1: 		58.94192123413086
	p dist pair: 	0.6880055069923401
	above 50.00%
epoch: 	13
	joint
	train
	time: 	60.57973623275757
	cross ent: 	0.5853460149828499
	cluster: 	0.014016592982583322
	separation:	0.01701907949665418
	avg separation:	0.21688731676022682
	accu: 		75.70370370370371%
	l1: 		58.94192123413086
	p dist pair: 	0.6875954866409302
	test
	time: 	6.298368215560913
	cross ent: 	0.6925267843823684
	cluster: 	0.015832165060074704
	separation:	0.02176824908115362
	avg separation:	0.26508961931655284
	accu: 		72.26666666666667%
	l1: 		58.94192123413086
	p dist pair: 	0.6875954866409302
	above 50.00%
epoch: 	14
	joint
	train
	time: 	60.27579402923584
	cross ent: 	0.5624303244627439
	cluster: 	0.011992279853473401
	separation:	0.01548066780731611
	avg separation:	0.20949798015624108
	accu: 		77.62962962962962%
	l1: 		58.94192123413086
	p dist pair: 	0.6889335513114929
	test
	time: 	6.390727758407593
	cross ent: 	0.6206421271750802
	cluster: 	0.02083100505957478
	separation:	0.03090528555606541
	avg separation:	0.3046772456482837
	accu: 		74.13333333333333%
	l1: 		58.94192123413086
	p dist pair: 	0.6889335513114929
	above 50.00%
epoch: 	15
	joint
	train
	time: 	60.219866037368774
	cross ent: 	0.4772719223294738
	cluster: 	0.01193717733223939
	separation:	0.018094584125386188
	avg separation:	0.22884835629068181
	accu: 		81.8962962962963%
	l1: 		58.94192123413086
	p dist pair: 	0.6899706125259399
	test
	time: 	6.1482250690460205
	cross ent: 	0.6064368690315046
	cluster: 	0.014742433387590083
	separation:	0.0233752874069308
	avg separation:	0.274840647452756
	accu: 		76.53333333333333%
	l1: 		58.94192123413086
	p dist pair: 	0.6899706125259399
	above 50.00%
	push
	Executing push ...
	push time: 	71.26866173744202
	test
	time: 	6.328030347824097
	cross ent: 	1.7339932918548584
	cluster: 	0.0075230716703165515
	separation:	0.01678518367637145
	avg separation:	0.19488419121817538
	accu: 		60.0%
	l1: 		58.94192123413086
	p dist pair: 	0.5978891849517822
	above 50.00%
	last layer
iteration: 	0
	train
	time: 	49.06907773017883
	cross ent: 	1.0961328074776915
	cluster: 	0.0038067496632440733
	separation:	0.009573639808608406
	avg separation:	0.1507632558030137
	accu: 		66.99259259259259%
	l1: 		58.95732498168945
	p dist pair: 	0.5978891849517822
	test
	time: 	6.562882900238037
	cross ent: 	1.268893743816175
	cluster: 	0.0075230716703165515
	separation:	0.01678518367637145
	avg separation:	0.19488419121817538
	accu: 		67.46666666666667%
	l1: 		58.95732498168945
	p dist pair: 	0.5978891849517822
	above 50.00%
iteration: 	1
	train
	time: 	48.79777455329895
	cross ent: 	0.7948313964718192
	cluster: 	0.0038031456449906724
	separation:	0.009564993155640742
	avg separation:	0.1507516313322197
	accu: 		74.78518518518518%
	l1: 		58.95298767089844
	p dist pair: 	0.5978891849517822
	test
	time: 	6.673676490783691
	cross ent: 	1.160054203711058
	cluster: 	0.0075230716703165515
	separation:	0.01678518367637145
	avg separation:	0.19488419121817538
	accu: 		68.8%
	l1: 		58.95298767089844
	p dist pair: 	0.5978891849517822
	above 50.00%
iteration: 	2
	train
	time: 	49.15815258026123
	cross ent: 	0.7303241666781126
	cluster: 	0.003804757307316645
	separation:	0.009566010445764167
	avg separation:	0.15072147429165755
	accu: 		76.94814814814815%
	l1: 		58.940914154052734
	p dist pair: 	0.5978891849517822
	test
	time: 	6.320107698440552
	cross ent: 	1.1166998932236119
	cluster: 	0.0075230716703165515
	separation:	0.01678518367637145
	avg separation:	0.19488419121817538
	accu: 		70.66666666666667%
	l1: 		58.940914154052734
	p dist pair: 	0.5978891849517822
	above 50.00%
iteration: 	3
	train
	time: 	48.898728132247925
	cross ent: 	0.7090808802102444
	cluster: 	0.003806325316996749
	separation:	0.009563436420336807
	avg separation:	0.15069909076366197
	accu: 		76.97777777777777%
	l1: 		58.92786407470703
	p dist pair: 	0.5978891849517822
	test
	time: 	6.615158319473267
	cross ent: 	1.089593768119812
	cluster: 	0.0075230716703165515
	separation:	0.01678518367637145
	avg separation:	0.19488419121817538
	accu: 		72.0%
	l1: 		58.92786407470703
	p dist pair: 	0.5978891849517822
	above 50.00%
iteration: 	4
	train
	time: 	48.26860761642456
	cross ent: 	0.6985359480218775
	cluster: 	0.0038056203247510867
	separation:	0.009569350368282674
	avg separation:	0.15074136244827474
	accu: 		77.0074074074074%
	l1: 		58.915653228759766
	p dist pair: 	0.5978891849517822
	test
	time: 	6.502609729766846
	cross ent: 	1.0707314830077321
	cluster: 	0.0075230716703165515
	separation:	0.01678518367637145
	avg separation:	0.19488419121817538
	accu: 		72.26666666666667%
	l1: 		58.915653228759766
	p dist pair: 	0.5978891849517822
	above 50.00%
epoch: 	16
	joint
	train
	time: 	60.89778542518616
	cross ent: 	0.5473975585057185
	cluster: 	0.005731396160099501
	separation:	0.01104252102038101
	avg separation:	0.16367179053951297
	accu: 		79.58518518518518%
	l1: 		58.915653228759766
	p dist pair: 	0.5992575883865356
	test
	time: 	6.533843755722046
	cross ent: 	0.6352286221165406
	cluster: 	0.010576208293634025
	separation:	0.01894839799129649
	avg separation:	0.20665267737288223
	accu: 		77.33333333333333%
	l1: 		58.915653228759766
	p dist pair: 	0.5992575883865356
	above 50.00%
epoch: 	17
	joint
	train
	time: 	60.93338751792908
	cross ent: 	0.47479569047865783
	cluster: 	0.006373434531441807
	separation:	0.010773195054371064
	avg separation:	0.1599748850133292
	accu: 		81.65925925925926%
	l1: 		58.915653228759766
	p dist pair: 	0.6005919575691223
	test
	time: 	6.267457962036133
	cross ent: 	0.6066737739663375
	cluster: 	0.008078076729648992
	separation:	0.014790866572998072
	avg separation:	0.1846849102722971
	accu: 		77.60000000000001%
	l1: 		58.915653228759766
	p dist pair: 	0.6005919575691223
	above 50.00%
epoch: 	18
	joint
	train
	time: 	60.558770179748535
	cross ent: 	0.46037297338776334
	cluster: 	0.006109167046062428
	separation:	0.009838847798907016
	avg separation:	0.15317913109557868
	accu: 		82.25185185185185%
	l1: 		58.915653228759766
	p dist pair: 	0.6014847159385681
	test
	time: 	6.72098708152771
	cross ent: 	0.6060133654820291
	cluster: 	0.01072262553498149
	separation:	0.01810336877640925
	avg separation:	0.20259144666947818
	accu: 		77.06666666666668%
	l1: 		58.915653228759766
	p dist pair: 	0.6014847159385681
	above 50.00%
epoch: 	19
	joint
	train
	time: 	60.4149956703186
	cross ent: 	0.4467512595759341
	cluster: 	0.006385023824143163
	separation:	0.010204503478030482
	avg separation:	0.15497933923316426
	accu: 		82.75555555555556%
	l1: 		58.915653228759766
	p dist pair: 	0.6019237637519836
	test
	time: 	6.795074462890625
	cross ent: 	0.5950896983083925
	cluster: 	0.01080148948944713
	separation:	0.017990935691877416
	avg separation:	0.2042876960415589
	accu: 		77.86666666666666%
	l1: 		58.915653228759766
	p dist pair: 	0.6019237637519836
	above 50.00%
epoch: 	20
	joint
	train
	time: 	60.26037526130676
	cross ent: 	0.43394477198109827
	cluster: 	0.006484341384710733
	separation:	0.010554811563177486
	avg separation:	0.1573873266313203
	accu: 		83.34814814814816%
	l1: 		58.915653228759766
	p dist pair: 	0.6021432876586914
	test
	time: 	6.42035436630249
	cross ent: 	0.599029120646025
	cluster: 	0.010472682647799192
	separation:	0.017616968356857176
	avg separation:	0.2020172217958852
	accu: 		77.33333333333333%
	l1: 		58.915653228759766
	p dist pair: 	0.6021432876586914
	above 50.00%
	push
	Executing push ...
	push time: 	70.35872197151184
	test
	time: 	6.141803979873657
	cross ent: 	1.1580162550273694
	cluster: 	0.008080573054030538
	separation:	0.015189663090400006
	avg separation:	0.18454771528118535
	accu: 		65.60000000000001%
	l1: 		58.915653228759766
	p dist pair: 	0.5840420722961426
	above 50.00%
	last layer
iteration: 	0
	train
	time: 	42.559520959854126
	cross ent: 	0.7186326761041167
	cluster: 	0.004207872233860548
	separation:	0.008255069000789752
	avg separation:	0.14124204901724877
	accu: 		75.67407407407407%
	l1: 		58.90691375732422
	p dist pair: 	0.5840420722961426
	test
	time: 	6.33355975151062
	cross ent: 	0.9927429917611574
	cluster: 	0.008080573054030538
	separation:	0.015189663090400006
	avg separation:	0.18454771528118535
	accu: 		70.13333333333334%
	l1: 		58.90691375732422
	p dist pair: 	0.5840420722961426
	above 50.00%
iteration: 	1
	train
	time: 	42.79279279708862
	cross ent: 	0.6187964534530273
	cluster: 	0.004208149881303289
	separation:	0.008271048594949513
	avg separation:	0.1414169179352783
	accu: 		78.60740740740741%
	l1: 		58.893253326416016
	p dist pair: 	0.5840420722961426
	test
	time: 	5.894558429718018
	cross ent: 	0.9488110683466259
	cluster: 	0.008080573054030538
	separation:	0.015189663090400006
	avg separation:	0.18454771528118535
	accu: 		72.26666666666667%
	l1: 		58.893253326416016
	p dist pair: 	0.5840420722961426
	above 50.00%
iteration: 	2
	train
	time: 	42.59631299972534
	cross ent: 	0.5990940497295391
	cluster: 	0.004206493079452913
	separation:	0.008267274492877652
	avg separation:	0.14137162757519434
	accu: 		79.55555555555556%
	l1: 		58.87968826293945
	p dist pair: 	0.5840420722961426
	test
	time: 	6.363242149353027
	cross ent: 	0.9254380982173117
	cluster: 	0.008080573054030538
	separation:	0.015189663090400006
	avg separation:	0.18454771528118535
	accu: 		73.33333333333333%
	l1: 		58.87968826293945
	p dist pair: 	0.5840420722961426
	above 50.00%
iteration: 	3
	train
	time: 	45.44835638999939
	cross ent: 	0.5926159994136653
	cluster: 	0.00420843276984648
	separation:	0.008258665480978852
	avg separation:	0.1412812368668748
	accu: 		79.64444444444445%
	l1: 		58.868003845214844
	p dist pair: 	0.5840420722961426
	test
	time: 	9.291862964630127
	cross ent: 	0.9151836617996818
	cluster: 	0.008080573054030538
	separation:	0.015189663090400006
	avg separation:	0.18454771528118535
	accu: 		73.33333333333333%
	l1: 		58.868003845214844
	p dist pair: 	0.5840420722961426
	above 50.00%
iteration: 	4
	train
	time: 	42.985615968704224
	cross ent: 	0.5912258784622836
	cluster: 	0.004209985750584075
	separation:	0.00825438957617304
	avg separation:	0.14125038612876417
	accu: 		79.82222222222222%
	l1: 		58.85713195800781
	p dist pair: 	0.5840420722961426
	test
	time: 	6.292916774749756
	cross ent: 	0.9087678648923573
	cluster: 	0.008080573054030538
	separation:	0.015189663090400006
	avg separation:	0.18454771528118535
	accu: 		73.06666666666666%
	l1: 		58.85713195800781
	p dist pair: 	0.5840420722961426
	above 50.00%
epoch: 	21
	joint
	train
	time: 	60.75873780250549
	cross ent: 	0.5726768353281642
	cluster: 	0.004507854906704343
	separation:	0.008723791453094614
	avg separation:	0.14397439060831915
	accu: 		80.5037037037037%
	l1: 		58.85713195800781
	p dist pair: 	0.5837761163711548
	test
	time: 	6.399378061294556
	cross ent: 	0.8730581826285312
	cluster: 	0.00939886542772384
	separation:	0.01709309666368522
	avg separation:	0.19210194992391685
	accu: 		73.86666666666667%
	l1: 		58.85713195800781
	p dist pair: 	0.5837761163711548
	above 50.00%
epoch: 	22
	joint
	train
	time: 	60.864461183547974
	cross ent: 	0.5410373121852705
	cluster: 	0.005059459411329728
	separation:	0.009534702820223949
	avg separation:	0.14837748164961323
	accu: 		80.94814814814815%
	l1: 		58.85713195800781
	p dist pair: 	0.5839617252349854
	test
	time: 	6.133615255355835
	cross ent: 	0.8335533157775277
	cluster: 	0.009952973709196636
	separation:	0.017799264065137033
	avg separation:	0.19525522777908727
	accu: 		73.6%
	l1: 		58.85713195800781
	p dist pair: 	0.5839617252349854
	above 50.00%
epoch: 	23
	joint
	train
	time: 	60.860872745513916
	cross ent: 	0.5227167989904359
	cluster: 	0.0051734676831209
	separation:	0.009620513937838332
	avg separation:	0.14858288838136832
	accu: 		80.88888888888889%
	l1: 		58.85713195800781
	p dist pair: 	0.584216833114624
	test
	time: 	6.137641906738281
	cross ent: 	0.798012334265207
	cluster: 	0.009926096744541275
	separation:	0.01769849555076737
	avg separation:	0.19445129444724635
	accu: 		73.6%
	l1: 		58.85713195800781
	p dist pair: 	0.584216833114624
	above 50.00%
epoch: 	24
	joint
	train
	time: 	60.330023527145386
	cross ent: 	0.5091122707142632
	cluster: 	0.0053271187556158065
	separation:	0.009713480424014686
	avg separation:	0.14909630436340027
	accu: 		81.0962962962963%
	l1: 		58.85713195800781
	p dist pair: 	0.584342896938324
	test
	time: 	6.143896579742432
	cross ent: 	0.7754374624867189
	cluster: 	0.009746223786159566
	separation:	0.01745119639427254
	avg separation:	0.19234175038965126
	accu: 		74.93333333333332%
	l1: 		58.85713195800781
	p dist pair: 	0.584342896938324
	above 50.00%
epoch: 	25
	joint
	train
	time: 	60.46685719490051
	cross ent: 	0.5014096806211584
	cluster: 	0.005336017440866745
	separation:	0.009718612577633921
	avg separation:	0.14859825482911612
	accu: 		81.3037037037037%
	l1: 		58.85713195800781
	p dist pair: 	0.5843740701675415
	test
	time: 	6.431653738021851
	cross ent: 	0.7722040791260568
	cluster: 	0.009803584703293285
	separation:	0.017516360716208032
	avg separation:	0.1926773849286531
	accu: 		74.93333333333332%
	l1: 		58.85713195800781
	p dist pair: 	0.5843740701675415
	above 50.00%
	push
	Executing push ...
	push time: 	68.33008933067322
	test
	time: 	6.0425121784210205
	cross ent: 	0.9449728978307623
	cluster: 	0.009413234191015363
	separation:	0.01682429429829905
	avg separation:	0.18976123395719027
	accu: 		70.13333333333334%
	l1: 		58.85713195800781
	p dist pair: 	0.5883575677871704
	above 50.00%
	last layer
iteration: 	0
	train
	time: 	49.579463720321655
	cross ent: 	0.5749948168471015
	cluster: 	0.0049868845897478725
	separation:	0.009054127692785003
	avg separation:	0.14601403752551276
	accu: 		79.61481481481482%
	l1: 		58.84483337402344
	p dist pair: 	0.5883575677871704
	test
	time: 	6.749696254730225
	cross ent: 	0.9171731926892933
	cluster: 	0.009413234191015363
	separation:	0.01682429429829905
	avg separation:	0.18976123395719027
	accu: 		71.73333333333333%
	l1: 		58.84483337402344
	p dist pair: 	0.5883575677871704
	above 50.00%
iteration: 	1
	train
	time: 	49.11310172080994
	cross ent: 	0.5624359695780912
	cluster: 	0.004979091192204395
	separation:	0.009060237984815006
	avg separation:	0.14605836217572704
	accu: 		80.26666666666667%
	l1: 		58.83325958251953
	p dist pair: 	0.5883575677871704
	test
	time: 	6.468179225921631
	cross ent: 	0.9039522660406012
	cluster: 	0.009413234191015363
	separation:	0.01682429429829905
	avg separation:	0.18976123395719027
	accu: 		71.46666666666667%
	l1: 		58.83325958251953
	p dist pair: 	0.5883575677871704
	above 50.00%
iteration: 	2
	train
	time: 	49.08559274673462
	cross ent: 	0.5602869975143636
	cluster: 	0.004993810506121492
	separation:	0.00905888665642468
	avg separation:	0.14602658633120666
	accu: 		80.65185185185186%
	l1: 		58.82289123535156
	p dist pair: 	0.5883575677871704
	test
	time: 	6.597842216491699
	cross ent: 	0.8920788827695345
	cluster: 	0.009413234191015363
	separation:	0.01682429429829905
	avg separation:	0.18976123395719027
	accu: 		71.73333333333333%
	l1: 		58.82289123535156
	p dist pair: 	0.5883575677871704
	above 50.00%
iteration: 	3
	train
	time: 	49.21007204055786
	cross ent: 	0.5591792889688847
	cluster: 	0.0049838260857708
	separation:	0.009065987894272971
	avg separation:	0.14608115522113777
	accu: 		80.56296296296296%
	l1: 		58.81431579589844
	p dist pair: 	0.5883575677871704
	test
	time: 	6.468940258026123
	cross ent: 	0.8939164304419568
	cluster: 	0.009413234191015363
	separation:	0.01682429429829905
	avg separation:	0.18976123395719027
	accu: 		71.73333333333333%
	l1: 		58.81431579589844
	p dist pair: 	0.5883575677871704
	above 50.00%
iteration: 	4
	train
	time: 	50.00080418586731
	cross ent: 	0.5579316093635982
	cluster: 	0.004987783706609226
	separation:	0.009070294641906165
	avg separation:	0.14608718291718578
	accu: 		80.53333333333333%
	l1: 		58.80430603027344
	p dist pair: 	0.5883575677871704
	test
	time: 	6.92522668838501
	cross ent: 	0.8848130091240531
	cluster: 	0.009413234191015363
	separation:	0.01682429429829905
	avg separation:	0.18976123395719027
	accu: 		72.0%
	l1: 		58.80430603027344
	p dist pair: 	0.5883575677871704
	above 50.00%
Early stop training because: (1) training acc convergend && (2) cluster cost is smaller then separation cost on training set
	test
	time: 	6.622749328613281
	cross ent: 	0.8848130091240531
	cluster: 	0.009413234191015363
	separation:	0.01682429429829905
	avg separation:	0.18976123395719027
	accu: 		72.0%
	l1: 		58.80430603027344
	p dist pair: 	0.5883575677871704
	above 50.00%
Execution time (minutes): 58.001979851722716
