training set size: 5625
push set size: 1875
test set size: 625
batch size: 20
start training
epoch: 	0
	warm
	train
	time: 	131.25148630142212
	cross ent: 	1.1496894412429621
	cluster: 	1.110829050342242
	separation:	1.286353312379925
	avg separation:	10.584098477735587
	accu: 		56.551111111111105%
	l1: 		150.0
	p dist pair: 	19.500442504882812
	test
	time: 	15.156362771987915
	cross ent: 	0.9120067693293095
	cluster: 	0.24827325763180852
	separation:	0.5258625978603959
	avg separation:	10.064621180295944
	accu: 		66.88%
	l1: 		150.0
	p dist pair: 	19.500442504882812
	above 50.00%
epoch: 	1
	warm
	train
	time: 	85.24769949913025
	cross ent: 	0.9070311663209969
	cluster: 	0.19733746761971332
	separation:	0.5513552664547947
	avg separation:	9.763780976018161
	accu: 		65.17333333333333%
	l1: 		150.0
	p dist pair: 	18.791460037231445
	test
	time: 	9.56231141090393
	cross ent: 	0.8320661634206772
	cluster: 	0.15924276411533356
	separation:	0.5256680934689939
	avg separation:	9.327074825763702
	accu: 		69.28%
	l1: 		150.0
	p dist pair: 	18.791460037231445
	above 50.00%
epoch: 	2
	warm
	train
	time: 	82.1315324306488
	cross ent: 	0.8359753587778579
	cluster: 	0.16923647685676602
	separation:	0.6408738043714077
	avg separation:	8.958272954250903
	accu: 		67.89333333333335%
	l1: 		150.0
	p dist pair: 	18.12199592590332
	test
	time: 	9.67859959602356
	cross ent: 	0.7437490150332451
	cluster: 	0.15800948441028595
	separation:	0.6559701538644731
	avg separation:	8.67544373869896
	accu: 		70.24000000000001%
	l1: 		150.0
	p dist pair: 	18.12199592590332
	above 50.00%
epoch: 	3
	warm
	train
	time: 	81.69143033027649
	cross ent: 	0.735023299747325
	cluster: 	0.140966534244676
	separation:	0.6490274901825486
	avg separation:	8.379705104422062
	accu: 		71.85777777777777%
	l1: 		150.0
	p dist pair: 	18.01791763305664
	test
	time: 	9.767375469207764
	cross ent: 	0.7334811361506581
	cluster: 	0.1333713661879301
	separation:	0.5855402192100883
	avg separation:	8.349931046366692
	accu: 		69.92%
	l1: 		150.0
	p dist pair: 	18.01791763305664
	above 50.00%
epoch: 	4
	warm
	train
	time: 	80.91707420349121
	cross ent: 	0.6562396415793303
	cluster: 	0.1311774176697359
	separation:	0.8570127485333182
	avg separation:	8.338447690855526
	accu: 		75.18222222222222%
	l1: 		150.0
	p dist pair: 	18.3629093170166
	test
	time: 	10.112064123153687
	cross ent: 	0.6154242316260934
	cluster: 	0.11814766167663038
	separation:	0.8677303618751466
	avg separation:	8.323230385780334
	accu: 		76.96%
	l1: 		150.0
	p dist pair: 	18.3629093170166
	above 50.00%
epoch: 	5
	joint
	train
	time: 	99.55918025970459
	cross ent: 	1.1834289866981778
	cluster: 	0.31848043314319974
	separation:	1.34208813867142
	avg separation:	9.65604072259673
	accu: 		52.44444444444445%
	l1: 		150.0
	p dist pair: 	19.3571834564209
	test
	time: 	9.571855545043945
	cross ent: 	1.019164053723216
	cluster: 	0.17208564491011202
	separation:	2.116628254763782
	avg separation:	10.575473964214325
	accu: 		55.84%
	l1: 		150.0
	p dist pair: 	19.3571834564209
	above 50.00%
	push
	Executing push ...
	push time: 	146.68723893165588
	test
	time: 	9.9635169506073
	cross ent: 	5.740084931254387
	cluster: 	0.07616759662050754
	separation:	1.173127579386346
	avg separation:	3.1385869905352592
	accu: 		46.08%
	l1: 		150.0
	p dist pair: 	4.869003772735596
	last layer
iteration: 	0
	train
	time: 	82.26784086227417
	cross ent: 	8.473184332779958
	cluster: 	0.11840712058470182
	separation:	1.0903071112541072
	avg separation:	2.8638795216878257
	accu: 		39.431111111111115%
	l1: 		149.41635131835938
	p dist pair: 	4.869003772735596
	test
	time: 	10.035555124282837
	cross ent: 	5.0169804990291595
	cluster: 	0.07616759662050754
	separation:	1.173127579386346
	avg separation:	3.1385869905352592
	accu: 		48.480000000000004%
	l1: 		149.41635131835938
	p dist pair: 	4.869003772735596
iteration: 	1
	train
	time: 	81.29820418357849
	cross ent: 	7.659648160562448
	cluster: 	0.11837024622801559
	separation:	1.0982145671435493
	avg separation:	2.8789315834535776
	accu: 		40.44444444444444%
	l1: 		148.90713500976562
	p dist pair: 	4.869003772735596
	test
	time: 	9.63104796409607
	cross ent: 	4.489570911973715
	cluster: 	0.07616759662050754
	separation:	1.173127579386346
	avg separation:	3.1385869905352592
	accu: 		50.080000000000005%
	l1: 		148.90713500976562
	p dist pair: 	4.869003772735596
	above 50.00%
iteration: 	2
	train
	time: 	82.49957060813904
	cross ent: 	6.988979775537836
	cluster: 	0.11827425143503129
	separation:	1.0903157910153745
	avg separation:	2.8636482571456447
	accu: 		41.36888888888889%
	l1: 		148.44915771484375
	p dist pair: 	4.869003772735596
	test
	time: 	9.935119867324829
	cross ent: 	4.024594891816378
	cluster: 	0.07616759662050754
	separation:	1.173127579386346
	avg separation:	3.1385869905352592
	accu: 		51.04%
	l1: 		148.44915771484375
	p dist pair: 	4.869003772735596
	above 50.00%
iteration: 	3
	train
	time: 	82.50334310531616
	cross ent: 	6.4116881599663
	cluster: 	0.11841645272752495
	separation:	1.0902894539791588
	avg separation:	2.863149936317552
	accu: 		42.31111111111111%
	l1: 		148.01071166992188
	p dist pair: 	4.869003772735596
	test
	time: 	9.847769021987915
	cross ent: 	3.6012507043778896
	cluster: 	0.07616759662050754
	separation:	1.173127579386346
	avg separation:	3.1385869905352592
	accu: 		51.68000000000001%
	l1: 		148.01071166992188
	p dist pair: 	4.869003772735596
	above 50.00%
iteration: 	4
	train
	time: 	81.39610457420349
	cross ent: 	5.849992037242186
	cluster: 	0.11847432120207776
	separation:	1.0973058302642396
	avg separation:	2.8755400863522333
	accu: 		43.519999999999996%
	l1: 		147.57080078125
	p dist pair: 	4.869003772735596
	test
	time: 	9.930816650390625
	cross ent: 	3.224397901445627
	cluster: 	0.07616759662050754
	separation:	1.173127579386346
	avg separation:	3.1385869905352592
	accu: 		53.12%
	l1: 		147.57080078125
	p dist pair: 	4.869003772735596
	above 50.00%
epoch: 	6
	joint
	train
	time: 	99.61149215698242
	cross ent: 	1.3415446716842923
	cluster: 	0.4571964926885586
	separation:	0.6669677350115268
	avg separation:	3.550346150043163
	accu: 		48.62222222222222%
	l1: 		147.57080078125
	p dist pair: 	6.646914005279541
	test
	time: 	10.229288578033447
	cross ent: 	1.0923810414969921
	cluster: 	0.1775823635980487
	separation:	0.2868494810536504
	avg separation:	3.258541814982891
	accu: 		54.08%
	l1: 		147.57080078125
	p dist pair: 	6.646914005279541
	above 50.00%
epoch: 	7
	joint
	train
	time: 	99.68977546691895
	cross ent: 	0.9121033420376744
	cluster: 	0.12692369067552664
	separation:	0.7590785264202677
	avg separation:	4.114083127772554
	accu: 		62.00888888888889%
	l1: 		147.57080078125
	p dist pair: 	7.105131149291992
	test
	time: 	10.724857568740845
	cross ent: 	0.637190006673336
	cluster: 	0.07216175901703537
	separation:	2.0996713128406554
	avg separation:	6.264660954475403
	accu: 		72.96000000000001%
	l1: 		147.57080078125
	p dist pair: 	7.105131149291992
	above 50.00%
epoch: 	8
	joint
	train
	time: 	99.33130145072937
	cross ent: 	0.8051995006224788
	cluster: 	0.13376078440259534
	separation:	2.1086602723292
	avg separation:	5.687833002273073
	accu: 		67.43111111111111%
	l1: 		147.57080078125
	p dist pair: 	8.277280807495117
	test
	time: 	10.165758848190308
	cross ent: 	0.6763177355751395
	cluster: 	0.11497183225583285
	separation:	3.6568897261749953
	avg separation:	7.400135979056358
	accu: 		69.76%
	l1: 		147.57080078125
	p dist pair: 	8.277280807495117
	above 50.00%
epoch: 	9
	joint
	train
	time: 	99.15940070152283
	cross ent: 	0.6551916346165305
	cluster: 	0.11821259892420143
	separation:	2.72859822333863
	avg separation:	6.104353879360443
	accu: 		73.72444444444444%
	l1: 		147.57080078125
	p dist pair: 	8.986997604370117
	test
	time: 	10.500296831130981
	cross ent: 	0.6037030946463346
	cluster: 	0.07554062735289335
	separation:	4.399611545493826
	avg separation:	7.813718892633915
	accu: 		76.32%
	l1: 		147.57080078125
	p dist pair: 	8.986997604370117
	above 50.00%
epoch: 	10
	joint
	train
	time: 	99.29627275466919
	cross ent: 	0.4207823654332905
	cluster: 	0.07261508626612366
	separation:	4.2744251139567675
	avg separation:	7.72422368137549
	accu: 		84.88888888888889%
	l1: 		147.57080078125
	p dist pair: 	8.973960876464844
	test
	time: 	10.72815227508545
	cross ent: 	0.42309166491031647
	cluster: 	0.03398501925403252
	separation:	4.409339732024819
	avg separation:	7.739217080175877
	accu: 		86.56%
	l1: 		147.57080078125
	p dist pair: 	8.973960876464844
	above 50.00%
	push
	Executing push ...
	push time: 	157.25643372535706
	test
	time: 	9.827919006347656
	cross ent: 	1.7445394173264503
	cluster: 	0.011989295788225718
	separation:	3.8600960865733214
	avg separation:	6.754584528505802
	accu: 		75.2%
	l1: 		147.57080078125
	p dist pair: 	7.169049263000488
	above 50.00%
	last layer
iteration: 	0
	train
	time: 	81.54089403152466
	cross ent: 	1.8781861892194613
	cluster: 	0.039633665012578805
	separation:	4.089361223175871
	avg separation:	7.189178203014618
	accu: 		72.10666666666667%
	l1: 		147.27255249023438
	p dist pair: 	7.169049263000488
	test
	time: 	10.792588949203491
	cross ent: 	1.2666374179534614
	cluster: 	0.011989295788225718
	separation:	3.8600960865733214
	avg separation:	6.754584528505802
	accu: 		79.36%
	l1: 		147.27255249023438
	p dist pair: 	7.169049263000488
	above 50.00%
iteration: 	1
	train
	time: 	81.67860555648804
	cross ent: 	1.5125938995562969
	cluster: 	0.039614196496863735
	separation:	4.077130206807761
	avg separation:	7.172857669651085
	accu: 		74.95111111111112%
	l1: 		147.01220703125
	p dist pair: 	7.169049263000488
	test
	time: 	9.171932458877563
	cross ent: 	1.133531328290701
	cluster: 	0.011989295788225718
	separation:	3.8600960865733214
	avg separation:	6.754584528505802
	accu: 		80.64%
	l1: 		147.01220703125
	p dist pair: 	7.169049263000488
	above 50.00%
iteration: 	2
	train
	time: 	81.67099642753601
	cross ent: 	1.323290339704101
	cluster: 	0.039632732248435734
	separation:	4.103515848837766
	avg separation:	7.208110033620334
	accu: 		76.83555555555556%
	l1: 		146.77359008789062
	p dist pair: 	7.169049263000488
	test
	time: 	9.92122483253479
	cross ent: 	1.0685228530783206
	cluster: 	0.011989295788225718
	separation:	3.8600960865733214
	avg separation:	6.754584528505802
	accu: 		81.28%
	l1: 		146.77359008789062
	p dist pair: 	7.169049263000488
	above 50.00%
iteration: 	3
	train
	time: 	81.14609432220459
	cross ent: 	1.1955184196749478
	cluster: 	0.039598305996982976
	separation:	4.077117893720997
	avg separation:	7.172951861053494
	accu: 		77.8488888888889%
	l1: 		146.54420471191406
	p dist pair: 	7.169049263000488
	test
	time: 	9.896785974502563
	cross ent: 	1.0271842265501618
	cluster: 	0.011989295788225718
	separation:	3.8600960865733214
	avg separation:	6.754584528505802
	accu: 		81.76%
	l1: 		146.54420471191406
	p dist pair: 	7.169049263000488
	above 50.00%
iteration: 	4
	train
	time: 	82.27108550071716
	cross ent: 	1.0929510947713192
	cluster: 	0.03957447790085001
	separation:	4.077121792035838
	avg separation:	7.174533236956766
	accu: 		78.75555555555556%
	l1: 		146.3141632080078
	p dist pair: 	7.169049263000488
	test
	time: 	9.025738716125488
	cross ent: 	0.9952046719845384
	cluster: 	0.011989295788225718
	separation:	3.8600960865733214
	avg separation:	6.754584528505802
	accu: 		81.76%
	l1: 		146.3141632080078
	p dist pair: 	7.169049263000488
	above 50.00%
epoch: 	11
	joint
	train
	time: 	99.70823645591736
	cross ent: 	0.5201443304036949
	cluster: 	0.05578348518131261
	separation:	3.987798976665693
	avg separation:	7.026574979859887
	accu: 		83.30666666666666%
	l1: 		146.3141632080078
	p dist pair: 	7.2679524421691895
	test
	time: 	9.368145942687988
	cross ent: 	0.5271577471867204
	cluster: 	0.04693433205829933
	separation:	4.48906510474626
	avg separation:	7.401128128170967
	accu: 		84.16%
	l1: 		146.3141632080078
	p dist pair: 	7.2679524421691895
	above 50.00%
epoch: 	12
	joint
	train
	time: 	99.79701542854309
	cross ent: 	0.3904571358695732
	cluster: 	0.06219585439362002
	separation:	4.55758798253848
	avg separation:	7.482987722183796
	accu: 		86.09777777777778%
	l1: 		146.3141632080078
	p dist pair: 	7.3166399002075195
	test
	time: 	10.318029165267944
	cross ent: 	0.4474006344098598
	cluster: 	0.020946443371940404
	separation:	4.507446568459272
	avg separation:	7.231682736426592
	accu: 		86.4%
	l1: 		146.3141632080078
	p dist pair: 	7.3166399002075195
	above 50.00%
epoch: 	13
	joint
	train
	time: 	99.39525151252747
	cross ent: 	0.3457223624849679
	cluster: 	0.05115444725379348
	separation:	4.6680341087222255
	avg separation:	7.534998015731785
	accu: 		87.68%
	l1: 		146.3141632080078
	p dist pair: 	7.332427501678467
	test
	time: 	9.353750467300415
	cross ent: 	0.5500758760608733
	cluster: 	0.017563676985446364
	separation:	4.237009346485138
	avg separation:	6.837000392377377
	accu: 		83.67999999999999%
	l1: 		146.3141632080078
	p dist pair: 	7.332427501678467
	above 50.00%
epoch: 	14
	joint
	train
	time: 	99.37261939048767
	cross ent: 	0.3210486551178685
	cluster: 	0.03594231669269238
	separation:	4.515647997273832
	avg separation:	7.2656058664862995
	accu: 		88.97777777777777%
	l1: 		146.3141632080078
	p dist pair: 	7.3602986335754395
	test
	time: 	9.186145067214966
	cross ent: 	0.4041764398571104
	cluster: 	0.019068027002504095
	separation:	4.4223092421889305
	avg separation:	7.058229509741068
	accu: 		87.03999999999999%
	l1: 		146.3141632080078
	p dist pair: 	7.3602986335754395
	above 50.00%
epoch: 	15
	joint
	train
	time: 	99.31300687789917
	cross ent: 	0.275157737274859
	cluster: 	0.032411698915777686
	separation:	4.829637972449765
	avg separation:	7.595745629452645
	accu: 		90.20444444444445%
	l1: 		146.3141632080078
	p dist pair: 	7.366036891937256
	test
	time: 	9.385059833526611
	cross ent: 	0.37143169913906604
	cluster: 	0.01802331249928102
	separation:	4.526838463556487
	avg separation:	7.15339345857501
	accu: 		88.8%
	l1: 		146.3141632080078
	p dist pair: 	7.366036891937256
	above 50.00%
	push
	Executing push ...
	push time: 	149.97071981430054
	test
	time: 	9.169116258621216
	cross ent: 	0.7675930463010445
	cluster: 	0.011221301683690399
	separation:	4.23217898159055
	avg separation:	6.859374735504389
	accu: 		84.48%
	l1: 		146.3141632080078
	p dist pair: 	6.894743919372559
	above 50.00%
	last layer
iteration: 	0
	train
	time: 	74.94274067878723
	cross ent: 	0.6072647499039452
	cluster: 	0.02299690821227875
	separation:	4.5500737623978695
	avg separation:	7.3199308573776944
	accu: 		83.80444444444444%
	l1: 		145.96853637695312
	p dist pair: 	6.894743919372559
	test
	time: 	9.61310076713562
	cross ent: 	0.5398260612273589
	cluster: 	0.011221301683690399
	separation:	4.23217898159055
	avg separation:	6.859374735504389
	accu: 		87.36%
	l1: 		145.96853637695312
	p dist pair: 	6.894743919372559
	above 50.00%
iteration: 	1
	train
	time: 	74.53910112380981
	cross ent: 	0.4704119578988047
	cluster: 	0.02299048411098461
	separation:	4.535628738007277
	avg separation:	7.30215778545285
	accu: 		86.68444444444444%
	l1: 		145.7739715576172
	p dist pair: 	6.894743919372559
	test
	time: 	9.283498048782349
	cross ent: 	0.4909689431078732
	cluster: 	0.011221301683690399
	separation:	4.23217898159055
	avg separation:	6.859374735504389
	accu: 		88.64%
	l1: 		145.7739715576172
	p dist pair: 	6.894743919372559
	above 50.00%
iteration: 	2
	train
	time: 	80.55278992652893
	cross ent: 	0.4224279301359932
	cluster: 	0.02300429417989514
	separation:	4.526073166869369
	avg separation:	7.293669560699598
	accu: 		87.46666666666667%
	l1: 		145.62667846679688
	p dist pair: 	6.894743919372559
	test
	time: 	9.197487115859985
	cross ent: 	0.4731303409207612
	cluster: 	0.011221301683690399
	separation:	4.23217898159055
	avg separation:	6.859374735504389
	accu: 		89.28%
	l1: 		145.62667846679688
	p dist pair: 	6.894743919372559
	above 50.00%
iteration: 	3
	train
	time: 	74.3486430644989
	cross ent: 	0.3975525068330532
	cluster: 	0.02298405980823416
	separation:	4.5498047664494035
	avg separation:	7.320045945069468
	accu: 		88.10666666666667%
	l1: 		145.50225830078125
	p dist pair: 	6.894743919372559
	test
	time: 	9.697858333587646
	cross ent: 	0.4676299453713
	cluster: 	0.011221301683690399
	separation:	4.23217898159055
	avg separation:	6.859374735504389
	accu: 		89.12%
	l1: 		145.50225830078125
	p dist pair: 	6.894743919372559
	above 50.00%
iteration: 	4
	train
	time: 	80.33725070953369
	cross ent: 	0.38329341771834075
	cluster: 	0.02298743104899025
	separation:	4.521573037396231
	avg separation:	7.286079646847773
	accu: 		88.28444444444445%
	l1: 		145.405029296875
	p dist pair: 	6.894743919372559
	test
	time: 	9.922364711761475
	cross ent: 	0.4678556496510282
	cluster: 	0.011221301683690399
	separation:	4.23217898159055
	avg separation:	6.859374735504389
	accu: 		88.64%
	l1: 		145.405029296875
	p dist pair: 	6.894743919372559
	above 50.00%
epoch: 	16
	joint
	train
	time: 	99.97160696983337
	cross ent: 	0.3318211582310973
	cluster: 	0.024607182785881854
	separation:	4.509386702889827
	avg separation:	7.2284305353536675
	accu: 		89.29777777777778%
	l1: 		145.405029296875
	p dist pair: 	6.8910322189331055
	test
	time: 	10.188649892807007
	cross ent: 	0.42113469127798453
	cluster: 	0.01366218359908089
	separation:	4.450061645358801
	avg separation:	7.059957925230265
	accu: 		88.96%
	l1: 		145.405029296875
	p dist pair: 	6.8910322189331055
	above 50.00%
epoch: 	17
	joint
	train
	time: 	99.68219208717346
	cross ent: 	0.2953443252029482
	cluster: 	0.027004475150495134
	separation:	4.579026151299873
	avg separation:	7.258244503897132
	accu: 		90.3288888888889%
	l1: 		145.405029296875
	p dist pair: 	6.894288063049316
	test
	time: 	9.551714420318604
	cross ent: 	0.48383091297000647
	cluster: 	0.013708794314879924
	separation:	4.157757192093413
	avg separation:	6.710836488753557
	accu: 		88.8%
	l1: 		145.405029296875
	p dist pair: 	6.894288063049316
	above 50.00%
epoch: 	18
	joint
	train
	time: 	99.35677099227905
	cross ent: 	0.27262169289723015
	cluster: 	0.0253051196304249
	separation:	4.528057955512579
	avg separation:	7.187619170398577
	accu: 		90.84444444444445%
	l1: 		145.405029296875
	p dist pair: 	6.897823333740234
	test
	time: 	9.660163879394531
	cross ent: 	0.40834462514612824
	cluster: 	0.014732623152667657
	separation:	4.471988405275624
	avg separation:	7.0565684251487255
	accu: 		89.12%
	l1: 		145.405029296875
	p dist pair: 	6.897823333740234
	above 50.00%
Early stop training because: (1) training acc convergend && (2) cluster cost is smaller then separation cost on training set
	test
	time: 	10.421182632446289
	cross ent: 	0.40834462514612824
	cluster: 	0.014732623152667657
	separation:	4.471988405275624
	avg separation:	7.0565684251487255
	accu: 		89.12%
	l1: 		145.405029296875
	p dist pair: 	6.897823333740234
	above 50.00%
Execution time (minutes): 64.9499646862348
