training set size: 1211
push set size: 1211
test set size: 4715
batch size: 20
start training
epoch: 	0
	warm
	train
	time: 	10.420638084411621
	cross ent: 	0.8837322113943882
	cluster: 	3.224929274105635
	separation:	5.5215098623369565
	avg separation:	14.552632581992228
	accu: 		67.46490503715937%
	l1: 		60.0
	p dist pair: 	20.05636215209961
	test
	time: 	36.18580484390259
	cross ent: 	0.8626028347318455
	cluster: 	1.5537515616012831
	separation:	2.6561192208427493
	avg separation:	13.456266972978236
	accu: 		65.28101802757158%
	l1: 		60.0
	p dist pair: 	20.05636215209961
	above 50.00%
epoch: 	1
	warm
	train
	time: 	9.66800594329834
	cross ent: 	0.5746662558102217
	cluster: 	0.5880911745986
	separation:	3.335312898041772
	avg separation:	13.865351630038903
	accu: 		80.92485549132948%
	l1: 		60.0
	p dist pair: 	20.054542541503906
	test
	time: 	36.63365936279297
	cross ent: 	0.8175944557129327
	cluster: 	1.064492427696616
	separation:	2.4199715698674575
	avg separation:	12.997546684944023
	accu: 		63.94485683987274%
	l1: 		60.0
	p dist pair: 	20.054542541503906
	above 50.00%
epoch: 	2
	warm
	train
	time: 	9.700884819030762
	cross ent: 	0.42693037136656337
	cluster: 	0.3276986956107812
	separation:	3.9200100957370196
	avg separation:	14.162871313876794
	accu: 		84.06275805119736%
	l1: 		60.0
	p dist pair: 	20.370466232299805
	test
	time: 	36.37411117553711
	cross ent: 	0.7620682110220699
	cluster: 	1.0332214156702413
	separation:	2.7876053649490165
	avg separation:	13.121268745196067
	accu: 		66.72322375397667%
	l1: 		60.0
	p dist pair: 	20.370466232299805
	above 50.00%
epoch: 	3
	warm
	train
	time: 	9.750890970230103
	cross ent: 	0.3528278472482181
	cluster: 	0.24692723668012462
	separation:	4.964930866585403
	avg separation:	14.421777772121741
	accu: 		88.10900082576383%
	l1: 		60.0
	p dist pair: 	20.483457565307617
	test
	time: 	36.70616364479065
	cross ent: 	0.8016457062656597
	cluster: 	0.9745663610302796
	separation:	2.9840972749358516
	avg separation:	13.061682082838932
	accu: 		64.77200424178154%
	l1: 		60.0
	p dist pair: 	20.483457565307617
	above 50.00%
epoch: 	4
	warm
	train
	time: 	9.730897188186646
	cross ent: 	0.3370731731907266
	cluster: 	0.2375503808992808
	separation:	6.231826485180464
	avg separation:	14.959695769138024
	accu: 		88.27415359207266%
	l1: 		60.0
	p dist pair: 	20.678897857666016
	test
	time: 	36.36268877983093
	cross ent: 	0.8138410587937145
	cluster: 	1.1864835261288336
	separation:	3.8224708935466865
	avg separation:	13.32586456961551
	accu: 		64.7083775185578%
	l1: 		60.0
	p dist pair: 	20.678897857666016
	above 50.00%
epoch: 	5
	joint
	train
	time: 	11.296841382980347
	cross ent: 	0.757775285204903
	cluster: 	0.9948274796126318
	separation:	3.402259253087591
	avg separation:	11.985742209387608
	accu: 		68.70355078447564%
	l1: 		60.0
	p dist pair: 	20.409547805786133
	test
	time: 	36.439481258392334
	cross ent: 	0.9514896099345159
	cluster: 	1.218082462832079
	separation:	3.2069054349499235
	avg separation:	11.689751269453662
	accu: 		55.39766702014847%
	l1: 		60.0
	p dist pair: 	20.409547805786133
	above 50.00%
	push
	Executing push ...
	push time: 	79.16147756576538
	test
	time: 	37.23594951629639
	cross ent: 	3.732852933265395
	cluster: 	0.4069481182654025
	separation:	1.585197828078674
	avg separation:	2.9659004458936593
	accu: 		37.22163308589608%
	l1: 		60.0
	p dist pair: 	4.401535987854004
	last layer
iteration: 	0
	train
	time: 	9.843212127685547
	cross ent: 	2.1369977710676973
	cluster: 	0.20294936734144806
	separation:	1.8288559527670751
	avg separation:	3.3053863478488608
	accu: 		66.63914120561519%
	l1: 		59.92784881591797
	p dist pair: 	4.401535987854004
	test
	time: 	37.017688274383545
	cross ent: 	3.7403346749685578
	cluster: 	0.4069481182654025
	separation:	1.585197828078674
	avg separation:	2.9659004458936593
	accu: 		37.009544008483566%
	l1: 		59.92784881591797
	p dist pair: 	4.401535987854004
iteration: 	1
	train
	time: 	9.832342147827148
	cross ent: 	2.1299774412248955
	cluster: 	0.20362757219642888
	separation:	1.809437284215552
	avg separation:	3.281969646938512
	accu: 		66.55656482246077%
	l1: 		59.84328842163086
	p dist pair: 	4.401535987854004
	test
	time: 	37.78636717796326
	cross ent: 	3.750732175374435
	cluster: 	0.4069481182654025
	separation:	1.585197828078674
	avg separation:	2.9659004458936593
	accu: 		36.8186638388123%
	l1: 		59.84328842163086
	p dist pair: 	4.401535987854004
iteration: 	2
	train
	time: 	9.828868865966797
	cross ent: 	2.102495308782234
	cluster: 	0.20331626153383098
	separation:	1.81618398012685
	avg separation:	3.2908423376865072
	accu: 		66.14368290668868%
	l1: 		59.749691009521484
	p dist pair: 	4.401535987854004
	test
	time: 	36.961713790893555
	cross ent: 	3.7669212489815083
	cluster: 	0.4069481182654025
	separation:	1.585197828078674
	avg separation:	2.9659004458936593
	accu: 		36.28844114528102%
	l1: 		59.749691009521484
	p dist pair: 	4.401535987854004
iteration: 	3
	train
	time: 	9.914447784423828
	cross ent: 	2.10385136330714
	cluster: 	0.20324485028376343
	separation:	1.8076509676995824
	avg separation:	3.2783004807644205
	accu: 		66.14368290668868%
	l1: 		59.656585693359375
	p dist pair: 	4.401535987854004
	test
	time: 	36.73834943771362
	cross ent: 	3.778335628873211
	cluster: 	0.4069481182654025
	separation:	1.585197828078674
	avg separation:	2.9659004458936593
	accu: 		36.05514316012725%
	l1: 		59.656585693359375
	p dist pair: 	4.401535987854004
iteration: 	4
	train
	time: 	9.844183683395386
	cross ent: 	2.0803077176946108
	cluster: 	0.20325975168923863
	separation:	1.8205592502824595
	avg separation:	3.295711711781924
	accu: 		65.97853014037986%
	l1: 		59.5567626953125
	p dist pair: 	4.401535987854004
	test
	time: 	37.31946301460266
	cross ent: 	3.786941661167953
	cluster: 	0.4069481182654025
	separation:	1.585197828078674
	avg separation:	2.9659004458936593
	accu: 		35.991516436903495%
	l1: 		59.5567626953125
	p dist pair: 	4.401535987854004
epoch: 	6
	joint
	train
	time: 	11.368557691574097
	cross ent: 	0.9640030191570031
	cluster: 	0.7199290431425219
	separation:	1.3372933664282813
	avg separation:	3.2775111022542736
	accu: 		67.46490503715937%
	l1: 		59.5567626953125
	p dist pair: 	4.970503330230713
	test
	time: 	37.65592837333679
	cross ent: 	0.6328923714868093
	cluster: 	0.49607157239974553
	separation:	0.3787451647853447
	avg separation:	2.0618442231315677
	accu: 		77.41251325556733%
	l1: 		59.5567626953125
	p dist pair: 	4.970503330230713
	above 50.00%
epoch: 	7
	joint
	train
	time: 	11.36746597290039
	cross ent: 	0.5378111210025724
	cluster: 	0.2060783215966381
	separation:	0.24591255493339945
	avg separation:	1.8531628925292218
	accu: 		78.03468208092485%
	l1: 		59.5567626953125
	p dist pair: 	5.2243571281433105
	test
	time: 	37.023475646972656
	cross ent: 	1.3550410112839635
	cluster: 	0.14940755230264138
	separation:	0.1480644268883487
	avg separation:	1.7022156493138458
	accu: 		57.03075291622481%
	l1: 		59.5567626953125
	p dist pair: 	5.2243571281433105
	above 50.00%
epoch: 	8
	joint
	train
	time: 	11.34328818321228
	cross ent: 	0.24856330252817418
	cluster: 	0.0900355014400404
	separation:	0.11342058452914973
	avg separation:	1.9657167098561272
	accu: 		89.3476465730801%
	l1: 		59.5567626953125
	p dist pair: 	5.204787254333496
	test
	time: 	36.57241749763489
	cross ent: 	0.9305753960447797
	cluster: 	0.07088190782815218
	separation:	0.057983685000720674
	avg separation:	1.5793006864644714
	accu: 		72.38600212089077%
	l1: 		59.5567626953125
	p dist pair: 	5.204787254333496
	above 50.00%
epoch: 	9
	joint
	train
	time: 	11.35680365562439
	cross ent: 	0.27278375460720455
	cluster: 	0.07582779735571048
	separation:	0.10702394065065463
	avg separation:	2.0875291355320664
	accu: 		89.26507018992568%
	l1: 		59.5567626953125
	p dist pair: 	5.241878032684326
	test
	time: 	37.00714159011841
	cross ent: 	1.8691123814906103
	cluster: 	0.07739840689415144
	separation:	0.09643682553353956
	avg separation:	1.981897944110935
	accu: 		61.80275715800636%
	l1: 		59.5567626953125
	p dist pair: 	5.241878032684326
	above 50.00%
epoch: 	10
	joint
	train
	time: 	11.360111474990845
	cross ent: 	0.11500308842047072
	cluster: 	0.062097460459001726
	separation:	0.09289635669012539
	avg separation:	2.2890177398431497
	accu: 		96.28406275805119%
	l1: 		59.5567626953125
	p dist pair: 	5.243581771850586
	test
	time: 	36.93447804450989
	cross ent: 	1.931562178720862
	cluster: 	0.041046858859895646
	separation:	0.0800358563251162
	avg separation:	1.8219300260988331
	accu: 		61.39978791092259%
	l1: 		59.5567626953125
	p dist pair: 	5.243581771850586
	above 50.00%
	push
	Executing push ...
	push time: 	67.05560994148254
	test
	time: 	36.73292946815491
	cross ent: 	2.8425506775156926
	cluster: 	0.01908295065306632
	separation:	0.033147880404998185
	avg separation:	1.1417264362513009
	accu: 		62.651113467656415%
	l1: 		59.5567626953125
	p dist pair: 	4.128796100616455
	above 50.00%
	last layer
iteration: 	0
	train
	time: 	9.738232612609863
	cross ent: 	0.40980537217415747
	cluster: 	0.020909005898188372
	separation:	0.03746850067963366
	avg separation:	1.5320434531227487
	accu: 		89.59537572254335%
	l1: 		59.48412322998047
	p dist pair: 	4.128796100616455
	test
	time: 	36.534149408340454
	cross ent: 	2.7496170429355007
	cluster: 	0.01908295065306632
	separation:	0.033147880404998185
	avg separation:	1.1417264362513009
	accu: 		64.00848356309649%
	l1: 		59.48412322998047
	p dist pair: 	4.128796100616455
	above 50.00%
iteration: 	1
	train
	time: 	9.664881944656372
	cross ent: 	0.3642539980661002
	cluster: 	0.02090924062201234
	separation:	0.0373575931079075
	avg separation:	1.5330145026816697
	accu: 		90.83402146985962%
	l1: 		59.426822662353516
	p dist pair: 	4.128796100616455
	test
	time: 	36.7836389541626
	cross ent: 	2.6725974431482413
	cluster: 	0.01908295065306632
	separation:	0.033147880404998185
	avg separation:	1.1417264362513009
	accu: 		64.96288441145282%
	l1: 		59.426822662353516
	p dist pair: 	4.128796100616455
	above 50.00%
iteration: 	2
	train
	time: 	9.766595125198364
	cross ent: 	0.3310089669863433
	cluster: 	0.020899322357211935
	separation:	0.03726888628157436
	avg separation:	1.5337620817246984
	accu: 		91.6597853014038%
	l1: 		59.375213623046875
	p dist pair: 	4.128796100616455
	test
	time: 	36.79685568809509
	cross ent: 	2.60917841516814
	cluster: 	0.01908295065306632
	separation:	0.033147880404998185
	avg separation:	1.1417264362513009
	accu: 		65.79003181336162%
	l1: 		59.375213623046875
	p dist pair: 	4.128796100616455
	above 50.00%
iteration: 	3
	train
	time: 	9.813451051712036
	cross ent: 	0.3046418109175856
	cluster: 	0.02088379646178152
	separation:	0.037570581664560274
	avg separation:	1.533454629241443
	accu: 		92.5681255161024%
	l1: 		59.32634735107422
	p dist pair: 	4.128796100616455
	test
	time: 	37.11006164550781
	cross ent: 	2.5547499419268913
	cluster: 	0.01908295065306632
	separation:	0.033147880404998185
	avg separation:	1.1417264362513009
	accu: 		66.38388123011664%
	l1: 		59.32634735107422
	p dist pair: 	4.128796100616455
	above 50.00%
iteration: 	4
	train
	time: 	9.785921335220337
	cross ent: 	0.28367755588785304
	cluster: 	0.020889813614795444
	separation:	0.03753880475510339
	avg separation:	1.533204207654859
	accu: 		93.39388934764658%
	l1: 		59.28148651123047
	p dist pair: 	4.128796100616455
	test
	time: 	36.288609743118286
	cross ent: 	2.5114829744196543
	cluster: 	0.01908295065306632
	separation:	0.033147880404998185
	avg separation:	1.1417264362513009
	accu: 		66.93531283138918%
	l1: 		59.28148651123047
	p dist pair: 	4.128796100616455
	above 50.00%
epoch: 	11
	joint
	train
	time: 	11.392778873443604
	cross ent: 	0.11395529379732296
	cluster: 	0.020816422449272187
	separation:	0.039804707174418405
	avg separation:	1.4847298254732226
	accu: 		96.86209744013212%
	l1: 		59.28148651123047
	p dist pair: 	4.160755634307861
	test
	time: 	37.241347789764404
	cross ent: 	3.486486264204575
	cluster: 	0.019053243428184572
	separation:	0.04168419179238253
	avg separation:	0.9851592314445367
	accu: 		58.68504772004242%
	l1: 		59.28148651123047
	p dist pair: 	4.160755634307861
	above 50.00%
epoch: 	12
	joint
	train
	time: 	11.405088186264038
	cross ent: 	0.050610330140220046
	cluster: 	0.020342771238723738
	separation:	0.03780397006356325
	avg separation:	1.439521457328171
	accu: 		98.1833195706028%
	l1: 		59.28148651123047
	p dist pair: 	4.161701202392578
	test
	time: 	36.10619235038757
	cross ent: 	3.1095437609543235
	cluster: 	0.017185017490222797
	separation:	0.041378507911527564
	avg separation:	1.0017763666682324
	accu: 		61.23011664899257%
	l1: 		59.28148651123047
	p dist pair: 	4.161701202392578
	above 50.00%
epoch: 	13
	joint
	train
	time: 	11.411800622940063
	cross ent: 	0.025089783420582056
	cluster: 	0.017759275699003797
	separation:	0.03706143943012738
	avg separation:	1.4259264254179158
	accu: 		99.0916597853014%
	l1: 		59.28148651123047
	p dist pair: 	4.15916633605957
	test
	time: 	36.6063768863678
	cross ent: 	3.059383708036552
	cluster: 	0.015214896606975946
	separation:	0.03946939199941896
	avg separation:	0.9670033255370997
	accu: 		61.420996818663845%
	l1: 		59.28148651123047
	p dist pair: 	4.15916633605957
	above 50.00%
epoch: 	14
	joint
	train
	time: 	11.390905141830444
	cross ent: 	0.010040957576628167
	cluster: 	0.015026452126683758
	separation:	0.0343553006771158
	avg separation:	1.4585018157958984
	accu: 		99.66969446738233%
	l1: 		59.28148651123047
	p dist pair: 	4.155026435852051
	test
	time: 	37.07840871810913
	cross ent: 	3.6584678959038297
	cluster: 	0.015148169057191177
	separation:	0.03830983681541126
	avg separation:	0.9570186916044203
	accu: 		57.09437963944857%
	l1: 		59.28148651123047
	p dist pair: 	4.155026435852051
	above 50.00%
epoch: 	15
	joint
	train
	time: 	11.391467809677124
	cross ent: 	0.00562970989911443
	cluster: 	0.013425261515085815
	separation:	0.04007183348179841
	avg separation:	1.4422112937833442
	accu: 		99.91742361684558%
	l1: 		59.28148651123047
	p dist pair: 	4.154723644256592
	test
	time: 	36.34712052345276
	cross ent: 	3.612892438294524
	cluster: 	0.014995436752372878
	separation:	0.038077953666196034
	avg separation:	0.9599512125981056
	accu: 		57.53976670201485%
	l1: 		59.28148651123047
	p dist pair: 	4.154723644256592
	above 50.00%
	push
	Executing push ...
	push time: 	79.63175129890442
	test
	time: 	36.54436445236206
	cross ent: 	4.031085037073846
	cluster: 	0.012920741929072823
	separation:	0.030072590454592037
	avg separation:	0.9073261838343184
	accu: 		54.93107104984093%
	l1: 		59.28148651123047
	p dist pair: 	4.0149455070495605
	above 50.00%
	last layer
iteration: 	0
	train
	time: 	9.834235191345215
	cross ent: 	0.028444731691766333
	cluster: 	0.011121702296506674
	separation:	0.03213641284125262
	avg separation:	1.3712048354696056
	accu: 		99.0916597853014%
	l1: 		59.26719284057617
	p dist pair: 	4.0149455070495605
	test
	time: 	37.22795486450195
	cross ent: 	4.000914459511385
	cluster: 	0.012920741929072823
	separation:	0.030072590454592037
	avg separation:	0.9073261838343184
	accu: 		55.31283138918346%
	l1: 		59.26719284057617
	p dist pair: 	4.0149455070495605
	above 50.00%
iteration: 	1
	train
	time: 	9.804037809371948
	cross ent: 	0.026637386708958342
	cluster: 	0.01109442812558569
	separation:	0.03212257234959817
	avg separation:	1.3708847995664253
	accu: 		99.17423616845582%
	l1: 		59.26008224487305
	p dist pair: 	4.0149455070495605
	test
	time: 	36.47492790222168
	cross ent: 	3.975405165199506
	cluster: 	0.012920741929072823
	separation:	0.030072590454592037
	avg separation:	0.9073261838343184
	accu: 		55.482502651113464%
	l1: 		59.26008224487305
	p dist pair: 	4.0149455070495605
	above 50.00%
iteration: 	2
	train
	time: 	9.831637382507324
	cross ent: 	0.025130683683587972
	cluster: 	0.011098553174648617
	separation:	0.031965112573177114
	avg separation:	1.3707498370623978
	accu: 		99.25681255161024%
	l1: 		59.25213623046875
	p dist pair: 	4.0149455070495605
	test
	time: 	37.12250638008118
	cross ent: 	3.9457582245438787
	cluster: 	0.012920741929072823
	separation:	0.030072590454592037
	avg separation:	0.9073261838343184
	accu: 		55.67338282078473%
	l1: 		59.25213623046875
	p dist pair: 	4.0149455070495605
	above 50.00%
iteration: 	3
	train
	time: 	9.862488031387329
	cross ent: 	0.023602751586070957
	cluster: 	0.011080856587676729
	separation:	0.03221269367171115
	avg separation:	1.3711218579870756
	accu: 		99.25681255161024%
	l1: 		59.24439239501953
	p dist pair: 	4.0149455070495605
	test
	time: 	36.75067472457886
	cross ent: 	3.9188952339907823
	cluster: 	0.012920741929072823
	separation:	0.030072590454592037
	avg separation:	0.9073261838343184
	accu: 		55.92788971367975%
	l1: 		59.24439239501953
	p dist pair: 	4.0149455070495605
	above 50.00%
iteration: 	4
	train
	time: 	9.794787406921387
	cross ent: 	0.02226836642166447
	cluster: 	0.01113274732421412
	separation:	0.032153361889182545
	avg separation:	1.3699682208358264
	accu: 		99.25681255161024%
	l1: 		59.236732482910156
	p dist pair: 	4.0149455070495605
	test
	time: 	36.63570737838745
	cross ent: 	3.889880349575463
	cluster: 	0.012920741929072823
	separation:	0.030072590454592037
	avg separation:	0.9073261838343184
	accu: 		56.224814422057264%
	l1: 		59.236732482910156
	p dist pair: 	4.0149455070495605
	above 50.00%
epoch: 	16
	joint
	train
	time: 	11.377787590026855
	cross ent: 	0.01176091346347735
	cluster: 	0.01079251554596131
	separation:	0.030547051965335352
	avg separation:	1.3788636180221057
	accu: 		99.58711808422791%
	l1: 		59.236732482910156
	p dist pair: 	4.014648914337158
	test
	time: 	36.87693953514099
	cross ent: 	3.6349991163459876
	cluster: 	0.011989309241348025
	separation:	0.030177582422334513
	avg separation:	0.9255516549288216
	accu: 		58.64262990455992%
	l1: 		59.236732482910156
	p dist pair: 	4.014648914337158
	above 50.00%
Early stop training because: (1) training acc convergend && (2) cluster cost is smaller then separation cost on training set
	test
	time: 	36.944114446640015
	cross ent: 	3.6349991163459876
	cluster: 	0.011989309241348025
	separation:	0.030177582422334513
	avg separation:	0.9255516549288216
	accu: 		58.64262990455992%
	l1: 		59.236732482910156
	p dist pair: 	4.014648914337158
	above 50.00%
Execution time (minutes): 31.497173055013022
