load model from ./saved_models/vgg19/001_GTZAN_split_10/15_4push0.8303.pth
model base architecture: vgg19
experiment run: 001_GTZAN_split_10/
test image to analyse../datasets/GTZAN_split_10/test/9/metal.00004_1.wav
Prototypes are chosen from 10 number of classes.
Their class identities are: [0 0 0 0 0 0 0 0 0 0 1 1 1 1 1 1 1 1 1 1 2 2 2 2 2 2 2 2 2 2 3 3 3 3 3 3 3
 3 3 3 4 4 4 4 4 4 4 4 4 4 5 5 5 5 5 5 5 5 5 5 6 6 6 6 6 6 6 6 6 6 7 7 7 7
 7 7 7 7 7 7 8 8 8 8 8 8 8 8 8 8 9 9 9 9 9 9 9 9 9 9]
All prototypes connect most strongly to their respective classes.
0 (8, 9)
Predicted: 9
Actual: 9
***************************************************************
***************************************************************
Most activated 5 prototypes of this image:
top 1 activated prototype for this image:
prototype index: 85
prototype class identity: 9
activation value (similarity score): 6.377450466156006
last layer connection with predicted class: 0.8943833112716675
most highly activated patch of the chosen image by this prototype:./saved_models/vgg19/001_GTZAN_split_10/metal.00004_1.wav/most_activated_prototypes/most_highly_activated_patch_by_top-1_prototype.png
most highly activated patch by this prototype shown in the original image:./saved_models/vgg19/001_GTZAN_split_10/metal.00004_1.wav/most_activated_prototypes/most_highly_activated_patch_in_original_img_by_top-1_prototype.png
prototype activation map of the chosen image:./saved_models/vgg19/001_GTZAN_split_10/metal.00004_1.wav/most_activated_prototypes/prototype_activation_map_by_top-1_prototype.png
normalized prototype activation map of the chosen image:./saved_models/vgg19/001_GTZAN_split_10/metal.00004_1.wav/most_activated_prototypes/prototype_activation_map_by_top-1_prototype_normed.png
--------------------------------------------------------------
top 2 activated prototype for this image:
prototype index: 84
prototype class identity: 9
activation value (similarity score): 4.4851226806640625
last layer connection with predicted class: 0.907668948173523
most highly activated patch of the chosen image by this prototype:./saved_models/vgg19/001_GTZAN_split_10/metal.00004_1.wav/most_activated_prototypes/most_highly_activated_patch_by_top-2_prototype.png
most highly activated patch by this prototype shown in the original image:./saved_models/vgg19/001_GTZAN_split_10/metal.00004_1.wav/most_activated_prototypes/most_highly_activated_patch_in_original_img_by_top-2_prototype.png
prototype activation map of the chosen image:./saved_models/vgg19/001_GTZAN_split_10/metal.00004_1.wav/most_activated_prototypes/prototype_activation_map_by_top-2_prototype.png
normalized prototype activation map of the chosen image:./saved_models/vgg19/001_GTZAN_split_10/metal.00004_1.wav/most_activated_prototypes/prototype_activation_map_by_top-2_prototype_normed.png
--------------------------------------------------------------
top 3 activated prototype for this image:
prototype index: 27
prototype class identity: 3
activation value (similarity score): 3.8638134002685547
last layer connection with predicted class: -0.5670558214187622
most highly activated patch of the chosen image by this prototype:./saved_models/vgg19/001_GTZAN_split_10/metal.00004_1.wav/most_activated_prototypes/most_highly_activated_patch_by_top-3_prototype.png
most highly activated patch by this prototype shown in the original image:./saved_models/vgg19/001_GTZAN_split_10/metal.00004_1.wav/most_activated_prototypes/most_highly_activated_patch_in_original_img_by_top-3_prototype.png
prototype activation map of the chosen image:./saved_models/vgg19/001_GTZAN_split_10/metal.00004_1.wav/most_activated_prototypes/prototype_activation_map_by_top-3_prototype.png
normalized prototype activation map of the chosen image:./saved_models/vgg19/001_GTZAN_split_10/metal.00004_1.wav/most_activated_prototypes/prototype_activation_map_by_top-3_prototype_normed.png
--------------------------------------------------------------
top 4 activated prototype for this image:
prototype index: 2
prototype class identity: 1
activation value (similarity score): 3.7594308853149414
last layer connection with predicted class: -0.5905885100364685
most highly activated patch of the chosen image by this prototype:./saved_models/vgg19/001_GTZAN_split_10/metal.00004_1.wav/most_activated_prototypes/most_highly_activated_patch_by_top-4_prototype.png
most highly activated patch by this prototype shown in the original image:./saved_models/vgg19/001_GTZAN_split_10/metal.00004_1.wav/most_activated_prototypes/most_highly_activated_patch_in_original_img_by_top-4_prototype.png
prototype activation map of the chosen image:./saved_models/vgg19/001_GTZAN_split_10/metal.00004_1.wav/most_activated_prototypes/prototype_activation_map_by_top-4_prototype.png
normalized prototype activation map of the chosen image:./saved_models/vgg19/001_GTZAN_split_10/metal.00004_1.wav/most_activated_prototypes/prototype_activation_map_by_top-4_prototype_normed.png
--------------------------------------------------------------
top 5 activated prototype for this image:
prototype index: 86
prototype class identity: 9
activation value (similarity score): 3.455049753189087
last layer connection with predicted class: 0.8755297660827637
most highly activated patch of the chosen image by this prototype:./saved_models/vgg19/001_GTZAN_split_10/metal.00004_1.wav/most_activated_prototypes/most_highly_activated_patch_by_top-5_prototype.png
most highly activated patch by this prototype shown in the original image:./saved_models/vgg19/001_GTZAN_split_10/metal.00004_1.wav/most_activated_prototypes/most_highly_activated_patch_in_original_img_by_top-5_prototype.png
prototype activation map of the chosen image:./saved_models/vgg19/001_GTZAN_split_10/metal.00004_1.wav/most_activated_prototypes/prototype_activation_map_by_top-5_prototype.png
normalized prototype activation map of the chosen image:./saved_models/vgg19/001_GTZAN_split_10/metal.00004_1.wav/most_activated_prototypes/prototype_activation_map_by_top-5_prototype_normed.png
--------------------------------------------------------------
***************************************************************
***************************************************************
***************************************************************
Prototypes from top-3 classes:
top 1 predicted class: 9
logit of the class: -12.719227
prototype index: 82
prototype class identity: 9
activation value (similarity score): 3.27713680267334
last layer connection: 0.9003008008003235
most highly activated patch of the chosen image by this prototype:./saved_models/vgg19/001_GTZAN_split_10/metal.00004_1.wav/top-1_class_prototypes/most_highly_activated_patch_by_top-1_prototype.png
most highly activated patch by this prototype shown in the original image:./saved_models/vgg19/001_GTZAN_split_10/metal.00004_1.wav/top-1_class_prototypes/most_highly_activated_patch_in_original_img_by_top-1_prototype.png
prototype activation map of the chosen image:./saved_models/vgg19/001_GTZAN_split_10/metal.00004_1.wav/top-1_class_prototypes/prototype_activation_map_by_top-1_prototype.png
normalized prototype activation map of the chosen image:./saved_models/vgg19/001_GTZAN_split_10/metal.00004_1.wav/top-1_class_prototypes/prototype_activation_map_by_top-1_prototype_normed.png
--------------------------------------------------------------
prototype index: 80
prototype class identity: 9
activation value (similarity score): 2.9042906761169434
last layer connection: 0.9185801148414612
most highly activated patch of the chosen image by this prototype:./saved_models/vgg19/001_GTZAN_split_10/metal.00004_1.wav/top-1_class_prototypes/most_highly_activated_patch_by_top-2_prototype.png
most highly activated patch by this prototype shown in the original image:./saved_models/vgg19/001_GTZAN_split_10/metal.00004_1.wav/top-1_class_prototypes/most_highly_activated_patch_in_original_img_by_top-2_prototype.png
prototype activation map of the chosen image:./saved_models/vgg19/001_GTZAN_split_10/metal.00004_1.wav/top-1_class_prototypes/prototype_activation_map_by_top-2_prototype.png
normalized prototype activation map of the chosen image:./saved_models/vgg19/001_GTZAN_split_10/metal.00004_1.wav/top-1_class_prototypes/prototype_activation_map_by_top-2_prototype_normed.png
--------------------------------------------------------------
prototype index: 87
prototype class identity: 9
activation value (similarity score): 2.593475580215454
last layer connection: 0.9142037034034729
most highly activated patch of the chosen image by this prototype:./saved_models/vgg19/001_GTZAN_split_10/metal.00004_1.wav/top-1_class_prototypes/most_highly_activated_patch_by_top-3_prototype.png
most highly activated patch by this prototype shown in the original image:./saved_models/vgg19/001_GTZAN_split_10/metal.00004_1.wav/top-1_class_prototypes/most_highly_activated_patch_in_original_img_by_top-3_prototype.png
prototype activation map of the chosen image:./saved_models/vgg19/001_GTZAN_split_10/metal.00004_1.wav/top-1_class_prototypes/prototype_activation_map_by_top-3_prototype.png
normalized prototype activation map of the chosen image:./saved_models/vgg19/001_GTZAN_split_10/metal.00004_1.wav/top-1_class_prototypes/prototype_activation_map_by_top-3_prototype_normed.png
--------------------------------------------------------------
prototype index: 81
prototype class identity: 9
activation value (similarity score): 2.556452512741089
last layer connection: 0.9090927839279175
most highly activated patch of the chosen image by this prototype:./saved_models/vgg19/001_GTZAN_split_10/metal.00004_1.wav/top-1_class_prototypes/most_highly_activated_patch_by_top-4_prototype.png
most highly activated patch by this prototype shown in the original image:./saved_models/vgg19/001_GTZAN_split_10/metal.00004_1.wav/top-1_class_prototypes/most_highly_activated_patch_in_original_img_by_top-4_prototype.png
prototype activation map of the chosen image:./saved_models/vgg19/001_GTZAN_split_10/metal.00004_1.wav/top-1_class_prototypes/prototype_activation_map_by_top-4_prototype.png
normalized prototype activation map of the chosen image:./saved_models/vgg19/001_GTZAN_split_10/metal.00004_1.wav/top-1_class_prototypes/prototype_activation_map_by_top-4_prototype_normed.png
--------------------------------------------------------------
prototype index: 89
prototype class identity: 9
activation value (similarity score): 2.0250189304351807
last layer connection: 0.9359729886054993
most highly activated patch of the chosen image by this prototype:./saved_models/vgg19/001_GTZAN_split_10/metal.00004_1.wav/top-1_class_prototypes/most_highly_activated_patch_by_top-5_prototype.png
most highly activated patch by this prototype shown in the original image:./saved_models/vgg19/001_GTZAN_split_10/metal.00004_1.wav/top-1_class_prototypes/most_highly_activated_patch_in_original_img_by_top-5_prototype.png
prototype activation map of the chosen image:./saved_models/vgg19/001_GTZAN_split_10/metal.00004_1.wav/top-1_class_prototypes/prototype_activation_map_by_top-5_prototype.png
normalized prototype activation map of the chosen image:./saved_models/vgg19/001_GTZAN_split_10/metal.00004_1.wav/top-1_class_prototypes/prototype_activation_map_by_top-5_prototype_normed.png
--------------------------------------------------------------
***************************************************************
***************************************************************
top 2 predicted class: 1
logit of the class: -35.261379
prototype index: 4
prototype class identity: 1
activation value (similarity score): 0.7789193987846375
last layer connection: 0.972953200340271
most highly activated patch of the chosen image by this prototype:./saved_models/vgg19/001_GTZAN_split_10/metal.00004_1.wav/top-2_class_prototypes/most_highly_activated_patch_by_top-1_prototype.png
most highly activated patch by this prototype shown in the original image:./saved_models/vgg19/001_GTZAN_split_10/metal.00004_1.wav/top-2_class_prototypes/most_highly_activated_patch_in_original_img_by_top-1_prototype.png
prototype activation map of the chosen image:./saved_models/vgg19/001_GTZAN_split_10/metal.00004_1.wav/top-2_class_prototypes/prototype_activation_map_by_top-1_prototype.png
normalized prototype activation map of the chosen image:./saved_models/vgg19/001_GTZAN_split_10/metal.00004_1.wav/top-2_class_prototypes/prototype_activation_map_by_top-1_prototype_normed.png
--------------------------------------------------------------
prototype index: 0
prototype class identity: 1
activation value (similarity score): 0.6487355828285217
last layer connection: 1.0060169696807861
most highly activated patch of the chosen image by this prototype:./saved_models/vgg19/001_GTZAN_split_10/metal.00004_1.wav/top-2_class_prototypes/most_highly_activated_patch_by_top-2_prototype.png
most highly activated patch by this prototype shown in the original image:./saved_models/vgg19/001_GTZAN_split_10/metal.00004_1.wav/top-2_class_prototypes/most_highly_activated_patch_in_original_img_by_top-2_prototype.png
prototype activation map of the chosen image:./saved_models/vgg19/001_GTZAN_split_10/metal.00004_1.wav/top-2_class_prototypes/prototype_activation_map_by_top-2_prototype.png
normalized prototype activation map of the chosen image:./saved_models/vgg19/001_GTZAN_split_10/metal.00004_1.wav/top-2_class_prototypes/prototype_activation_map_by_top-2_prototype_normed.png
--------------------------------------------------------------
prototype index: 8
prototype class identity: 1
activation value (similarity score): 0.4655277729034424
last layer connection: 0.9808971881866455
most highly activated patch of the chosen image by this prototype:./saved_models/vgg19/001_GTZAN_split_10/metal.00004_1.wav/top-2_class_prototypes/most_highly_activated_patch_by_top-3_prototype.png
most highly activated patch by this prototype shown in the original image:./saved_models/vgg19/001_GTZAN_split_10/metal.00004_1.wav/top-2_class_prototypes/most_highly_activated_patch_in_original_img_by_top-3_prototype.png
prototype activation map of the chosen image:./saved_models/vgg19/001_GTZAN_split_10/metal.00004_1.wav/top-2_class_prototypes/prototype_activation_map_by_top-3_prototype.png
normalized prototype activation map of the chosen image:./saved_models/vgg19/001_GTZAN_split_10/metal.00004_1.wav/top-2_class_prototypes/prototype_activation_map_by_top-3_prototype_normed.png
--------------------------------------------------------------
prototype index: 6
prototype class identity: 1
activation value (similarity score): 0.31497371196746826
last layer connection: 0.9878700971603394
most highly activated patch of the chosen image by this prototype:./saved_models/vgg19/001_GTZAN_split_10/metal.00004_1.wav/top-2_class_prototypes/most_highly_activated_patch_by_top-4_prototype.png
most highly activated patch by this prototype shown in the original image:./saved_models/vgg19/001_GTZAN_split_10/metal.00004_1.wav/top-2_class_prototypes/most_highly_activated_patch_in_original_img_by_top-4_prototype.png
prototype activation map of the chosen image:./saved_models/vgg19/001_GTZAN_split_10/metal.00004_1.wav/top-2_class_prototypes/prototype_activation_map_by_top-4_prototype.png
normalized prototype activation map of the chosen image:./saved_models/vgg19/001_GTZAN_split_10/metal.00004_1.wav/top-2_class_prototypes/prototype_activation_map_by_top-4_prototype_normed.png
--------------------------------------------------------------
prototype index: 7
prototype class identity: 1
activation value (similarity score): 0.2567848265171051
last layer connection: 0.9933974146842957
most highly activated patch of the chosen image by this prototype:./saved_models/vgg19/001_GTZAN_split_10/metal.00004_1.wav/top-2_class_prototypes/most_highly_activated_patch_by_top-5_prototype.png
most highly activated patch by this prototype shown in the original image:./saved_models/vgg19/001_GTZAN_split_10/metal.00004_1.wav/top-2_class_prototypes/most_highly_activated_patch_in_original_img_by_top-5_prototype.png
prototype activation map of the chosen image:./saved_models/vgg19/001_GTZAN_split_10/metal.00004_1.wav/top-2_class_prototypes/prototype_activation_map_by_top-5_prototype.png
normalized prototype activation map of the chosen image:./saved_models/vgg19/001_GTZAN_split_10/metal.00004_1.wav/top-2_class_prototypes/prototype_activation_map_by_top-5_prototype_normed.png
--------------------------------------------------------------
***************************************************************
***************************************************************
top 3 predicted class: 3
logit of the class: -36.141579
prototype index: 26
prototype class identity: 3
activation value (similarity score): 1.0115472078323364
last layer connection: 0.9188319444656372
most highly activated patch of the chosen image by this prototype:./saved_models/vgg19/001_GTZAN_split_10/metal.00004_1.wav/top-3_class_prototypes/most_highly_activated_patch_by_top-1_prototype.png
most highly activated patch by this prototype shown in the original image:./saved_models/vgg19/001_GTZAN_split_10/metal.00004_1.wav/top-3_class_prototypes/most_highly_activated_patch_in_original_img_by_top-1_prototype.png
prototype activation map of the chosen image:./saved_models/vgg19/001_GTZAN_split_10/metal.00004_1.wav/top-3_class_prototypes/prototype_activation_map_by_top-1_prototype.png
normalized prototype activation map of the chosen image:./saved_models/vgg19/001_GTZAN_split_10/metal.00004_1.wav/top-3_class_prototypes/prototype_activation_map_by_top-1_prototype_normed.png
--------------------------------------------------------------
prototype index: 23
prototype class identity: 3
activation value (similarity score): 0.9957934617996216
last layer connection: 0.9151127934455872
most highly activated patch of the chosen image by this prototype:./saved_models/vgg19/001_GTZAN_split_10/metal.00004_1.wav/top-3_class_prototypes/most_highly_activated_patch_by_top-2_prototype.png
most highly activated patch by this prototype shown in the original image:./saved_models/vgg19/001_GTZAN_split_10/metal.00004_1.wav/top-3_class_prototypes/most_highly_activated_patch_in_original_img_by_top-2_prototype.png
prototype activation map of the chosen image:./saved_models/vgg19/001_GTZAN_split_10/metal.00004_1.wav/top-3_class_prototypes/prototype_activation_map_by_top-2_prototype.png
normalized prototype activation map of the chosen image:./saved_models/vgg19/001_GTZAN_split_10/metal.00004_1.wav/top-3_class_prototypes/prototype_activation_map_by_top-2_prototype_normed.png
--------------------------------------------------------------
prototype index: 29
prototype class identity: 3
activation value (similarity score): 0.7397430539131165
last layer connection: 1.0241533517837524
most highly activated patch of the chosen image by this prototype:./saved_models/vgg19/001_GTZAN_split_10/metal.00004_1.wav/top-3_class_prototypes/most_highly_activated_patch_by_top-3_prototype.png
most highly activated patch by this prototype shown in the original image:./saved_models/vgg19/001_GTZAN_split_10/metal.00004_1.wav/top-3_class_prototypes/most_highly_activated_patch_in_original_img_by_top-3_prototype.png
prototype activation map of the chosen image:./saved_models/vgg19/001_GTZAN_split_10/metal.00004_1.wav/top-3_class_prototypes/prototype_activation_map_by_top-3_prototype.png
normalized prototype activation map of the chosen image:./saved_models/vgg19/001_GTZAN_split_10/metal.00004_1.wav/top-3_class_prototypes/prototype_activation_map_by_top-3_prototype_normed.png
--------------------------------------------------------------
prototype index: 24
prototype class identity: 3
activation value (similarity score): 0.692622184753418
last layer connection: 0.9094860553741455
most highly activated patch of the chosen image by this prototype:./saved_models/vgg19/001_GTZAN_split_10/metal.00004_1.wav/top-3_class_prototypes/most_highly_activated_patch_by_top-4_prototype.png
most highly activated patch by this prototype shown in the original image:./saved_models/vgg19/001_GTZAN_split_10/metal.00004_1.wav/top-3_class_prototypes/most_highly_activated_patch_in_original_img_by_top-4_prototype.png
prototype activation map of the chosen image:./saved_models/vgg19/001_GTZAN_split_10/metal.00004_1.wav/top-3_class_prototypes/prototype_activation_map_by_top-4_prototype.png
normalized prototype activation map of the chosen image:./saved_models/vgg19/001_GTZAN_split_10/metal.00004_1.wav/top-3_class_prototypes/prototype_activation_map_by_top-4_prototype_normed.png
--------------------------------------------------------------
prototype index: 22
prototype class identity: 3
activation value (similarity score): 0.4106665551662445
last layer connection: 1.0124588012695312
most highly activated patch of the chosen image by this prototype:./saved_models/vgg19/001_GTZAN_split_10/metal.00004_1.wav/top-3_class_prototypes/most_highly_activated_patch_by_top-5_prototype.png
most highly activated patch by this prototype shown in the original image:./saved_models/vgg19/001_GTZAN_split_10/metal.00004_1.wav/top-3_class_prototypes/most_highly_activated_patch_in_original_img_by_top-5_prototype.png
prototype activation map of the chosen image:./saved_models/vgg19/001_GTZAN_split_10/metal.00004_1.wav/top-3_class_prototypes/prototype_activation_map_by_top-5_prototype.png
normalized prototype activation map of the chosen image:./saved_models/vgg19/001_GTZAN_split_10/metal.00004_1.wav/top-3_class_prototypes/prototype_activation_map_by_top-5_prototype_normed.png
--------------------------------------------------------------
***************************************************************
***************************************************************
Prediction is correct.
*** MOST ACTIVATED Training samples recovered map ***
{"./saved_models/vgg19/001_GTZAN_split_10/metal.00004_1.wav/most_activated_prototypes/top-1_training_sample.wav": "../datasets/GTZAN_split_10/train/9/metal.00013_4.wav", "./saved_models/vgg19/001_GTZAN_split_10/metal.00004_1.wav/most_activated_prototypes/top-2_training_sample.wav": "../datasets/GTZAN_split_10/train/9/metal.00087_1.wav", "./saved_models/vgg19/001_GTZAN_split_10/metal.00004_1.wav/most_activated_prototypes/top-3_training_sample.wav": "../datasets/GTZAN_split_10/train/3/rock.00076_2.wav", "./saved_models/vgg19/001_GTZAN_split_10/metal.00004_1.wav/most_activated_prototypes/top-4_training_sample.wav": "../datasets/GTZAN_split_10/train/1/hiphop.00097_4.wav", "./saved_models/vgg19/001_GTZAN_split_10/metal.00004_1.wav/most_activated_prototypes/top-5_training_sample.wav": "../datasets/GTZAN_split_10/train/9/metal.00054_0.wav"}
Execution time (minutes): 7.813905131816864
