training set size: 1211
push set size: 1211
test set size: 4715
batch size: 20
start training
epoch: 	0
	warm
	train
	time: 	24.603288888931274
	cross ent: 	0.9670400433853025
	cluster: 	2.8952618524676463
	separation:	2.9433314878432477
	avg separation:	16.058000986693337
	accu: 		56.89512799339389%
	l1: 		60.0
	p dist pair: 	22.28659439086914
	test
	time: 	62.683905601501465
	cross ent: 	0.9619691043587054
	cluster: 	0.6435896804777242
	separation:	0.7342749412282038
	avg separation:	14.99328390622543
	accu: 		49.374337221633084%
	l1: 		60.0
	p dist pair: 	22.28659439086914
epoch: 	1
	warm
	train
	time: 	13.65464472770691
	cross ent: 	0.8188587700734373
	cluster: 	0.4686139260159164
	separation:	0.6441268935555318
	avg separation:	15.724909329023518
	accu: 		68.62097440132122%
	l1: 		60.0
	p dist pair: 	22.65850067138672
	test
	time: 	37.496930837631226
	cross ent: 	1.1040170377088805
	cluster: 	0.7321886137380438
	separation:	0.6546671630467399
	avg separation:	15.106395426443068
	accu: 		42.417815482502654%
	l1: 		60.0
	p dist pair: 	22.65850067138672
epoch: 	2
	warm
	train
	time: 	10.85093092918396
	cross ent: 	0.7291904507113285
	cluster: 	0.37843232907232693
	separation:	0.6144625544548035
	avg separation:	14.632320075738626
	accu: 		71.51114781172585%
	l1: 		60.0
	p dist pair: 	21.506023406982422
	test
	time: 	36.81419324874878
	cross ent: 	0.9500146268282906
	cluster: 	0.49432219400749366
	separation:	0.5770135087482
	avg separation:	14.123439194792407
	accu: 		49.75609756097561%
	l1: 		60.0
	p dist pair: 	21.506023406982422
epoch: 	3
	warm
	train
	time: 	9.924192905426025
	cross ent: 	0.6500859353385988
	cluster: 	0.28427434053088796
	separation:	0.5371125186564493
	avg separation:	13.471033362091564
	accu: 		75.22708505367464%
	l1: 		60.0
	p dist pair: 	20.405120849609375
	test
	time: 	36.93700885772705
	cross ent: 	0.936036491040456
	cluster: 	0.2957779889515901
	separation:	0.40075658804784386
	avg separation:	11.553917504973331
	accu: 		53.42523860021209%
	l1: 		60.0
	p dist pair: 	20.405120849609375
	above 50.00%
epoch: 	4
	warm
	train
	time: 	9.834877252578735
	cross ent: 	0.5039932312535458
	cluster: 	0.2222750412880397
	separation:	0.5272244784187098
	avg separation:	11.975200997024286
	accu: 		82.65895953757226%
	l1: 		60.0
	p dist pair: 	18.826602935791016
	test
	time: 	37.21119952201843
	cross ent: 	0.76129581956035
	cluster: 	0.3378167785072731
	separation:	0.5954365478986401
	avg separation:	11.330194533881494
	accu: 		61.80275715800636%
	l1: 		60.0
	p dist pair: 	18.826602935791016
	above 50.00%
epoch: 	5
	joint
	train
	time: 	11.399404048919678
	cross ent: 	0.9685873252446534
	cluster: 	0.6467690856241789
	separation:	0.5882888245778005
	avg separation:	10.422657779005707
	accu: 		57.47316267547481%
	l1: 		60.0
	p dist pair: 	17.750001907348633
	test
	time: 	36.95845293998718
	cross ent: 	0.8380468257908094
	cluster: 	0.3989713812657332
	separation:	0.39553252348707896
	avg separation:	11.81630943185192
	accu: 		73.61611876988336%
	l1: 		60.0
	p dist pair: 	17.750001907348633
	above 50.00%
	push
	Executing push ...
	push time: 	88.90483784675598
	test
	time: 	36.42071175575256
	cross ent: 	9.628112631329035
	cluster: 	0.30740356192750445
	separation:	0.14690329514885858
	avg separation:	1.0934937106350722
	accu: 		19.97879109225875%
	l1: 		60.0
	p dist pair: 	1.991859793663025
	last layer
iteration: 	0
	train
	time: 	10.128732442855835
	cross ent: 	8.498939961683554
	cluster: 	0.20330518392510102
	separation:	0.16116055620254063
	avg separation:	1.0012885840212713
	accu: 		45.91246903385632%
	l1: 		59.913673400878906
	p dist pair: 	1.991859793663025
	test
	time: 	35.96559119224548
	cross ent: 	9.439097054934097
	cluster: 	0.30740356192750445
	separation:	0.14690329514885858
	avg separation:	1.0934937106350722
	accu: 		19.9575821845175%
	l1: 		59.913673400878906
	p dist pair: 	1.991859793663025
iteration: 	1
	train
	time: 	9.869459867477417
	cross ent: 	8.458022187967769
	cluster: 	0.20473508426889045
	separation:	0.1598072881337072
	avg separation:	0.9993408732726926
	accu: 		46.077621800165154%
	l1: 		59.824729919433594
	p dist pair: 	1.991859793663025
	test
	time: 	36.42825770378113
	cross ent: 	9.261338266275697
	cluster: 	0.30740356192750445
	separation:	0.14690329514885858
	avg separation:	1.0934937106350722
	accu: 		20.0%
	l1: 		59.824729919433594
	p dist pair: 	1.991859793663025
iteration: 	2
	train
	time: 	9.805196046829224
	cross ent: 	8.305184325233835
	cluster: 	0.2035574481868353
	separation:	0.1598280491154702
	avg separation:	0.9989397281506023
	accu: 		46.077621800165154%
	l1: 		59.73368835449219
	p dist pair: 	1.991859793663025
	test
	time: 	35.79458236694336
	cross ent: 	9.085773017446874
	cluster: 	0.30740356192750445
	separation:	0.14690329514885858
	avg separation:	1.0934937106350722
	accu: 		20.106044538706254%
	l1: 		59.73368835449219
	p dist pair: 	1.991859793663025
iteration: 	3
	train
	time: 	9.72863483428955
	cross ent: 	8.180974217711903
	cluster: 	0.20503258179934297
	separation:	0.1606868208676088
	avg separation:	1.0004773022698574
	accu: 		46.16019818331957%
	l1: 		59.64270782470703
	p dist pair: 	1.991859793663025
	test
	time: 	35.7240686416626
	cross ent: 	8.914533302945605
	cluster: 	0.30740356192750445
	separation:	0.14690329514885858
	avg separation:	1.0934937106350722
	accu: 		20.21208907741251%
	l1: 		59.64270782470703
	p dist pair: 	1.991859793663025
iteration: 	4
	train
	time: 	9.903760433197021
	cross ent: 	8.046817885070551
	cluster: 	0.20393601133198033
	separation:	0.16034699561165983
	avg separation:	1.0007675915467935
	accu: 		46.077621800165154%
	l1: 		59.551292419433594
	p dist pair: 	1.991859793663025
	test
	time: 	36.37349081039429
	cross ent: 	8.740003977791737
	cluster: 	0.30740356192750445
	separation:	0.14690329514885858
	avg separation:	1.0934937106350722
	accu: 		20.318133616118768%
	l1: 		59.551292419433594
	p dist pair: 	1.991859793663025
epoch: 	6
	joint
	train
	time: 	11.363179922103882
	cross ent: 	1.0834832621402428
	cluster: 	0.6897665295200269
	separation:	0.6402937574464767
	avg separation:	1.9421283192321903
	accu: 		59.95045417010735%
	l1: 		59.551292419433594
	p dist pair: 	2.102064371109009
	test
	time: 	36.652578592300415
	cross ent: 	1.266659836395312
	cluster: 	0.10747579425194506
	separation:	0.12387110267655324
	avg separation:	1.368244100425203
	accu: 		55.90668080593849%
	l1: 		59.551292419433594
	p dist pair: 	2.102064371109009
	above 50.00%
epoch: 	7
	joint
	train
	time: 	11.369488000869751
	cross ent: 	0.4741826204002881
	cluster: 	0.08915418508600016
	separation:	0.1516383171814387
	avg separation:	1.356903314590454
	accu: 		81.83319570602808%
	l1: 		59.551292419433594
	p dist pair: 	2.1534736156463623
	test
	time: 	37.13285422325134
	cross ent: 	1.259411679486097
	cluster: 	0.106279358867619
	separation:	0.15527299220152832
	avg separation:	1.4498674096697468
	accu: 		60.721102863202546%
	l1: 		59.551292419433594
	p dist pair: 	2.1534736156463623
	above 50.00%
epoch: 	8
	joint
	train
	time: 	11.39008903503418
	cross ent: 	0.29253768762115573
	cluster: 	0.07195787095144147
	separation:	0.18379906931372939
	avg separation:	1.485461149059358
	accu: 		89.26507018992568%
	l1: 		59.551292419433594
	p dist pair: 	2.197739362716675
	test
	time: 	36.65889525413513
	cross ent: 	2.9083039922229315
	cluster: 	0.08391033965399709
	separation:	0.11897495194827601
	avg separation:	1.2663346276444905
	accu: 		55.27041357370095%
	l1: 		59.551292419433594
	p dist pair: 	2.197739362716675
	above 50.00%
epoch: 	9
	joint
	train
	time: 	11.379855155944824
	cross ent: 	0.21598325080436762
	cluster: 	0.05062995020483361
	separation:	0.20253747713858963
	avg separation:	1.495800889906336
	accu: 		92.65070189925682%
	l1: 		59.551292419433594
	p dist pair: 	2.1926655769348145
	test
	time: 	37.202993392944336
	cross ent: 	2.7918739336527
	cluster: 	0.07587943922223175
	separation:	0.1183684049963446
	avg separation:	1.2507376766810983
	accu: 		52.95864262990456%
	l1: 		59.551292419433594
	p dist pair: 	2.1926655769348145
	above 50.00%
epoch: 	10
	joint
	train
	time: 	11.416501998901367
	cross ent: 	0.06891568127989037
	cluster: 	0.025994845009485228
	separation:	0.20496526116230449
	avg separation:	1.4673123144712605
	accu: 		97.85301403798513%
	l1: 		59.551292419433594
	p dist pair: 	2.189891815185547
	test
	time: 	35.74812459945679
	cross ent: 	2.920251144190966
	cluster: 	0.07580754680211767
	separation:	0.12075258245281244
	avg separation:	1.2998227446766224
	accu: 		53.637327677624604%
	l1: 		59.551292419433594
	p dist pair: 	2.189891815185547
	above 50.00%
	push
	Executing push ...
	push time: 	78.0194411277771
	test
	time: 	37.02941679954529
	cross ent: 	2.6616927098356564
	cluster: 	0.010591462954989302
	separation:	0.04782277507849543
	avg separation:	0.45040361595860984
	accu: 		79.15164369034994%
	l1: 		59.551292419433594
	p dist pair: 	1.188568115234375
	above 50.00%
	last layer
iteration: 	0
	train
	time: 	9.660650730133057
	cross ent: 	2.4200841843104755
	cluster: 	0.009024182723865647
	separation:	0.09090602452882
	avg separation:	0.5254895208311863
	accu: 		75.88769611890999%
	l1: 		59.40260314941406
	p dist pair: 	1.188568115234375
	test
	time: 	37.32450342178345
	cross ent: 	2.5413052306778856
	cluster: 	0.010591462954989302
	separation:	0.04782277507849543
	avg separation:	0.45040361595860984
	accu: 		79.2576882290562%
	l1: 		59.40260314941406
	p dist pair: 	1.188568115234375
	above 50.00%
iteration: 	1
	train
	time: 	9.674971342086792
	cross ent: 	2.1516726140360363
	cluster: 	0.009011557890621365
	separation:	0.09108357907074396
	avg separation:	0.5254935495188979
	accu: 		76.96118909991742%
	l1: 		59.294132232666016
	p dist pair: 	1.188568115234375
	test
	time: 	36.138893127441406
	cross ent: 	2.4364651710552683
	cluster: 	0.010591462954989302
	separation:	0.04782277507849543
	avg separation:	0.45040361595860984
	accu: 		79.68186638388123%
	l1: 		59.294132232666016
	p dist pair: 	1.188568115234375
	above 50.00%
iteration: 	2
	train
	time: 	9.713830471038818
	cross ent: 	1.9737724749768366
	cluster: 	0.009016075209699204
	separation:	0.09101425398324357
	avg separation:	0.5253527140031096
	accu: 		78.77786952931461%
	l1: 		59.20718002319336
	p dist pair: 	1.188568115234375
	test
	time: 	36.764928102493286
	cross ent: 	2.361504903947145
	cluster: 	0.010591462954989302
	separation:	0.04782277507849543
	avg separation:	0.45040361595860984
	accu: 		79.66065747613997%
	l1: 		59.20718002319336
	p dist pair: 	1.188568115234375
	above 50.00%
iteration: 	3
	train
	time: 	9.705784320831299
	cross ent: 	1.8060066800137036
	cluster: 	0.009050840710396649
	separation:	0.09146660120516527
	avg separation:	0.5262980974111401
	accu: 		80.01651527663088%
	l1: 		59.13046646118164
	p dist pair: 	1.188568115234375
	test
	time: 	36.00550961494446
	cross ent: 	2.3073790621612282
	cluster: 	0.010591462954989302
	separation:	0.04782277507849543
	avg separation:	0.45040361595860984
	accu: 		79.49098621420997%
	l1: 		59.13046646118164
	p dist pair: 	1.188568115234375
	above 50.00%
iteration: 	4
	train
	time: 	9.702027320861816
	cross ent: 	1.665789024263132
	cluster: 	0.009004410562395562
	separation:	0.09073910770601913
	avg separation:	0.5242791483636762
	accu: 		80.67712634186623%
	l1: 		59.06005859375
	p dist pair: 	1.188568115234375
	test
	time: 	35.77315139770508
	cross ent: 	2.267644627887945
	cluster: 	0.010591462954989302
	separation:	0.04782277507849543
	avg separation:	0.45040361595860984
	accu: 		79.61823966065748%
	l1: 		59.06005859375
	p dist pair: 	1.188568115234375
	above 50.00%
epoch: 	11
	joint
	train
	time: 	11.304165124893188
	cross ent: 	0.17987211208890466
	cluster: 	0.023859162730943472
	separation:	0.14847565631641715
	avg separation:	0.5810342621607859
	accu: 		96.86209744013212%
	l1: 		59.06005859375
	p dist pair: 	1.185631275177002
	test
	time: 	35.95519304275513
	cross ent: 	9.112060477167873
	cluster: 	0.06006487720188195
	separation:	0.08120190000193099
	avg separation:	0.4407177428572865
	accu: 		50.47720042417816%
	l1: 		59.06005859375
	p dist pair: 	1.185631275177002
	above 50.00%
epoch: 	12
	joint
	train
	time: 	11.350388526916504
	cross ent: 	0.060550708737179375
	cluster: 	0.020652089237433967
	separation:	0.1498511059850943
	avg separation:	0.5647590145712993
	accu: 		98.92650701899257%
	l1: 		59.06005859375
	p dist pair: 	1.1949254274368286
	test
	time: 	35.761794328689575
	cross ent: 	9.546673133211621
	cluster: 	0.05719581151665267
	separation:	0.06374230599662258
	avg separation:	0.4036380518543518
	accu: 		47.67762460233298%
	l1: 		59.06005859375
	p dist pair: 	1.1949254274368286
epoch: 	13
	joint
	train
	time: 	11.40478253364563
	cross ent: 	0.04964006724467104
	cluster: 	0.017136256042562546
	separation:	0.13228417145179922
	avg separation:	0.5374206915253499
	accu: 		98.76135425268373%
	l1: 		59.06005859375
	p dist pair: 	1.1997742652893066
	test
	time: 	36.172746896743774
	cross ent: 	8.33947529024997
	cluster: 	0.0487204743707079
	separation:	0.06323222787577217
	avg separation:	0.3994228612568419
	accu: 		52.6829268292683%
	l1: 		59.06005859375
	p dist pair: 	1.1997742652893066
	above 50.00%
epoch: 	14
	joint
	train
	time: 	11.353068590164185
	cross ent: 	0.0332038664732826
	cluster: 	0.014831611382790277
	separation:	0.13354505622973206
	avg separation:	0.5447007847613976
	accu: 		99.0916597853014%
	l1: 		59.06005859375
	p dist pair: 	1.2017381191253662
	test
	time: 	36.585936069488525
	cross ent: 	8.305313181068938
	cluster: 	0.052286767598115284
	separation:	0.06141093794761573
	avg separation:	0.3923407453349081
	accu: 		50.79533404029692%
	l1: 		59.06005859375
	p dist pair: 	1.2017381191253662
	above 50.00%
Early stop training because: (1) training acc convergend && (2) cluster cost is smaller then separation cost on training set
	test
	time: 	37.08468246459961
	cross ent: 	8.305313181068938
	cluster: 	0.052286767598115284
	separation:	0.06141093794761573
	avg separation:	0.3923407453349081
	accu: 		50.79533404029692%
	l1: 		59.06005859375
	p dist pair: 	1.2017381191253662
	above 50.00%
Execution time (minutes): 25.01298000017802
