load model from ./saved_models/vgg19/001_GTZAN_split_10/15_4push0.8303.pth
model base architecture: vgg19
experiment run: 001_GTZAN_split_10/
test image to analyse../datasets/GTZAN_split_10/test/10/blues.00041_2.wav
Prototypes are chosen from 10 number of classes.
Their class identities are: [0 0 0 0 0 0 0 0 0 0 1 1 1 1 1 1 1 1 1 1 2 2 2 2 2 2 2 2 2 2 3 3 3 3 3 3 3
 3 3 3 4 4 4 4 4 4 4 4 4 4 5 5 5 5 5 5 5 5 5 5 6 6 6 6 6 6 6 6 6 6 7 7 7 7
 7 7 7 7 7 7 8 8 8 8 8 8 8 8 8 8 9 9 9 9 9 9 9 9 9 9]
All prototypes connect most strongly to their respective classes.
0 (9, 10)
Predicted: 10
Actual: 10
***************************************************************
***************************************************************
Most activated 5 prototypes of this image:
top 1 activated prototype for this image:
prototype index: 93
prototype class identity: 10
activation value (similarity score): 5.109100341796875
last layer connection with predicted class: 0.8438041806221008
most highly activated patch of the chosen image by this prototype:./saved_models/vgg19/001_GTZAN_split_10/blues.00041_2.wav/most_activated_prototypes/most_highly_activated_patch_by_top-1_prototype.png
most highly activated patch by this prototype shown in the original image:./saved_models/vgg19/001_GTZAN_split_10/blues.00041_2.wav/most_activated_prototypes/most_highly_activated_patch_in_original_img_by_top-1_prototype.png
prototype activation map of the chosen image:./saved_models/vgg19/001_GTZAN_split_10/blues.00041_2.wav/most_activated_prototypes/prototype_activation_map_by_top-1_prototype.png
normalized prototype activation map of the chosen image:./saved_models/vgg19/001_GTZAN_split_10/blues.00041_2.wav/most_activated_prototypes/prototype_activation_map_by_top-1_prototype_normed.png
--------------------------------------------------------------
top 2 activated prototype for this image:
prototype index: 76
prototype class identity: 8
activation value (similarity score): 5.0282769203186035
last layer connection with predicted class: -0.6087053418159485
most highly activated patch of the chosen image by this prototype:./saved_models/vgg19/001_GTZAN_split_10/blues.00041_2.wav/most_activated_prototypes/most_highly_activated_patch_by_top-2_prototype.png
most highly activated patch by this prototype shown in the original image:./saved_models/vgg19/001_GTZAN_split_10/blues.00041_2.wav/most_activated_prototypes/most_highly_activated_patch_in_original_img_by_top-2_prototype.png
prototype activation map of the chosen image:./saved_models/vgg19/001_GTZAN_split_10/blues.00041_2.wav/most_activated_prototypes/prototype_activation_map_by_top-2_prototype.png
normalized prototype activation map of the chosen image:./saved_models/vgg19/001_GTZAN_split_10/blues.00041_2.wav/most_activated_prototypes/prototype_activation_map_by_top-2_prototype_normed.png
--------------------------------------------------------------
top 3 activated prototype for this image:
prototype index: 27
prototype class identity: 3
activation value (similarity score): 4.481161594390869
last layer connection with predicted class: -0.5308943390846252
most highly activated patch of the chosen image by this prototype:./saved_models/vgg19/001_GTZAN_split_10/blues.00041_2.wav/most_activated_prototypes/most_highly_activated_patch_by_top-3_prototype.png
most highly activated patch by this prototype shown in the original image:./saved_models/vgg19/001_GTZAN_split_10/blues.00041_2.wav/most_activated_prototypes/most_highly_activated_patch_in_original_img_by_top-3_prototype.png
prototype activation map of the chosen image:./saved_models/vgg19/001_GTZAN_split_10/blues.00041_2.wav/most_activated_prototypes/prototype_activation_map_by_top-3_prototype.png
normalized prototype activation map of the chosen image:./saved_models/vgg19/001_GTZAN_split_10/blues.00041_2.wav/most_activated_prototypes/prototype_activation_map_by_top-3_prototype_normed.png
--------------------------------------------------------------
top 4 activated prototype for this image:
prototype index: 91
prototype class identity: 10
activation value (similarity score): 4.215484142303467
last layer connection with predicted class: 0.8259514570236206
most highly activated patch of the chosen image by this prototype:./saved_models/vgg19/001_GTZAN_split_10/blues.00041_2.wav/most_activated_prototypes/most_highly_activated_patch_by_top-4_prototype.png
most highly activated patch by this prototype shown in the original image:./saved_models/vgg19/001_GTZAN_split_10/blues.00041_2.wav/most_activated_prototypes/most_highly_activated_patch_in_original_img_by_top-4_prototype.png
prototype activation map of the chosen image:./saved_models/vgg19/001_GTZAN_split_10/blues.00041_2.wav/most_activated_prototypes/prototype_activation_map_by_top-4_prototype.png
normalized prototype activation map of the chosen image:./saved_models/vgg19/001_GTZAN_split_10/blues.00041_2.wav/most_activated_prototypes/prototype_activation_map_by_top-4_prototype_normed.png
--------------------------------------------------------------
top 5 activated prototype for this image:
prototype index: 99
prototype class identity: 10
activation value (similarity score): 4.032501220703125
last layer connection with predicted class: 0.9767052531242371
most highly activated patch of the chosen image by this prototype:./saved_models/vgg19/001_GTZAN_split_10/blues.00041_2.wav/most_activated_prototypes/most_highly_activated_patch_by_top-5_prototype.png
most highly activated patch by this prototype shown in the original image:./saved_models/vgg19/001_GTZAN_split_10/blues.00041_2.wav/most_activated_prototypes/most_highly_activated_patch_in_original_img_by_top-5_prototype.png
prototype activation map of the chosen image:./saved_models/vgg19/001_GTZAN_split_10/blues.00041_2.wav/most_activated_prototypes/prototype_activation_map_by_top-5_prototype.png
normalized prototype activation map of the chosen image:./saved_models/vgg19/001_GTZAN_split_10/blues.00041_2.wav/most_activated_prototypes/prototype_activation_map_by_top-5_prototype_normed.png
--------------------------------------------------------------
***************************************************************
***************************************************************
***************************************************************
Prototypes from top-3 classes:
top 1 predicted class: 10
logit of the class: -22.923727
prototype index: 90
prototype class identity: 10
activation value (similarity score): 1.9191815853118896
last layer connection: 0.7898242473602295
most highly activated patch of the chosen image by this prototype:./saved_models/vgg19/001_GTZAN_split_10/blues.00041_2.wav/top-1_class_prototypes/most_highly_activated_patch_by_top-1_prototype.png
most highly activated patch by this prototype shown in the original image:./saved_models/vgg19/001_GTZAN_split_10/blues.00041_2.wav/top-1_class_prototypes/most_highly_activated_patch_in_original_img_by_top-1_prototype.png
prototype activation map of the chosen image:./saved_models/vgg19/001_GTZAN_split_10/blues.00041_2.wav/top-1_class_prototypes/prototype_activation_map_by_top-1_prototype.png
normalized prototype activation map of the chosen image:./saved_models/vgg19/001_GTZAN_split_10/blues.00041_2.wav/top-1_class_prototypes/prototype_activation_map_by_top-1_prototype_normed.png
--------------------------------------------------------------
prototype index: 98
prototype class identity: 10
activation value (similarity score): 1.9191815853118896
last layer connection: 0.7898242473602295
most highly activated patch of the chosen image by this prototype:./saved_models/vgg19/001_GTZAN_split_10/blues.00041_2.wav/top-1_class_prototypes/most_highly_activated_patch_by_top-2_prototype.png
most highly activated patch by this prototype shown in the original image:./saved_models/vgg19/001_GTZAN_split_10/blues.00041_2.wav/top-1_class_prototypes/most_highly_activated_patch_in_original_img_by_top-2_prototype.png
prototype activation map of the chosen image:./saved_models/vgg19/001_GTZAN_split_10/blues.00041_2.wav/top-1_class_prototypes/prototype_activation_map_by_top-2_prototype.png
normalized prototype activation map of the chosen image:./saved_models/vgg19/001_GTZAN_split_10/blues.00041_2.wav/top-1_class_prototypes/prototype_activation_map_by_top-2_prototype_normed.png
--------------------------------------------------------------
prototype index: 95
prototype class identity: 10
activation value (similarity score): 1.8290399312973022
last layer connection: 0.7005010843276978
most highly activated patch of the chosen image by this prototype:./saved_models/vgg19/001_GTZAN_split_10/blues.00041_2.wav/top-1_class_prototypes/most_highly_activated_patch_by_top-3_prototype.png
most highly activated patch by this prototype shown in the original image:./saved_models/vgg19/001_GTZAN_split_10/blues.00041_2.wav/top-1_class_prototypes/most_highly_activated_patch_in_original_img_by_top-3_prototype.png
prototype activation map of the chosen image:./saved_models/vgg19/001_GTZAN_split_10/blues.00041_2.wav/top-1_class_prototypes/prototype_activation_map_by_top-3_prototype.png
normalized prototype activation map of the chosen image:./saved_models/vgg19/001_GTZAN_split_10/blues.00041_2.wav/top-1_class_prototypes/prototype_activation_map_by_top-3_prototype_normed.png
--------------------------------------------------------------
prototype index: 96
prototype class identity: 10
activation value (similarity score): 1.8290399312973022
last layer connection: 0.7266296148300171
most highly activated patch of the chosen image by this prototype:./saved_models/vgg19/001_GTZAN_split_10/blues.00041_2.wav/top-1_class_prototypes/most_highly_activated_patch_by_top-4_prototype.png
most highly activated patch by this prototype shown in the original image:./saved_models/vgg19/001_GTZAN_split_10/blues.00041_2.wav/top-1_class_prototypes/most_highly_activated_patch_in_original_img_by_top-4_prototype.png
prototype activation map of the chosen image:./saved_models/vgg19/001_GTZAN_split_10/blues.00041_2.wav/top-1_class_prototypes/prototype_activation_map_by_top-4_prototype.png
normalized prototype activation map of the chosen image:./saved_models/vgg19/001_GTZAN_split_10/blues.00041_2.wav/top-1_class_prototypes/prototype_activation_map_by_top-4_prototype_normed.png
--------------------------------------------------------------
prototype index: 94
prototype class identity: 10
activation value (similarity score): 1.8290399312973022
last layer connection: 0.7456470131874084
most highly activated patch of the chosen image by this prototype:./saved_models/vgg19/001_GTZAN_split_10/blues.00041_2.wav/top-1_class_prototypes/most_highly_activated_patch_by_top-5_prototype.png
most highly activated patch by this prototype shown in the original image:./saved_models/vgg19/001_GTZAN_split_10/blues.00041_2.wav/top-1_class_prototypes/most_highly_activated_patch_in_original_img_by_top-5_prototype.png
prototype activation map of the chosen image:./saved_models/vgg19/001_GTZAN_split_10/blues.00041_2.wav/top-1_class_prototypes/prototype_activation_map_by_top-5_prototype.png
normalized prototype activation map of the chosen image:./saved_models/vgg19/001_GTZAN_split_10/blues.00041_2.wav/top-1_class_prototypes/prototype_activation_map_by_top-5_prototype_normed.png
--------------------------------------------------------------
***************************************************************
***************************************************************
top 2 predicted class: 2
logit of the class: -32.574623
prototype index: 10
prototype class identity: 2
activation value (similarity score): 0.34621256589889526
last layer connection: 1.0974260568618774
most highly activated patch of the chosen image by this prototype:./saved_models/vgg19/001_GTZAN_split_10/blues.00041_2.wav/top-2_class_prototypes/most_highly_activated_patch_by_top-1_prototype.png
most highly activated patch by this prototype shown in the original image:./saved_models/vgg19/001_GTZAN_split_10/blues.00041_2.wav/top-2_class_prototypes/most_highly_activated_patch_in_original_img_by_top-1_prototype.png
prototype activation map of the chosen image:./saved_models/vgg19/001_GTZAN_split_10/blues.00041_2.wav/top-2_class_prototypes/prototype_activation_map_by_top-1_prototype.png
normalized prototype activation map of the chosen image:./saved_models/vgg19/001_GTZAN_split_10/blues.00041_2.wav/top-2_class_prototypes/prototype_activation_map_by_top-1_prototype_normed.png
--------------------------------------------------------------
prototype index: 15
prototype class identity: 2
activation value (similarity score): 0.3017951548099518
last layer connection: 0.9667117595672607
most highly activated patch of the chosen image by this prototype:./saved_models/vgg19/001_GTZAN_split_10/blues.00041_2.wav/top-2_class_prototypes/most_highly_activated_patch_by_top-2_prototype.png
most highly activated patch by this prototype shown in the original image:./saved_models/vgg19/001_GTZAN_split_10/blues.00041_2.wav/top-2_class_prototypes/most_highly_activated_patch_in_original_img_by_top-2_prototype.png
prototype activation map of the chosen image:./saved_models/vgg19/001_GTZAN_split_10/blues.00041_2.wav/top-2_class_prototypes/prototype_activation_map_by_top-2_prototype.png
normalized prototype activation map of the chosen image:./saved_models/vgg19/001_GTZAN_split_10/blues.00041_2.wav/top-2_class_prototypes/prototype_activation_map_by_top-2_prototype_normed.png
--------------------------------------------------------------
prototype index: 14
prototype class identity: 2
activation value (similarity score): 0.19398421049118042
last layer connection: 1.1246017217636108
most highly activated patch of the chosen image by this prototype:./saved_models/vgg19/001_GTZAN_split_10/blues.00041_2.wav/top-2_class_prototypes/most_highly_activated_patch_by_top-3_prototype.png
most highly activated patch by this prototype shown in the original image:./saved_models/vgg19/001_GTZAN_split_10/blues.00041_2.wav/top-2_class_prototypes/most_highly_activated_patch_in_original_img_by_top-3_prototype.png
prototype activation map of the chosen image:./saved_models/vgg19/001_GTZAN_split_10/blues.00041_2.wav/top-2_class_prototypes/prototype_activation_map_by_top-3_prototype.png
normalized prototype activation map of the chosen image:./saved_models/vgg19/001_GTZAN_split_10/blues.00041_2.wav/top-2_class_prototypes/prototype_activation_map_by_top-3_prototype_normed.png
--------------------------------------------------------------
prototype index: 13
prototype class identity: 2
activation value (similarity score): 0.1460275948047638
last layer connection: 1.0896828174591064
most highly activated patch of the chosen image by this prototype:./saved_models/vgg19/001_GTZAN_split_10/blues.00041_2.wav/top-2_class_prototypes/most_highly_activated_patch_by_top-4_prototype.png
most highly activated patch by this prototype shown in the original image:./saved_models/vgg19/001_GTZAN_split_10/blues.00041_2.wav/top-2_class_prototypes/most_highly_activated_patch_in_original_img_by_top-4_prototype.png
prototype activation map of the chosen image:./saved_models/vgg19/001_GTZAN_split_10/blues.00041_2.wav/top-2_class_prototypes/prototype_activation_map_by_top-4_prototype.png
normalized prototype activation map of the chosen image:./saved_models/vgg19/001_GTZAN_split_10/blues.00041_2.wav/top-2_class_prototypes/prototype_activation_map_by_top-4_prototype_normed.png
--------------------------------------------------------------
prototype index: 12
prototype class identity: 2
activation value (similarity score): 0.10912176966667175
last layer connection: 1.0480509996414185
most highly activated patch of the chosen image by this prototype:./saved_models/vgg19/001_GTZAN_split_10/blues.00041_2.wav/top-2_class_prototypes/most_highly_activated_patch_by_top-5_prototype.png
most highly activated patch by this prototype shown in the original image:./saved_models/vgg19/001_GTZAN_split_10/blues.00041_2.wav/top-2_class_prototypes/most_highly_activated_patch_in_original_img_by_top-5_prototype.png
prototype activation map of the chosen image:./saved_models/vgg19/001_GTZAN_split_10/blues.00041_2.wav/top-2_class_prototypes/prototype_activation_map_by_top-5_prototype.png
normalized prototype activation map of the chosen image:./saved_models/vgg19/001_GTZAN_split_10/blues.00041_2.wav/top-2_class_prototypes/prototype_activation_map_by_top-5_prototype_normed.png
--------------------------------------------------------------
***************************************************************
***************************************************************
top 3 predicted class: 3
logit of the class: -35.795757
prototype index: 29
prototype class identity: 3
activation value (similarity score): 0.8939740061759949
last layer connection: 1.0241533517837524
most highly activated patch of the chosen image by this prototype:./saved_models/vgg19/001_GTZAN_split_10/blues.00041_2.wav/top-3_class_prototypes/most_highly_activated_patch_by_top-1_prototype.png
most highly activated patch by this prototype shown in the original image:./saved_models/vgg19/001_GTZAN_split_10/blues.00041_2.wav/top-3_class_prototypes/most_highly_activated_patch_in_original_img_by_top-1_prototype.png
prototype activation map of the chosen image:./saved_models/vgg19/001_GTZAN_split_10/blues.00041_2.wav/top-3_class_prototypes/prototype_activation_map_by_top-1_prototype.png
normalized prototype activation map of the chosen image:./saved_models/vgg19/001_GTZAN_split_10/blues.00041_2.wav/top-3_class_prototypes/prototype_activation_map_by_top-1_prototype_normed.png
--------------------------------------------------------------
prototype index: 24
prototype class identity: 3
activation value (similarity score): 0.7161691188812256
last layer connection: 0.9094860553741455
most highly activated patch of the chosen image by this prototype:./saved_models/vgg19/001_GTZAN_split_10/blues.00041_2.wav/top-3_class_prototypes/most_highly_activated_patch_by_top-2_prototype.png
most highly activated patch by this prototype shown in the original image:./saved_models/vgg19/001_GTZAN_split_10/blues.00041_2.wav/top-3_class_prototypes/most_highly_activated_patch_in_original_img_by_top-2_prototype.png
prototype activation map of the chosen image:./saved_models/vgg19/001_GTZAN_split_10/blues.00041_2.wav/top-3_class_prototypes/prototype_activation_map_by_top-2_prototype.png
normalized prototype activation map of the chosen image:./saved_models/vgg19/001_GTZAN_split_10/blues.00041_2.wav/top-3_class_prototypes/prototype_activation_map_by_top-2_prototype_normed.png
--------------------------------------------------------------
prototype index: 25
prototype class identity: 3
activation value (similarity score): 0.6417250633239746
last layer connection: 1.04538094997406
most highly activated patch of the chosen image by this prototype:./saved_models/vgg19/001_GTZAN_split_10/blues.00041_2.wav/top-3_class_prototypes/most_highly_activated_patch_by_top-3_prototype.png
most highly activated patch by this prototype shown in the original image:./saved_models/vgg19/001_GTZAN_split_10/blues.00041_2.wav/top-3_class_prototypes/most_highly_activated_patch_in_original_img_by_top-3_prototype.png
prototype activation map of the chosen image:./saved_models/vgg19/001_GTZAN_split_10/blues.00041_2.wav/top-3_class_prototypes/prototype_activation_map_by_top-3_prototype.png
normalized prototype activation map of the chosen image:./saved_models/vgg19/001_GTZAN_split_10/blues.00041_2.wav/top-3_class_prototypes/prototype_activation_map_by_top-3_prototype_normed.png
--------------------------------------------------------------
prototype index: 21
prototype class identity: 3
activation value (similarity score): 0.6149676442146301
last layer connection: 1.0418339967727661
most highly activated patch of the chosen image by this prototype:./saved_models/vgg19/001_GTZAN_split_10/blues.00041_2.wav/top-3_class_prototypes/most_highly_activated_patch_by_top-4_prototype.png
most highly activated patch by this prototype shown in the original image:./saved_models/vgg19/001_GTZAN_split_10/blues.00041_2.wav/top-3_class_prototypes/most_highly_activated_patch_in_original_img_by_top-4_prototype.png
prototype activation map of the chosen image:./saved_models/vgg19/001_GTZAN_split_10/blues.00041_2.wav/top-3_class_prototypes/prototype_activation_map_by_top-4_prototype.png
normalized prototype activation map of the chosen image:./saved_models/vgg19/001_GTZAN_split_10/blues.00041_2.wav/top-3_class_prototypes/prototype_activation_map_by_top-4_prototype_normed.png
--------------------------------------------------------------
prototype index: 22
prototype class identity: 3
activation value (similarity score): 0.34702277183532715
last layer connection: 1.0124588012695312
most highly activated patch of the chosen image by this prototype:./saved_models/vgg19/001_GTZAN_split_10/blues.00041_2.wav/top-3_class_prototypes/most_highly_activated_patch_by_top-5_prototype.png
most highly activated patch by this prototype shown in the original image:./saved_models/vgg19/001_GTZAN_split_10/blues.00041_2.wav/top-3_class_prototypes/most_highly_activated_patch_in_original_img_by_top-5_prototype.png
prototype activation map of the chosen image:./saved_models/vgg19/001_GTZAN_split_10/blues.00041_2.wav/top-3_class_prototypes/prototype_activation_map_by_top-5_prototype.png
normalized prototype activation map of the chosen image:./saved_models/vgg19/001_GTZAN_split_10/blues.00041_2.wav/top-3_class_prototypes/prototype_activation_map_by_top-5_prototype_normed.png
--------------------------------------------------------------
***************************************************************
***************************************************************
Prediction is correct.
*** MOST ACTIVATED Training samples recovered map ***
{"./saved_models/vgg19/001_GTZAN_split_10/blues.00041_2.wav/most_activated_prototypes/top-1_training_sample.wav": "../datasets/GTZAN_split_10/train/10/blues.00071_3.wav", "./saved_models/vgg19/001_GTZAN_split_10/blues.00041_2.wav/most_activated_prototypes/top-2_training_sample.wav": "../datasets/GTZAN_split_10/train/8/country.00001_0.wav", "./saved_models/vgg19/001_GTZAN_split_10/blues.00041_2.wav/most_activated_prototypes/top-3_training_sample.wav": "../datasets/GTZAN_split_10/train/3/rock.00076_2.wav", "./saved_models/vgg19/001_GTZAN_split_10/blues.00041_2.wav/most_activated_prototypes/top-4_training_sample.wav": "../datasets/GTZAN_split_10/train/10/blues.00071_0.wav", "./saved_models/vgg19/001_GTZAN_split_10/blues.00041_2.wav/most_activated_prototypes/top-5_training_sample.wav": "../datasets/GTZAN_split_10/train/10/blues.00088_2.wav"}
Execution time (minutes): 7.693941311041514
