training set size: 1080
push set size: 90
test set size: 30
batch size: 20
start training
epoch: 	0
	warm
	train
	time: 	12.368418216705322
	cross ent: 	1.0643374522527058
	cluster: 	2.762395258303042
	separation:	2.458985780676206
	avg separation:	13.395485542438648
	accu: 		40.925925925925924%
	l1: 		60.0
	p dist pair: 	20.515016555786133
	test
	time: 	1.4945731163024902
	cross ent: 	0.9377088248729706
	cluster: 	0.4656536132097244
	separation:	0.5072288513183594
	avg separation:	11.902091979980469
	accu: 		53.333333333333336%
	l1: 		60.0
	p dist pair: 	20.515016555786133
	above 50.00%
epoch: 	1
	warm
	train
	time: 	12.321061372756958
	cross ent: 	0.9286169045501285
	cluster: 	0.487309569561923
	separation:	0.5101619324198475
	avg separation:	12.35373486412896
	accu: 		57.12962962962963%
	l1: 		60.0
	p dist pair: 	20.338939666748047
	test
	time: 	1.5414822101593018
	cross ent: 	0.9281627237796783
	cluster: 	0.3569891005754471
	separation:	0.39343681931495667
	avg separation:	11.949458599090576
	accu: 		53.333333333333336%
	l1: 		60.0
	p dist pair: 	20.338939666748047
	above 50.00%
epoch: 	2
	warm
	train
	time: 	12.590005874633789
	cross ent: 	0.9104804738804146
	cluster: 	0.45088784865759035
	separation:	0.48291360062581523
	avg separation:	12.212218761444092
	accu: 		58.333333333333336%
	l1: 		60.0
	p dist pair: 	20.218908309936523
	test
	time: 	1.5020208358764648
	cross ent: 	0.8617069721221924
	cluster: 	0.3483762741088867
	separation:	0.3787386119365692
	avg separation:	11.67698621749878
	accu: 		50.0%
	l1: 		60.0
	p dist pair: 	20.218908309936523
epoch: 	3
	warm
	train
	time: 	12.667675495147705
	cross ent: 	0.8217798460412908
	cluster: 	0.33965667364773927
	separation:	0.4296613600518968
	avg separation:	11.75431544692428
	accu: 		65.46296296296296%
	l1: 		60.0
	p dist pair: 	19.72064971923828
	test
	time: 	1.5379469394683838
	cross ent: 	0.761218935251236
	cluster: 	0.3071987181901932
	separation:	0.382522776722908
	avg separation:	11.214270114898682
	accu: 		73.33333333333333%
	l1: 		60.0
	p dist pair: 	19.72064971923828
	above 50.00%
epoch: 	4
	warm
	train
	time: 	12.684683322906494
	cross ent: 	0.7875356442398496
	cluster: 	0.297841042832092
	separation:	0.40641267708054296
	avg separation:	11.18073793693825
	accu: 		67.12962962962963%
	l1: 		60.0
	p dist pair: 	19.107975006103516
	test
	time: 	1.4756550788879395
	cross ent: 	0.7890870571136475
	cluster: 	0.29318181425333023
	separation:	0.42809371650218964
	avg separation:	10.809449672698975
	accu: 		60.0%
	l1: 		60.0
	p dist pair: 	19.107975006103516
	above 50.00%
epoch: 	5
	joint
	train
	time: 	15.342244386672974
	cross ent: 	1.0988504765210327
	cluster: 	0.6086579061768673
	separation:	0.5036680372776808
	avg separation:	11.214343106305158
	accu: 		39.62962962962963%
	l1: 		60.0
	p dist pair: 	18.543930053710938
	test
	time: 	1.5207884311676025
	cross ent: 	1.025555580854416
	cluster: 	0.3431524336338043
	separation:	0.32997798919677734
	avg separation:	11.72362470626831
	accu: 		50.0%
	l1: 		60.0
	p dist pair: 	18.543930053710938
	push
	Executing push ...
	push time: 	31.188136339187622
	test
	time: 	1.5273890495300293
	cross ent: 	6.408782005310059
	cluster: 	0.07566795498132706
	separation:	0.10460376925766468
	avg separation:	0.46945975720882416
	accu: 		36.666666666666664%
	l1: 		60.0
	p dist pair: 	1.215746283531189
	last layer
iteration: 	0
	train
	time: 	12.504156351089478
	cross ent: 	3.086488608960752
	cluster: 	0.12891693958253772
	separation:	0.16146068068014252
	avg separation:	0.6825385866341768
	accu: 		45.092592592592595%
	l1: 		59.99473571777344
	p dist pair: 	1.215746283531189
	test
	time: 	1.4929218292236328
	cross ent: 	6.176874399185181
	cluster: 	0.07566795498132706
	separation:	0.10460376925766468
	avg separation:	0.46945975720882416
	accu: 		36.666666666666664%
	l1: 		59.99473571777344
	p dist pair: 	1.215746283531189
iteration: 	1
	train
	time: 	12.626237154006958
	cross ent: 	2.946027281107726
	cluster: 	0.12891694054835373
	separation:	0.16146068178393222
	avg separation:	0.6825385767000692
	accu: 		45.18518518518518%
	l1: 		59.9840202331543
	p dist pair: 	1.215746283531189
	test
	time: 	1.4753937721252441
	cross ent: 	5.951356887817383
	cluster: 	0.07566795498132706
	separation:	0.10460376925766468
	avg separation:	0.46945975720882416
	accu: 		36.666666666666664%
	l1: 		59.9840202331543
	p dist pair: 	1.215746283531189
iteration: 	2
	train
	time: 	12.680427551269531
	cross ent: 	2.806914985179901
	cluster: 	0.12891694047936686
	separation:	0.16146068157697166
	avg separation:	0.6825385871860716
	accu: 		45.55555555555556%
	l1: 		59.977256774902344
	p dist pair: 	1.215746283531189
	test
	time: 	1.513967514038086
	cross ent: 	5.739712715148926
	cluster: 	0.07566795498132706
	separation:	0.10460376925766468
	avg separation:	0.46945975720882416
	accu: 		40.0%
	l1: 		59.977256774902344
	p dist pair: 	1.215746283531189
iteration: 	3
	train
	time: 	12.536532640457153
	cross ent: 	2.671516204321826
	cluster: 	0.128916939444564
	separation:	0.16146068068014252
	avg separation:	0.6825385844265973
	accu: 		45.64814814814815%
	l1: 		59.972957611083984
	p dist pair: 	1.215746283531189
	test
	time: 	1.5170488357543945
	cross ent: 	5.5454487800598145
	cluster: 	0.07566795498132706
	separation:	0.10460376925766468
	avg separation:	0.46945975720882416
	accu: 		46.666666666666664%
	l1: 		59.972957611083984
	p dist pair: 	1.215746283531189
iteration: 	4
	train
	time: 	12.533432960510254
	cross ent: 	2.540793613151268
	cluster: 	0.128916940893288
	separation:	0.16146068137001107
	avg separation:	0.6825385866341768
	accu: 		45.83333333333333%
	l1: 		59.96799087524414
	p dist pair: 	1.215746283531189
	test
	time: 	1.51655912399292
	cross ent: 	5.36818528175354
	cluster: 	0.07566795498132706
	separation:	0.10460376925766468
	avg separation:	0.46945975720882416
	accu: 		46.666666666666664%
	l1: 		59.96799087524414
	p dist pair: 	1.215746283531189
epoch: 	6
	joint
	train
	time: 	15.48121166229248
	cross ent: 	1.1507806800029896
	cluster: 	0.30338496976980456
	separation:	0.27317388721362307
	avg separation:	1.1790724860297308
	accu: 		41.66666666666667%
	l1: 		59.96799087524414
	p dist pair: 	1.4837185144424438
	test
	time: 	1.5255239009857178
	cross ent: 	1.094842940568924
	cluster: 	0.0689338706433773
	separation:	0.06270084530115128
	avg separation:	0.9976792335510254
	accu: 		50.0%
	l1: 		59.96799087524414
	p dist pair: 	1.4837185144424438
epoch: 	7
	joint
	train
	time: 	15.461009740829468
	cross ent: 	1.0390646601164784
	cluster: 	0.11191546951455099
	separation:	0.09953811902690816
	avg separation:	1.0158613004066326
	accu: 		46.111111111111114%
	l1: 		59.96799087524414
	p dist pair: 	1.5817539691925049
	test
	time: 	1.520010232925415
	cross ent: 	0.9103333055973053
	cluster: 	0.05721340328454971
	separation:	0.049048805609345436
	avg separation:	0.7706142365932465
	accu: 		66.66666666666666%
	l1: 		59.96799087524414
	p dist pair: 	1.5817539691925049
	above 50.00%
epoch: 	8
	joint
	train
	time: 	15.504915475845337
	cross ent: 	1.0153398094353852
	cluster: 	0.15808607969019148
	separation:	0.14360450691095106
	avg separation:	1.1405990212051957
	accu: 		51.01851851851852%
	l1: 		59.96799087524414
	p dist pair: 	1.6638447046279907
	test
	time: 	1.5237622261047363
	cross ent: 	0.908390074968338
	cluster: 	0.19298000633716583
	separation:	0.1814720183610916
	avg separation:	1.1574360132217407
	accu: 		46.666666666666664%
	l1: 		59.96799087524414
	p dist pair: 	1.6638447046279907
epoch: 	9
	joint
	train
	time: 	15.518290042877197
	cross ent: 	0.7801016767819723
	cluster: 	0.09447404514584276
	separation:	0.10671045700157131
	avg separation:	0.9756252920186078
	accu: 		65.46296296296296%
	l1: 		59.96799087524414
	p dist pair: 	1.7125316858291626
	test
	time: 	1.4905579090118408
	cross ent: 	0.6269986927509308
	cluster: 	0.10458488762378693
	separation:	0.1487121656537056
	avg separation:	1.0988632440567017
	accu: 		83.33333333333334%
	l1: 		59.96799087524414
	p dist pair: 	1.7125316858291626
	above 50.00%
epoch: 	10
	joint
	train
	time: 	15.515704154968262
	cross ent: 	0.5073188717166582
	cluster: 	0.06224396455757044
	separation:	0.09611187806283986
	avg separation:	1.000881603470555
	accu: 		79.62962962962963%
	l1: 		59.96799087524414
	p dist pair: 	1.7136287689208984
	test
	time: 	1.5138530731201172
	cross ent: 	0.48131272196769714
	cluster: 	0.040407752618193626
	separation:	0.07114220038056374
	avg separation:	0.9796511828899384
	accu: 		86.66666666666667%
	l1: 		59.96799087524414
	p dist pair: 	1.7136287689208984
	above 50.00%
	push
	Executing push ...
	push time: 	33.810139894485474
	test
	time: 	1.4690124988555908
	cross ent: 	21.002098083496094
	cluster: 	0.01767978724092245
	separation:	0.009282684186473489
	avg separation:	0.24973203241825104
	accu: 		36.666666666666664%
	l1: 		59.96799087524414
	p dist pair: 	0.58979731798172
	last layer
iteration: 	0
	train
	time: 	12.008478879928589
	cross ent: 	16.729960759480793
	cluster: 	0.0150984942878562
	separation:	0.008478609836418871
	avg separation:	0.225345308581988
	accu: 		34.90740740740741%
	l1: 		59.803985595703125
	p dist pair: 	0.58979731798172
	test
	time: 	1.4943735599517822
	cross ent: 	19.67060947418213
	cluster: 	0.01767978724092245
	separation:	0.009282684186473489
	avg separation:	0.24973203241825104
	accu: 		36.666666666666664%
	l1: 		59.803985595703125
	p dist pair: 	0.58979731798172
iteration: 	1
	train
	time: 	12.635667324066162
	cross ent: 	15.441790333500615
	cluster: 	0.015098494313726271
	separation:	0.008478609862288943
	avg separation:	0.22534530609846115
	accu: 		35.0%
	l1: 		59.69098663330078
	p dist pair: 	0.58979731798172
	test
	time: 	1.4983835220336914
	cross ent: 	18.575702667236328
	cluster: 	0.01767978724092245
	separation:	0.009282684186473489
	avg separation:	0.24973203241825104
	accu: 		36.666666666666664%
	l1: 		59.69098663330078
	p dist pair: 	0.58979731798172
iteration: 	2
	train
	time: 	12.635481834411621
	cross ent: 	14.431988133324516
	cluster: 	0.015098494313726271
	separation:	0.008478609922652444
	avg separation:	0.22534530637440858
	accu: 		35.27777777777778%
	l1: 		59.601661682128906
	p dist pair: 	0.58979731798172
	test
	time: 	1.5107972621917725
	cross ent: 	17.700810432434082
	cluster: 	0.01767978724092245
	separation:	0.009282684186473489
	avg separation:	0.24973203241825104
	accu: 		36.666666666666664%
	l1: 		59.601661682128906
	p dist pair: 	0.58979731798172
iteration: 	3
	train
	time: 	12.336834192276001
	cross ent: 	13.574733566354823
	cluster: 	0.015098494391336485
	separation:	0.008478609931275801
	avg separation:	0.22534530609846115
	accu: 		36.01851851851852%
	l1: 		59.52426528930664
	p dist pair: 	0.58979731798172
	test
	time: 	1.5172786712646484
	cross ent: 	16.930209636688232
	cluster: 	0.01767978724092245
	separation:	0.009282684186473489
	avg separation:	0.24973203241825104
	accu: 		36.666666666666664%
	l1: 		59.52426528930664
	p dist pair: 	0.58979731798172
iteration: 	4
	train
	time: 	12.56380009651184
	cross ent: 	12.807613046080977
	cluster: 	0.015098494305102914
	separation:	0.008478609845042229
	avg separation:	0.22534530499467142
	accu: 		36.2962962962963%
	l1: 		59.456016540527344
	p dist pair: 	0.58979731798172
	test
	time: 	1.509890079498291
	cross ent: 	16.239095211029053
	cluster: 	0.01767978724092245
	separation:	0.009282684186473489
	avg separation:	0.24973203241825104
	accu: 		36.666666666666664%
	l1: 		59.456016540527344
	p dist pair: 	0.58979731798172
epoch: 	11
	joint
	train
	time: 	15.536853551864624
	cross ent: 	1.8182062512194668
	cluster: 	0.0663914586658831
	separation:	0.06221012629706551
	avg separation:	0.25633741197762666
	accu: 		67.68518518518518%
	l1: 		59.456016540527344
	p dist pair: 	0.5593692064285278
	test
	time: 	1.5002937316894531
	cross ent: 	0.658065527677536
	cluster: 	0.07065162807703018
	separation:	0.06563186645507812
	avg separation:	0.3048795461654663
	accu: 		73.33333333333333%
	l1: 		59.456016540527344
	p dist pair: 	0.5593692064285278
	above 50.00%
epoch: 	12
	joint
	train
	time: 	15.531641721725464
	cross ent: 	0.439567310390649
	cluster: 	0.05939956340524885
	separation:	0.05833393473316122
	avg separation:	0.28317756785286796
	accu: 		85.27777777777777%
	l1: 		59.456016540527344
	p dist pair: 	0.5619040131568909
	test
	time: 	1.4896655082702637
	cross ent: 	0.532417505979538
	cluster: 	0.04846096225082874
	separation:	0.04435100592672825
	avg separation:	0.26973140984773636
	accu: 		73.33333333333333%
	l1: 		59.456016540527344
	p dist pair: 	0.5619040131568909
	above 50.00%
epoch: 	13
	joint
	train
	time: 	15.532398700714111
	cross ent: 	0.3279226407132767
	cluster: 	0.03969141013092465
	separation:	0.04033956266249771
	avg separation:	0.2588420190193035
	accu: 		88.88888888888889%
	l1: 		59.456016540527344
	p dist pair: 	0.5637690424919128
	test
	time: 	1.5029149055480957
	cross ent: 	0.507579118013382
	cluster: 	0.03536376915872097
	separation:	0.035509683191776276
	avg separation:	0.24021656066179276
	accu: 		80.0%
	l1: 		59.456016540527344
	p dist pair: 	0.5637690424919128
	above 50.00%
epoch: 	14
	joint
	train
	time: 	15.606147050857544
	cross ent: 	0.2276652361507769
	cluster: 	0.03062123256838984
	separation:	0.03473154055299582
	avg separation:	0.23949066439160593
	accu: 		93.24074074074075%
	l1: 		59.456016540527344
	p dist pair: 	0.564303457736969
	test
	time: 	1.4954733848571777
	cross ent: 	0.508663222193718
	cluster: 	0.03118534106761217
	separation:	0.033272745087742805
	avg separation:	0.24280588328838348
	accu: 		80.0%
	l1: 		59.456016540527344
	p dist pair: 	0.564303457736969
	above 50.00%
epoch: 	15
	joint
	train
	time: 	15.635599613189697
	cross ent: 	0.15791894316121383
	cluster: 	0.025348642478800483
	separation:	0.03092402761319169
	avg separation:	0.2391691505908966
	accu: 		95.0925925925926%
	l1: 		59.456016540527344
	p dist pair: 	0.5644634962081909
	test
	time: 	1.5130367279052734
	cross ent: 	0.4430934935808182
	cluster: 	0.02759533002972603
	separation:	0.029700279235839844
	avg separation:	0.2356085702776909
	accu: 		86.66666666666667%
	l1: 		59.456016540527344
	p dist pair: 	0.5644634962081909
	above 50.00%
	push
	Executing push ...
	push time: 	33.92429161071777
	test
	time: 	1.4270734786987305
	cross ent: 	1.8152441382408142
	cluster: 	0.008174705784767866
	separation:	0.009210777468979359
	avg separation:	0.1720309779047966
	accu: 		90.0%
	l1: 		59.456016540527344
	p dist pair: 	0.5790619850158691
	above 50.00%
	last layer
iteration: 	0
	train
	time: 	12.531171560287476
	cross ent: 	1.4609781901041667
	cluster: 	0.00814586941635719
	separation:	0.012089008922447209
	avg separation:	0.1725642716994992
	accu: 		78.14814814814814%
	l1: 		59.435447692871094
	p dist pair: 	0.5790619850158691
	test
	time: 	1.4834692478179932
	cross ent: 	1.784787267446518
	cluster: 	0.008174705784767866
	separation:	0.009210777468979359
	avg separation:	0.1720309779047966
	accu: 		90.0%
	l1: 		59.435447692871094
	p dist pair: 	0.5790619850158691
	above 50.00%
iteration: 	1
	train
	time: 	12.525673389434814
	cross ent: 	1.4537842985656526
	cluster: 	0.00814586933012362
	separation:	0.01208900894831728
	avg separation:	0.17256427114760434
	accu: 		78.05555555555556%
	l1: 		59.4251594543457
	p dist pair: 	0.5790619850158691
	test
	time: 	1.4312589168548584
	cross ent: 	1.776100218296051
	cluster: 	0.008174705784767866
	separation:	0.009210777468979359
	avg separation:	0.1720309779047966
	accu: 		90.0%
	l1: 		59.4251594543457
	p dist pair: 	0.5790619850158691
	above 50.00%
iteration: 	2
	train
	time: 	12.782108068466187
	cross ent: 	1.447173715189651
	cluster: 	0.008145869312876905
	separation:	0.012089008965563995
	avg separation:	0.17256427031976204
	accu: 		78.05555555555556%
	l1: 		59.41246795654297
	p dist pair: 	0.5790619850158691
	test
	time: 	1.4458043575286865
	cross ent: 	1.7678237855434418
	cluster: 	0.008174705784767866
	separation:	0.009210777468979359
	avg separation:	0.1720309779047966
	accu: 		90.0%
	l1: 		59.41246795654297
	p dist pair: 	0.5790619850158691
	above 50.00%
iteration: 	3
	train
	time: 	12.597251892089844
	cross ent: 	1.44025912936087
	cluster: 	0.008145869347370334
	separation:	0.01208900904317421
	avg separation:	0.1725642697678672
	accu: 		78.14814814814814%
	l1: 		59.40259552001953
	p dist pair: 	0.5790619850158691
	test
	time: 	1.4629013538360596
	cross ent: 	1.7586048543453217
	cluster: 	0.008174705784767866
	separation:	0.009210777468979359
	avg separation:	0.1720309779047966
	accu: 		90.0%
	l1: 		59.40259552001953
	p dist pair: 	0.5790619850158691
	above 50.00%
iteration: 	4
	train
	time: 	12.454725742340088
	cross ent: 	1.4339115823860522
	cluster: 	0.008145869364617047
	separation:	0.012089009000057424
	avg separation:	0.1725642707336832
	accu: 		78.51851851851852%
	l1: 		59.38965606689453
	p dist pair: 	0.5790619850158691
	test
	time: 	1.5045990943908691
	cross ent: 	1.7493291795253754
	cluster: 	0.008174705784767866
	separation:	0.009210777468979359
	avg separation:	0.1720309779047966
	accu: 		90.0%
	l1: 		59.38965606689453
	p dist pair: 	0.5790619850158691
	above 50.00%
epoch: 	16
	joint
	train
	time: 	15.449719190597534
	cross ent: 	0.7268243884598767
	cluster: 	0.010204032813716266
	separation:	0.014288196047009141
	avg separation:	0.18341636312780557
	accu: 		85.27777777777777%
	l1: 		59.38965606689453
	p dist pair: 	0.5743681788444519
	test
	time: 	1.4560484886169434
	cross ent: 	0.6100631654262543
	cluster: 	0.014678764156997204
	separation:	0.014766502659767866
	avg separation:	0.1854219064116478
	accu: 		80.0%
	l1: 		59.38965606689453
	p dist pair: 	0.5743681788444519
	above 50.00%
epoch: 	17
	joint
	train
	time: 	15.519974708557129
	cross ent: 	0.25046343332225524
	cluster: 	0.013016015687888419
	separation:	0.017829111139117566
	avg separation:	0.18269958209108422
	accu: 		92.96296296296296%
	l1: 		59.38965606689453
	p dist pair: 	0.5729989409446716
	test
	time: 	1.4854488372802734
	cross ent: 	0.4407704919576645
	cluster: 	0.016662979032844305
	separation:	0.015942002180963755
	avg separation:	0.18458019196987152
	accu: 		90.0%
	l1: 		59.38965606689453
	p dist pair: 	0.5729989409446716
	above 50.00%
epoch: 	18
	joint
	train
	time: 	15.59345531463623
	cross ent: 	0.17216061655845907
	cluster: 	0.013631912707178681
	separation:	0.019093323016056308
	avg separation:	0.1840998908435857
	accu: 		95.0%
	l1: 		59.38965606689453
	p dist pair: 	0.5719775557518005
	test
	time: 	1.4697692394256592
	cross ent: 	0.39944612979888916
	cluster: 	0.017453384585678577
	separation:	0.01711120642721653
	avg separation:	0.18665962666273117
	accu: 		90.0%
	l1: 		59.38965606689453
	p dist pair: 	0.5719775557518005
	above 50.00%
epoch: 	19
	joint
	train
	time: 	15.512575626373291
	cross ent: 	0.13238741460911654
	cluster: 	0.013729865714493725
	separation:	0.019664877818690404
	avg separation:	0.18438149133214243
	accu: 		96.01851851851852%
	l1: 		59.38965606689453
	p dist pair: 	0.5711877346038818
	test
	time: 	1.4843881130218506
	cross ent: 	0.3816409409046173
	cluster: 	0.01786174811422825
	separation:	0.017382812686264515
	avg separation:	0.1844947710633278
	accu: 		86.66666666666667%
	l1: 		59.38965606689453
	p dist pair: 	0.5711877346038818
	above 50.00%
epoch: 	20
	joint
	train
	time: 	15.600415706634521
	cross ent: 	0.11190787176774056
	cluster: 	0.013783243174354235
	separation:	0.01997073888088818
	avg separation:	0.18397504367210246
	accu: 		96.85185185185186%
	l1: 		59.38965606689453
	p dist pair: 	0.5711508989334106
	test
	time: 	1.4761450290679932
	cross ent: 	0.38230083882808685
	cluster: 	0.017876625061035156
	separation:	0.017416763119399548
	avg separation:	0.18458323925733566
	accu: 		86.66666666666667%
	l1: 		59.38965606689453
	p dist pair: 	0.5711508989334106
	above 50.00%
	push
	Executing push ...
	push time: 	35.12411165237427
	test
	time: 	1.4708325862884521
	cross ent: 	2.11356920003891
	cluster: 	0.007502556079998612
	separation:	0.00958099402487278
	avg separation:	0.17102744430303574
	accu: 		83.33333333333334%
	l1: 		59.38965606689453
	p dist pair: 	0.5921847820281982
	above 50.00%
	last layer
iteration: 	0
	train
	time: 	12.126158475875854
	cross ent: 	0.8919554739086716
	cluster: 	0.006547313368948245
	separation:	0.011800603777239169
	avg separation:	0.17245506881563752
	accu: 		84.35185185185186%
	l1: 		59.388832092285156
	p dist pair: 	0.5921847820281982
	test
	time: 	1.487865686416626
	cross ent: 	2.106541395187378
	cluster: 	0.007502556079998612
	separation:	0.00958099402487278
	avg separation:	0.17102744430303574
	accu: 		83.33333333333334%
	l1: 		59.388832092285156
	p dist pair: 	0.5921847820281982
	above 50.00%
iteration: 	1
	train
	time: 	12.452446222305298
	cross ent: 	0.8805271663047649
	cluster: 	0.0065473133517015315
	separation:	0.011800603725499025
	avg separation:	0.1724550678498215
	accu: 		84.9074074074074%
	l1: 		59.38893508911133
	p dist pair: 	0.5921847820281982
	test
	time: 	1.518275260925293
	cross ent: 	2.099874258041382
	cluster: 	0.007502556079998612
	separation:	0.00958099402487278
	avg separation:	0.17102744430303574
	accu: 		83.33333333333334%
	l1: 		59.38893508911133
	p dist pair: 	0.5921847820281982
	above 50.00%
iteration: 	2
	train
	time: 	12.586376428604126
	cross ent: 	0.8695397015867962
	cluster: 	0.006547313360324888
	separation:	0.011800603716875668
	avg separation:	0.17245506812576894
	accu: 		85.0925925925926%
	l1: 		59.38719177246094
	p dist pair: 	0.5921847820281982
	test
	time: 	1.4754712581634521
	cross ent: 	2.093614876270294
	cluster: 	0.007502556079998612
	separation:	0.00958099402487278
	avg separation:	0.17102744430303574
	accu: 		83.33333333333334%
	l1: 		59.38719177246094
	p dist pair: 	0.5921847820281982
	above 50.00%
iteration: 	3
	train
	time: 	12.72027850151062
	cross ent: 	0.8589788800519373
	cluster: 	0.006547313425000067
	separation:	0.011800603734122382
	avg separation:	0.17245506647008438
	accu: 		85.27777777777777%
	l1: 		59.38705062866211
	p dist pair: 	0.5921847820281982
	test
	time: 	1.5017085075378418
	cross ent: 	2.087637782096863
	cluster: 	0.007502556079998612
	separation:	0.00958099402487278
	avg separation:	0.17102744430303574
	accu: 		83.33333333333334%
	l1: 		59.38705062866211
	p dist pair: 	0.5921847820281982
	above 50.00%
iteration: 	4
	train
	time: 	12.766120195388794
	cross ent: 	0.8493352823856252
	cluster: 	0.0065473133646365665
	separation:	0.011800603682382239
	avg separation:	0.1724550657802158
	accu: 		85.46296296296296%
	l1: 		59.38520050048828
	p dist pair: 	0.5921847820281982
	test
	time: 	1.5142292976379395
	cross ent: 	2.0819916129112244
	cluster: 	0.007502556079998612
	separation:	0.00958099402487278
	avg separation:	0.17102744430303574
	accu: 		86.66666666666667%
	l1: 		59.38520050048828
	p dist pair: 	0.5921847820281982
	above 50.00%
epoch: 	21
	joint
	train
	time: 	15.490427255630493
	cross ent: 	0.7259356931403831
	cluster: 	0.006611873607013236
	separation:	0.011963886967687696
	avg separation:	0.17180916418631872
	accu: 		86.38888888888889%
	l1: 		59.38520050048828
	p dist pair: 	0.5915685892105103
	test
	time: 	1.472161054611206
	cross ent: 	1.389803409576416
	cluster: 	0.0076787949074059725
	separation:	0.010183525271713734
	avg separation:	0.16943011432886124
	accu: 		86.66666666666667%
	l1: 		59.38520050048828
	p dist pair: 	0.5915685892105103
	above 50.00%
epoch: 	22
	joint
	train
	time: 	15.490964412689209
	cross ent: 	0.5453478735267978
	cluster: 	0.00698505696857831
	separation:	0.012412975714714438
	avg separation:	0.17178540428479513
	accu: 		88.88888888888889%
	l1: 		59.38520050048828
	p dist pair: 	0.5911133289337158
	test
	time: 	1.459090232849121
	cross ent: 	1.1723479628562927
	cluster: 	0.008090591290965676
	separation:	0.010592079255729914
	avg separation:	0.16950810700654984
	accu: 		86.66666666666667%
	l1: 		59.38520050048828
	p dist pair: 	0.5911133289337158
	above 50.00%
epoch: 	23
	joint
	train
	time: 	15.584158897399902
	cross ent: 	0.4733447795820043
	cluster: 	0.007171871136287572
	separation:	0.012615536115373726
	avg separation:	0.17188596532300668
	accu: 		90.0925925925926%
	l1: 		59.38520050048828
	p dist pair: 	0.5907701849937439
	test
	time: 	1.494800329208374
	cross ent: 	1.0795515775680542
	cluster: 	0.008344650501385331
	separation:	0.010723114479333162
	avg separation:	0.16933265328407288
	accu: 		86.66666666666667%
	l1: 		59.38520050048828
	p dist pair: 	0.5907701849937439
	above 50.00%
epoch: 	24
	joint
	train
	time: 	15.526525259017944
	cross ent: 	0.4271670132142457
	cluster: 	0.00740538716868118
	separation:	0.012848395026392408
	avg separation:	0.17210630589613207
	accu: 		90.55555555555556%
	l1: 		59.38520050048828
	p dist pair: 	0.5905413627624512
	test
	time: 	1.4640369415283203
	cross ent: 	1.0118204057216644
	cluster: 	0.008609199430793524
	separation:	0.01080665597692132
	avg separation:	0.16908863186836243
	accu: 		86.66666666666667%
	l1: 		59.38520050048828
	p dist pair: 	0.5905413627624512
	above 50.00%
epoch: 	25
	joint
	train
	time: 	15.559184789657593
	cross ent: 	0.40134234549650166
	cluster: 	0.0074525905376369205
	separation:	0.012907445206548329
	avg separation:	0.1720207639866405
	accu: 		90.92592592592592%
	l1: 		59.38520050048828
	p dist pair: 	0.5905128121376038
	test
	time: 	1.5093677043914795
	cross ent: 	1.0213208198547363
	cluster: 	0.008635521167889237
	separation:	0.010818100068718195
	avg separation:	0.16914351284503937
	accu: 		86.66666666666667%
	l1: 		59.38520050048828
	p dist pair: 	0.5905128121376038
	above 50.00%
	push
	Executing push ...
	push time: 	35.206069469451904
	test
	time: 	1.4507243633270264
	cross ent: 	2.1487444639205933
	cluster: 	0.008370781084522605
	separation:	0.009983635041862726
	avg separation:	0.17958305031061172
	accu: 		86.66666666666667%
	l1: 		59.38520050048828
	p dist pair: 	0.6203806400299072
	above 50.00%
	last layer
iteration: 	0
	train
	time: 	12.678383588790894
	cross ent: 	0.6792863470403029
	cluster: 	0.007005168901135524
	separation:	0.012257752767591565
	avg separation:	0.1820836254843959
	accu: 		87.96296296296296%
	l1: 		59.38116455078125
	p dist pair: 	0.6203806400299072
	test
	time: 	1.4748358726501465
	cross ent: 	2.1445546746253967
	cluster: 	0.008370781084522605
	separation:	0.009983635041862726
	avg separation:	0.17958305031061172
	accu: 		86.66666666666667%
	l1: 		59.38116455078125
	p dist pair: 	0.6203806400299072
	above 50.00%
iteration: 	1
	train
	time: 	12.724844932556152
	cross ent: 	0.6734126955324663
	cluster: 	0.007005168875265453
	separation:	0.012257752715851422
	avg separation:	0.18208362300086905
	accu: 		87.77777777777777%
	l1: 		59.37503433227539
	p dist pair: 	0.6203806400299072
	test
	time: 	1.4609348773956299
	cross ent: 	2.1406986713409424
	cluster: 	0.008370781084522605
	separation:	0.009983635041862726
	avg separation:	0.17958305031061172
	accu: 		86.66666666666667%
	l1: 		59.37503433227539
	p dist pair: 	0.6203806400299072
	above 50.00%
iteration: 	2
	train
	time: 	12.676103591918945
	cross ent: 	0.6681218680201305
	cluster: 	0.007005168892512167
	separation:	0.01225775275034485
	avg separation:	0.18208362576034334
	accu: 		87.77777777777777%
	l1: 		59.37030029296875
	p dist pair: 	0.6203806400299072
	test
	time: 	1.546464443206787
	cross ent: 	2.1370327472686768
	cluster: 	0.008370781084522605
	separation:	0.009983635041862726
	avg separation:	0.17958305031061172
	accu: 		86.66666666666667%
	l1: 		59.37030029296875
	p dist pair: 	0.6203806400299072
	above 50.00%
iteration: 	3
	train
	time: 	12.436696290969849
	cross ent: 	0.6632197038787935
	cluster: 	0.007005168892512167
	separation:	0.012257752853825136
	avg separation:	0.1820836272780542
	accu: 		87.68518518518519%
	l1: 		59.36521530151367
	p dist pair: 	0.6203806400299072
	test
	time: 	1.4568390846252441
	cross ent: 	2.1337676644325256
	cluster: 	0.008370781084522605
	separation:	0.009983635041862726
	avg separation:	0.17958305031061172
	accu: 		86.66666666666667%
	l1: 		59.36521530151367
	p dist pair: 	0.6203806400299072
	above 50.00%
iteration: 	4
	train
	time: 	12.965147972106934
	cross ent: 	0.6586819792131858
	cluster: 	0.007005168875265453
	separation:	0.01225775278483828
	avg separation:	0.18208362796792277
	accu: 		87.77777777777777%
	l1: 		59.359657287597656
	p dist pair: 	0.6203806400299072
	test
	time: 	1.466327428817749
	cross ent: 	2.130562663078308
	cluster: 	0.008370781084522605
	separation:	0.009983635041862726
	avg separation:	0.17958305031061172
	accu: 		86.66666666666667%
	l1: 		59.359657287597656
	p dist pair: 	0.6203806400299072
	above 50.00%
epoch: 	26
	joint
	train
	time: 	15.450669765472412
	cross ent: 	0.6474141748449592
	cluster: 	0.007003635978671136
	separation:	0.012262747226351942
	avg separation:	0.1819749535233886
	accu: 		87.96296296296296%
	l1: 		59.359657287597656
	p dist pair: 	0.6203334331512451
	test
	time: 	1.450789213180542
	cross ent: 	2.145105719566345
	cluster: 	0.008331680670380592
	separation:	0.009985161013901234
	avg separation:	0.17927943915128708
	accu: 		86.66666666666667%
	l1: 		59.359657287597656
	p dist pair: 	0.6203334331512451
	above 50.00%
epoch: 	27
	joint
	train
	time: 	15.581028938293457
	cross ent: 	0.6213764942173535
	cluster: 	0.006996169009383906
	separation:	0.01229096892186337
	avg separation:	0.18171060595799376
	accu: 		88.14814814814815%
	l1: 		59.359657287597656
	p dist pair: 	0.6202825307846069
	test
	time: 	1.4818263053894043
	cross ent: 	2.008576214313507
	cluster: 	0.008307266281917691
	separation:	0.009995460510253906
	avg separation:	0.17903784662485123
	accu: 		86.66666666666667%
	l1: 		59.359657287597656
	p dist pair: 	0.6202825307846069
	above 50.00%
epoch: 	28
	joint
	train
	time: 	15.515660285949707
	cross ent: 	0.6034190998654123
	cluster: 	0.006991683199346342
	separation:	0.012313899584114552
	avg separation:	0.18144087824556562
	accu: 		88.70370370370371%
	l1: 		59.359657287597656
	p dist pair: 	0.6202369332313538
	test
	time: 	1.4432873725891113
	cross ent: 	1.9053897857666016
	cluster: 	0.008288002107292414
	separation:	0.010005570016801357
	avg separation:	0.17879965901374817
	accu: 		86.66666666666667%
	l1: 		59.359657287597656
	p dist pair: 	0.6202369332313538
	above 50.00%
epoch: 	29
	joint
	train
	time: 	15.513248682022095
	cross ent: 	0.5866151622462051
	cluster: 	0.0069868301248384845
	separation:	0.01233165203248737
	avg separation:	0.18125962300433052
	accu: 		88.79629629629629%
	l1: 		59.359657287597656
	p dist pair: 	0.6201946139335632
	test
	time: 	1.4579064846038818
	cross ent: 	1.871661126613617
	cluster: 	0.008278274675831199
	separation:	0.010017395485192537
	avg separation:	0.17863018065690994
	accu: 		86.66666666666667%
	l1: 		59.359657287597656
	p dist pair: 	0.6201946139335632
	above 50.00%
epoch: 	30
	joint
	train
	time: 	15.544204235076904
	cross ent: 	0.579551187887167
	cluster: 	0.006988242919625783
	separation:	0.012341972837155615
	avg separation:	0.18117145973223228
	accu: 		88.98148148148148%
	l1: 		59.359657287597656
	p dist pair: 	0.6201920509338379
	test
	time: 	1.4692492485046387
	cross ent: 	1.8767387866973877
	cluster: 	0.008284187642857432
	separation:	0.010023879818618298
	avg separation:	0.17862208932638168
	accu: 		86.66666666666667%
	l1: 		59.359657287597656
	p dist pair: 	0.6201920509338379
	above 50.00%
	push
	Executing push ...
	push time: 	34.64944386482239
	test
	time: 	1.504218578338623
	cross ent: 	2.1697131395339966
	cluster: 	0.008559417678043246
	separation:	0.010066795628517866
	avg separation:	0.18224120885133743
	accu: 		86.66666666666667%
	l1: 		59.359657287597656
	p dist pair: 	0.6278882622718811
	above 50.00%
	last layer
iteration: 	0
	train
	time: 	12.163153886795044
	cross ent: 	0.6535647149301238
	cluster: 	0.007078919723560965
	separation:	0.012408779477010723
	avg separation:	0.18463218888198887
	accu: 		87.87037037037037%
	l1: 		59.35255432128906
	p dist pair: 	0.6278882622718811
	test
	time: 	1.516814947128296
	cross ent: 	2.166205585002899
	cluster: 	0.008559417678043246
	separation:	0.010066795628517866
	avg separation:	0.18224120885133743
	accu: 		86.66666666666667%
	l1: 		59.35255432128906
	p dist pair: 	0.6278882622718811
	above 50.00%
iteration: 	1
	train
	time: 	12.572351694107056
	cross ent: 	0.6491167953548332
	cluster: 	0.007078919749431036
	separation:	0.012408779502880794
	avg separation:	0.1846321881921203
	accu: 		88.05555555555556%
	l1: 		59.34745788574219
	p dist pair: 	0.6278882622718811
	test
	time: 	1.4981427192687988
	cross ent: 	2.163340210914612
	cluster: 	0.008559417678043246
	separation:	0.010066795628517866
	avg separation:	0.18224120885133743
	accu: 		86.66666666666667%
	l1: 		59.34745788574219
	p dist pair: 	0.6278882622718811
	above 50.00%
iteration: 	2
	train
	time: 	12.524008989334106
	cross ent: 	0.6453176803231515
	cluster: 	0.0070789197063142505
	separation:	0.012408779528750866
	avg separation:	0.18463218874401516
	accu: 		88.05555555555556%
	l1: 		59.34177017211914
	p dist pair: 	0.6278882622718811
	test
	time: 	1.5156152248382568
	cross ent: 	2.1604959964752197
	cluster: 	0.008559417678043246
	separation:	0.010066795628517866
	avg separation:	0.18224120885133743
	accu: 		86.66666666666667%
	l1: 		59.34177017211914
	p dist pair: 	0.6278882622718811
	above 50.00%
iteration: 	3
	train
	time: 	12.702547311782837
	cross ent: 	0.6416051052683206
	cluster: 	0.007078919697690893
	separation:	0.012408779468387365
	avg separation:	0.18463218846806773
	accu: 		88.24074074074075%
	l1: 		59.33586502075195
	p dist pair: 	0.6278882622718811
	test
	time: 	1.4881458282470703
	cross ent: 	2.1575655937194824
	cluster: 	0.008559417678043246
	separation:	0.010066795628517866
	avg separation:	0.18224120885133743
	accu: 		86.66666666666667%
	l1: 		59.33586502075195
	p dist pair: 	0.6278882622718811
	above 50.00%
iteration: 	4
	train
	time: 	12.563483476638794
	cross ent: 	0.6382059020904342
	cluster: 	0.007078919732184322
	separation:	0.012408779511504152
	avg separation:	0.18463219067564718
	accu: 		88.42592592592592%
	l1: 		59.32915496826172
	p dist pair: 	0.6278882622718811
	test
	time: 	1.493201494216919
	cross ent: 	2.1552451848983765
	cluster: 	0.008559417678043246
	separation:	0.010066795628517866
	avg separation:	0.18224120885133743
	accu: 		86.66666666666667%
	l1: 		59.32915496826172
	p dist pair: 	0.6278882622718811
	above 50.00%
Early stop training because: (1) training acc convergend && (2) cluster cost is smaller then separation cost on training set
	test
	time: 	1.50315523147583
	cross ent: 	2.1552451848983765
	cluster: 	0.008559417678043246
	separation:	0.010066795628517866
	avg separation:	0.18224120885133743
	accu: 		86.66666666666667%
	l1: 		59.32915496826172
	p dist pair: 	0.6278882622718811
	above 50.00%
Execution time (minutes): 19.38977374633153
