load model from ./saved_models/vgg19/001_GTZAN_split_10/15_4push0.8303.pth
model base architecture: vgg19
experiment run: 001_GTZAN_split_10/
test image to analyse../datasets/GTZAN_split_10/test/2/jazz.00006_2.wav
Prototypes are chosen from 10 number of classes.
Their class identities are: [0 0 0 0 0 0 0 0 0 0 1 1 1 1 1 1 1 1 1 1 2 2 2 2 2 2 2 2 2 2 3 3 3 3 3 3 3
 3 3 3 4 4 4 4 4 4 4 4 4 4 5 5 5 5 5 5 5 5 5 5 6 6 6 6 6 6 6 6 6 6 7 7 7 7
 7 7 7 7 7 7 8 8 8 8 8 8 8 8 8 8 9 9 9 9 9 9 9 9 9 9]
All prototypes connect most strongly to their respective classes.
0 (9, 2)
Predicted: 10
Actual: 2
***************************************************************
***************************************************************
Most activated 5 prototypes of this image:
top 1 activated prototype for this image:
prototype index: 39
prototype class identity: 4
activation value (similarity score): 5.6140875816345215
last layer connection with predicted class: -0.5758824348449707
most highly activated patch of the chosen image by this prototype:./saved_models/vgg19/001_GTZAN_split_10/jazz.00006_2.wav/most_activated_prototypes/most_highly_activated_patch_by_top-1_prototype.png
most highly activated patch by this prototype shown in the original image:./saved_models/vgg19/001_GTZAN_split_10/jazz.00006_2.wav/most_activated_prototypes/most_highly_activated_patch_in_original_img_by_top-1_prototype.png
prototype activation map of the chosen image:./saved_models/vgg19/001_GTZAN_split_10/jazz.00006_2.wav/most_activated_prototypes/prototype_activation_map_by_top-1_prototype.png
normalized prototype activation map of the chosen image:./saved_models/vgg19/001_GTZAN_split_10/jazz.00006_2.wav/most_activated_prototypes/prototype_activation_map_by_top-1_prototype_normed.png
--------------------------------------------------------------
top 2 activated prototype for this image:
prototype index: 76
prototype class identity: 8
activation value (similarity score): 5.093625545501709
last layer connection with predicted class: -0.6087053418159485
most highly activated patch of the chosen image by this prototype:./saved_models/vgg19/001_GTZAN_split_10/jazz.00006_2.wav/most_activated_prototypes/most_highly_activated_patch_by_top-2_prototype.png
most highly activated patch by this prototype shown in the original image:./saved_models/vgg19/001_GTZAN_split_10/jazz.00006_2.wav/most_activated_prototypes/most_highly_activated_patch_in_original_img_by_top-2_prototype.png
prototype activation map of the chosen image:./saved_models/vgg19/001_GTZAN_split_10/jazz.00006_2.wav/most_activated_prototypes/prototype_activation_map_by_top-2_prototype.png
normalized prototype activation map of the chosen image:./saved_models/vgg19/001_GTZAN_split_10/jazz.00006_2.wav/most_activated_prototypes/prototype_activation_map_by_top-2_prototype_normed.png
--------------------------------------------------------------
top 3 activated prototype for this image:
prototype index: 93
prototype class identity: 10
activation value (similarity score): 4.877205848693848
last layer connection with predicted class: 0.8438041806221008
most highly activated patch of the chosen image by this prototype:./saved_models/vgg19/001_GTZAN_split_10/jazz.00006_2.wav/most_activated_prototypes/most_highly_activated_patch_by_top-3_prototype.png
most highly activated patch by this prototype shown in the original image:./saved_models/vgg19/001_GTZAN_split_10/jazz.00006_2.wav/most_activated_prototypes/most_highly_activated_patch_in_original_img_by_top-3_prototype.png
prototype activation map of the chosen image:./saved_models/vgg19/001_GTZAN_split_10/jazz.00006_2.wav/most_activated_prototypes/prototype_activation_map_by_top-3_prototype.png
normalized prototype activation map of the chosen image:./saved_models/vgg19/001_GTZAN_split_10/jazz.00006_2.wav/most_activated_prototypes/prototype_activation_map_by_top-3_prototype_normed.png
--------------------------------------------------------------
top 4 activated prototype for this image:
prototype index: 91
prototype class identity: 10
activation value (similarity score): 3.8928205966949463
last layer connection with predicted class: 0.8259514570236206
most highly activated patch of the chosen image by this prototype:./saved_models/vgg19/001_GTZAN_split_10/jazz.00006_2.wav/most_activated_prototypes/most_highly_activated_patch_by_top-4_prototype.png
most highly activated patch by this prototype shown in the original image:./saved_models/vgg19/001_GTZAN_split_10/jazz.00006_2.wav/most_activated_prototypes/most_highly_activated_patch_in_original_img_by_top-4_prototype.png
prototype activation map of the chosen image:./saved_models/vgg19/001_GTZAN_split_10/jazz.00006_2.wav/most_activated_prototypes/prototype_activation_map_by_top-4_prototype.png
normalized prototype activation map of the chosen image:./saved_models/vgg19/001_GTZAN_split_10/jazz.00006_2.wav/most_activated_prototypes/prototype_activation_map_by_top-4_prototype_normed.png
--------------------------------------------------------------
top 5 activated prototype for this image:
prototype index: 17
prototype class identity: 2
activation value (similarity score): 3.779320001602173
last layer connection with predicted class: -0.6906720399856567
most highly activated patch of the chosen image by this prototype:./saved_models/vgg19/001_GTZAN_split_10/jazz.00006_2.wav/most_activated_prototypes/most_highly_activated_patch_by_top-5_prototype.png
most highly activated patch by this prototype shown in the original image:./saved_models/vgg19/001_GTZAN_split_10/jazz.00006_2.wav/most_activated_prototypes/most_highly_activated_patch_in_original_img_by_top-5_prototype.png
prototype activation map of the chosen image:./saved_models/vgg19/001_GTZAN_split_10/jazz.00006_2.wav/most_activated_prototypes/prototype_activation_map_by_top-5_prototype.png
normalized prototype activation map of the chosen image:./saved_models/vgg19/001_GTZAN_split_10/jazz.00006_2.wav/most_activated_prototypes/prototype_activation_map_by_top-5_prototype_normed.png
--------------------------------------------------------------
***************************************************************
***************************************************************
***************************************************************
Prototypes from top-3 classes:
top 1 predicted class: 10
logit of the class: -26.943949
prototype index: 90
prototype class identity: 10
activation value (similarity score): 2.000797986984253
last layer connection: 0.7898242473602295
most highly activated patch of the chosen image by this prototype:./saved_models/vgg19/001_GTZAN_split_10/jazz.00006_2.wav/top-1_class_prototypes/most_highly_activated_patch_by_top-1_prototype.png
most highly activated patch by this prototype shown in the original image:./saved_models/vgg19/001_GTZAN_split_10/jazz.00006_2.wav/top-1_class_prototypes/most_highly_activated_patch_in_original_img_by_top-1_prototype.png
prototype activation map of the chosen image:./saved_models/vgg19/001_GTZAN_split_10/jazz.00006_2.wav/top-1_class_prototypes/prototype_activation_map_by_top-1_prototype.png
normalized prototype activation map of the chosen image:./saved_models/vgg19/001_GTZAN_split_10/jazz.00006_2.wav/top-1_class_prototypes/prototype_activation_map_by_top-1_prototype_normed.png
--------------------------------------------------------------
prototype index: 97
prototype class identity: 10
activation value (similarity score): 1.7126901149749756
last layer connection: 0.9226704835891724
most highly activated patch of the chosen image by this prototype:./saved_models/vgg19/001_GTZAN_split_10/jazz.00006_2.wav/top-1_class_prototypes/most_highly_activated_patch_by_top-2_prototype.png
most highly activated patch by this prototype shown in the original image:./saved_models/vgg19/001_GTZAN_split_10/jazz.00006_2.wav/top-1_class_prototypes/most_highly_activated_patch_in_original_img_by_top-2_prototype.png
prototype activation map of the chosen image:./saved_models/vgg19/001_GTZAN_split_10/jazz.00006_2.wav/top-1_class_prototypes/prototype_activation_map_by_top-2_prototype.png
normalized prototype activation map of the chosen image:./saved_models/vgg19/001_GTZAN_split_10/jazz.00006_2.wav/top-1_class_prototypes/prototype_activation_map_by_top-2_prototype_normed.png
--------------------------------------------------------------
prototype index: 95
prototype class identity: 10
activation value (similarity score): 1.6372981071472168
last layer connection: 0.7005010843276978
most highly activated patch of the chosen image by this prototype:./saved_models/vgg19/001_GTZAN_split_10/jazz.00006_2.wav/top-1_class_prototypes/most_highly_activated_patch_by_top-3_prototype.png
most highly activated patch by this prototype shown in the original image:./saved_models/vgg19/001_GTZAN_split_10/jazz.00006_2.wav/top-1_class_prototypes/most_highly_activated_patch_in_original_img_by_top-3_prototype.png
prototype activation map of the chosen image:./saved_models/vgg19/001_GTZAN_split_10/jazz.00006_2.wav/top-1_class_prototypes/prototype_activation_map_by_top-3_prototype.png
normalized prototype activation map of the chosen image:./saved_models/vgg19/001_GTZAN_split_10/jazz.00006_2.wav/top-1_class_prototypes/prototype_activation_map_by_top-3_prototype_normed.png
--------------------------------------------------------------
prototype index: 96
prototype class identity: 10
activation value (similarity score): 1.6372981071472168
last layer connection: 0.7266296148300171
most highly activated patch of the chosen image by this prototype:./saved_models/vgg19/001_GTZAN_split_10/jazz.00006_2.wav/top-1_class_prototypes/most_highly_activated_patch_by_top-4_prototype.png
most highly activated patch by this prototype shown in the original image:./saved_models/vgg19/001_GTZAN_split_10/jazz.00006_2.wav/top-1_class_prototypes/most_highly_activated_patch_in_original_img_by_top-4_prototype.png
prototype activation map of the chosen image:./saved_models/vgg19/001_GTZAN_split_10/jazz.00006_2.wav/top-1_class_prototypes/prototype_activation_map_by_top-4_prototype.png
normalized prototype activation map of the chosen image:./saved_models/vgg19/001_GTZAN_split_10/jazz.00006_2.wav/top-1_class_prototypes/prototype_activation_map_by_top-4_prototype_normed.png
--------------------------------------------------------------
prototype index: 94
prototype class identity: 10
activation value (similarity score): 1.6372981071472168
last layer connection: 0.7456470131874084
most highly activated patch of the chosen image by this prototype:./saved_models/vgg19/001_GTZAN_split_10/jazz.00006_2.wav/top-1_class_prototypes/most_highly_activated_patch_by_top-5_prototype.png
most highly activated patch by this prototype shown in the original image:./saved_models/vgg19/001_GTZAN_split_10/jazz.00006_2.wav/top-1_class_prototypes/most_highly_activated_patch_in_original_img_by_top-5_prototype.png
prototype activation map of the chosen image:./saved_models/vgg19/001_GTZAN_split_10/jazz.00006_2.wav/top-1_class_prototypes/prototype_activation_map_by_top-5_prototype.png
normalized prototype activation map of the chosen image:./saved_models/vgg19/001_GTZAN_split_10/jazz.00006_2.wav/top-1_class_prototypes/prototype_activation_map_by_top-5_prototype_normed.png
--------------------------------------------------------------
***************************************************************
***************************************************************
top 2 predicted class: 2
logit of the class: -28.145508
prototype index: 14
prototype class identity: 2
activation value (similarity score): 0.5893386006355286
last layer connection: 1.1246017217636108
most highly activated patch of the chosen image by this prototype:./saved_models/vgg19/001_GTZAN_split_10/jazz.00006_2.wav/top-2_class_prototypes/most_highly_activated_patch_by_top-1_prototype.png
most highly activated patch by this prototype shown in the original image:./saved_models/vgg19/001_GTZAN_split_10/jazz.00006_2.wav/top-2_class_prototypes/most_highly_activated_patch_in_original_img_by_top-1_prototype.png
prototype activation map of the chosen image:./saved_models/vgg19/001_GTZAN_split_10/jazz.00006_2.wav/top-2_class_prototypes/prototype_activation_map_by_top-1_prototype.png
normalized prototype activation map of the chosen image:./saved_models/vgg19/001_GTZAN_split_10/jazz.00006_2.wav/top-2_class_prototypes/prototype_activation_map_by_top-1_prototype_normed.png
--------------------------------------------------------------
prototype index: 11
prototype class identity: 2
activation value (similarity score): 0.44612640142440796
last layer connection: 1.0752387046813965
most highly activated patch of the chosen image by this prototype:./saved_models/vgg19/001_GTZAN_split_10/jazz.00006_2.wav/top-2_class_prototypes/most_highly_activated_patch_by_top-2_prototype.png
most highly activated patch by this prototype shown in the original image:./saved_models/vgg19/001_GTZAN_split_10/jazz.00006_2.wav/top-2_class_prototypes/most_highly_activated_patch_in_original_img_by_top-2_prototype.png
prototype activation map of the chosen image:./saved_models/vgg19/001_GTZAN_split_10/jazz.00006_2.wav/top-2_class_prototypes/prototype_activation_map_by_top-2_prototype.png
normalized prototype activation map of the chosen image:./saved_models/vgg19/001_GTZAN_split_10/jazz.00006_2.wav/top-2_class_prototypes/prototype_activation_map_by_top-2_prototype_normed.png
--------------------------------------------------------------
prototype index: 13
prototype class identity: 2
activation value (similarity score): 0.36240291595458984
last layer connection: 1.0896828174591064
most highly activated patch of the chosen image by this prototype:./saved_models/vgg19/001_GTZAN_split_10/jazz.00006_2.wav/top-2_class_prototypes/most_highly_activated_patch_by_top-3_prototype.png
most highly activated patch by this prototype shown in the original image:./saved_models/vgg19/001_GTZAN_split_10/jazz.00006_2.wav/top-2_class_prototypes/most_highly_activated_patch_in_original_img_by_top-3_prototype.png
prototype activation map of the chosen image:./saved_models/vgg19/001_GTZAN_split_10/jazz.00006_2.wav/top-2_class_prototypes/prototype_activation_map_by_top-3_prototype.png
normalized prototype activation map of the chosen image:./saved_models/vgg19/001_GTZAN_split_10/jazz.00006_2.wav/top-2_class_prototypes/prototype_activation_map_by_top-3_prototype_normed.png
--------------------------------------------------------------
prototype index: 15
prototype class identity: 2
activation value (similarity score): 0.2860569655895233
last layer connection: 0.9667117595672607
most highly activated patch of the chosen image by this prototype:./saved_models/vgg19/001_GTZAN_split_10/jazz.00006_2.wav/top-2_class_prototypes/most_highly_activated_patch_by_top-4_prototype.png
most highly activated patch by this prototype shown in the original image:./saved_models/vgg19/001_GTZAN_split_10/jazz.00006_2.wav/top-2_class_prototypes/most_highly_activated_patch_in_original_img_by_top-4_prototype.png
prototype activation map of the chosen image:./saved_models/vgg19/001_GTZAN_split_10/jazz.00006_2.wav/top-2_class_prototypes/prototype_activation_map_by_top-4_prototype.png
normalized prototype activation map of the chosen image:./saved_models/vgg19/001_GTZAN_split_10/jazz.00006_2.wav/top-2_class_prototypes/prototype_activation_map_by_top-4_prototype_normed.png
--------------------------------------------------------------
prototype index: 12
prototype class identity: 2
activation value (similarity score): 0.16043198108673096
last layer connection: 1.0480509996414185
most highly activated patch of the chosen image by this prototype:./saved_models/vgg19/001_GTZAN_split_10/jazz.00006_2.wav/top-2_class_prototypes/most_highly_activated_patch_by_top-5_prototype.png
most highly activated patch by this prototype shown in the original image:./saved_models/vgg19/001_GTZAN_split_10/jazz.00006_2.wav/top-2_class_prototypes/most_highly_activated_patch_in_original_img_by_top-5_prototype.png
prototype activation map of the chosen image:./saved_models/vgg19/001_GTZAN_split_10/jazz.00006_2.wav/top-2_class_prototypes/prototype_activation_map_by_top-5_prototype.png
normalized prototype activation map of the chosen image:./saved_models/vgg19/001_GTZAN_split_10/jazz.00006_2.wav/top-2_class_prototypes/prototype_activation_map_by_top-5_prototype_normed.png
--------------------------------------------------------------
***************************************************************
***************************************************************
top 3 predicted class: 4
logit of the class: -33.548763
prototype index: 32
prototype class identity: 4
activation value (similarity score): 0.4016801416873932
last layer connection: 0.9037845730781555
most highly activated patch of the chosen image by this prototype:./saved_models/vgg19/001_GTZAN_split_10/jazz.00006_2.wav/top-3_class_prototypes/most_highly_activated_patch_by_top-1_prototype.png
most highly activated patch by this prototype shown in the original image:./saved_models/vgg19/001_GTZAN_split_10/jazz.00006_2.wav/top-3_class_prototypes/most_highly_activated_patch_in_original_img_by_top-1_prototype.png
prototype activation map of the chosen image:./saved_models/vgg19/001_GTZAN_split_10/jazz.00006_2.wav/top-3_class_prototypes/prototype_activation_map_by_top-1_prototype.png
normalized prototype activation map of the chosen image:./saved_models/vgg19/001_GTZAN_split_10/jazz.00006_2.wav/top-3_class_prototypes/prototype_activation_map_by_top-1_prototype_normed.png
--------------------------------------------------------------
prototype index: 30
prototype class identity: 4
activation value (similarity score): 0.3889446258544922
last layer connection: 0.9160093069076538
most highly activated patch of the chosen image by this prototype:./saved_models/vgg19/001_GTZAN_split_10/jazz.00006_2.wav/top-3_class_prototypes/most_highly_activated_patch_by_top-2_prototype.png
most highly activated patch by this prototype shown in the original image:./saved_models/vgg19/001_GTZAN_split_10/jazz.00006_2.wav/top-3_class_prototypes/most_highly_activated_patch_in_original_img_by_top-2_prototype.png
prototype activation map of the chosen image:./saved_models/vgg19/001_GTZAN_split_10/jazz.00006_2.wav/top-3_class_prototypes/prototype_activation_map_by_top-2_prototype.png
normalized prototype activation map of the chosen image:./saved_models/vgg19/001_GTZAN_split_10/jazz.00006_2.wav/top-3_class_prototypes/prototype_activation_map_by_top-2_prototype_normed.png
--------------------------------------------------------------
prototype index: 38
prototype class identity: 4
activation value (similarity score): 0.2616325616836548
last layer connection: 0.9415019750595093
most highly activated patch of the chosen image by this prototype:./saved_models/vgg19/001_GTZAN_split_10/jazz.00006_2.wav/top-3_class_prototypes/most_highly_activated_patch_by_top-3_prototype.png
most highly activated patch by this prototype shown in the original image:./saved_models/vgg19/001_GTZAN_split_10/jazz.00006_2.wav/top-3_class_prototypes/most_highly_activated_patch_in_original_img_by_top-3_prototype.png
prototype activation map of the chosen image:./saved_models/vgg19/001_GTZAN_split_10/jazz.00006_2.wav/top-3_class_prototypes/prototype_activation_map_by_top-3_prototype.png
normalized prototype activation map of the chosen image:./saved_models/vgg19/001_GTZAN_split_10/jazz.00006_2.wav/top-3_class_prototypes/prototype_activation_map_by_top-3_prototype_normed.png
--------------------------------------------------------------
prototype index: 31
prototype class identity: 4
activation value (similarity score): 0.2616325616836548
last layer connection: 0.924165666103363
most highly activated patch of the chosen image by this prototype:./saved_models/vgg19/001_GTZAN_split_10/jazz.00006_2.wav/top-3_class_prototypes/most_highly_activated_patch_by_top-4_prototype.png
most highly activated patch by this prototype shown in the original image:./saved_models/vgg19/001_GTZAN_split_10/jazz.00006_2.wav/top-3_class_prototypes/most_highly_activated_patch_in_original_img_by_top-4_prototype.png
prototype activation map of the chosen image:./saved_models/vgg19/001_GTZAN_split_10/jazz.00006_2.wav/top-3_class_prototypes/prototype_activation_map_by_top-4_prototype.png
normalized prototype activation map of the chosen image:./saved_models/vgg19/001_GTZAN_split_10/jazz.00006_2.wav/top-3_class_prototypes/prototype_activation_map_by_top-4_prototype_normed.png
--------------------------------------------------------------
prototype index: 37
prototype class identity: 4
activation value (similarity score): 0.2616325616836548
last layer connection: 0.924165666103363
most highly activated patch of the chosen image by this prototype:./saved_models/vgg19/001_GTZAN_split_10/jazz.00006_2.wav/top-3_class_prototypes/most_highly_activated_patch_by_top-5_prototype.png
most highly activated patch by this prototype shown in the original image:./saved_models/vgg19/001_GTZAN_split_10/jazz.00006_2.wav/top-3_class_prototypes/most_highly_activated_patch_in_original_img_by_top-5_prototype.png
prototype activation map of the chosen image:./saved_models/vgg19/001_GTZAN_split_10/jazz.00006_2.wav/top-3_class_prototypes/prototype_activation_map_by_top-5_prototype.png
normalized prototype activation map of the chosen image:./saved_models/vgg19/001_GTZAN_split_10/jazz.00006_2.wav/top-3_class_prototypes/prototype_activation_map_by_top-5_prototype_normed.png
--------------------------------------------------------------
***************************************************************
***************************************************************
Prediction is wrong.
*** MOST ACTIVATED Training samples recovered map ***
{"./saved_models/vgg19/001_GTZAN_split_10/jazz.00006_2.wav/most_activated_prototypes/top-1_training_sample.wav": "../datasets/GTZAN_split_10/train/4/reggae.00043_4.wav", "./saved_models/vgg19/001_GTZAN_split_10/jazz.00006_2.wav/most_activated_prototypes/top-2_training_sample.wav": "../datasets/GTZAN_split_10/train/8/country.00001_0.wav", "./saved_models/vgg19/001_GTZAN_split_10/jazz.00006_2.wav/most_activated_prototypes/top-3_training_sample.wav": "../datasets/GTZAN_split_10/train/10/blues.00071_3.wav", "./saved_models/vgg19/001_GTZAN_split_10/jazz.00006_2.wav/most_activated_prototypes/top-4_training_sample.wav": "../datasets/GTZAN_split_10/train/10/blues.00071_0.wav", "./saved_models/vgg19/001_GTZAN_split_10/jazz.00006_2.wav/most_activated_prototypes/top-5_training_sample.wav": "../datasets/GTZAN_split_10/train/2/jazz.00026_4.wav"}
Execution time (minutes): 7.8250630180041
